

================================================================
== Vitis HLS Report for 'dataflow_in_loop_row_loop'
================================================================
* Date:           Tue Sep  2 16:52:46 2025

* Version:        2022.2 (Build 3670227 on Oct 13 2022)
* Project:        spmm_prj
* Solution:       sol1 (Vivado IP Flow Target)
* Product family: virtexuplus
* Target device:  xcu280-fsvh2892-2L-e


================================================================
== Performance Estimates
================================================================
+ Timing: 
    * Summary: 
    +--------+---------+----------+------------+
    |  Clock |  Target | Estimated| Uncertainty|
    +--------+---------+----------+------------+
    |ap_clk  |  4.00 ns|  2.920 ns|     1.08 ns|
    +--------+---------+----------+------------+

+ Latency: 
    * Summary: 
    +---------+---------+----------+----------+-----+-----+----------+
    |  Latency (cycles) |  Latency (absolute) |  Interval | Pipeline |
    |   min   |   max   |    min   |    max   | min | max |   Type   |
    +---------+---------+----------+----------+-----+-----+----------+
    |        ?|        ?|         ?|         ?|    ?|    ?|  dataflow|
    +---------+---------+----------+----------+-----+-----+----------+

    + Detail: 
        * Instance: 
        +-----------------------+--------------------+---------+---------+----------+----------+-----+-----+---------+
        |                       |                    |  Latency (cycles) |  Latency (absolute) |  Interval | Pipeline|
        |        Instance       |       Module       |   min   |   max   |    min   |    max   | min | max |   Type  |
        +-----------------------+--------------------+---------+---------+----------+----------+-----+-----+---------+
        |set_tile_broadcast_U0  |set_tile_broadcast  |       27|       27|  0.108 us|  0.108 us|   27|   27|       no|
        |pu_kernel_U0           |pu_kernel           |        ?|        ?|         ?|         ?|    ?|    ?|       no|
        |pu_kernel_1_U0         |pu_kernel_1         |        ?|        ?|         ?|         ?|    ?|    ?|       no|
        |pu_kernel_2_U0         |pu_kernel_2         |        ?|        ?|         ?|         ?|    ?|    ?|       no|
        |pu_kernel_3_U0         |pu_kernel_3         |        ?|        ?|         ?|         ?|    ?|    ?|       no|
        +-----------------------+--------------------+---------+---------+----------+----------+-----+-----+---------+

        * Loop: 
        N/A



================================================================
== Utilization Estimates
================================================================
* Summary: 
+---------------------+---------+------+---------+---------+-----+
|         Name        | BRAM_18K|  DSP |    FF   |   LUT   | URAM|
+---------------------+---------+------+---------+---------+-----+
|DSP                  |        -|     -|        -|        -|    -|
|Expression           |        -|     -|        0|       28|    -|
|FIFO                 |        0|     -|     6208|     3328|    -|
|Instance             |      256|    40|    11288|    13419|    0|
|Memory               |        -|     -|        -|        -|    -|
|Multiplexer          |        -|     -|        -|       45|    -|
|Register             |        -|     -|        5|        -|    -|
+---------------------+---------+------+---------+---------+-----+
|Total                |      256|    40|    17501|    16820|    0|
+---------------------+---------+------+---------+---------+-----+
|Available SLR        |     1344|  3008|   869120|   434560|  320|
+---------------------+---------+------+---------+---------+-----+
|Utilization SLR (%)  |       19|     1|        2|        3|    0|
+---------------------+---------+------+---------+---------+-----+
|Available            |     4032|  9024|  2607360|  1303680|  960|
+---------------------+---------+------+---------+---------+-----+
|Utilization (%)      |        6|    ~0|       ~0|        1|    0|
+---------------------+---------+------+---------+---------+-----+

+ Detail: 
    * Instance: 
    +-----------------------+--------------------+---------+----+------+------+-----+
    |        Instance       |       Module       | BRAM_18K| DSP|  FF  |  LUT | URAM|
    +-----------------------+--------------------+---------+----+------+------+-----+
    |pu_kernel_U0           |pu_kernel           |       64|  10|  2615|  3054|    0|
    |pu_kernel_1_U0         |pu_kernel_1         |       64|  10|  2615|  3054|    0|
    |pu_kernel_2_U0         |pu_kernel_2         |       64|  10|  2615|  3054|    0|
    |pu_kernel_3_U0         |pu_kernel_3         |       64|  10|  2615|  3054|    0|
    |set_tile_broadcast_U0  |set_tile_broadcast  |        0|   0|   828|  1203|    0|
    +-----------------------+--------------------+---------+----+------+------+-----+
    |Total                  |                    |      256|  40| 11288| 13419|    0|
    +-----------------------+--------------------+---------+----+------+------+-----+

    * DSP: 
    N/A

    * Memory: 
    N/A

    * FIFO: 
    +--------+---------+------+----+-----+------+-----+---------+
    |  Name  | BRAM_18K|  FF  | LUT| URAM| Depth| Bits| Size:D*B|
    +--------+---------+------+----+-----+------+-----+---------+
    |s_01_U  |        0|  1552|   0|    -|    16|  388|     6208|
    |s_12_U  |        0|  1552|   0|    -|    16|  388|     6208|
    |s_23_U  |        0|  1552|   0|    -|    16|  388|     6208|
    |s_34_U  |        0|  1552|   0|    -|    16|  388|     6208|
    +--------+---------+------+----+-----+------+-----+---------+
    |Total   |        0|  6208|   0|    0|    64| 1552|    24832|
    +--------+---------+------+----+-----+------+-----+---------+

    * Expression: 
    +----------------------------------------+----------+----+---+----+------------+------------+
    |              Variable Name             | Operation| DSP| FF| LUT| Bitwidth P0| Bitwidth P1|
    +----------------------------------------+----------+----+---+----+------------+------------+
    |ap_idle                                 |       and|   0|  0|   2|           1|           1|
    |ap_sync_continue                        |       and|   0|  0|   2|           1|           1|
    |ap_sync_done                            |       and|   0|  0|   2|           1|           1|
    |ap_sync_ready                           |       and|   0|  0|   2|           1|           1|
    |pu_kernel_1_U0_ap_start                 |       and|   0|  0|   2|           1|           1|
    |pu_kernel_2_U0_ap_start                 |       and|   0|  0|   2|           1|           1|
    |pu_kernel_3_U0_ap_start                 |       and|   0|  0|   2|           1|           1|
    |pu_kernel_U0_ap_start                   |       and|   0|  0|   2|           1|           1|
    |set_tile_broadcast_U0_ap_start          |       and|   0|  0|   2|           1|           1|
    |ap_sync_pu_kernel_1_U0_ap_ready         |        or|   0|  0|   2|           1|           1|
    |ap_sync_pu_kernel_2_U0_ap_ready         |        or|   0|  0|   2|           1|           1|
    |ap_sync_pu_kernel_3_U0_ap_ready         |        or|   0|  0|   2|           1|           1|
    |ap_sync_pu_kernel_U0_ap_ready           |        or|   0|  0|   2|           1|           1|
    |ap_sync_set_tile_broadcast_U0_ap_ready  |        or|   0|  0|   2|           1|           1|
    +----------------------------------------+----------+----+---+----+------------+------------+
    |Total                                   |          |   0|  0|  28|          14|          14|
    +----------------------------------------+----------+----+---+----+------------+------------+

    * Multiplexer: 
    +--------------------------------------------+----+-----------+-----+-----------+
    |                    Name                    | LUT| Input Size| Bits| Total Bits|
    +--------------------------------------------+----+-----------+-----+-----------+
    |ap_sync_reg_pu_kernel_1_U0_ap_ready         |   9|          2|    1|          2|
    |ap_sync_reg_pu_kernel_2_U0_ap_ready         |   9|          2|    1|          2|
    |ap_sync_reg_pu_kernel_3_U0_ap_ready         |   9|          2|    1|          2|
    |ap_sync_reg_pu_kernel_U0_ap_ready           |   9|          2|    1|          2|
    |ap_sync_reg_set_tile_broadcast_U0_ap_ready  |   9|          2|    1|          2|
    +--------------------------------------------+----+-----------+-----+-----------+
    |Total                                       |  45|         10|    5|         10|
    +--------------------------------------------+----+-----------+-----+-----------+

    * Register: 
    +--------------------------------------------+---+----+-----+-----------+
    |                    Name                    | FF| LUT| Bits| Const Bits|
    +--------------------------------------------+---+----+-----+-----------+
    |ap_sync_reg_pu_kernel_1_U0_ap_ready         |  1|   0|    1|          0|
    |ap_sync_reg_pu_kernel_2_U0_ap_ready         |  1|   0|    1|          0|
    |ap_sync_reg_pu_kernel_3_U0_ap_ready         |  1|   0|    1|          0|
    |ap_sync_reg_pu_kernel_U0_ap_ready           |  1|   0|    1|          0|
    |ap_sync_reg_set_tile_broadcast_U0_ap_ready  |  1|   0|    1|          0|
    +--------------------------------------------+---+----+-----+-----------+
    |Total                                       |  5|   0|    5|          0|
    +--------------------------------------------+---+----+-----+-----------+



================================================================
== Interface
================================================================
* Summary: 
+----------------------+-----+-----+------------+---------------------------+--------------+
|       RTL Ports      | Dir | Bits|  Protocol  |       Source Object       |    C Type    |
+----------------------+-----+-----+------------+---------------------------+--------------+
|m_axi_gmem1_AWVALID   |  out|    1|       m_axi|                      gmem1|       pointer|
|m_axi_gmem1_AWREADY   |   in|    1|       m_axi|                      gmem1|       pointer|
|m_axi_gmem1_AWADDR    |  out|   64|       m_axi|                      gmem1|       pointer|
|m_axi_gmem1_AWID      |  out|    1|       m_axi|                      gmem1|       pointer|
|m_axi_gmem1_AWLEN     |  out|   32|       m_axi|                      gmem1|       pointer|
|m_axi_gmem1_AWSIZE    |  out|    3|       m_axi|                      gmem1|       pointer|
|m_axi_gmem1_AWBURST   |  out|    2|       m_axi|                      gmem1|       pointer|
|m_axi_gmem1_AWLOCK    |  out|    2|       m_axi|                      gmem1|       pointer|
|m_axi_gmem1_AWCACHE   |  out|    4|       m_axi|                      gmem1|       pointer|
|m_axi_gmem1_AWPROT    |  out|    3|       m_axi|                      gmem1|       pointer|
|m_axi_gmem1_AWQOS     |  out|    4|       m_axi|                      gmem1|       pointer|
|m_axi_gmem1_AWREGION  |  out|    4|       m_axi|                      gmem1|       pointer|
|m_axi_gmem1_AWUSER    |  out|    1|       m_axi|                      gmem1|       pointer|
|m_axi_gmem1_WVALID    |  out|    1|       m_axi|                      gmem1|       pointer|
|m_axi_gmem1_WREADY    |   in|    1|       m_axi|                      gmem1|       pointer|
|m_axi_gmem1_WDATA     |  out|   32|       m_axi|                      gmem1|       pointer|
|m_axi_gmem1_WSTRB     |  out|    4|       m_axi|                      gmem1|       pointer|
|m_axi_gmem1_WLAST     |  out|    1|       m_axi|                      gmem1|       pointer|
|m_axi_gmem1_WID       |  out|    1|       m_axi|                      gmem1|       pointer|
|m_axi_gmem1_WUSER     |  out|    1|       m_axi|                      gmem1|       pointer|
|m_axi_gmem1_ARVALID   |  out|    1|       m_axi|                      gmem1|       pointer|
|m_axi_gmem1_ARREADY   |   in|    1|       m_axi|                      gmem1|       pointer|
|m_axi_gmem1_ARADDR    |  out|   64|       m_axi|                      gmem1|       pointer|
|m_axi_gmem1_ARID      |  out|    1|       m_axi|                      gmem1|       pointer|
|m_axi_gmem1_ARLEN     |  out|   32|       m_axi|                      gmem1|       pointer|
|m_axi_gmem1_ARSIZE    |  out|    3|       m_axi|                      gmem1|       pointer|
|m_axi_gmem1_ARBURST   |  out|    2|       m_axi|                      gmem1|       pointer|
|m_axi_gmem1_ARLOCK    |  out|    2|       m_axi|                      gmem1|       pointer|
|m_axi_gmem1_ARCACHE   |  out|    4|       m_axi|                      gmem1|       pointer|
|m_axi_gmem1_ARPROT    |  out|    3|       m_axi|                      gmem1|       pointer|
|m_axi_gmem1_ARQOS     |  out|    4|       m_axi|                      gmem1|       pointer|
|m_axi_gmem1_ARREGION  |  out|    4|       m_axi|                      gmem1|       pointer|
|m_axi_gmem1_ARUSER    |  out|    1|       m_axi|                      gmem1|       pointer|
|m_axi_gmem1_RVALID    |   in|    1|       m_axi|                      gmem1|       pointer|
|m_axi_gmem1_RREADY    |  out|    1|       m_axi|                      gmem1|       pointer|
|m_axi_gmem1_RDATA     |   in|   32|       m_axi|                      gmem1|       pointer|
|m_axi_gmem1_RLAST     |   in|    1|       m_axi|                      gmem1|       pointer|
|m_axi_gmem1_RID       |   in|    1|       m_axi|                      gmem1|       pointer|
|m_axi_gmem1_RFIFONUM  |   in|    9|       m_axi|                      gmem1|       pointer|
|m_axi_gmem1_RUSER     |   in|    1|       m_axi|                      gmem1|       pointer|
|m_axi_gmem1_RRESP     |   in|    2|       m_axi|                      gmem1|       pointer|
|m_axi_gmem1_BVALID    |   in|    1|       m_axi|                      gmem1|       pointer|
|m_axi_gmem1_BREADY    |  out|    1|       m_axi|                      gmem1|       pointer|
|m_axi_gmem1_BRESP     |   in|    2|       m_axi|                      gmem1|       pointer|
|m_axi_gmem1_BID       |   in|    1|       m_axi|                      gmem1|       pointer|
|m_axi_gmem1_BUSER     |   in|    1|       m_axi|                      gmem1|       pointer|
|col_idx               |   in|   64|     ap_none|                    col_idx|        scalar|
|col_idx_ap_vld        |   in|    1|     ap_none|                    col_idx|        scalar|
|m_axi_gmem2_AWVALID   |  out|    1|       m_axi|                      gmem2|       pointer|
|m_axi_gmem2_AWREADY   |   in|    1|       m_axi|                      gmem2|       pointer|
|m_axi_gmem2_AWADDR    |  out|   64|       m_axi|                      gmem2|       pointer|
|m_axi_gmem2_AWID      |  out|    1|       m_axi|                      gmem2|       pointer|
|m_axi_gmem2_AWLEN     |  out|   32|       m_axi|                      gmem2|       pointer|
|m_axi_gmem2_AWSIZE    |  out|    3|       m_axi|                      gmem2|       pointer|
|m_axi_gmem2_AWBURST   |  out|    2|       m_axi|                      gmem2|       pointer|
|m_axi_gmem2_AWLOCK    |  out|    2|       m_axi|                      gmem2|       pointer|
|m_axi_gmem2_AWCACHE   |  out|    4|       m_axi|                      gmem2|       pointer|
|m_axi_gmem2_AWPROT    |  out|    3|       m_axi|                      gmem2|       pointer|
|m_axi_gmem2_AWQOS     |  out|    4|       m_axi|                      gmem2|       pointer|
|m_axi_gmem2_AWREGION  |  out|    4|       m_axi|                      gmem2|       pointer|
|m_axi_gmem2_AWUSER    |  out|    1|       m_axi|                      gmem2|       pointer|
|m_axi_gmem2_WVALID    |  out|    1|       m_axi|                      gmem2|       pointer|
|m_axi_gmem2_WREADY    |   in|    1|       m_axi|                      gmem2|       pointer|
|m_axi_gmem2_WDATA     |  out|   32|       m_axi|                      gmem2|       pointer|
|m_axi_gmem2_WSTRB     |  out|    4|       m_axi|                      gmem2|       pointer|
|m_axi_gmem2_WLAST     |  out|    1|       m_axi|                      gmem2|       pointer|
|m_axi_gmem2_WID       |  out|    1|       m_axi|                      gmem2|       pointer|
|m_axi_gmem2_WUSER     |  out|    1|       m_axi|                      gmem2|       pointer|
|m_axi_gmem2_ARVALID   |  out|    1|       m_axi|                      gmem2|       pointer|
|m_axi_gmem2_ARREADY   |   in|    1|       m_axi|                      gmem2|       pointer|
|m_axi_gmem2_ARADDR    |  out|   64|       m_axi|                      gmem2|       pointer|
|m_axi_gmem2_ARID      |  out|    1|       m_axi|                      gmem2|       pointer|
|m_axi_gmem2_ARLEN     |  out|   32|       m_axi|                      gmem2|       pointer|
|m_axi_gmem2_ARSIZE    |  out|    3|       m_axi|                      gmem2|       pointer|
|m_axi_gmem2_ARBURST   |  out|    2|       m_axi|                      gmem2|       pointer|
|m_axi_gmem2_ARLOCK    |  out|    2|       m_axi|                      gmem2|       pointer|
|m_axi_gmem2_ARCACHE   |  out|    4|       m_axi|                      gmem2|       pointer|
|m_axi_gmem2_ARPROT    |  out|    3|       m_axi|                      gmem2|       pointer|
|m_axi_gmem2_ARQOS     |  out|    4|       m_axi|                      gmem2|       pointer|
|m_axi_gmem2_ARREGION  |  out|    4|       m_axi|                      gmem2|       pointer|
|m_axi_gmem2_ARUSER    |  out|    1|       m_axi|                      gmem2|       pointer|
|m_axi_gmem2_RVALID    |   in|    1|       m_axi|                      gmem2|       pointer|
|m_axi_gmem2_RREADY    |  out|    1|       m_axi|                      gmem2|       pointer|
|m_axi_gmem2_RDATA     |   in|   32|       m_axi|                      gmem2|       pointer|
|m_axi_gmem2_RLAST     |   in|    1|       m_axi|                      gmem2|       pointer|
|m_axi_gmem2_RID       |   in|    1|       m_axi|                      gmem2|       pointer|
|m_axi_gmem2_RFIFONUM  |   in|    9|       m_axi|                      gmem2|       pointer|
|m_axi_gmem2_RUSER     |   in|    1|       m_axi|                      gmem2|       pointer|
|m_axi_gmem2_RRESP     |   in|    2|       m_axi|                      gmem2|       pointer|
|m_axi_gmem2_BVALID    |   in|    1|       m_axi|                      gmem2|       pointer|
|m_axi_gmem2_BREADY    |  out|    1|       m_axi|                      gmem2|       pointer|
|m_axi_gmem2_BRESP     |   in|    2|       m_axi|                      gmem2|       pointer|
|m_axi_gmem2_BID       |   in|    1|       m_axi|                      gmem2|       pointer|
|m_axi_gmem2_BUSER     |   in|    1|       m_axi|                      gmem2|       pointer|
|a_val                 |   in|   64|     ap_none|                      a_val|        scalar|
|a_val_ap_vld          |   in|    1|     ap_none|                      a_val|        scalar|
|i                     |   in|   32|     ap_none|                          i|        scalar|
|i_ap_vld              |   in|    1|     ap_none|                          i|        scalar|
|nnz                   |   in|   32|     ap_none|                        nnz|        scalar|
|nnz_ap_vld            |   in|    1|     ap_none|                        nnz|        scalar|
|m_axi_gmem3_AWVALID   |  out|    1|       m_axi|                      gmem3|       pointer|
|m_axi_gmem3_AWREADY   |   in|    1|       m_axi|                      gmem3|       pointer|
|m_axi_gmem3_AWADDR    |  out|   64|       m_axi|                      gmem3|       pointer|
|m_axi_gmem3_AWID      |  out|    1|       m_axi|                      gmem3|       pointer|
|m_axi_gmem3_AWLEN     |  out|   32|       m_axi|                      gmem3|       pointer|
|m_axi_gmem3_AWSIZE    |  out|    3|       m_axi|                      gmem3|       pointer|
|m_axi_gmem3_AWBURST   |  out|    2|       m_axi|                      gmem3|       pointer|
|m_axi_gmem3_AWLOCK    |  out|    2|       m_axi|                      gmem3|       pointer|
|m_axi_gmem3_AWCACHE   |  out|    4|       m_axi|                      gmem3|       pointer|
|m_axi_gmem3_AWPROT    |  out|    3|       m_axi|                      gmem3|       pointer|
|m_axi_gmem3_AWQOS     |  out|    4|       m_axi|                      gmem3|       pointer|
|m_axi_gmem3_AWREGION  |  out|    4|       m_axi|                      gmem3|       pointer|
|m_axi_gmem3_AWUSER    |  out|    1|       m_axi|                      gmem3|       pointer|
|m_axi_gmem3_WVALID    |  out|    1|       m_axi|                      gmem3|       pointer|
|m_axi_gmem3_WREADY    |   in|    1|       m_axi|                      gmem3|       pointer|
|m_axi_gmem3_WDATA     |  out|   32|       m_axi|                      gmem3|       pointer|
|m_axi_gmem3_WSTRB     |  out|    4|       m_axi|                      gmem3|       pointer|
|m_axi_gmem3_WLAST     |  out|    1|       m_axi|                      gmem3|       pointer|
|m_axi_gmem3_WID       |  out|    1|       m_axi|                      gmem3|       pointer|
|m_axi_gmem3_WUSER     |  out|    1|       m_axi|                      gmem3|       pointer|
|m_axi_gmem3_ARVALID   |  out|    1|       m_axi|                      gmem3|       pointer|
|m_axi_gmem3_ARREADY   |   in|    1|       m_axi|                      gmem3|       pointer|
|m_axi_gmem3_ARADDR    |  out|   64|       m_axi|                      gmem3|       pointer|
|m_axi_gmem3_ARID      |  out|    1|       m_axi|                      gmem3|       pointer|
|m_axi_gmem3_ARLEN     |  out|   32|       m_axi|                      gmem3|       pointer|
|m_axi_gmem3_ARSIZE    |  out|    3|       m_axi|                      gmem3|       pointer|
|m_axi_gmem3_ARBURST   |  out|    2|       m_axi|                      gmem3|       pointer|
|m_axi_gmem3_ARLOCK    |  out|    2|       m_axi|                      gmem3|       pointer|
|m_axi_gmem3_ARCACHE   |  out|    4|       m_axi|                      gmem3|       pointer|
|m_axi_gmem3_ARPROT    |  out|    3|       m_axi|                      gmem3|       pointer|
|m_axi_gmem3_ARQOS     |  out|    4|       m_axi|                      gmem3|       pointer|
|m_axi_gmem3_ARREGION  |  out|    4|       m_axi|                      gmem3|       pointer|
|m_axi_gmem3_ARUSER    |  out|    1|       m_axi|                      gmem3|       pointer|
|m_axi_gmem3_RVALID    |   in|    1|       m_axi|                      gmem3|       pointer|
|m_axi_gmem3_RREADY    |  out|    1|       m_axi|                      gmem3|       pointer|
|m_axi_gmem3_RDATA     |   in|   32|       m_axi|                      gmem3|       pointer|
|m_axi_gmem3_RLAST     |   in|    1|       m_axi|                      gmem3|       pointer|
|m_axi_gmem3_RID       |   in|    1|       m_axi|                      gmem3|       pointer|
|m_axi_gmem3_RFIFONUM  |   in|    9|       m_axi|                      gmem3|       pointer|
|m_axi_gmem3_RUSER     |   in|    1|       m_axi|                      gmem3|       pointer|
|m_axi_gmem3_RRESP     |   in|    2|       m_axi|                      gmem3|       pointer|
|m_axi_gmem3_BVALID    |   in|    1|       m_axi|                      gmem3|       pointer|
|m_axi_gmem3_BREADY    |  out|    1|       m_axi|                      gmem3|       pointer|
|m_axi_gmem3_BRESP     |   in|    2|       m_axi|                      gmem3|       pointer|
|m_axi_gmem3_BID       |   in|    1|       m_axi|                      gmem3|       pointer|
|m_axi_gmem3_BUSER     |   in|    1|       m_axi|                      gmem3|       pointer|
|B1                    |   in|   64|     ap_none|                         B1|        scalar|
|B1_ap_vld             |   in|    1|     ap_none|                         B1|        scalar|
|K                     |   in|   32|     ap_none|                          K|        scalar|
|K_ap_vld              |   in|    1|     ap_none|                          K|        scalar|
|m_axi_gmem4_AWVALID   |  out|    1|       m_axi|                      gmem4|       pointer|
|m_axi_gmem4_AWREADY   |   in|    1|       m_axi|                      gmem4|       pointer|
|m_axi_gmem4_AWADDR    |  out|   64|       m_axi|                      gmem4|       pointer|
|m_axi_gmem4_AWID      |  out|    1|       m_axi|                      gmem4|       pointer|
|m_axi_gmem4_AWLEN     |  out|   32|       m_axi|                      gmem4|       pointer|
|m_axi_gmem4_AWSIZE    |  out|    3|       m_axi|                      gmem4|       pointer|
|m_axi_gmem4_AWBURST   |  out|    2|       m_axi|                      gmem4|       pointer|
|m_axi_gmem4_AWLOCK    |  out|    2|       m_axi|                      gmem4|       pointer|
|m_axi_gmem4_AWCACHE   |  out|    4|       m_axi|                      gmem4|       pointer|
|m_axi_gmem4_AWPROT    |  out|    3|       m_axi|                      gmem4|       pointer|
|m_axi_gmem4_AWQOS     |  out|    4|       m_axi|                      gmem4|       pointer|
|m_axi_gmem4_AWREGION  |  out|    4|       m_axi|                      gmem4|       pointer|
|m_axi_gmem4_AWUSER    |  out|    1|       m_axi|                      gmem4|       pointer|
|m_axi_gmem4_WVALID    |  out|    1|       m_axi|                      gmem4|       pointer|
|m_axi_gmem4_WREADY    |   in|    1|       m_axi|                      gmem4|       pointer|
|m_axi_gmem4_WDATA     |  out|   32|       m_axi|                      gmem4|       pointer|
|m_axi_gmem4_WSTRB     |  out|    4|       m_axi|                      gmem4|       pointer|
|m_axi_gmem4_WLAST     |  out|    1|       m_axi|                      gmem4|       pointer|
|m_axi_gmem4_WID       |  out|    1|       m_axi|                      gmem4|       pointer|
|m_axi_gmem4_WUSER     |  out|    1|       m_axi|                      gmem4|       pointer|
|m_axi_gmem4_ARVALID   |  out|    1|       m_axi|                      gmem4|       pointer|
|m_axi_gmem4_ARREADY   |   in|    1|       m_axi|                      gmem4|       pointer|
|m_axi_gmem4_ARADDR    |  out|   64|       m_axi|                      gmem4|       pointer|
|m_axi_gmem4_ARID      |  out|    1|       m_axi|                      gmem4|       pointer|
|m_axi_gmem4_ARLEN     |  out|   32|       m_axi|                      gmem4|       pointer|
|m_axi_gmem4_ARSIZE    |  out|    3|       m_axi|                      gmem4|       pointer|
|m_axi_gmem4_ARBURST   |  out|    2|       m_axi|                      gmem4|       pointer|
|m_axi_gmem4_ARLOCK    |  out|    2|       m_axi|                      gmem4|       pointer|
|m_axi_gmem4_ARCACHE   |  out|    4|       m_axi|                      gmem4|       pointer|
|m_axi_gmem4_ARPROT    |  out|    3|       m_axi|                      gmem4|       pointer|
|m_axi_gmem4_ARQOS     |  out|    4|       m_axi|                      gmem4|       pointer|
|m_axi_gmem4_ARREGION  |  out|    4|       m_axi|                      gmem4|       pointer|
|m_axi_gmem4_ARUSER    |  out|    1|       m_axi|                      gmem4|       pointer|
|m_axi_gmem4_RVALID    |   in|    1|       m_axi|                      gmem4|       pointer|
|m_axi_gmem4_RREADY    |  out|    1|       m_axi|                      gmem4|       pointer|
|m_axi_gmem4_RDATA     |   in|   32|       m_axi|                      gmem4|       pointer|
|m_axi_gmem4_RLAST     |   in|    1|       m_axi|                      gmem4|       pointer|
|m_axi_gmem4_RID       |   in|    1|       m_axi|                      gmem4|       pointer|
|m_axi_gmem4_RFIFONUM  |   in|    9|       m_axi|                      gmem4|       pointer|
|m_axi_gmem4_RUSER     |   in|    1|       m_axi|                      gmem4|       pointer|
|m_axi_gmem4_RRESP     |   in|    2|       m_axi|                      gmem4|       pointer|
|m_axi_gmem4_BVALID    |   in|    1|       m_axi|                      gmem4|       pointer|
|m_axi_gmem4_BREADY    |  out|    1|       m_axi|                      gmem4|       pointer|
|m_axi_gmem4_BRESP     |   in|    2|       m_axi|                      gmem4|       pointer|
|m_axi_gmem4_BID       |   in|    1|       m_axi|                      gmem4|       pointer|
|m_axi_gmem4_BUSER     |   in|    1|       m_axi|                      gmem4|       pointer|
|B2                    |   in|   64|     ap_none|                         B2|        scalar|
|B2_ap_vld             |   in|    1|     ap_none|                         B2|        scalar|
|m_axi_gmem5_AWVALID   |  out|    1|       m_axi|                      gmem5|       pointer|
|m_axi_gmem5_AWREADY   |   in|    1|       m_axi|                      gmem5|       pointer|
|m_axi_gmem5_AWADDR    |  out|   64|       m_axi|                      gmem5|       pointer|
|m_axi_gmem5_AWID      |  out|    1|       m_axi|                      gmem5|       pointer|
|m_axi_gmem5_AWLEN     |  out|   32|       m_axi|                      gmem5|       pointer|
|m_axi_gmem5_AWSIZE    |  out|    3|       m_axi|                      gmem5|       pointer|
|m_axi_gmem5_AWBURST   |  out|    2|       m_axi|                      gmem5|       pointer|
|m_axi_gmem5_AWLOCK    |  out|    2|       m_axi|                      gmem5|       pointer|
|m_axi_gmem5_AWCACHE   |  out|    4|       m_axi|                      gmem5|       pointer|
|m_axi_gmem5_AWPROT    |  out|    3|       m_axi|                      gmem5|       pointer|
|m_axi_gmem5_AWQOS     |  out|    4|       m_axi|                      gmem5|       pointer|
|m_axi_gmem5_AWREGION  |  out|    4|       m_axi|                      gmem5|       pointer|
|m_axi_gmem5_AWUSER    |  out|    1|       m_axi|                      gmem5|       pointer|
|m_axi_gmem5_WVALID    |  out|    1|       m_axi|                      gmem5|       pointer|
|m_axi_gmem5_WREADY    |   in|    1|       m_axi|                      gmem5|       pointer|
|m_axi_gmem5_WDATA     |  out|   32|       m_axi|                      gmem5|       pointer|
|m_axi_gmem5_WSTRB     |  out|    4|       m_axi|                      gmem5|       pointer|
|m_axi_gmem5_WLAST     |  out|    1|       m_axi|                      gmem5|       pointer|
|m_axi_gmem5_WID       |  out|    1|       m_axi|                      gmem5|       pointer|
|m_axi_gmem5_WUSER     |  out|    1|       m_axi|                      gmem5|       pointer|
|m_axi_gmem5_ARVALID   |  out|    1|       m_axi|                      gmem5|       pointer|
|m_axi_gmem5_ARREADY   |   in|    1|       m_axi|                      gmem5|       pointer|
|m_axi_gmem5_ARADDR    |  out|   64|       m_axi|                      gmem5|       pointer|
|m_axi_gmem5_ARID      |  out|    1|       m_axi|                      gmem5|       pointer|
|m_axi_gmem5_ARLEN     |  out|   32|       m_axi|                      gmem5|       pointer|
|m_axi_gmem5_ARSIZE    |  out|    3|       m_axi|                      gmem5|       pointer|
|m_axi_gmem5_ARBURST   |  out|    2|       m_axi|                      gmem5|       pointer|
|m_axi_gmem5_ARLOCK    |  out|    2|       m_axi|                      gmem5|       pointer|
|m_axi_gmem5_ARCACHE   |  out|    4|       m_axi|                      gmem5|       pointer|
|m_axi_gmem5_ARPROT    |  out|    3|       m_axi|                      gmem5|       pointer|
|m_axi_gmem5_ARQOS     |  out|    4|       m_axi|                      gmem5|       pointer|
|m_axi_gmem5_ARREGION  |  out|    4|       m_axi|                      gmem5|       pointer|
|m_axi_gmem5_ARUSER    |  out|    1|       m_axi|                      gmem5|       pointer|
|m_axi_gmem5_RVALID    |   in|    1|       m_axi|                      gmem5|       pointer|
|m_axi_gmem5_RREADY    |  out|    1|       m_axi|                      gmem5|       pointer|
|m_axi_gmem5_RDATA     |   in|   32|       m_axi|                      gmem5|       pointer|
|m_axi_gmem5_RLAST     |   in|    1|       m_axi|                      gmem5|       pointer|
|m_axi_gmem5_RID       |   in|    1|       m_axi|                      gmem5|       pointer|
|m_axi_gmem5_RFIFONUM  |   in|    9|       m_axi|                      gmem5|       pointer|
|m_axi_gmem5_RUSER     |   in|    1|       m_axi|                      gmem5|       pointer|
|m_axi_gmem5_RRESP     |   in|    2|       m_axi|                      gmem5|       pointer|
|m_axi_gmem5_BVALID    |   in|    1|       m_axi|                      gmem5|       pointer|
|m_axi_gmem5_BREADY    |  out|    1|       m_axi|                      gmem5|       pointer|
|m_axi_gmem5_BRESP     |   in|    2|       m_axi|                      gmem5|       pointer|
|m_axi_gmem5_BID       |   in|    1|       m_axi|                      gmem5|       pointer|
|m_axi_gmem5_BUSER     |   in|    1|       m_axi|                      gmem5|       pointer|
|B3                    |   in|   64|     ap_none|                         B3|        scalar|
|B3_ap_vld             |   in|    1|     ap_none|                         B3|        scalar|
|m_axi_gmem6_AWVALID   |  out|    1|       m_axi|                      gmem6|       pointer|
|m_axi_gmem6_AWREADY   |   in|    1|       m_axi|                      gmem6|       pointer|
|m_axi_gmem6_AWADDR    |  out|   64|       m_axi|                      gmem6|       pointer|
|m_axi_gmem6_AWID      |  out|    1|       m_axi|                      gmem6|       pointer|
|m_axi_gmem6_AWLEN     |  out|   32|       m_axi|                      gmem6|       pointer|
|m_axi_gmem6_AWSIZE    |  out|    3|       m_axi|                      gmem6|       pointer|
|m_axi_gmem6_AWBURST   |  out|    2|       m_axi|                      gmem6|       pointer|
|m_axi_gmem6_AWLOCK    |  out|    2|       m_axi|                      gmem6|       pointer|
|m_axi_gmem6_AWCACHE   |  out|    4|       m_axi|                      gmem6|       pointer|
|m_axi_gmem6_AWPROT    |  out|    3|       m_axi|                      gmem6|       pointer|
|m_axi_gmem6_AWQOS     |  out|    4|       m_axi|                      gmem6|       pointer|
|m_axi_gmem6_AWREGION  |  out|    4|       m_axi|                      gmem6|       pointer|
|m_axi_gmem6_AWUSER    |  out|    1|       m_axi|                      gmem6|       pointer|
|m_axi_gmem6_WVALID    |  out|    1|       m_axi|                      gmem6|       pointer|
|m_axi_gmem6_WREADY    |   in|    1|       m_axi|                      gmem6|       pointer|
|m_axi_gmem6_WDATA     |  out|   32|       m_axi|                      gmem6|       pointer|
|m_axi_gmem6_WSTRB     |  out|    4|       m_axi|                      gmem6|       pointer|
|m_axi_gmem6_WLAST     |  out|    1|       m_axi|                      gmem6|       pointer|
|m_axi_gmem6_WID       |  out|    1|       m_axi|                      gmem6|       pointer|
|m_axi_gmem6_WUSER     |  out|    1|       m_axi|                      gmem6|       pointer|
|m_axi_gmem6_ARVALID   |  out|    1|       m_axi|                      gmem6|       pointer|
|m_axi_gmem6_ARREADY   |   in|    1|       m_axi|                      gmem6|       pointer|
|m_axi_gmem6_ARADDR    |  out|   64|       m_axi|                      gmem6|       pointer|
|m_axi_gmem6_ARID      |  out|    1|       m_axi|                      gmem6|       pointer|
|m_axi_gmem6_ARLEN     |  out|   32|       m_axi|                      gmem6|       pointer|
|m_axi_gmem6_ARSIZE    |  out|    3|       m_axi|                      gmem6|       pointer|
|m_axi_gmem6_ARBURST   |  out|    2|       m_axi|                      gmem6|       pointer|
|m_axi_gmem6_ARLOCK    |  out|    2|       m_axi|                      gmem6|       pointer|
|m_axi_gmem6_ARCACHE   |  out|    4|       m_axi|                      gmem6|       pointer|
|m_axi_gmem6_ARPROT    |  out|    3|       m_axi|                      gmem6|       pointer|
|m_axi_gmem6_ARQOS     |  out|    4|       m_axi|                      gmem6|       pointer|
|m_axi_gmem6_ARREGION  |  out|    4|       m_axi|                      gmem6|       pointer|
|m_axi_gmem6_ARUSER    |  out|    1|       m_axi|                      gmem6|       pointer|
|m_axi_gmem6_RVALID    |   in|    1|       m_axi|                      gmem6|       pointer|
|m_axi_gmem6_RREADY    |  out|    1|       m_axi|                      gmem6|       pointer|
|m_axi_gmem6_RDATA     |   in|   32|       m_axi|                      gmem6|       pointer|
|m_axi_gmem6_RLAST     |   in|    1|       m_axi|                      gmem6|       pointer|
|m_axi_gmem6_RID       |   in|    1|       m_axi|                      gmem6|       pointer|
|m_axi_gmem6_RFIFONUM  |   in|    9|       m_axi|                      gmem6|       pointer|
|m_axi_gmem6_RUSER     |   in|    1|       m_axi|                      gmem6|       pointer|
|m_axi_gmem6_RRESP     |   in|    2|       m_axi|                      gmem6|       pointer|
|m_axi_gmem6_BVALID    |   in|    1|       m_axi|                      gmem6|       pointer|
|m_axi_gmem6_BREADY    |  out|    1|       m_axi|                      gmem6|       pointer|
|m_axi_gmem6_BRESP     |   in|    2|       m_axi|                      gmem6|       pointer|
|m_axi_gmem6_BID       |   in|    1|       m_axi|                      gmem6|       pointer|
|m_axi_gmem6_BUSER     |   in|    1|       m_axi|                      gmem6|       pointer|
|B4                    |   in|   64|     ap_none|                         B4|        scalar|
|B4_ap_vld             |   in|    1|     ap_none|                         B4|        scalar|
|ap_clk                |   in|    1|  ap_ctrl_hs|  dataflow_in_loop_row_loop|  return value|
|ap_rst                |   in|    1|  ap_ctrl_hs|  dataflow_in_loop_row_loop|  return value|
|ap_start              |   in|    1|  ap_ctrl_hs|  dataflow_in_loop_row_loop|  return value|
|ap_done               |  out|    1|  ap_ctrl_hs|  dataflow_in_loop_row_loop|  return value|
|ap_ready              |  out|    1|  ap_ctrl_hs|  dataflow_in_loop_row_loop|  return value|
|ap_idle               |  out|    1|  ap_ctrl_hs|  dataflow_in_loop_row_loop|  return value|
|ap_continue           |   in|    1|  ap_ctrl_hs|  dataflow_in_loop_row_loop|  return value|
+----------------------+-----+-----+------------+---------------------------+--------------+

