

================================================================
== Vitis HLS Report for 'dfm_Pipeline_VITIS_LOOP_114_2'
================================================================
* Date:           Wed Sep  3 20:05:54 2025

* Version:        2022.2 (Build 3670227 on Oct 13 2022)
* Project:        spmm_prj
* Solution:       sol1 (Vivado IP Flow Target)
* Product family: virtexuplus
* Target device:  xcu280-fsvh2892-2L-e


================================================================
== Performance Estimates
================================================================
+ Timing: 
    * Summary: 
    +--------+---------+----------+------------+
    |  Clock |  Target | Estimated| Uncertainty|
    +--------+---------+----------+------------+
    |ap_clk  |  4.00 ns|  2.920 ns|     1.08 ns|
    +--------+---------+----------+------------+

+ Latency: 
    * Summary: 
    +---------+------------+-----------+-----------+-----+------------+---------+
    |   Latency (cycles)   |   Latency (absolute)  |     Interval     | Pipeline|
    |   min   |     max    |    min    |    max    | min |     max    |   Type  |
    +---------+------------+-----------+-----------+-----+------------+---------+
    |        3|  1073741826|  12.000 ns|  4.295 sec|    3|  1073741826|       no|
    +---------+------------+-----------+-----------+-----+------------+---------+

    + Detail: 
        * Instance: 
        N/A

        * Loop: 
        +--------------------+---------+------------+----------+-----------+-----------+----------------+----------+
        |                    |   Latency (cycles)   | Iteration|  Initiation Interval  |      Trip      |          |
        |      Loop Name     |   min   |     max    |  Latency |  achieved |   target  |      Count     | Pipelined|
        +--------------------+---------+------------+----------+-----------+-----------+----------------+----------+
        |- VITIS_LOOP_114_2  |        1|  1073741824|         3|          1|          1|  0 ~ 1073741823|       yes|
        +--------------------+---------+------------+----------+-----------+-----------+----------------+----------+



================================================================
== Utilization Estimates
================================================================
* Summary: 
+---------------------+---------+------+---------+---------+-----+
|         Name        | BRAM_18K|  DSP |    FF   |   LUT   | URAM|
+---------------------+---------+------+---------+---------+-----+
|DSP                  |        -|     -|        -|        -|    -|
|Expression           |        -|     -|        0|       85|    -|
|FIFO                 |        -|     -|        -|        -|    -|
|Instance             |        -|     -|        -|        -|    -|
|Memory               |        -|     -|        -|        -|    -|
|Multiplexer          |        -|     -|        -|       45|    -|
|Register             |        -|     -|      100|        -|    -|
+---------------------+---------+------+---------+---------+-----+
|Total                |        0|     0|      100|      130|    0|
+---------------------+---------+------+---------+---------+-----+
|Available SLR        |     1344|  3008|   869120|   434560|  320|
+---------------------+---------+------+---------+---------+-----+
|Utilization SLR (%)  |        0|     0|       ~0|       ~0|    0|
+---------------------+---------+------+---------+---------+-----+
|Available            |     4032|  9024|  2607360|  1303680|  960|
+---------------------+---------+------+---------+---------+-----+
|Utilization (%)      |        0|     0|       ~0|       ~0|    0|
+---------------------+---------+------+---------+---------+-----+

+ Detail: 
    * Instance: 
    N/A

    * DSP: 
    N/A

    * Memory: 
    N/A

    * FIFO: 
    N/A

    * Expression: 
    +----------------------------------+----------+----+---+----+------------+------------+
    |           Variable Name          | Operation| DSP| FF| LUT| Bitwidth P0| Bitwidth P1|
    +----------------------------------+----------+----+---+----+------------+------------+
    |add_ln114_fu_122_p2               |         +|   0|  0|  37|          30|           1|
    |add_ln116_fu_132_p2               |         +|   0|  0|  23|          16|          16|
    |ap_block_pp0_stage0_11001         |       and|   0|  0|   2|           1|           1|
    |ap_block_state2_pp0_stage0_iter1  |       and|   0|  0|   2|           1|           1|
    |icmp_ln114_fu_116_p2              |      icmp|   0|  0|  19|          30|          30|
    |ap_enable_pp0                     |       xor|   0|  0|   2|           1|           2|
    +----------------------------------+----------+----+---+----+------------+------------+
    |Total                             |          |   0|  0|  85|          79|          51|
    +----------------------------------+----------+----+---+----+------------+------------+

    * Multiplexer: 
    +-------------------------+----+-----------+-----+-----------+
    |           Name          | LUT| Input Size| Bits| Total Bits|
    +-------------------------+----+-----------+-----+-----------+
    |ap_done_int              |   9|          2|    1|          2|
    |ap_enable_reg_pp0_iter2  |   9|          2|    1|          2|
    |ap_sig_allocacmp_j_1     |   9|          2|   30|         60|
    |gmem3_blk_n_R            |   9|          2|    1|          2|
    |j_fu_60                  |   9|          2|   30|         60|
    +-------------------------+----+-----------+-----+-----------+
    |Total                    |  45|         10|   63|        126|
    +-------------------------+----+-----------+-----+-----------+

    * Register: 
    +----------------------------------+----+----+-----+-----------+
    |               Name               | FF | LUT| Bits| Const Bits|
    +----------------------------------+----+----+-----+-----------+
    |add_ln116_reg_173                 |  16|   0|   16|          0|
    |add_ln116_reg_173_pp0_iter1_reg   |  16|   0|   16|          0|
    |ap_CS_fsm                         |   1|   0|    1|          0|
    |ap_done_reg                       |   1|   0|    1|          0|
    |ap_enable_reg_pp0_iter1           |   1|   0|    1|          0|
    |ap_enable_reg_pp0_iter2           |   1|   0|    1|          0|
    |ap_loop_exit_ready_pp0_iter1_reg  |   1|   0|    1|          0|
    |gmem3_addr_read_reg_178           |  32|   0|   32|          0|
    |icmp_ln114_reg_169                |   1|   0|    1|          0|
    |j_fu_60                           |  30|   0|   30|          0|
    +----------------------------------+----+----+-----+-----------+
    |Total                             | 100|   0|  100|          0|
    +----------------------------------+----+----+-----+-----------+



================================================================
== Interface
================================================================
* Summary: 
+----------------------+-----+-----+------------+-------------------------------+--------------+
|       RTL Ports      | Dir | Bits|  Protocol  |         Source Object         |    C Type    |
+----------------------+-----+-----+------------+-------------------------------+--------------+
|ap_clk                |   in|    1|  ap_ctrl_hs|  dfm_Pipeline_VITIS_LOOP_114_2|  return value|
|ap_rst                |   in|    1|  ap_ctrl_hs|  dfm_Pipeline_VITIS_LOOP_114_2|  return value|
|ap_start              |   in|    1|  ap_ctrl_hs|  dfm_Pipeline_VITIS_LOOP_114_2|  return value|
|ap_done               |  out|    1|  ap_ctrl_hs|  dfm_Pipeline_VITIS_LOOP_114_2|  return value|
|ap_idle               |  out|    1|  ap_ctrl_hs|  dfm_Pipeline_VITIS_LOOP_114_2|  return value|
|ap_ready              |  out|    1|  ap_ctrl_hs|  dfm_Pipeline_VITIS_LOOP_114_2|  return value|
|m_axi_gmem3_AWVALID   |  out|    1|       m_axi|                          gmem3|       pointer|
|m_axi_gmem3_AWREADY   |   in|    1|       m_axi|                          gmem3|       pointer|
|m_axi_gmem3_AWADDR    |  out|   64|       m_axi|                          gmem3|       pointer|
|m_axi_gmem3_AWID      |  out|    1|       m_axi|                          gmem3|       pointer|
|m_axi_gmem3_AWLEN     |  out|   32|       m_axi|                          gmem3|       pointer|
|m_axi_gmem3_AWSIZE    |  out|    3|       m_axi|                          gmem3|       pointer|
|m_axi_gmem3_AWBURST   |  out|    2|       m_axi|                          gmem3|       pointer|
|m_axi_gmem3_AWLOCK    |  out|    2|       m_axi|                          gmem3|       pointer|
|m_axi_gmem3_AWCACHE   |  out|    4|       m_axi|                          gmem3|       pointer|
|m_axi_gmem3_AWPROT    |  out|    3|       m_axi|                          gmem3|       pointer|
|m_axi_gmem3_AWQOS     |  out|    4|       m_axi|                          gmem3|       pointer|
|m_axi_gmem3_AWREGION  |  out|    4|       m_axi|                          gmem3|       pointer|
|m_axi_gmem3_AWUSER    |  out|    1|       m_axi|                          gmem3|       pointer|
|m_axi_gmem3_WVALID    |  out|    1|       m_axi|                          gmem3|       pointer|
|m_axi_gmem3_WREADY    |   in|    1|       m_axi|                          gmem3|       pointer|
|m_axi_gmem3_WDATA     |  out|   32|       m_axi|                          gmem3|       pointer|
|m_axi_gmem3_WSTRB     |  out|    4|       m_axi|                          gmem3|       pointer|
|m_axi_gmem3_WLAST     |  out|    1|       m_axi|                          gmem3|       pointer|
|m_axi_gmem3_WID       |  out|    1|       m_axi|                          gmem3|       pointer|
|m_axi_gmem3_WUSER     |  out|    1|       m_axi|                          gmem3|       pointer|
|m_axi_gmem3_ARVALID   |  out|    1|       m_axi|                          gmem3|       pointer|
|m_axi_gmem3_ARREADY   |   in|    1|       m_axi|                          gmem3|       pointer|
|m_axi_gmem3_ARADDR    |  out|   64|       m_axi|                          gmem3|       pointer|
|m_axi_gmem3_ARID      |  out|    1|       m_axi|                          gmem3|       pointer|
|m_axi_gmem3_ARLEN     |  out|   32|       m_axi|                          gmem3|       pointer|
|m_axi_gmem3_ARSIZE    |  out|    3|       m_axi|                          gmem3|       pointer|
|m_axi_gmem3_ARBURST   |  out|    2|       m_axi|                          gmem3|       pointer|
|m_axi_gmem3_ARLOCK    |  out|    2|       m_axi|                          gmem3|       pointer|
|m_axi_gmem3_ARCACHE   |  out|    4|       m_axi|                          gmem3|       pointer|
|m_axi_gmem3_ARPROT    |  out|    3|       m_axi|                          gmem3|       pointer|
|m_axi_gmem3_ARQOS     |  out|    4|       m_axi|                          gmem3|       pointer|
|m_axi_gmem3_ARREGION  |  out|    4|       m_axi|                          gmem3|       pointer|
|m_axi_gmem3_ARUSER    |  out|    1|       m_axi|                          gmem3|       pointer|
|m_axi_gmem3_RVALID    |   in|    1|       m_axi|                          gmem3|       pointer|
|m_axi_gmem3_RREADY    |  out|    1|       m_axi|                          gmem3|       pointer|
|m_axi_gmem3_RDATA     |   in|   32|       m_axi|                          gmem3|       pointer|
|m_axi_gmem3_RLAST     |   in|    1|       m_axi|                          gmem3|       pointer|
|m_axi_gmem3_RID       |   in|    1|       m_axi|                          gmem3|       pointer|
|m_axi_gmem3_RFIFONUM  |   in|    9|       m_axi|                          gmem3|       pointer|
|m_axi_gmem3_RUSER     |   in|    1|       m_axi|                          gmem3|       pointer|
|m_axi_gmem3_RRESP     |   in|    2|       m_axi|                          gmem3|       pointer|
|m_axi_gmem3_BVALID    |   in|    1|       m_axi|                          gmem3|       pointer|
|m_axi_gmem3_BREADY    |  out|    1|       m_axi|                          gmem3|       pointer|
|m_axi_gmem3_BRESP     |   in|    2|       m_axi|                          gmem3|       pointer|
|m_axi_gmem3_BID       |   in|    1|       m_axi|                          gmem3|       pointer|
|m_axi_gmem3_BUSER     |   in|    1|       m_axi|                          gmem3|       pointer|
|sext_ln114            |   in|   62|     ap_none|                     sext_ln114|        scalar|
|K                     |   in|   30|     ap_none|                              K|        scalar|
|trunc_ln              |   in|   16|     ap_none|                       trunc_ln|        scalar|
|Dbuf_address1         |  out|   16|   ap_memory|                           Dbuf|         array|
|Dbuf_ce1              |  out|    1|   ap_memory|                           Dbuf|         array|
|Dbuf_we1              |  out|    1|   ap_memory|                           Dbuf|         array|
|Dbuf_d1               |  out|   32|   ap_memory|                           Dbuf|         array|
+----------------------+-----+-----+------------+-------------------------------+--------------+

