

================================================================
== Vitis HLS Report for 'dfm'
================================================================
* Date:           Wed Sep  3 20:05:54 2025

* Version:        2022.2 (Build 3670227 on Oct 13 2022)
* Project:        spmm_prj
* Solution:       sol1 (Vivado IP Flow Target)
* Product family: virtexuplus
* Target device:  xcu280-fsvh2892-2L-e


================================================================
== Performance Estimates
================================================================
+ Timing: 
    * Summary: 
    +--------+---------+----------+------------+
    |  Clock |  Target | Estimated| Uncertainty|
    +--------+---------+----------+------------+
    |ap_clk  |  4.00 ns|  2.920 ns|     1.08 ns|
    +--------+---------+----------+------------+

+ Latency: 
    * Summary: 
    +---------+---------+----------+----------+-----+-----+---------+
    |  Latency (cycles) |  Latency (absolute) |  Interval | Pipeline|
    |   min   |   max   |    min   |    max   | min | max |   Type  |
    +---------+---------+----------+----------+-----+-----+---------+
    |        ?|        ?|         ?|         ?|    ?|    ?|       no|
    +---------+---------+----------+----------+-----+-----+---------+

    + Detail: 
        * Instance: 
        +------------------------------------------+-------------------------------+---------+------------+-----------+-----------+-----+------------+---------+
        |                                          |                               |   Latency (cycles)   |   Latency (absolute)  |     Interval     | Pipeline|
        |                 Instance                 |             Module            |   min   |     max    |    min    |    max    | min |     max    |   Type  |
        +------------------------------------------+-------------------------------+---------+------------+-----------+-----------+-----+------------+---------+
        |grp_dfm_Pipeline_VITIS_LOOP_114_2_fu_203  |dfm_Pipeline_VITIS_LOOP_114_2  |        3|  1073741826|  12.000 ns|  4.295 sec|    3|  1073741826|       no|
        +------------------------------------------+-------------------------------+---------+------------+-----------+-----------+-----+------------+---------+

        * Loop: 
        +---------------------+---------+---------+----------+-----------+-----------+------+----------+
        |                     |  Latency (cycles) | Iteration|  Initiation Interval  | Trip |          |
        |      Loop Name      |   min   |   max   |  Latency |  achieved |   target  | Count| Pipelined|
        +---------------------+---------+---------+----------+-----------+-----------+------+----------+
        |- VITIS_LOOP_111_1   |        ?|        ?|         ?|          -|          -|     4|        no|
        | + VITIS_LOOP_121_3  |        ?|        ?|         1|          -|          -|     ?|        no|
        +---------------------+---------+---------+----------+-----------+-----------+------+----------+



================================================================
== Utilization Estimates
================================================================
* Summary: 
+---------------------+---------+------+---------+---------+-----+
|         Name        | BRAM_18K|  DSP |    FF   |   LUT   | URAM|
+---------------------+---------+------+---------+---------+-----+
|DSP                  |        -|     -|        -|        -|    -|
|Expression           |        -|     -|        0|      180|    -|
|FIFO                 |        -|     -|        -|        -|    -|
|Instance             |        -|     3|      265|      279|    -|
|Memory               |        -|     -|        -|        -|    -|
|Multiplexer          |        -|     -|        -|      260|    -|
|Register             |        -|     -|      359|        -|    -|
+---------------------+---------+------+---------+---------+-----+
|Total                |        0|     3|      624|      719|    0|
+---------------------+---------+------+---------+---------+-----+
|Available SLR        |     1344|  3008|   869120|   434560|  320|
+---------------------+---------+------+---------+---------+-----+
|Utilization SLR (%)  |        0|    ~0|       ~0|       ~0|    0|
+---------------------+---------+------+---------+---------+-----+
|Available            |     4032|  9024|  2607360|  1303680|  960|
+---------------------+---------+------+---------+---------+-----+
|Utilization (%)      |        0|    ~0|       ~0|       ~0|    0|
+---------------------+---------+------+---------+---------+-----+

+ Detail: 
    * Instance: 
    +------------------------------------------+-------------------------------+---------+----+-----+-----+-----+
    |                 Instance                 |             Module            | BRAM_18K| DSP|  FF | LUT | URAM|
    +------------------------------------------+-------------------------------+---------+----+-----+-----+-----+
    |grp_dfm_Pipeline_VITIS_LOOP_114_2_fu_203  |dfm_Pipeline_VITIS_LOOP_114_2  |        0|   0|  100|  130|    0|
    |mul_32s_30ns_32_2_1_U73                   |mul_32s_30ns_32_2_1            |        0|   3|  165|   49|    0|
    |mux_42_1_1_1_U71                          |mux_42_1_1_1                   |        0|   0|    0|   20|    0|
    |mux_42_32_1_1_U72                         |mux_42_32_1_1                  |        0|   0|    0|   20|    0|
    |mux_42_32_1_1_U74                         |mux_42_32_1_1                  |        0|   0|    0|   20|    0|
    |mux_42_32_1_1_U75                         |mux_42_32_1_1                  |        0|   0|    0|   20|    0|
    |mux_42_32_1_1_U76                         |mux_42_32_1_1                  |        0|   0|    0|   20|    0|
    +------------------------------------------+-------------------------------+---------+----+-----+-----+-----+
    |Total                                     |                               |        0|   3|  265|  279|    0|
    +------------------------------------------+-------------------------------+---------+----+-----+-----+-----+

    * DSP: 
    N/A

    * Memory: 
    N/A

    * FIFO: 
    N/A

    * Expression: 
    +----------------------------------+----------+----+---+----+------------+------------+
    |           Variable Name          | Operation| DSP| FF| LUT| Bitwidth P0| Bitwidth P1|
    +----------------------------------+----------+----+---+----+------------+------------+
    |add_ln111_fu_252_p2               |         +|   0|  0|  10|           3|           1|
    |add_ln114_fu_343_p2               |         +|   0|  0|  71|          64|          64|
    |add_ln119_fu_384_p2               |         +|   0|  0|  39|          32|          32|
    |add_ln121_fu_402_p2               |         +|   0|  0|   9|           2|           1|
    |ap_block_state13_on_subcall_done  |       and|   0|  0|   2|           1|           1|
    |ap_condition_309                  |       and|   0|  0|   2|           1|           1|
    |ap_condition_313                  |       and|   0|  0|   2|           1|           1|
    |icmp_ln111_fu_246_p2              |      icmp|   0|  0|   9|           3|           4|
    |icmp_ln121_1_fu_397_p2            |      icmp|   0|  0|   8|           2|           2|
    |icmp_ln121_fu_291_p2              |      icmp|   0|  0|   8|           3|           1|
    |icmp_ln122_fu_418_p2              |      icmp|   0|  0|  20|          32|          32|
    +----------------------------------+----------+----+---+----+------------+------------+
    |Total                             |          |   0|  0| 180|         144|         140|
    +----------------------------------+----------+----+---+----+------------+------------+

    * Multiplexer: 
    +--------------------------------+----+-----------+-----+-----------+
    |              Name              | LUT| Input Size| Bits| Total Bits|
    +--------------------------------+----+-----------+-----+-----------+
    |Dlen_0_fu_110                   |   9|          2|   32|         64|
    |ap_NS_fsm                       |  65|         15|    1|         15|
    |gmem3_blk_n_AR                  |   9|          2|    1|          2|
    |i_fu_102                        |   9|          2|    3|          6|
    |j_reg_192                       |   9|          2|    2|          4|
    |m_axi_gmem3_ARADDR              |  14|          3|   64|        192|
    |m_axi_gmem3_ARBURST             |   9|          2|    2|          4|
    |m_axi_gmem3_ARCACHE             |   9|          2|    4|          8|
    |m_axi_gmem3_ARID                |   9|          2|    1|          2|
    |m_axi_gmem3_ARLEN               |  14|          3|   32|         96|
    |m_axi_gmem3_ARLOCK              |   9|          2|    2|          4|
    |m_axi_gmem3_ARPROT              |   9|          2|    3|          6|
    |m_axi_gmem3_ARQOS               |   9|          2|    4|          8|
    |m_axi_gmem3_ARREGION            |   9|          2|    4|          8|
    |m_axi_gmem3_ARSIZE              |   9|          2|    3|          6|
    |m_axi_gmem3_ARUSER              |   9|          2|    1|          2|
    |m_axi_gmem3_ARVALID             |  14|          3|    1|          3|
    |m_axi_gmem3_RREADY              |   9|          2|    1|          2|
    |tile_to_dbuf_begin7_0_fu_122    |   9|          2|   32|         64|
    |tile_to_dbuf_begin810_0_fu_118  |   9|          2|   32|         64|
    |tile_to_dbuf_begin9_0_fu_114    |   9|          2|   32|         64|
    +--------------------------------+----+-----------+-----+-----------+
    |Total                           | 260|         58|  257|        624|
    +--------------------------------+----+-----------+-----+-----------+

    * Register: 
    +-------------------------------------------------------+----+----+-----+-----------+
    |                          Name                         | FF | LUT| Bits| Const Bits|
    +-------------------------------------------------------+----+----+-----+-----------+
    |Dlen_0_fu_110                                          |  32|   0|   32|          0|
    |K_cast_reg_550                                         |  30|   0|   32|          2|
    |add_ln111_reg_563                                      |   3|   0|    3|          0|
    |ap_CS_fsm                                              |  14|   0|   14|          0|
    |grp_dfm_Pipeline_VITIS_LOOP_114_2_fu_203_ap_start_reg  |   1|   0|    1|          0|
    |i_fu_102                                               |   3|   0|    3|          0|
    |icmp_ln121_reg_587                                     |   1|   0|    1|          0|
    |j_reg_192                                              |   2|   0|    2|          0|
    |mul_reg_596                                            |  32|   0|   32|          0|
    |tile_to_dbuf_begin7_0_fu_122                           |  32|   0|   32|          0|
    |tile_to_dbuf_begin810_0_fu_118                         |  32|   0|   32|          0|
    |tile_to_dbuf_begin9_0_fu_114                           |  32|   0|   32|          0|
    |tile_to_dbuf_begin_0_fu_106                            |  32|   0|   32|          0|
    |tmp_4_reg_591                                          |  32|   0|   32|          0|
    |tmp_reg_578                                            |   1|   0|    1|          0|
    |trunc_ln111_reg_568                                    |  16|   0|   16|          0|
    |trunc_ln112_reg_573                                    |   2|   0|    2|          0|
    |trunc_ln7_reg_601                                      |  62|   0|   62|          0|
    +-------------------------------------------------------+----+----+-----+-----------+
    |Total                                                  | 359|   0|  361|          2|
    +-------------------------------------------------------+----+----+-----+-----------+



================================================================
== Interface
================================================================
* Summary: 
+----------------------+-----+-----+------------+--------------+--------------+
|       RTL Ports      | Dir | Bits|  Protocol  | Source Object|    C Type    |
+----------------------+-----+-----+------------+--------------+--------------+
|ap_clk                |   in|    1|  ap_ctrl_hs|           dfm|  return value|
|ap_rst                |   in|    1|  ap_ctrl_hs|           dfm|  return value|
|ap_start              |   in|    1|  ap_ctrl_hs|           dfm|  return value|
|ap_done               |  out|    1|  ap_ctrl_hs|           dfm|  return value|
|ap_idle               |  out|    1|  ap_ctrl_hs|           dfm|  return value|
|ap_ready              |  out|    1|  ap_ctrl_hs|           dfm|  return value|
|ap_return_0           |  out|   32|  ap_ctrl_hs|           dfm|  return value|
|ap_return_1           |  out|   32|  ap_ctrl_hs|           dfm|  return value|
|ap_return_2           |  out|   32|  ap_ctrl_hs|           dfm|  return value|
|ap_return_3           |  out|   32|  ap_ctrl_hs|           dfm|  return value|
|p_read                |   in|   32|     ap_none|        p_read|        scalar|
|p_read1               |   in|   32|     ap_none|       p_read1|        scalar|
|p_read2               |   in|   32|     ap_none|       p_read2|        scalar|
|p_read3               |   in|   32|     ap_none|       p_read3|        scalar|
|p_read4               |   in|    1|     ap_none|       p_read4|        scalar|
|p_read5               |   in|    1|     ap_none|       p_read5|        scalar|
|p_read6               |   in|    1|     ap_none|       p_read6|        scalar|
|p_read7               |   in|    1|     ap_none|       p_read7|        scalar|
|Dbuf_address1         |  out|   16|   ap_memory|          Dbuf|         array|
|Dbuf_ce1              |  out|    1|   ap_memory|          Dbuf|         array|
|Dbuf_we1              |  out|    1|   ap_memory|          Dbuf|         array|
|Dbuf_d1               |  out|   32|   ap_memory|          Dbuf|         array|
|m_axi_gmem3_AWVALID   |  out|    1|       m_axi|         gmem3|       pointer|
|m_axi_gmem3_AWREADY   |   in|    1|       m_axi|         gmem3|       pointer|
|m_axi_gmem3_AWADDR    |  out|   64|       m_axi|         gmem3|       pointer|
|m_axi_gmem3_AWID      |  out|    1|       m_axi|         gmem3|       pointer|
|m_axi_gmem3_AWLEN     |  out|   32|       m_axi|         gmem3|       pointer|
|m_axi_gmem3_AWSIZE    |  out|    3|       m_axi|         gmem3|       pointer|
|m_axi_gmem3_AWBURST   |  out|    2|       m_axi|         gmem3|       pointer|
|m_axi_gmem3_AWLOCK    |  out|    2|       m_axi|         gmem3|       pointer|
|m_axi_gmem3_AWCACHE   |  out|    4|       m_axi|         gmem3|       pointer|
|m_axi_gmem3_AWPROT    |  out|    3|       m_axi|         gmem3|       pointer|
|m_axi_gmem3_AWQOS     |  out|    4|       m_axi|         gmem3|       pointer|
|m_axi_gmem3_AWREGION  |  out|    4|       m_axi|         gmem3|       pointer|
|m_axi_gmem3_AWUSER    |  out|    1|       m_axi|         gmem3|       pointer|
|m_axi_gmem3_WVALID    |  out|    1|       m_axi|         gmem3|       pointer|
|m_axi_gmem3_WREADY    |   in|    1|       m_axi|         gmem3|       pointer|
|m_axi_gmem3_WDATA     |  out|   32|       m_axi|         gmem3|       pointer|
|m_axi_gmem3_WSTRB     |  out|    4|       m_axi|         gmem3|       pointer|
|m_axi_gmem3_WLAST     |  out|    1|       m_axi|         gmem3|       pointer|
|m_axi_gmem3_WID       |  out|    1|       m_axi|         gmem3|       pointer|
|m_axi_gmem3_WUSER     |  out|    1|       m_axi|         gmem3|       pointer|
|m_axi_gmem3_ARVALID   |  out|    1|       m_axi|         gmem3|       pointer|
|m_axi_gmem3_ARREADY   |   in|    1|       m_axi|         gmem3|       pointer|
|m_axi_gmem3_ARADDR    |  out|   64|       m_axi|         gmem3|       pointer|
|m_axi_gmem3_ARID      |  out|    1|       m_axi|         gmem3|       pointer|
|m_axi_gmem3_ARLEN     |  out|   32|       m_axi|         gmem3|       pointer|
|m_axi_gmem3_ARSIZE    |  out|    3|       m_axi|         gmem3|       pointer|
|m_axi_gmem3_ARBURST   |  out|    2|       m_axi|         gmem3|       pointer|
|m_axi_gmem3_ARLOCK    |  out|    2|       m_axi|         gmem3|       pointer|
|m_axi_gmem3_ARCACHE   |  out|    4|       m_axi|         gmem3|       pointer|
|m_axi_gmem3_ARPROT    |  out|    3|       m_axi|         gmem3|       pointer|
|m_axi_gmem3_ARQOS     |  out|    4|       m_axi|         gmem3|       pointer|
|m_axi_gmem3_ARREGION  |  out|    4|       m_axi|         gmem3|       pointer|
|m_axi_gmem3_ARUSER    |  out|    1|       m_axi|         gmem3|       pointer|
|m_axi_gmem3_RVALID    |   in|    1|       m_axi|         gmem3|       pointer|
|m_axi_gmem3_RREADY    |  out|    1|       m_axi|         gmem3|       pointer|
|m_axi_gmem3_RDATA     |   in|   32|       m_axi|         gmem3|       pointer|
|m_axi_gmem3_RLAST     |   in|    1|       m_axi|         gmem3|       pointer|
|m_axi_gmem3_RID       |   in|    1|       m_axi|         gmem3|       pointer|
|m_axi_gmem3_RFIFONUM  |   in|    9|       m_axi|         gmem3|       pointer|
|m_axi_gmem3_RUSER     |   in|    1|       m_axi|         gmem3|       pointer|
|m_axi_gmem3_RRESP     |   in|    2|       m_axi|         gmem3|       pointer|
|m_axi_gmem3_BVALID    |   in|    1|       m_axi|         gmem3|       pointer|
|m_axi_gmem3_BREADY    |  out|    1|       m_axi|         gmem3|       pointer|
|m_axi_gmem3_BRESP     |   in|    2|       m_axi|         gmem3|       pointer|
|m_axi_gmem3_BID       |   in|    1|       m_axi|         gmem3|       pointer|
|m_axi_gmem3_BUSER     |   in|    1|       m_axi|         gmem3|       pointer|
|B                     |   in|   64|     ap_none|             B|        scalar|
|K                     |   in|   30|     ap_none|             K|        scalar|
+----------------------+-----+-----+------------+--------------+--------------+

