

================================================================
== Vitis HLS Report for 'load_dense_accoding_A_Pipeline_VITIS_LOOP_62_4'
================================================================
* Date:           Thu Sep 11 18:20:12 2025

* Version:        2022.2 (Build 3670227 on Oct 13 2022)
* Project:        spmm_prj
* Solution:       sol1 (Vivado IP Flow Target)
* Product family: virtexuplus
* Target device:  xcu280-fsvh2892-2L-e


================================================================
== Performance Estimates
================================================================
+ Timing: 
    * Summary: 
    +--------+---------+----------+------------+
    |  Clock |  Target | Estimated| Uncertainty|
    +--------+---------+----------+------------+
    |ap_clk  |  4.00 ns|  2.920 ns|     1.08 ns|
    +--------+---------+----------+------------+

+ Latency: 
    * Summary: 
    +---------+---------+----------+----------+-----+-----+---------+
    |  Latency (cycles) |  Latency (absolute) |  Interval | Pipeline|
    |   min   |   max   |    min   |    max   | min | max |   Type  |
    +---------+---------+----------+----------+-----+-----+---------+
    |        ?|        ?|         ?|         ?|    ?|    ?|       no|
    +---------+---------+----------+----------+-----+-----+---------+

    + Detail: 
        * Instance: 
        N/A

        * Loop: 
        +-------------------+---------+---------+----------+-----------+-----------+------+----------+
        |                   |  Latency (cycles) | Iteration|  Initiation Interval  | Trip |          |
        |     Loop Name     |   min   |   max   |  Latency |  achieved |   target  | Count| Pipelined|
        +-------------------+---------+---------+----------+-----------+-----------+------+----------+
        |- VITIS_LOOP_62_4  |        ?|        ?|         7|          1|          1|     ?|       yes|
        +-------------------+---------+---------+----------+-----------+-----------+------+----------+



================================================================
== Utilization Estimates
================================================================
* Summary: 
+---------------------+---------+------+---------+---------+-----+
|         Name        | BRAM_18K|  DSP |    FF   |   LUT   | URAM|
+---------------------+---------+------+---------+---------+-----+
|DSP                  |        -|     -|        -|        -|    -|
|Expression           |        -|     -|        0|      101|    -|
|FIFO                 |        -|     -|        -|        -|    -|
|Instance             |        -|     -|        -|        -|    -|
|Memory               |        -|     -|        -|        -|    -|
|Multiplexer          |        -|     -|        -|       45|    -|
|Register             |        -|     -|      257|       64|    -|
+---------------------+---------+------+---------+---------+-----+
|Total                |        0|     0|      257|      210|    0|
+---------------------+---------+------+---------+---------+-----+
|Available SLR        |     1344|  3008|   869120|   434560|  320|
+---------------------+---------+------+---------+---------+-----+
|Utilization SLR (%)  |        0|     0|       ~0|       ~0|    0|
+---------------------+---------+------+---------+---------+-----+
|Available            |     4032|  9024|  2607360|  1303680|  960|
+---------------------+---------+------+---------+---------+-----+
|Utilization (%)      |        0|     0|       ~0|       ~0|    0|
+---------------------+---------+------+---------+---------+-----+

+ Detail: 
    * Instance: 
    +-------------------------------+---------------------------+---------+----+---+----+-----+
    |            Instance           |           Module          | BRAM_18K| DSP| FF| LUT| URAM|
    +-------------------------------+---------------------------+---------+----+---+----+-----+
    |uitofp_32ns_32_4_no_dsp_1_U76  |uitofp_32ns_32_4_no_dsp_1  |        0|   0|  0|   0|    0|
    +-------------------------------+---------------------------+---------+----+---+----+-----+
    |Total                          |                           |        0|   0|  0|   0|    0|
    +-------------------------------+---------------------------+---------+----+---+----+-----+

    * DSP: 
    N/A

    * Memory: 
    N/A

    * FIFO: 
    N/A

    * Expression: 
    +----------------------------------+----------+----+---+----+------------+------------+
    |           Variable Name          | Operation| DSP| FF| LUT| Bitwidth P0| Bitwidth P1|
    +----------------------------------+----------+----+---+----+------------+------------+
    |add_ln62_fu_248_p2                |         +|   0|  0|  38|          31|           1|
    |add_ln64_1_fu_278_p2              |         +|   0|  0|  10|           3|           3|
    |add_ln64_fu_262_p2                |         +|   0|  0|  27|          20|          20|
    |ap_block_pp0_stage0_11001         |       and|   0|  0|   2|           1|           1|
    |ap_block_state2_pp0_stage0_iter1  |       and|   0|  0|   2|           1|           1|
    |icmp_ln62_fu_242_p2               |      icmp|   0|  0|  20|          32|          32|
    |ap_enable_pp0                     |       xor|   0|  0|   2|           1|           2|
    +----------------------------------+----------+----+---+----+------------+------------+
    |Total                             |          |   0|  0| 101|          89|          60|
    +----------------------------------+----------+----+---+----+------------+------------+

    * Multiplexer: 
    +-------------------------+----+-----------+-----+-----------+
    |           Name          | LUT| Input Size| Bits| Total Bits|
    +-------------------------+----+-----------+-----+-----------+
    |ap_done_int              |   9|          2|    1|          2|
    |ap_enable_reg_pp0_iter2  |   9|          2|    1|          2|
    |ap_sig_allocacmp_j_1     |   9|          2|   31|         62|
    |gmem1_blk_n_R            |   9|          2|    1|          2|
    |j_fu_86                  |   9|          2|   31|         62|
    +-------------------------+----+-----------+-----+-----------+
    |Total                    |  45|         10|   65|        130|
    +-------------------------+----+-----------+-----+-----------+

    * Register: 
    +----------------------------------+----+----+-----+-----------+
    |               Name               | FF | LUT| Bits| Const Bits|
    +----------------------------------+----+----+-----+-----------+
    |add_ln64_1_reg_327                |   3|   0|    3|          0|
    |ap_CS_fsm                         |   1|   0|    1|          0|
    |ap_done_reg                       |   1|   0|    1|          0|
    |ap_enable_reg_pp0_iter1           |   1|   0|    1|          0|
    |ap_enable_reg_pp0_iter2           |   1|   0|    1|          0|
    |ap_enable_reg_pp0_iter3           |   1|   0|    1|          0|
    |ap_enable_reg_pp0_iter4           |   1|   0|    1|          0|
    |ap_enable_reg_pp0_iter5           |   1|   0|    1|          0|
    |ap_enable_reg_pp0_iter6           |   1|   0|    1|          0|
    |ap_loop_exit_ready_pp0_iter1_reg  |   1|   0|    1|          0|
    |ap_loop_exit_ready_pp0_iter2_reg  |   1|   0|    1|          0|
    |ap_loop_exit_ready_pp0_iter3_reg  |   1|   0|    1|          0|
    |ap_loop_exit_ready_pp0_iter4_reg  |   1|   0|    1|          0|
    |ap_loop_exit_ready_pp0_iter5_reg  |   1|   0|    1|          0|
    |conv_reg_336                      |  32|   0|   32|          0|
    |gmem1_addr_read_reg_331           |  32|   0|   32|          0|
    |icmp_ln62_reg_318                 |   1|   0|    1|          0|
    |j_fu_86                           |  31|   0|   31|          0|
    |lshr_ln_reg_322                   |  17|   0|   17|          0|
    |add_ln64_1_reg_327                |  64|  32|    3|          0|
    |lshr_ln_reg_322                   |  64|  32|   17|          0|
    +----------------------------------+----+----+-----+-----------+
    |Total                             | 257|  64|  149|          0|
    +----------------------------------+----+----+-----+-----------+



================================================================
== Interface
================================================================
* Summary: 
+----------------------+-----+-----+------------+------------------------------------------------+--------------+
|       RTL Ports      | Dir | Bits|  Protocol  |                  Source Object                 |    C Type    |
+----------------------+-----+-----+------------+------------------------------------------------+--------------+
|ap_clk                |   in|    1|  ap_ctrl_hs|  load_dense_accoding_A_Pipeline_VITIS_LOOP_62_4|  return value|
|ap_rst                |   in|    1|  ap_ctrl_hs|  load_dense_accoding_A_Pipeline_VITIS_LOOP_62_4|  return value|
|ap_start              |   in|    1|  ap_ctrl_hs|  load_dense_accoding_A_Pipeline_VITIS_LOOP_62_4|  return value|
|ap_done               |  out|    1|  ap_ctrl_hs|  load_dense_accoding_A_Pipeline_VITIS_LOOP_62_4|  return value|
|ap_idle               |  out|    1|  ap_ctrl_hs|  load_dense_accoding_A_Pipeline_VITIS_LOOP_62_4|  return value|
|ap_ready              |  out|    1|  ap_ctrl_hs|  load_dense_accoding_A_Pipeline_VITIS_LOOP_62_4|  return value|
|m_axi_gmem1_AWVALID   |  out|    1|       m_axi|                                           gmem1|       pointer|
|m_axi_gmem1_AWREADY   |   in|    1|       m_axi|                                           gmem1|       pointer|
|m_axi_gmem1_AWADDR    |  out|   64|       m_axi|                                           gmem1|       pointer|
|m_axi_gmem1_AWID      |  out|    1|       m_axi|                                           gmem1|       pointer|
|m_axi_gmem1_AWLEN     |  out|   32|       m_axi|                                           gmem1|       pointer|
|m_axi_gmem1_AWSIZE    |  out|    3|       m_axi|                                           gmem1|       pointer|
|m_axi_gmem1_AWBURST   |  out|    2|       m_axi|                                           gmem1|       pointer|
|m_axi_gmem1_AWLOCK    |  out|    2|       m_axi|                                           gmem1|       pointer|
|m_axi_gmem1_AWCACHE   |  out|    4|       m_axi|                                           gmem1|       pointer|
|m_axi_gmem1_AWPROT    |  out|    3|       m_axi|                                           gmem1|       pointer|
|m_axi_gmem1_AWQOS     |  out|    4|       m_axi|                                           gmem1|       pointer|
|m_axi_gmem1_AWREGION  |  out|    4|       m_axi|                                           gmem1|       pointer|
|m_axi_gmem1_AWUSER    |  out|    1|       m_axi|                                           gmem1|       pointer|
|m_axi_gmem1_WVALID    |  out|    1|       m_axi|                                           gmem1|       pointer|
|m_axi_gmem1_WREADY    |   in|    1|       m_axi|                                           gmem1|       pointer|
|m_axi_gmem1_WDATA     |  out|   32|       m_axi|                                           gmem1|       pointer|
|m_axi_gmem1_WSTRB     |  out|    4|       m_axi|                                           gmem1|       pointer|
|m_axi_gmem1_WLAST     |  out|    1|       m_axi|                                           gmem1|       pointer|
|m_axi_gmem1_WID       |  out|    1|       m_axi|                                           gmem1|       pointer|
|m_axi_gmem1_WUSER     |  out|    1|       m_axi|                                           gmem1|       pointer|
|m_axi_gmem1_ARVALID   |  out|    1|       m_axi|                                           gmem1|       pointer|
|m_axi_gmem1_ARREADY   |   in|    1|       m_axi|                                           gmem1|       pointer|
|m_axi_gmem1_ARADDR    |  out|   64|       m_axi|                                           gmem1|       pointer|
|m_axi_gmem1_ARID      |  out|    1|       m_axi|                                           gmem1|       pointer|
|m_axi_gmem1_ARLEN     |  out|   32|       m_axi|                                           gmem1|       pointer|
|m_axi_gmem1_ARSIZE    |  out|    3|       m_axi|                                           gmem1|       pointer|
|m_axi_gmem1_ARBURST   |  out|    2|       m_axi|                                           gmem1|       pointer|
|m_axi_gmem1_ARLOCK    |  out|    2|       m_axi|                                           gmem1|       pointer|
|m_axi_gmem1_ARCACHE   |  out|    4|       m_axi|                                           gmem1|       pointer|
|m_axi_gmem1_ARPROT    |  out|    3|       m_axi|                                           gmem1|       pointer|
|m_axi_gmem1_ARQOS     |  out|    4|       m_axi|                                           gmem1|       pointer|
|m_axi_gmem1_ARREGION  |  out|    4|       m_axi|                                           gmem1|       pointer|
|m_axi_gmem1_ARUSER    |  out|    1|       m_axi|                                           gmem1|       pointer|
|m_axi_gmem1_RVALID    |   in|    1|       m_axi|                                           gmem1|       pointer|
|m_axi_gmem1_RREADY    |  out|    1|       m_axi|                                           gmem1|       pointer|
|m_axi_gmem1_RDATA     |   in|   32|       m_axi|                                           gmem1|       pointer|
|m_axi_gmem1_RLAST     |   in|    1|       m_axi|                                           gmem1|       pointer|
|m_axi_gmem1_RID       |   in|    1|       m_axi|                                           gmem1|       pointer|
|m_axi_gmem1_RFIFONUM  |   in|    9|       m_axi|                                           gmem1|       pointer|
|m_axi_gmem1_RUSER     |   in|    1|       m_axi|                                           gmem1|       pointer|
|m_axi_gmem1_RRESP     |   in|    2|       m_axi|                                           gmem1|       pointer|
|m_axi_gmem1_BVALID    |   in|    1|       m_axi|                                           gmem1|       pointer|
|m_axi_gmem1_BREADY    |  out|    1|       m_axi|                                           gmem1|       pointer|
|m_axi_gmem1_BRESP     |   in|    2|       m_axi|                                           gmem1|       pointer|
|m_axi_gmem1_BID       |   in|    1|       m_axi|                                           gmem1|       pointer|
|m_axi_gmem1_BUSER     |   in|    1|       m_axi|                                           gmem1|       pointer|
|sext_ln62             |   in|   62|     ap_none|                                       sext_ln62|        scalar|
|K                     |   in|   32|     ap_none|                                               K|        scalar|
|dense_ptr_7_address0  |  out|   17|   ap_memory|                                     dense_ptr_7|         array|
|dense_ptr_7_ce0       |  out|    1|   ap_memory|                                     dense_ptr_7|         array|
|dense_ptr_7_we0       |  out|    1|   ap_memory|                                     dense_ptr_7|         array|
|dense_ptr_7_d0        |  out|   32|   ap_memory|                                     dense_ptr_7|         array|
|dense_ptr_6_address0  |  out|   17|   ap_memory|                                     dense_ptr_6|         array|
|dense_ptr_6_ce0       |  out|    1|   ap_memory|                                     dense_ptr_6|         array|
|dense_ptr_6_we0       |  out|    1|   ap_memory|                                     dense_ptr_6|         array|
|dense_ptr_6_d0        |  out|   32|   ap_memory|                                     dense_ptr_6|         array|
|dense_ptr_5_address0  |  out|   17|   ap_memory|                                     dense_ptr_5|         array|
|dense_ptr_5_ce0       |  out|    1|   ap_memory|                                     dense_ptr_5|         array|
|dense_ptr_5_we0       |  out|    1|   ap_memory|                                     dense_ptr_5|         array|
|dense_ptr_5_d0        |  out|   32|   ap_memory|                                     dense_ptr_5|         array|
|dense_ptr_4_address0  |  out|   17|   ap_memory|                                     dense_ptr_4|         array|
|dense_ptr_4_ce0       |  out|    1|   ap_memory|                                     dense_ptr_4|         array|
|dense_ptr_4_we0       |  out|    1|   ap_memory|                                     dense_ptr_4|         array|
|dense_ptr_4_d0        |  out|   32|   ap_memory|                                     dense_ptr_4|         array|
|dense_ptr_3_address0  |  out|   17|   ap_memory|                                     dense_ptr_3|         array|
|dense_ptr_3_ce0       |  out|    1|   ap_memory|                                     dense_ptr_3|         array|
|dense_ptr_3_we0       |  out|    1|   ap_memory|                                     dense_ptr_3|         array|
|dense_ptr_3_d0        |  out|   32|   ap_memory|                                     dense_ptr_3|         array|
|dense_ptr_2_address0  |  out|   17|   ap_memory|                                     dense_ptr_2|         array|
|dense_ptr_2_ce0       |  out|    1|   ap_memory|                                     dense_ptr_2|         array|
|dense_ptr_2_we0       |  out|    1|   ap_memory|                                     dense_ptr_2|         array|
|dense_ptr_2_d0        |  out|   32|   ap_memory|                                     dense_ptr_2|         array|
|dense_ptr_1_address0  |  out|   17|   ap_memory|                                     dense_ptr_1|         array|
|dense_ptr_1_ce0       |  out|    1|   ap_memory|                                     dense_ptr_1|         array|
|dense_ptr_1_we0       |  out|    1|   ap_memory|                                     dense_ptr_1|         array|
|dense_ptr_1_d0        |  out|   32|   ap_memory|                                     dense_ptr_1|         array|
|dense_ptr_0_address0  |  out|   17|   ap_memory|                                     dense_ptr_0|         array|
|dense_ptr_0_ce0       |  out|    1|   ap_memory|                                     dense_ptr_0|         array|
|dense_ptr_0_we0       |  out|    1|   ap_memory|                                     dense_ptr_0|         array|
|dense_ptr_0_d0        |  out|   32|   ap_memory|                                     dense_ptr_0|         array|
|trunc_ln62_1          |   in|   20|     ap_none|                                    trunc_ln62_1|        scalar|
|trunc_ln8             |   in|    3|     ap_none|                                       trunc_ln8|        scalar|
+----------------------+-----+-----+------------+------------------------------------------------+--------------+

