

================================================================
== Vitis HLS Report for 'load_dense_accoding_A'
================================================================
* Date:           Mon Sep 15 18:59:10 2025

* Version:        2022.2 (Build 3670227 on Oct 13 2022)
* Project:        spmm_prj
* Solution:       sol1 (Vivado IP Flow Target)
* Product family: virtexuplus
* Target device:  xcu280-fsvh2892-2L-e


================================================================
== Performance Estimates
================================================================
+ Timing: 
    * Summary: 
    +--------+---------+----------+------------+
    |  Clock |  Target | Estimated| Uncertainty|
    +--------+---------+----------+------------+
    |ap_clk  |  4.00 ns|  2.920 ns|     1.08 ns|
    +--------+---------+----------+------------+

+ Latency: 
    * Summary: 
    +---------+---------+----------+----------+-----+-----+---------+
    |  Latency (cycles) |  Latency (absolute) |  Interval | Pipeline|
    |   min   |   max   |    min   |    max   | min | max |   Type  |
    +---------+---------+----------+----------+-----+-----+---------+
    |        ?|        ?|         ?|         ?|    ?|    ?|       no|
    +---------+---------+----------+----------+-----+-----+---------+

    + Detail: 
        * Instance: 
        +-----------------------------------------------------------+------------------------------------------------+---------+---------+-----------+-----------+-----+-----+---------+
        |                                                           |                                                |  Latency (cycles) |   Latency (absolute)  |  Interval | Pipeline|
        |                          Instance                         |                     Module                     |   min   |   max   |    min    |    max    | min | max |   Type  |
        +-----------------------------------------------------------+------------------------------------------------+---------+---------+-----------+-----------+-----+-----+---------+
        |grp_load_dense_accoding_A_Pipeline_VITIS_LOOP_49_1_fu_399  |load_dense_accoding_A_Pipeline_VITIS_LOOP_49_1  |       18|       18|  72.000 ns|  72.000 ns|   18|   18|       no|
        |grp_load_dense_accoding_A_Pipeline_VITIS_LOOP_56_3_fu_437  |load_dense_accoding_A_Pipeline_VITIS_LOOP_56_3  |        ?|        ?|          ?|          ?|    ?|    ?|       no|
        |grp_load_dense_accoding_A_Pipeline_VITIS_LOOP_64_4_fu_443  |load_dense_accoding_A_Pipeline_VITIS_LOOP_64_4  |        ?|        ?|          ?|          ?|    ?|    ?|       no|
        +-----------------------------------------------------------+------------------------------------------------+---------+---------+-----------+-----------+-----+-----+---------+

        * Loop: 
        +-------------------+---------+---------+----------+-----------+-----------+------+----------+
        |                   |  Latency (cycles) | Iteration|  Initiation Interval  | Trip |          |
        |     Loop Name     |   min   |   max   |  Latency |  achieved |   target  | Count| Pipelined|
        +-------------------+---------+---------+----------+-----------+-----------+------+----------+
        |- VITIS_LOOP_53_2  |        ?|        ?|         ?|          -|          -|     ?|        no|
        +-------------------+---------+---------+----------+-----------+-----------+------+----------+



================================================================
== Utilization Estimates
================================================================
* Summary: 
+---------------------+---------+------+---------+---------+-----+
|         Name        | BRAM_18K|  DSP |    FF   |   LUT   | URAM|
+---------------------+---------+------+---------+---------+-----+
|DSP                  |        -|     -|        -|        -|    -|
|Expression           |        -|     -|        0|      245|    -|
|FIFO                 |        -|     -|        -|        -|    -|
|Instance             |        -|     6|      629|      675|    -|
|Memory               |        -|     -|        -|        -|    -|
|Multiplexer          |        -|     -|        -|      582|    -|
|Register             |        -|     -|      448|        -|    -|
+---------------------+---------+------+---------+---------+-----+
|Total                |        0|     6|     1077|     1502|    0|
+---------------------+---------+------+---------+---------+-----+
|Available SLR        |     1344|  3008|   869120|   434560|  320|
+---------------------+---------+------+---------+---------+-----+
|Utilization SLR (%)  |        0|    ~0|       ~0|       ~0|    0|
+---------------------+---------+------+---------+---------+-----+
|Available            |     4032|  9024|  2607360|  1303680|  960|
+---------------------+---------+------+---------+---------+-----+
|Utilization (%)      |        0|    ~0|       ~0|       ~0|    0|
+---------------------+---------+------+---------+---------+-----+

+ Detail: 
    * Instance: 
    +-----------------------------------------------------------+------------------------------------------------+---------+----+-----+-----+-----+
    |                          Instance                         |                     Module                     | BRAM_18K| DSP|  FF | LUT | URAM|
    +-----------------------------------------------------------+------------------------------------------------+---------+----+-----+-----+-----+
    |grp_load_dense_accoding_A_Pipeline_VITIS_LOOP_49_1_fu_399  |load_dense_accoding_A_Pipeline_VITIS_LOOP_49_1  |        0|   0|    7|   63|    0|
    |grp_load_dense_accoding_A_Pipeline_VITIS_LOOP_56_3_fu_437  |load_dense_accoding_A_Pipeline_VITIS_LOOP_56_3  |        0|   0|   35|  109|    0|
    |grp_load_dense_accoding_A_Pipeline_VITIS_LOOP_64_4_fu_443  |load_dense_accoding_A_Pipeline_VITIS_LOOP_64_4  |        0|   0|  257|  210|    0|
    |mul_32ns_31ns_62_2_1_U95                                   |mul_32ns_31ns_62_2_1                            |        0|   3|  165|   49|    0|
    |mul_32s_32s_32_2_1_U96                                     |mul_32s_32s_32_2_1                              |        0|   3|  165|   49|    0|
    |mux_164_31_1_1_U92                                         |mux_164_31_1_1                                  |        0|   0|    0|   65|    0|
    |mux_164_32_1_1_U93                                         |mux_164_32_1_1                                  |        0|   0|    0|   65|    0|
    |mux_164_32_1_1_U94                                         |mux_164_32_1_1                                  |        0|   0|    0|   65|    0|
    +-----------------------------------------------------------+------------------------------------------------+---------+----+-----+-----+-----+
    |Total                                                      |                                                |        0|   6|  629|  675|    0|
    +-----------------------------------------------------------+------------------------------------------------+---------+----+-----+-----+-----+

    * DSP: 
    N/A

    * Memory: 
    N/A

    * FIFO: 
    N/A

    * Expression: 
    +------------------------------------+----------+----+---+----+------------+------------+
    |            Variable Name           | Operation| DSP| FF| LUT| Bitwidth P0| Bitwidth P1|
    +------------------------------------+----------+----+---+----+------------+------------+
    |add_ln64_fu_724_p2                  |         +|   0|  0|  71|          64|          64|
    |i_4_fu_761_p2                       |         +|   0|  0|  39|          32|           1|
    |ap_block_state19_on_subcall_done    |       and|   0|  0|   2|           1|           1|
    |cmp285_fu_484_p2                    |      icmp|   0|  0|  20|          32|           1|
    |cmp_i_fu_638_p2                     |      icmp|   0|  0|  19|          31|          31|
    |icmp_ln53_fu_604_p2                 |      icmp|   0|  0|  18|          28|           1|
    |icmp_ln56_fu_632_p2                 |      icmp|   0|  0|  20|          32|           1|
    |icmp_ln63_fu_703_p2                 |      icmp|   0|  0|  20|          32|          32|
    |empty_39_fu_578_p3                  |    select|   0|  0|  31|           1|          31|
    |map_buf_3_load_cast_cast_fu_502_p3  |    select|   0|  0|   2|           1|           2|
    |map_buf_7_load_cast_cast_fu_526_p3  |    select|   0|  0|   3|           1|           3|
    +------------------------------------+----------+----+---+----+------------+------------+
    |Total                               |          |   0|  0| 245|         255|         168|
    +------------------------------------+----------+----+---+----+------------+------------+

    * Multiplexer: 
    +---------------------------+----+-----------+-----+-----------+
    |            Name           | LUT| Input Size| Bits| Total Bits|
    +---------------------------+----+-----------+-----+-----------+
    |ap_NS_fsm                  |  97|         20|    1|         20|
    |ap_sig_allocacmp_i_1_load  |   9|          2|   32|         64|
    |gmem1_blk_n_AR             |   9|          2|    1|          2|
    |grp_load_fu_469_p1         |  14|          3|   32|         96|
    |i_1_fu_174                 |  14|          3|   32|         96|
    |m_axi_gmem1_ARADDR         |  14|          3|   64|        192|
    |m_axi_gmem1_ARBURST        |   9|          2|    2|          4|
    |m_axi_gmem1_ARCACHE        |   9|          2|    4|          8|
    |m_axi_gmem1_ARID           |   9|          2|    1|          2|
    |m_axi_gmem1_ARLEN          |  14|          3|   32|         96|
    |m_axi_gmem1_ARLOCK         |   9|          2|    2|          4|
    |m_axi_gmem1_ARPROT         |   9|          2|    3|          6|
    |m_axi_gmem1_ARQOS          |   9|          2|    4|          8|
    |m_axi_gmem1_ARREGION       |   9|          2|    4|          8|
    |m_axi_gmem1_ARSIZE         |   9|          2|    3|          6|
    |m_axi_gmem1_ARUSER         |   9|          2|    1|          2|
    |m_axi_gmem1_ARVALID        |  14|          3|    1|          3|
    |m_axi_gmem1_RREADY         |   9|          2|    1|          2|
    |map_buf_0_loc_2_fu_178     |   9|          2|   32|         64|
    |map_buf_0_o                |  14|          3|   32|         96|
    |map_buf_0_o_ap_vld         |  14|          3|    1|          3|
    |map_buf_10_o               |   9|          2|    4|          8|
    |map_buf_10_o_ap_vld        |   9|          2|    1|          2|
    |map_buf_11_o               |   9|          2|    4|          8|
    |map_buf_11_o_ap_vld        |   9|          2|    1|          2|
    |map_buf_12_o               |   9|          2|    3|          6|
    |map_buf_12_o_ap_vld        |   9|          2|    1|          2|
    |map_buf_13_o               |   9|          2|    3|          6|
    |map_buf_13_o_ap_vld        |   9|          2|    1|          2|
    |map_buf_14_o               |   9|          2|    2|          4|
    |map_buf_14_o_ap_vld        |   9|          2|    1|          2|
    |map_buf_15_o               |   9|          2|    4|          8|
    |map_buf_15_o_ap_vld        |   9|          2|    1|          2|
    |map_buf_1_o                |   9|          2|    1|          2|
    |map_buf_1_o_ap_vld         |   9|          2|    1|          2|
    |map_buf_2_o                |   9|          2|    2|          4|
    |map_buf_2_o_ap_vld         |   9|          2|    1|          2|
    |map_buf_3_o                |   9|          2|    1|          2|
    |map_buf_3_o_ap_vld         |   9|          2|    1|          2|
    |map_buf_4_o                |   9|          2|    3|          6|
    |map_buf_4_o_ap_vld         |   9|          2|    1|          2|
    |map_buf_5_o                |   9|          2|    3|          6|
    |map_buf_5_o_ap_vld         |   9|          2|    1|          2|
    |map_buf_6_o                |   9|          2|    2|          4|
    |map_buf_6_o_ap_vld         |   9|          2|    1|          2|
    |map_buf_7_o                |   9|          2|    1|          2|
    |map_buf_7_o_ap_vld         |   9|          2|    1|          2|
    |map_buf_8_o                |   9|          2|    4|          8|
    |map_buf_8_o_ap_vld         |   9|          2|    1|          2|
    |map_buf_9_o                |   9|          2|    4|          8|
    |map_buf_9_o_ap_vld         |   9|          2|    1|          2|
    +---------------------------+----+-----------+-----+-----------+
    |Total                      | 582|        127|  341|        894|
    +---------------------------+----+-----------+-----+-----------+

    * Register: 
    +------------------------------------------------------------------------+----+----+-----+-----------+
    |                                  Name                                  | FF | LUT| Bits| Const Bits|
    +------------------------------------------------------------------------+----+----+-----+-----------+
    |ap_CS_fsm                                                               |  19|   0|   19|          0|
    |cmp_i_reg_1001                                                          |   1|   0|    1|          0|
    |grp_load_dense_accoding_A_Pipeline_VITIS_LOOP_49_1_fu_399_ap_start_reg  |   1|   0|    1|          0|
    |grp_load_dense_accoding_A_Pipeline_VITIS_LOOP_56_3_fu_437_ap_start_reg  |   1|   0|    1|          0|
    |grp_load_dense_accoding_A_Pipeline_VITIS_LOOP_64_4_fu_443_ap_start_reg  |   1|   0|    1|          0|
    |i_1_fu_174                                                              |  32|   0|   32|          0|
    |i_1_load_reg_1010                                                       |  32|   0|   32|          0|
    |icmp_ln56_reg_997                                                       |   1|   0|    1|          0|
    |icmp_ln63_reg_1016                                                      |   1|   0|    1|          0|
    |map_buf_0_loc_2_fu_178                                                  |  32|   0|   32|          0|
    |map_buf_0_read_reg_786                                                  |  32|   0|   32|          0|
    |map_buf_10_load_cast_reg_942                                            |   4|   0|   32|         28|
    |map_buf_11_load_cast_reg_948                                            |   4|   0|   32|         28|
    |map_buf_12_load_cast_cast_cast_reg_954                                  |   4|   0|   32|         28|
    |map_buf_13_load_cast_cast_cast_reg_960                                  |   4|   0|   32|         28|
    |map_buf_14_load_cast_cast_cast_reg_966                                  |   4|   0|   32|         28|
    |map_buf_1_load_cast_reg_888                                             |   1|   0|   32|         31|
    |map_buf_2_load_cast_reg_894                                             |   2|   0|   32|         30|
    |map_buf_3_load_cast_cast_reg_900                                        |   2|   0|   32|         30|
    |map_buf_4_load_cast_reg_906                                             |   3|   0|   32|         29|
    |map_buf_5_load_cast_reg_912                                             |   3|   0|   32|         29|
    |map_buf_6_load_cast_cast_reg_918                                        |   3|   0|   32|         29|
    |map_buf_7_load_cast_cast_reg_924                                        |   3|   0|   32|         29|
    |map_buf_8_load_cast_reg_930                                             |   4|   0|   32|         28|
    |map_buf_9_load_cast_reg_936                                             |   4|   0|   32|         28|
    |mul_ln64_reg_1025                                                       |  62|   0|   62|          0|
    |targetBlock_reg_1006                                                    |   1|   0|    1|          0|
    |trunc_ln53_reg_983                                                      |   4|   0|    4|          0|
    |trunc_ln64_reg_1041                                                     |  20|   0|   20|          0|
    |trunc_ln66_reg_1046                                                     |   3|   0|    3|          0|
    |trunc_ln7_reg_1030                                                      |  62|   0|   62|          0|
    |x_col_V_reg_992                                                         |  31|   0|   31|          0|
    |zext_ln53_1_reg_978                                                     |  31|   0|   32|          1|
    |zext_ln53_reg_972                                                       |   4|   0|   32|         28|
    |zext_ln64_reg_883                                                       |  32|   0|   62|         30|
    +------------------------------------------------------------------------+----+----+-----+-----------+
    |Total                                                                   | 448|   0|  910|        462|
    +------------------------------------------------------------------------+----+----+-----+-----------+



================================================================
== Interface
================================================================
* Summary: 
+----------------------+-----+-----+------------+-----------------------+--------------+
|       RTL Ports      | Dir | Bits|  Protocol  |     Source Object     |    C Type    |
+----------------------+-----+-----+------------+-----------------------+--------------+
|ap_clk                |   in|    1|  ap_ctrl_hs|  load_dense_accoding_A|  return value|
|ap_rst                |   in|    1|  ap_ctrl_hs|  load_dense_accoding_A|  return value|
|ap_start              |   in|    1|  ap_ctrl_hs|  load_dense_accoding_A|  return value|
|ap_done               |  out|    1|  ap_ctrl_hs|  load_dense_accoding_A|  return value|
|ap_idle               |  out|    1|  ap_ctrl_hs|  load_dense_accoding_A|  return value|
|ap_ready              |  out|    1|  ap_ctrl_hs|  load_dense_accoding_A|  return value|
|p_read                |   in|   31|     ap_none|                 p_read|        scalar|
|p_read1               |   in|   31|     ap_none|                p_read1|        scalar|
|p_read2               |   in|   31|     ap_none|                p_read2|        scalar|
|p_read3               |   in|   31|     ap_none|                p_read3|        scalar|
|p_read4               |   in|   31|     ap_none|                p_read4|        scalar|
|p_read5               |   in|   31|     ap_none|                p_read5|        scalar|
|p_read6               |   in|   31|     ap_none|                p_read6|        scalar|
|p_read7               |   in|   31|     ap_none|                p_read7|        scalar|
|p_read8               |   in|   31|     ap_none|                p_read8|        scalar|
|p_read9               |   in|   31|     ap_none|                p_read9|        scalar|
|p_read10              |   in|   31|     ap_none|               p_read10|        scalar|
|p_read11              |   in|   31|     ap_none|               p_read11|        scalar|
|p_read12              |   in|   31|     ap_none|               p_read12|        scalar|
|p_read13              |   in|   31|     ap_none|               p_read13|        scalar|
|p_read14              |   in|   31|     ap_none|               p_read14|        scalar|
|p_read15              |   in|   31|     ap_none|               p_read15|        scalar|
|dense_ptr_0_address1  |  out|   17|   ap_memory|            dense_ptr_0|         array|
|dense_ptr_0_ce1       |  out|    1|   ap_memory|            dense_ptr_0|         array|
|dense_ptr_0_we1       |  out|    1|   ap_memory|            dense_ptr_0|         array|
|dense_ptr_0_d1        |  out|   32|   ap_memory|            dense_ptr_0|         array|
|dense_ptr_1_address1  |  out|   17|   ap_memory|            dense_ptr_1|         array|
|dense_ptr_1_ce1       |  out|    1|   ap_memory|            dense_ptr_1|         array|
|dense_ptr_1_we1       |  out|    1|   ap_memory|            dense_ptr_1|         array|
|dense_ptr_1_d1        |  out|   32|   ap_memory|            dense_ptr_1|         array|
|dense_ptr_2_address1  |  out|   17|   ap_memory|            dense_ptr_2|         array|
|dense_ptr_2_ce1       |  out|    1|   ap_memory|            dense_ptr_2|         array|
|dense_ptr_2_we1       |  out|    1|   ap_memory|            dense_ptr_2|         array|
|dense_ptr_2_d1        |  out|   32|   ap_memory|            dense_ptr_2|         array|
|dense_ptr_3_address1  |  out|   17|   ap_memory|            dense_ptr_3|         array|
|dense_ptr_3_ce1       |  out|    1|   ap_memory|            dense_ptr_3|         array|
|dense_ptr_3_we1       |  out|    1|   ap_memory|            dense_ptr_3|         array|
|dense_ptr_3_d1        |  out|   32|   ap_memory|            dense_ptr_3|         array|
|dense_ptr_4_address1  |  out|   17|   ap_memory|            dense_ptr_4|         array|
|dense_ptr_4_ce1       |  out|    1|   ap_memory|            dense_ptr_4|         array|
|dense_ptr_4_we1       |  out|    1|   ap_memory|            dense_ptr_4|         array|
|dense_ptr_4_d1        |  out|   32|   ap_memory|            dense_ptr_4|         array|
|dense_ptr_5_address1  |  out|   17|   ap_memory|            dense_ptr_5|         array|
|dense_ptr_5_ce1       |  out|    1|   ap_memory|            dense_ptr_5|         array|
|dense_ptr_5_we1       |  out|    1|   ap_memory|            dense_ptr_5|         array|
|dense_ptr_5_d1        |  out|   32|   ap_memory|            dense_ptr_5|         array|
|dense_ptr_6_address1  |  out|   17|   ap_memory|            dense_ptr_6|         array|
|dense_ptr_6_ce1       |  out|    1|   ap_memory|            dense_ptr_6|         array|
|dense_ptr_6_we1       |  out|    1|   ap_memory|            dense_ptr_6|         array|
|dense_ptr_6_d1        |  out|   32|   ap_memory|            dense_ptr_6|         array|
|dense_ptr_7_address1  |  out|   17|   ap_memory|            dense_ptr_7|         array|
|dense_ptr_7_ce1       |  out|    1|   ap_memory|            dense_ptr_7|         array|
|dense_ptr_7_we1       |  out|    1|   ap_memory|            dense_ptr_7|         array|
|dense_ptr_7_d1        |  out|   32|   ap_memory|            dense_ptr_7|         array|
|map_buf_0_i           |   in|   32|     ap_ovld|              map_buf_0|       pointer|
|map_buf_0_o           |  out|   32|     ap_ovld|              map_buf_0|       pointer|
|map_buf_0_o_ap_vld    |  out|    1|     ap_ovld|              map_buf_0|       pointer|
|map_buf_1_i           |   in|    1|     ap_ovld|              map_buf_1|       pointer|
|map_buf_1_o           |  out|    1|     ap_ovld|              map_buf_1|       pointer|
|map_buf_1_o_ap_vld    |  out|    1|     ap_ovld|              map_buf_1|       pointer|
|map_buf_2_i           |   in|    2|     ap_ovld|              map_buf_2|       pointer|
|map_buf_2_o           |  out|    2|     ap_ovld|              map_buf_2|       pointer|
|map_buf_2_o_ap_vld    |  out|    1|     ap_ovld|              map_buf_2|       pointer|
|map_buf_3_i           |   in|    1|     ap_ovld|              map_buf_3|       pointer|
|map_buf_3_o           |  out|    1|     ap_ovld|              map_buf_3|       pointer|
|map_buf_3_o_ap_vld    |  out|    1|     ap_ovld|              map_buf_3|       pointer|
|map_buf_4_i           |   in|    3|     ap_ovld|              map_buf_4|       pointer|
|map_buf_4_o           |  out|    3|     ap_ovld|              map_buf_4|       pointer|
|map_buf_4_o_ap_vld    |  out|    1|     ap_ovld|              map_buf_4|       pointer|
|map_buf_5_i           |   in|    3|     ap_ovld|              map_buf_5|       pointer|
|map_buf_5_o           |  out|    3|     ap_ovld|              map_buf_5|       pointer|
|map_buf_5_o_ap_vld    |  out|    1|     ap_ovld|              map_buf_5|       pointer|
|map_buf_6_i           |   in|    2|     ap_ovld|              map_buf_6|       pointer|
|map_buf_6_o           |  out|    2|     ap_ovld|              map_buf_6|       pointer|
|map_buf_6_o_ap_vld    |  out|    1|     ap_ovld|              map_buf_6|       pointer|
|map_buf_7_i           |   in|    1|     ap_ovld|              map_buf_7|       pointer|
|map_buf_7_o           |  out|    1|     ap_ovld|              map_buf_7|       pointer|
|map_buf_7_o_ap_vld    |  out|    1|     ap_ovld|              map_buf_7|       pointer|
|map_buf_8_i           |   in|    4|     ap_ovld|              map_buf_8|       pointer|
|map_buf_8_o           |  out|    4|     ap_ovld|              map_buf_8|       pointer|
|map_buf_8_o_ap_vld    |  out|    1|     ap_ovld|              map_buf_8|       pointer|
|map_buf_9_i           |   in|    4|     ap_ovld|              map_buf_9|       pointer|
|map_buf_9_o           |  out|    4|     ap_ovld|              map_buf_9|       pointer|
|map_buf_9_o_ap_vld    |  out|    1|     ap_ovld|              map_buf_9|       pointer|
|map_buf_10_i          |   in|    4|     ap_ovld|             map_buf_10|       pointer|
|map_buf_10_o          |  out|    4|     ap_ovld|             map_buf_10|       pointer|
|map_buf_10_o_ap_vld   |  out|    1|     ap_ovld|             map_buf_10|       pointer|
|map_buf_11_i          |   in|    4|     ap_ovld|             map_buf_11|       pointer|
|map_buf_11_o          |  out|    4|     ap_ovld|             map_buf_11|       pointer|
|map_buf_11_o_ap_vld   |  out|    1|     ap_ovld|             map_buf_11|       pointer|
|map_buf_12_i          |   in|    3|     ap_ovld|             map_buf_12|       pointer|
|map_buf_12_o          |  out|    3|     ap_ovld|             map_buf_12|       pointer|
|map_buf_12_o_ap_vld   |  out|    1|     ap_ovld|             map_buf_12|       pointer|
|map_buf_13_i          |   in|    3|     ap_ovld|             map_buf_13|       pointer|
|map_buf_13_o          |  out|    3|     ap_ovld|             map_buf_13|       pointer|
|map_buf_13_o_ap_vld   |  out|    1|     ap_ovld|             map_buf_13|       pointer|
|map_buf_14_i          |   in|    2|     ap_ovld|             map_buf_14|       pointer|
|map_buf_14_o          |  out|    2|     ap_ovld|             map_buf_14|       pointer|
|map_buf_14_o_ap_vld   |  out|    1|     ap_ovld|             map_buf_14|       pointer|
|map_buf_15_i          |   in|    4|     ap_ovld|             map_buf_15|       pointer|
|map_buf_15_o          |  out|    4|     ap_ovld|             map_buf_15|       pointer|
|map_buf_15_o_ap_vld   |  out|    1|     ap_ovld|             map_buf_15|       pointer|
|m_axi_gmem1_AWVALID   |  out|    1|       m_axi|                  gmem1|       pointer|
|m_axi_gmem1_AWREADY   |   in|    1|       m_axi|                  gmem1|       pointer|
|m_axi_gmem1_AWADDR    |  out|   64|       m_axi|                  gmem1|       pointer|
|m_axi_gmem1_AWID      |  out|    1|       m_axi|                  gmem1|       pointer|
|m_axi_gmem1_AWLEN     |  out|   32|       m_axi|                  gmem1|       pointer|
|m_axi_gmem1_AWSIZE    |  out|    3|       m_axi|                  gmem1|       pointer|
|m_axi_gmem1_AWBURST   |  out|    2|       m_axi|                  gmem1|       pointer|
|m_axi_gmem1_AWLOCK    |  out|    2|       m_axi|                  gmem1|       pointer|
|m_axi_gmem1_AWCACHE   |  out|    4|       m_axi|                  gmem1|       pointer|
|m_axi_gmem1_AWPROT    |  out|    3|       m_axi|                  gmem1|       pointer|
|m_axi_gmem1_AWQOS     |  out|    4|       m_axi|                  gmem1|       pointer|
|m_axi_gmem1_AWREGION  |  out|    4|       m_axi|                  gmem1|       pointer|
|m_axi_gmem1_AWUSER    |  out|    1|       m_axi|                  gmem1|       pointer|
|m_axi_gmem1_WVALID    |  out|    1|       m_axi|                  gmem1|       pointer|
|m_axi_gmem1_WREADY    |   in|    1|       m_axi|                  gmem1|       pointer|
|m_axi_gmem1_WDATA     |  out|   32|       m_axi|                  gmem1|       pointer|
|m_axi_gmem1_WSTRB     |  out|    4|       m_axi|                  gmem1|       pointer|
|m_axi_gmem1_WLAST     |  out|    1|       m_axi|                  gmem1|       pointer|
|m_axi_gmem1_WID       |  out|    1|       m_axi|                  gmem1|       pointer|
|m_axi_gmem1_WUSER     |  out|    1|       m_axi|                  gmem1|       pointer|
|m_axi_gmem1_ARVALID   |  out|    1|       m_axi|                  gmem1|       pointer|
|m_axi_gmem1_ARREADY   |   in|    1|       m_axi|                  gmem1|       pointer|
|m_axi_gmem1_ARADDR    |  out|   64|       m_axi|                  gmem1|       pointer|
|m_axi_gmem1_ARID      |  out|    1|       m_axi|                  gmem1|       pointer|
|m_axi_gmem1_ARLEN     |  out|   32|       m_axi|                  gmem1|       pointer|
|m_axi_gmem1_ARSIZE    |  out|    3|       m_axi|                  gmem1|       pointer|
|m_axi_gmem1_ARBURST   |  out|    2|       m_axi|                  gmem1|       pointer|
|m_axi_gmem1_ARLOCK    |  out|    2|       m_axi|                  gmem1|       pointer|
|m_axi_gmem1_ARCACHE   |  out|    4|       m_axi|                  gmem1|       pointer|
|m_axi_gmem1_ARPROT    |  out|    3|       m_axi|                  gmem1|       pointer|
|m_axi_gmem1_ARQOS     |  out|    4|       m_axi|                  gmem1|       pointer|
|m_axi_gmem1_ARREGION  |  out|    4|       m_axi|                  gmem1|       pointer|
|m_axi_gmem1_ARUSER    |  out|    1|       m_axi|                  gmem1|       pointer|
|m_axi_gmem1_RVALID    |   in|    1|       m_axi|                  gmem1|       pointer|
|m_axi_gmem1_RREADY    |  out|    1|       m_axi|                  gmem1|       pointer|
|m_axi_gmem1_RDATA     |   in|   32|       m_axi|                  gmem1|       pointer|
|m_axi_gmem1_RLAST     |   in|    1|       m_axi|                  gmem1|       pointer|
|m_axi_gmem1_RID       |   in|    1|       m_axi|                  gmem1|       pointer|
|m_axi_gmem1_RFIFONUM  |   in|    9|       m_axi|                  gmem1|       pointer|
|m_axi_gmem1_RUSER     |   in|    1|       m_axi|                  gmem1|       pointer|
|m_axi_gmem1_RRESP     |   in|    2|       m_axi|                  gmem1|       pointer|
|m_axi_gmem1_BVALID    |   in|    1|       m_axi|                  gmem1|       pointer|
|m_axi_gmem1_BREADY    |  out|    1|       m_axi|                  gmem1|       pointer|
|m_axi_gmem1_BRESP     |   in|    2|       m_axi|                  gmem1|       pointer|
|m_axi_gmem1_BID       |   in|    1|       m_axi|                  gmem1|       pointer|
|m_axi_gmem1_BUSER     |   in|    1|       m_axi|                  gmem1|       pointer|
|B                     |   in|   64|     ap_none|                      B|        scalar|
|K                     |   in|   32|     ap_none|                      K|        scalar|
+----------------------+-----+-----+------------+-----------------------+--------------+

