

================================================================
== Vitis HLS Report for 'load_A'
================================================================
* Date:           Tue Sep  9 18:13:39 2025

* Version:        2022.2 (Build 3670227 on Oct 13 2022)
* Project:        spmm_prj
* Solution:       sol1 (Vivado IP Flow Target)
* Product family: virtexuplus
* Target device:  xcu280-fsvh2892-2L-e


================================================================
== Performance Estimates
================================================================
+ Timing: 
    * Summary: 
    +--------+---------+----------+------------+
    |  Clock |  Target | Estimated| Uncertainty|
    +--------+---------+----------+------------+
    |ap_clk  |  4.00 ns|  2.920 ns|     1.08 ns|
    +--------+---------+----------+------------+

+ Latency: 
    * Summary: 
    +---------+---------+----------+----------+-----+-----+---------+
    |  Latency (cycles) |  Latency (absolute) |  Interval | Pipeline|
    |   min   |   max   |    min   |    max   | min | max |   Type  |
    +---------+---------+----------+----------+-----+-----+---------+
    |        ?|        ?|         ?|         ?|    ?|    ?|       no|
    +---------+---------+----------+----------+-----+-----+---------+

    + Detail: 
        * Instance: 
        +-------------------------------------------+---------------------------------+---------+---------+----------+----------+-----+-----+---------+
        |                                           |                                 |  Latency (cycles) |  Latency (absolute) |  Interval | Pipeline|
        |                  Instance                 |              Module             |   min   |   max   |    min   |    max   | min | max |   Type  |
        +-------------------------------------------+---------------------------------+---------+---------+----------+----------+-----+-----+---------+
        |grp_load_A_Pipeline_VITIS_LOOP_18_1_fu_62  |load_A_Pipeline_VITIS_LOOP_18_1  |        ?|        ?|         ?|         ?|    ?|    ?|       no|
        +-------------------------------------------+---------------------------------+---------+---------+----------+----------+-----+-----+---------+

        * Loop: 
        N/A



================================================================
== Utilization Estimates
================================================================
* Summary: 
+---------------------+---------+------+---------+---------+-----+
|         Name        | BRAM_18K|  DSP |    FF   |   LUT   | URAM|
+---------------------+---------+------+---------+---------+-----+
|DSP                  |        -|     -|        -|        -|    -|
|Expression           |        -|     -|        0|       51|    -|
|FIFO                 |        -|     -|        -|        -|    -|
|Instance             |        -|     -|      101|      118|    -|
|Memory               |        -|     -|        -|        -|    -|
|Multiplexer          |        -|     -|        -|      209|    -|
|Register             |        -|     -|      103|        -|    -|
+---------------------+---------+------+---------+---------+-----+
|Total                |        0|     0|      204|      378|    0|
+---------------------+---------+------+---------+---------+-----+
|Available SLR        |     1344|  3008|   869120|   434560|  320|
+---------------------+---------+------+---------+---------+-----+
|Utilization SLR (%)  |        0|     0|       ~0|       ~0|    0|
+---------------------+---------+------+---------+---------+-----+
|Available            |     4032|  9024|  2607360|  1303680|  960|
+---------------------+---------+------+---------+---------+-----+
|Utilization (%)      |        0|     0|       ~0|       ~0|    0|
+---------------------+---------+------+---------+---------+-----+

+ Detail: 
    * Instance: 
    +-------------------------------------------+---------------------------------+---------+----+-----+-----+-----+
    |                  Instance                 |              Module             | BRAM_18K| DSP|  FF | LUT | URAM|
    +-------------------------------------------+---------------------------------+---------+----+-----+-----+-----+
    |grp_load_A_Pipeline_VITIS_LOOP_18_1_fu_62  |load_A_Pipeline_VITIS_LOOP_18_1  |        0|   0|  101|  118|    0|
    +-------------------------------------------+---------------------------------+---------+----+-----+-----+-----+
    |Total                                      |                                 |        0|   0|  101|  118|    0|
    +-------------------------------------------+---------------------------------+---------+----+-----+-----+-----+

    * DSP: 
    N/A

    * Memory: 
    N/A

    * FIFO: 
    N/A

    * Expression: 
    +--------------------+----------+----+---+----+------------+------------+
    |    Variable Name   | Operation| DSP| FF| LUT| Bitwidth P0| Bitwidth P1|
    +--------------------+----------+----+---+----+------------+------------+
    |icmp_ln18_fu_76_p2  |      icmp|   0|  0|  20|          32|           1|
    |empty_26_fu_82_p3   |    select|   0|  0|  31|           1|          31|
    +--------------------+----------+----+---+----+------------+------------+
    |Total               |          |   0|  0|  51|          33|          32|
    +--------------------+----------+----+---+----+------------+------------+

    * Multiplexer: 
    +----------------------+----+-----------+-----+-----------+
    |         Name         | LUT| Input Size| Bits| Total Bits|
    +----------------------+----+-----------+-----+-----------+
    |A_stream1_write       |   9|          2|    1|          2|
    |ap_NS_fsm             |  59|         11|    1|         11|
    |gmem0_blk_n_AR        |   9|          2|    1|          2|
    |m_axi_gmem0_ARADDR    |  14|          3|   64|        192|
    |m_axi_gmem0_ARBURST   |   9|          2|    2|          4|
    |m_axi_gmem0_ARCACHE   |   9|          2|    4|          8|
    |m_axi_gmem0_ARID      |   9|          2|    1|          2|
    |m_axi_gmem0_ARLEN     |  14|          3|   32|         96|
    |m_axi_gmem0_ARLOCK    |   9|          2|    2|          4|
    |m_axi_gmem0_ARPROT    |   9|          2|    3|          6|
    |m_axi_gmem0_ARQOS     |   9|          2|    4|          8|
    |m_axi_gmem0_ARREGION  |   9|          2|    4|          8|
    |m_axi_gmem0_ARSIZE    |   9|          2|    3|          6|
    |m_axi_gmem0_ARUSER    |   9|          2|    1|          2|
    |m_axi_gmem0_ARVALID   |  14|          3|    1|          3|
    |m_axi_gmem0_RREADY    |   9|          2|    1|          2|
    +----------------------+----+-----------+-----+-----------+
    |Total                 | 209|         44|  125|        356|
    +----------------------+----+-----------+-----+-----------+

    * Register: 
    +--------------------------------------------------------+----+----+-----+-----------+
    |                          Name                          | FF | LUT| Bits| Const Bits|
    +--------------------------------------------------------+----+----+-----+-----------+
    |ap_CS_fsm                                               |  10|   0|   10|          0|
    |empty_26_reg_120                                        |  31|   0|   31|          0|
    |grp_load_A_Pipeline_VITIS_LOOP_18_1_fu_62_ap_start_reg  |   1|   0|    1|          0|
    |trunc_ln_reg_125                                        |  61|   0|   61|          0|
    +--------------------------------------------------------+----+----+-----+-----------+
    |Total                                                   | 103|   0|  103|          0|
    +--------------------------------------------------------+----+----+-----+-----------+



================================================================
== Interface
================================================================
* Summary: 
+----------------------+-----+-----+------------+--------------+--------------+
|       RTL Ports      | Dir | Bits|  Protocol  | Source Object|    C Type    |
+----------------------+-----+-----+------------+--------------+--------------+
|ap_clk                |   in|    1|  ap_ctrl_hs|        load_A|  return value|
|ap_rst                |   in|    1|  ap_ctrl_hs|        load_A|  return value|
|ap_start              |   in|    1|  ap_ctrl_hs|        load_A|  return value|
|ap_done               |  out|    1|  ap_ctrl_hs|        load_A|  return value|
|ap_idle               |  out|    1|  ap_ctrl_hs|        load_A|  return value|
|ap_ready              |  out|    1|  ap_ctrl_hs|        load_A|  return value|
|m_axi_gmem0_AWVALID   |  out|    1|       m_axi|         gmem0|       pointer|
|m_axi_gmem0_AWREADY   |   in|    1|       m_axi|         gmem0|       pointer|
|m_axi_gmem0_AWADDR    |  out|   64|       m_axi|         gmem0|       pointer|
|m_axi_gmem0_AWID      |  out|    1|       m_axi|         gmem0|       pointer|
|m_axi_gmem0_AWLEN     |  out|   32|       m_axi|         gmem0|       pointer|
|m_axi_gmem0_AWSIZE    |  out|    3|       m_axi|         gmem0|       pointer|
|m_axi_gmem0_AWBURST   |  out|    2|       m_axi|         gmem0|       pointer|
|m_axi_gmem0_AWLOCK    |  out|    2|       m_axi|         gmem0|       pointer|
|m_axi_gmem0_AWCACHE   |  out|    4|       m_axi|         gmem0|       pointer|
|m_axi_gmem0_AWPROT    |  out|    3|       m_axi|         gmem0|       pointer|
|m_axi_gmem0_AWQOS     |  out|    4|       m_axi|         gmem0|       pointer|
|m_axi_gmem0_AWREGION  |  out|    4|       m_axi|         gmem0|       pointer|
|m_axi_gmem0_AWUSER    |  out|    1|       m_axi|         gmem0|       pointer|
|m_axi_gmem0_WVALID    |  out|    1|       m_axi|         gmem0|       pointer|
|m_axi_gmem0_WREADY    |   in|    1|       m_axi|         gmem0|       pointer|
|m_axi_gmem0_WDATA     |  out|   64|       m_axi|         gmem0|       pointer|
|m_axi_gmem0_WSTRB     |  out|    8|       m_axi|         gmem0|       pointer|
|m_axi_gmem0_WLAST     |  out|    1|       m_axi|         gmem0|       pointer|
|m_axi_gmem0_WID       |  out|    1|       m_axi|         gmem0|       pointer|
|m_axi_gmem0_WUSER     |  out|    1|       m_axi|         gmem0|       pointer|
|m_axi_gmem0_ARVALID   |  out|    1|       m_axi|         gmem0|       pointer|
|m_axi_gmem0_ARREADY   |   in|    1|       m_axi|         gmem0|       pointer|
|m_axi_gmem0_ARADDR    |  out|   64|       m_axi|         gmem0|       pointer|
|m_axi_gmem0_ARID      |  out|    1|       m_axi|         gmem0|       pointer|
|m_axi_gmem0_ARLEN     |  out|   32|       m_axi|         gmem0|       pointer|
|m_axi_gmem0_ARSIZE    |  out|    3|       m_axi|         gmem0|       pointer|
|m_axi_gmem0_ARBURST   |  out|    2|       m_axi|         gmem0|       pointer|
|m_axi_gmem0_ARLOCK    |  out|    2|       m_axi|         gmem0|       pointer|
|m_axi_gmem0_ARCACHE   |  out|    4|       m_axi|         gmem0|       pointer|
|m_axi_gmem0_ARPROT    |  out|    3|       m_axi|         gmem0|       pointer|
|m_axi_gmem0_ARQOS     |  out|    4|       m_axi|         gmem0|       pointer|
|m_axi_gmem0_ARREGION  |  out|    4|       m_axi|         gmem0|       pointer|
|m_axi_gmem0_ARUSER    |  out|    1|       m_axi|         gmem0|       pointer|
|m_axi_gmem0_RVALID    |   in|    1|       m_axi|         gmem0|       pointer|
|m_axi_gmem0_RREADY    |  out|    1|       m_axi|         gmem0|       pointer|
|m_axi_gmem0_RDATA     |   in|   64|       m_axi|         gmem0|       pointer|
|m_axi_gmem0_RLAST     |   in|    1|       m_axi|         gmem0|       pointer|
|m_axi_gmem0_RID       |   in|    1|       m_axi|         gmem0|       pointer|
|m_axi_gmem0_RFIFONUM  |   in|    9|       m_axi|         gmem0|       pointer|
|m_axi_gmem0_RUSER     |   in|    1|       m_axi|         gmem0|       pointer|
|m_axi_gmem0_RRESP     |   in|    2|       m_axi|         gmem0|       pointer|
|m_axi_gmem0_BVALID    |   in|    1|       m_axi|         gmem0|       pointer|
|m_axi_gmem0_BREADY    |  out|    1|       m_axi|         gmem0|       pointer|
|m_axi_gmem0_BRESP     |   in|    2|       m_axi|         gmem0|       pointer|
|m_axi_gmem0_BID       |   in|    1|       m_axi|         gmem0|       pointer|
|m_axi_gmem0_BUSER     |   in|    1|       m_axi|         gmem0|       pointer|
|A                     |   in|   64|     ap_none|             A|        scalar|
|nnz                   |   in|   32|     ap_none|           nnz|        scalar|
|A_stream1_din         |  out|   64|     ap_fifo|     A_stream1|       pointer|
|A_stream1_full_n      |   in|    1|     ap_fifo|     A_stream1|       pointer|
|A_stream1_write       |  out|    1|     ap_fifo|     A_stream1|       pointer|
+----------------------+-----+-----+------------+--------------+--------------+

