

================================================================
== Vitis HLS Report for 'pe'
================================================================
* Date:           Mon Sep 15 18:59:10 2025

* Version:        2022.2 (Build 3670227 on Oct 13 2022)
* Project:        spmm_prj
* Solution:       sol1 (Vivado IP Flow Target)
* Product family: virtexuplus
* Target device:  xcu280-fsvh2892-2L-e


================================================================
== Performance Estimates
================================================================
+ Timing: 
    * Summary: 
    +--------+---------+----------+------------+
    |  Clock |  Target | Estimated| Uncertainty|
    +--------+---------+----------+------------+
    |ap_clk  |  4.00 ns|  3.121 ns|     1.08 ns|
    +--------+---------+----------+------------+

+ Latency: 
    * Summary: 
    +---------+---------+----------+----------+-----+-----+---------+
    |  Latency (cycles) |  Latency (absolute) |  Interval | Pipeline|
    |   min   |   max   |    min   |    max   | min | max |   Type  |
    +---------+---------+----------+----------+-----+-----+---------+
    |        ?|        ?|         ?|         ?|    ?|    ?|       no|
    +---------+---------+----------+----------+-----+-----+---------+

    + Detail: 
        * Instance: 
        +------------------------+-------------+---------+---------+----------+----------+-----+-----+---------+
        |                        |             |  Latency (cycles) |  Latency (absolute) |  Interval | Pipeline|
        |        Instance        |    Module   |   min   |   max   |    min   |    max   | min | max |   Type  |
        +------------------------+-------------+---------+---------+----------+----------+-----+-----+---------+
        |grp_pe_kernel_0_fu_344  |pe_kernel_0  |        ?|        ?|         ?|         ?|    ?|    ?|       no|
        +------------------------+-------------+---------+---------+----------+----------+-----+-----+---------+

        * Loop: 
        N/A



================================================================
== Utilization Estimates
================================================================
* Summary: 
+---------------------+---------+------+---------+---------+-----+
|         Name        | BRAM_18K|  DSP |    FF   |   LUT   | URAM|
+---------------------+---------+------+---------+---------+-----+
|DSP                  |        -|     1|        -|        -|    -|
|Expression           |        -|     -|        0|      693|    -|
|FIFO                 |        -|     -|        -|        -|    -|
|Instance             |        -|     6|     2924|     1350|    -|
|Memory               |        -|     -|        -|        -|    -|
|Multiplexer          |        -|     -|        -|     1325|    -|
|Register             |        -|     -|     1958|        -|    -|
+---------------------+---------+------+---------+---------+-----+
|Total                |        0|     7|     4882|     3368|    0|
+---------------------+---------+------+---------+---------+-----+
|Available SLR        |     1344|  3008|   869120|   434560|  320|
+---------------------+---------+------+---------+---------+-----+
|Utilization SLR (%)  |        0|    ~0|       ~0|       ~0|    0|
+---------------------+---------+------+---------+---------+-----+
|Available            |     4032|  9024|  2607360|  1303680|  960|
+---------------------+---------+------+---------+---------+-----+
|Utilization (%)      |        0|    ~0|       ~0|       ~0|    0|
+---------------------+---------+------+---------+---------+-----+

+ Detail: 
    * Instance: 
    +-------------------------+--------------------+---------+----+-----+-----+-----+
    |         Instance        |       Module       | BRAM_18K| DSP|  FF | LUT | URAM|
    +-------------------------+--------------------+---------+----+-----+-----+-----+
    |mul_2ns_32s_32_2_1_U169  |mul_2ns_32s_32_2_1  |        0|   0|  165|   49|    0|
    |mul_3ns_32s_32_2_1_U170  |mul_3ns_32s_32_2_1  |        0|   0|  165|   49|    0|
    |mul_3ns_32s_32_2_1_U171  |mul_3ns_32s_32_2_1  |        0|   0|  165|   49|    0|
    |mul_3ns_32s_32_2_1_U172  |mul_3ns_32s_32_2_1  |        0|   0|  165|   49|    0|
    |mul_4ns_32s_32_2_1_U173  |mul_4ns_32s_32_2_1  |        0|   0|  165|   49|    0|
    |mul_4ns_32s_32_2_1_U174  |mul_4ns_32s_32_2_1  |        0|   0|  165|   49|    0|
    |mul_4ns_32s_32_2_1_U175  |mul_4ns_32s_32_2_1  |        0|   0|  165|   49|    0|
    |mul_4ns_32s_32_2_1_U176  |mul_4ns_32s_32_2_1  |        0|   0|  165|   49|    0|
    |mul_4ns_32s_32_2_1_U177  |mul_4ns_32s_32_2_1  |        0|   0|  165|   49|    0|
    |mul_4ns_32s_32_2_1_U178  |mul_4ns_32s_32_2_1  |        0|   0|  165|   49|    0|
    |mul_4ns_32s_32_2_1_U179  |mul_4ns_32s_32_2_1  |        0|   0|  165|   49|    0|
    |mul_4ns_32s_32_2_1_U180  |mul_4ns_32s_32_2_1  |        0|   0|  165|   49|    0|
    |grp_pe_kernel_0_fu_344   |pe_kernel_0         |        0|   3|  472|  381|    0|
    |grp_pe_kernel_0_fu_345   |pe_kernel_0         |        0|   3|  472|  381|    0|
    +-------------------------+--------------------+---------+----+-----+-----+-----+
    |Total                    |                    |        0|   6| 2924| 1350|    0|
    +-------------------------+--------------------+---------+----+-----+-----+-----+

    * DSP: 
    +-----------------------------+------------------------+-----------+
    |           Instance          |         Module         | Expression|
    +-----------------------------+------------------------+-----------+
    |mul_mul_16s_16s_16_4_1_U181  |mul_mul_16s_16s_16_4_1  |    i0 * i1|
    +-----------------------------+------------------------+-----------+

    * Memory: 
    N/A

    * FIFO: 
    N/A

    * Expression: 
    +--------------------------+----------+----+---+----+------------+------------+
    |       Variable Name      | Operation| DSP| FF| LUT| Bitwidth P0| Bitwidth P1|
    +--------------------------+----------+----+---+----+------------+------------+
    |add_ln119_10_fu_1079_p2   |         +|   0|  0|  23|          16|          16|
    |add_ln119_11_fu_1104_p2   |         +|   0|  0|  23|          16|          16|
    |add_ln119_12_fu_1133_p2   |         +|   0|  0|  23|          16|          16|
    |add_ln119_13_fu_1162_p2   |         +|   0|  0|  23|          16|          16|
    |add_ln119_14_fu_1191_p2   |         +|   0|  0|  23|          16|          16|
    |add_ln119_15_fu_1216_p2   |         +|   0|  0|  23|          16|          16|
    |add_ln119_1_fu_832_p2     |         +|   0|  0|  23|          16|          16|
    |add_ln119_2_fu_857_p2     |         +|   0|  0|  23|          16|          16|
    |add_ln119_3_fu_891_p2     |         +|   0|  0|  23|          16|          16|
    |add_ln119_4_fu_916_p2     |         +|   0|  0|  23|          16|          16|
    |add_ln119_5_fu_941_p2     |         +|   0|  0|  23|          16|          16|
    |add_ln119_6_fu_970_p2     |         +|   0|  0|  23|          16|          16|
    |add_ln119_7_fu_1004_p2    |         +|   0|  0|  23|          16|          16|
    |add_ln119_8_fu_1029_p2    |         +|   0|  0|  23|          16|          16|
    |add_ln119_9_fu_1054_p2    |         +|   0|  0|  23|          16|          16|
    |add_ln119_fu_799_p2       |         +|   0|  0|  23|          16|          16|
    |sub_fu_795_p2             |         -|   0|  0|  39|          32|          32|
    |sub_ln110_1_fu_771_p2     |         -|   0|  0|  39|           1|          32|
    |sub_ln110_fu_752_p2       |         -|   0|  0|  39|           1|          32|
    |sub_ln118_1_fu_983_p2     |         -|   0|  0|  39|          32|          32|
    |sub_ln118_fu_870_p2       |         -|   0|  0|  39|          32|          32|
    |and_ln118_fu_819_p2       |       and|   0|  0|  32|          32|          32|
    |half_fu_780_p3            |    select|   0|  0|  32|           1|          32|
    |select_ln118_1_fu_875_p3  |    select|   0|  0|  32|           1|          32|
    |select_ln118_2_fu_988_p3  |    select|   0|  0|  32|           1|          32|
    |select_ln118_fu_811_p3    |    select|   0|  0|   2|           1|           2|
    +--------------------------+----------+----+---+----+------------+------------+
    |Total                     |          |   0|  0| 693|         390|         546|
    +--------------------------+----------+----+---+----+------------+------------+

    * Multiplexer: 
    +-------------------------------+-----+-----------+-----+-----------+
    |              Name             | LUT | Input Size| Bits| Total Bits|
    +-------------------------------+-----+-----------+-----+-----------+
    |ap_NS_fsm                      |  305|         69|    1|         69|
    |dense_buf_0_address0           |   14|          3|   17|         51|
    |dense_buf_0_ce0                |   14|          3|    1|          3|
    |dense_buf_1_address0           |   14|          3|   17|         51|
    |dense_buf_1_ce0                |   14|          3|    1|          3|
    |dense_buf_2_address0           |   14|          3|   17|         51|
    |dense_buf_2_ce0                |   14|          3|    1|          3|
    |dense_buf_3_address0           |   14|          3|   17|         51|
    |dense_buf_3_ce0                |   14|          3|    1|          3|
    |dense_buf_4_address0           |   14|          3|   17|         51|
    |dense_buf_4_ce0                |   14|          3|    1|          3|
    |dense_buf_5_address0           |   14|          3|   17|         51|
    |dense_buf_5_ce0                |   14|          3|    1|          3|
    |dense_buf_6_address0           |   14|          3|   17|         51|
    |dense_buf_6_ce0                |   14|          3|    1|          3|
    |dense_buf_7_address0           |   14|          3|   17|         51|
    |dense_buf_7_ce0                |   14|          3|    1|          3|
    |grp_pe_kernel_0_fu_344_idx     |   14|          3|   64|        192|
    |grp_pe_kernel_0_fu_344_idx1    |   81|         17|   64|       1088|
    |grp_pe_kernel_0_fu_344_len     |   14|          3|   32|         96|
    |grp_pe_kernel_0_fu_344_p_read  |   65|         16|   32|        512|
    |grp_pe_kernel_0_fu_345_idx     |   14|          3|   64|        192|
    |grp_pe_kernel_0_fu_345_idx1    |   81|         17|   64|       1088|
    |grp_pe_kernel_0_fu_345_len     |   14|          3|   32|         96|
    |grp_pe_kernel_0_fu_345_p_read  |   65|         16|   32|        512|
    |out_buf_0_address1             |   14|          3|   13|         39|
    |out_buf_0_ce1                  |   14|          3|    1|          3|
    |out_buf_0_d1                   |   14|          3|   32|         96|
    |out_buf_0_we1                  |   14|          3|    1|          3|
    |out_buf_1_address1             |   14|          3|   13|         39|
    |out_buf_1_ce1                  |   14|          3|    1|          3|
    |out_buf_1_d1                   |   14|          3|   32|         96|
    |out_buf_1_we1                  |   14|          3|    1|          3|
    |out_buf_2_address1             |   14|          3|   13|         39|
    |out_buf_2_ce1                  |   14|          3|    1|          3|
    |out_buf_2_d1                   |   14|          3|   32|         96|
    |out_buf_2_we1                  |   14|          3|    1|          3|
    |out_buf_3_address1             |   14|          3|   13|         39|
    |out_buf_3_ce1                  |   14|          3|    1|          3|
    |out_buf_3_d1                   |   14|          3|   32|         96|
    |out_buf_3_we1                  |   14|          3|    1|          3|
    |out_buf_4_address1             |   14|          3|   13|         39|
    |out_buf_4_ce1                  |   14|          3|    1|          3|
    |out_buf_4_d1                   |   14|          3|   32|         96|
    |out_buf_4_we1                  |   14|          3|    1|          3|
    |out_buf_5_address1             |   14|          3|   13|         39|
    |out_buf_5_ce1                  |   14|          3|    1|          3|
    |out_buf_5_d1                   |   14|          3|   32|         96|
    |out_buf_5_we1                  |   14|          3|    1|          3|
    |out_buf_6_address1             |   14|          3|   13|         39|
    |out_buf_6_ce1                  |   14|          3|    1|          3|
    |out_buf_6_d1                   |   14|          3|   32|         96|
    |out_buf_6_we1                  |   14|          3|    1|          3|
    |out_buf_7_address1             |   14|          3|   13|         39|
    |out_buf_7_ce1                  |   14|          3|    1|          3|
    |out_buf_7_d1                   |   14|          3|   32|         96|
    |out_buf_7_we1                  |   14|          3|    1|          3|
    +-------------------------------+-----+-----------+-----+-----------+
    |Total                          | 1325|        291|  905|       5405|
    +-------------------------------+-----+-----------+-----+-----------+

    * Register: 
    +-------------------------------------+----+----+-----+-----------+
    |                 Name                | FF | LUT| Bits| Const Bits|
    +-------------------------------------+----+----+-----+-----------+
    |add_ln119_10_reg_1673                |  16|   0|   16|          0|
    |add_ln119_11_reg_1709                |  16|   0|   16|          0|
    |add_ln119_12_reg_1745                |  16|   0|   16|          0|
    |add_ln119_13_reg_1781                |  16|   0|   16|          0|
    |add_ln119_14_reg_1817                |  16|   0|   16|          0|
    |add_ln119_15_reg_1853                |  16|   0|   16|          0|
    |add_ln119_1_reg_1359                 |  16|   0|   16|          0|
    |add_ln119_2_reg_1395                 |  16|   0|   16|          0|
    |add_ln119_3_reg_1426                 |  16|   0|   16|          0|
    |add_ln119_4_reg_1462                 |  16|   0|   16|          0|
    |add_ln119_5_reg_1498                 |  16|   0|   16|          0|
    |add_ln119_6_reg_1534                 |  16|   0|   16|          0|
    |add_ln119_7_reg_1565                 |  16|   0|   16|          0|
    |add_ln119_8_reg_1601                 |  16|   0|   16|          0|
    |add_ln119_9_reg_1637                 |  16|   0|   16|          0|
    |add_ln119_reg_1323                   |  16|   0|   16|          0|
    |and_ln118_reg_1339                   |  32|   0|   32|          0|
    |ap_CS_fsm                            |  68|   0|   68|          0|
    |grp_pe_kernel_0_fu_344_ap_start_reg  |   1|   0|    1|          0|
    |grp_pe_kernel_0_fu_345_ap_start_reg  |   1|   0|    1|          0|
    |half_reg_1273                        |  32|   0|   32|          0|
    |idxprom8_reg_1328                    |  32|   0|   64|         32|
    |lshr_ln110_2_reg_1263                |  31|   0|   31|          0|
    |mul_ln118_10_reg_1760                |  32|   0|   32|          0|
    |mul_ln118_11_reg_1796                |  32|   0|   32|          0|
    |mul_ln118_12_reg_1832                |  32|   0|   32|          0|
    |mul_ln118_1_reg_1374                 |  32|   0|   32|          0|
    |mul_ln118_2_reg_1441                 |  32|   0|   32|          0|
    |mul_ln118_3_reg_1477                 |  32|   0|   32|          0|
    |mul_ln118_4_reg_1513                 |  32|   0|   32|          0|
    |mul_ln118_5_reg_1580                 |  32|   0|   32|          0|
    |mul_ln118_6_reg_1616                 |  32|   0|   32|          0|
    |mul_ln118_7_reg_1652                 |  32|   0|   32|          0|
    |mul_ln118_8_reg_1688                 |  32|   0|   32|          0|
    |mul_ln118_9_reg_1724                 |  32|   0|   32|          0|
    |mul_ln118_reg_1301                   |  16|   0|   16|          0|
    |sub_ln118_1_reg_1544                 |  32|   0|   32|          0|
    |sub_ln118_reg_1405                   |  32|   0|   32|          0|
    |sub_reg_1317                         |  32|   0|   32|          0|
    |tmp_reg_1258                         |   1|   0|    1|          0|
    |trunc_ln110_reg_1281                 |  16|   0|   16|          0|
    |trunc_ln118_10_reg_1657              |  16|   0|   16|          0|
    |trunc_ln118_11_reg_1693              |  16|   0|   16|          0|
    |trunc_ln118_12_reg_1729              |  16|   0|   16|          0|
    |trunc_ln118_13_reg_1765              |  16|   0|   16|          0|
    |trunc_ln118_14_reg_1801              |  16|   0|   16|          0|
    |trunc_ln118_15_reg_1837              |  16|   0|   16|          0|
    |trunc_ln118_1_reg_1344               |  16|   0|   16|          0|
    |trunc_ln118_2_reg_1379               |  16|   0|   16|          0|
    |trunc_ln118_3_reg_1416               |  16|   0|   16|          0|
    |trunc_ln118_4_reg_1446               |  16|   0|   16|          0|
    |trunc_ln118_5_reg_1482               |  16|   0|   16|          0|
    |trunc_ln118_6_reg_1518               |  16|   0|   16|          0|
    |trunc_ln118_7_reg_1555               |  16|   0|   16|          0|
    |trunc_ln118_8_reg_1585               |  16|   0|   16|          0|
    |trunc_ln118_9_reg_1621               |  16|   0|   16|          0|
    |zext_ln118_10_reg_1668               |  32|   0|   64|         32|
    |zext_ln118_11_reg_1704               |  32|   0|   64|         32|
    |zext_ln118_12_reg_1740               |  32|   0|   64|         32|
    |zext_ln118_13_reg_1776               |  32|   0|   64|         32|
    |zext_ln118_14_reg_1812               |  32|   0|   64|         32|
    |zext_ln118_15_reg_1848               |  32|   0|   64|         32|
    |zext_ln118_1_reg_1354                |  32|   0|   64|         32|
    |zext_ln118_2_reg_1390                |  32|   0|   64|         32|
    |zext_ln118_3_reg_1421                |  32|   0|   64|         32|
    |zext_ln118_4_reg_1457                |  32|   0|   64|         32|
    |zext_ln118_5_reg_1493                |  32|   0|   64|         32|
    |zext_ln118_6_reg_1529                |  32|   0|   64|         32|
    |zext_ln118_7_reg_1560                |  32|   0|   64|         32|
    |zext_ln118_8_reg_1596                |  32|   0|   64|         32|
    |zext_ln118_9_reg_1632                |  32|   0|   64|         32|
    |zext_ln118_reg_1312                  |  16|   0|   64|         48|
    |zext_ln119_10_reg_1683               |  16|   0|   64|         48|
    |zext_ln119_11_reg_1719               |  16|   0|   64|         48|
    |zext_ln119_12_reg_1755               |  16|   0|   64|         48|
    |zext_ln119_13_reg_1791               |  16|   0|   64|         48|
    |zext_ln119_14_reg_1827               |  16|   0|   64|         48|
    |zext_ln119_15_reg_1858               |  16|   0|   64|         48|
    |zext_ln119_1_reg_1369                |  16|   0|   64|         48|
    |zext_ln119_2_reg_1400                |  16|   0|   64|         48|
    |zext_ln119_3_reg_1436                |  16|   0|   64|         48|
    |zext_ln119_4_reg_1472                |  16|   0|   64|         48|
    |zext_ln119_5_reg_1508                |  16|   0|   64|         48|
    |zext_ln119_6_reg_1539                |  16|   0|   64|         48|
    |zext_ln119_7_reg_1575                |  16|   0|   64|         48|
    |zext_ln119_8_reg_1611                |  16|   0|   64|         48|
    |zext_ln119_9_reg_1647                |  16|   0|   64|         48|
    |zext_ln119_reg_1334                  |  16|   0|   64|         48|
    +-------------------------------------+----+----+-----+-----------+
    |Total                                |1958|   0| 3286|       1328|
    +-------------------------------------+----+----+-----+-----------+



================================================================
== Interface
================================================================
* Summary: 
+----------------------+-----+-----+------------+--------------+--------------+
|       RTL Ports      | Dir | Bits|  Protocol  | Source Object|    C Type    |
+----------------------+-----+-----+------------+--------------+--------------+
|ap_clk                |   in|    1|  ap_ctrl_hs|            pe|  return value|
|ap_rst                |   in|    1|  ap_ctrl_hs|            pe|  return value|
|ap_start              |   in|    1|  ap_ctrl_hs|            pe|  return value|
|ap_done               |  out|    1|  ap_ctrl_hs|            pe|  return value|
|ap_idle               |  out|    1|  ap_ctrl_hs|            pe|  return value|
|ap_ready              |  out|    1|  ap_ctrl_hs|            pe|  return value|
|p_read                |   in|   32|     ap_none|        p_read|        scalar|
|p_read1               |   in|   32|     ap_none|       p_read1|        scalar|
|p_read2               |   in|   32|     ap_none|       p_read2|        scalar|
|p_read3               |   in|   32|     ap_none|       p_read3|        scalar|
|p_read4               |   in|   32|     ap_none|       p_read4|        scalar|
|p_read5               |   in|   32|     ap_none|       p_read5|        scalar|
|p_read6               |   in|   32|     ap_none|       p_read6|        scalar|
|p_read7               |   in|   32|     ap_none|       p_read7|        scalar|
|p_read8               |   in|   32|     ap_none|       p_read8|        scalar|
|p_read9               |   in|   32|     ap_none|       p_read9|        scalar|
|p_read10              |   in|   32|     ap_none|      p_read10|        scalar|
|p_read11              |   in|   32|     ap_none|      p_read11|        scalar|
|p_read12              |   in|   32|     ap_none|      p_read12|        scalar|
|p_read13              |   in|   32|     ap_none|      p_read13|        scalar|
|p_read14              |   in|   32|     ap_none|      p_read14|        scalar|
|p_read15              |   in|   32|     ap_none|      p_read15|        scalar|
|dense_buf_0_address0  |  out|   17|   ap_memory|   dense_buf_0|         array|
|dense_buf_0_ce0       |  out|    1|   ap_memory|   dense_buf_0|         array|
|dense_buf_0_q0        |   in|   32|   ap_memory|   dense_buf_0|         array|
|dense_buf_1_address0  |  out|   17|   ap_memory|   dense_buf_1|         array|
|dense_buf_1_ce0       |  out|    1|   ap_memory|   dense_buf_1|         array|
|dense_buf_1_q0        |   in|   32|   ap_memory|   dense_buf_1|         array|
|dense_buf_2_address0  |  out|   17|   ap_memory|   dense_buf_2|         array|
|dense_buf_2_ce0       |  out|    1|   ap_memory|   dense_buf_2|         array|
|dense_buf_2_q0        |   in|   32|   ap_memory|   dense_buf_2|         array|
|dense_buf_3_address0  |  out|   17|   ap_memory|   dense_buf_3|         array|
|dense_buf_3_ce0       |  out|    1|   ap_memory|   dense_buf_3|         array|
|dense_buf_3_q0        |   in|   32|   ap_memory|   dense_buf_3|         array|
|dense_buf_4_address0  |  out|   17|   ap_memory|   dense_buf_4|         array|
|dense_buf_4_ce0       |  out|    1|   ap_memory|   dense_buf_4|         array|
|dense_buf_4_q0        |   in|   32|   ap_memory|   dense_buf_4|         array|
|dense_buf_5_address0  |  out|   17|   ap_memory|   dense_buf_5|         array|
|dense_buf_5_ce0       |  out|    1|   ap_memory|   dense_buf_5|         array|
|dense_buf_5_q0        |   in|   32|   ap_memory|   dense_buf_5|         array|
|dense_buf_6_address0  |  out|   17|   ap_memory|   dense_buf_6|         array|
|dense_buf_6_ce0       |  out|    1|   ap_memory|   dense_buf_6|         array|
|dense_buf_6_q0        |   in|   32|   ap_memory|   dense_buf_6|         array|
|dense_buf_7_address0  |  out|   17|   ap_memory|   dense_buf_7|         array|
|dense_buf_7_ce0       |  out|    1|   ap_memory|   dense_buf_7|         array|
|dense_buf_7_q0        |   in|   32|   ap_memory|   dense_buf_7|         array|
|p_read16              |   in|   16|     ap_none|      p_read16|        scalar|
|p_read17              |   in|    1|     ap_none|      p_read17|        scalar|
|p_read18              |   in|    2|     ap_none|      p_read18|        scalar|
|p_read19              |   in|    1|     ap_none|      p_read19|        scalar|
|p_read20              |   in|    3|     ap_none|      p_read20|        scalar|
|p_read21              |   in|    3|     ap_none|      p_read21|        scalar|
|p_read22              |   in|    2|     ap_none|      p_read22|        scalar|
|p_read23              |   in|    1|     ap_none|      p_read23|        scalar|
|p_read24              |   in|    4|     ap_none|      p_read24|        scalar|
|p_read25              |   in|    4|     ap_none|      p_read25|        scalar|
|p_read26              |   in|    4|     ap_none|      p_read26|        scalar|
|p_read27              |   in|    4|     ap_none|      p_read27|        scalar|
|p_read28              |   in|    3|     ap_none|      p_read28|        scalar|
|p_read29              |   in|    3|     ap_none|      p_read29|        scalar|
|p_read30              |   in|    2|     ap_none|      p_read30|        scalar|
|p_read31              |   in|    4|     ap_none|      p_read31|        scalar|
|out_buf_0_address1    |  out|   13|   ap_memory|     out_buf_0|         array|
|out_buf_0_ce1         |  out|    1|   ap_memory|     out_buf_0|         array|
|out_buf_0_we1         |  out|    1|   ap_memory|     out_buf_0|         array|
|out_buf_0_d1          |  out|   32|   ap_memory|     out_buf_0|         array|
|out_buf_1_address1    |  out|   13|   ap_memory|     out_buf_1|         array|
|out_buf_1_ce1         |  out|    1|   ap_memory|     out_buf_1|         array|
|out_buf_1_we1         |  out|    1|   ap_memory|     out_buf_1|         array|
|out_buf_1_d1          |  out|   32|   ap_memory|     out_buf_1|         array|
|out_buf_2_address1    |  out|   13|   ap_memory|     out_buf_2|         array|
|out_buf_2_ce1         |  out|    1|   ap_memory|     out_buf_2|         array|
|out_buf_2_we1         |  out|    1|   ap_memory|     out_buf_2|         array|
|out_buf_2_d1          |  out|   32|   ap_memory|     out_buf_2|         array|
|out_buf_3_address1    |  out|   13|   ap_memory|     out_buf_3|         array|
|out_buf_3_ce1         |  out|    1|   ap_memory|     out_buf_3|         array|
|out_buf_3_we1         |  out|    1|   ap_memory|     out_buf_3|         array|
|out_buf_3_d1          |  out|   32|   ap_memory|     out_buf_3|         array|
|out_buf_4_address1    |  out|   13|   ap_memory|     out_buf_4|         array|
|out_buf_4_ce1         |  out|    1|   ap_memory|     out_buf_4|         array|
|out_buf_4_we1         |  out|    1|   ap_memory|     out_buf_4|         array|
|out_buf_4_d1          |  out|   32|   ap_memory|     out_buf_4|         array|
|out_buf_5_address1    |  out|   13|   ap_memory|     out_buf_5|         array|
|out_buf_5_ce1         |  out|    1|   ap_memory|     out_buf_5|         array|
|out_buf_5_we1         |  out|    1|   ap_memory|     out_buf_5|         array|
|out_buf_5_d1          |  out|   32|   ap_memory|     out_buf_5|         array|
|out_buf_6_address1    |  out|   13|   ap_memory|     out_buf_6|         array|
|out_buf_6_ce1         |  out|    1|   ap_memory|     out_buf_6|         array|
|out_buf_6_we1         |  out|    1|   ap_memory|     out_buf_6|         array|
|out_buf_6_d1          |  out|   32|   ap_memory|     out_buf_6|         array|
|out_buf_7_address1    |  out|   13|   ap_memory|     out_buf_7|         array|
|out_buf_7_ce1         |  out|    1|   ap_memory|     out_buf_7|         array|
|out_buf_7_we1         |  out|    1|   ap_memory|     out_buf_7|         array|
|out_buf_7_d1          |  out|   32|   ap_memory|     out_buf_7|         array|
|K                     |   in|   32|     ap_none|             K|        scalar|
+----------------------+-----+-----+------------+--------------+--------------+

