

================================================================
== Vitis HLS Report for 'pu_kernel_1_Pipeline_VITIS_LOOP_190_3'
================================================================
* Date:           Mon Sep  1 19:26:58 2025

* Version:        2022.2 (Build 3670227 on Oct 13 2022)
* Project:        spmm_prj
* Solution:       sol1 (Vivado IP Flow Target)
* Product family: virtexuplus
* Target device:  xcu280-fsvh2892-2L-e


================================================================
== Performance Estimates
================================================================
+ Timing: 
    * Summary: 
    +--------+---------+----------+------------+
    |  Clock |  Target | Estimated| Uncertainty|
    +--------+---------+----------+------------+
    |ap_clk  |  4.00 ns|  2.496 ns|     1.08 ns|
    +--------+---------+----------+------------+

+ Latency: 
    * Summary: 
    +---------+---------+----------+----------+-----+-----+---------+
    |  Latency (cycles) |  Latency (absolute) |  Interval | Pipeline|
    |   min   |   max   |    min   |    max   | min | max |   Type  |
    +---------+---------+----------+----------+-----+-----+---------+
    |        ?|        ?|         ?|         ?|    ?|    ?|       no|
    +---------+---------+----------+----------+-----+-----+---------+

    + Detail: 
        * Instance: 
        N/A

        * Loop: 
        +--------------------+---------+---------+----------+-----------+-----------+------+----------+
        |                    |  Latency (cycles) | Iteration|  Initiation Interval  | Trip |          |
        |      Loop Name     |   min   |   max   |  Latency |  achieved |   target  | Count| Pipelined|
        +--------------------+---------+---------+----------+-----------+-----------+------+----------+
        |- VITIS_LOOP_190_3  |        ?|        ?|         2|          1|          1|     ?|       yes|
        +--------------------+---------+---------+----------+-----------+-----------+------+----------+



================================================================
== Utilization Estimates
================================================================
* Summary: 
+---------------------+---------+------+---------+---------+-----+
|         Name        | BRAM_18K|  DSP |    FF   |   LUT   | URAM|
+---------------------+---------+------+---------+---------+-----+
|DSP                  |        -|     -|        -|        -|    -|
|Expression           |        -|     -|        0|       58|    -|
|FIFO                 |        -|     -|        -|        -|    -|
|Instance             |        -|     -|        -|        -|    -|
|Memory               |        -|     -|        -|        -|    -|
|Multiplexer          |        -|     -|        -|       36|    -|
|Register             |        -|     -|       63|        -|    -|
+---------------------+---------+------+---------+---------+-----+
|Total                |        0|     0|       63|       94|    0|
+---------------------+---------+------+---------+---------+-----+
|Available SLR        |     1344|  3008|   869120|   434560|  320|
+---------------------+---------+------+---------+---------+-----+
|Utilization SLR (%)  |        0|     0|       ~0|       ~0|    0|
+---------------------+---------+------+---------+---------+-----+
|Available            |     4032|  9024|  2607360|  1303680|  960|
+---------------------+---------+------+---------+---------+-----+
|Utilization (%)      |        0|     0|       ~0|       ~0|    0|
+---------------------+---------+------+---------+---------+-----+

+ Detail: 
    * Instance: 
    N/A

    * DSP: 
    N/A

    * Memory: 
    N/A

    * FIFO: 
    N/A

    * Expression: 
    +---------------------+----------+----+---+----+------------+------------+
    |    Variable Name    | Operation| DSP| FF| LUT| Bitwidth P0| Bitwidth P1|
    +---------------------+----------+----+---+----+------------+------------+
    |add_ln190_fu_77_p2   |         +|   0|  0|  37|          30|           1|
    |icmp_ln190_fu_71_p2  |      icmp|   0|  0|  19|          30|          30|
    |ap_enable_pp0        |       xor|   0|  0|   2|           1|           2|
    +---------------------+----------+----+---+----+------------+------------+
    |Total                |          |   0|  0|  58|          61|          33|
    +---------------------+----------+----+---+----+------------+------------+

    * Multiplexer: 
    +-------------------------+----+-----------+-----+-----------+
    |           Name          | LUT| Input Size| Bits| Total Bits|
    +-------------------------+----+-----------+-----+-----------+
    |ap_done_int              |   9|          2|    1|          2|
    |ap_enable_reg_pp0_iter1  |   9|          2|    1|          2|
    |ap_sig_allocacmp_j       |   9|          2|   30|         60|
    |j_3_fu_26                |   9|          2|   30|         60|
    +-------------------------+----+-----------+-----+-----------+
    |Total                    |  36|          8|   62|        124|
    +-------------------------+----+-----------+-----+-----------+

    * Register: 
    +-------------------------+----+----+-----+-----------+
    |           Name          | FF | LUT| Bits| Const Bits|
    +-------------------------+----+----+-----+-----------+
    |ap_CS_fsm                |   1|   0|    1|          0|
    |ap_done_reg              |   1|   0|    1|          0|
    |ap_enable_reg_pp0_iter1  |   1|   0|    1|          0|
    |j_3_fu_26                |  30|   0|   30|          0|
    |zext_ln190_reg_103       |  30|   0|   64|         34|
    +-------------------------+----+----+-----+-----------+
    |Total                    |  63|   0|   97|         34|
    +-------------------------+----+----+-----+-----------+



================================================================
== Interface
================================================================
* Summary: 
+---------------+-----+-----+------------+---------------------------------------+--------------+
|   RTL Ports   | Dir | Bits|  Protocol  |             Source Object             |    C Type    |
+---------------+-----+-----+------------+---------------------------------------+--------------+
|ap_clk         |   in|    1|  ap_ctrl_hs|  pu_kernel.1_Pipeline_VITIS_LOOP_190_3|  return value|
|ap_rst         |   in|    1|  ap_ctrl_hs|  pu_kernel.1_Pipeline_VITIS_LOOP_190_3|  return value|
|ap_start       |   in|    1|  ap_ctrl_hs|  pu_kernel.1_Pipeline_VITIS_LOOP_190_3|  return value|
|ap_done        |  out|    1|  ap_ctrl_hs|  pu_kernel.1_Pipeline_VITIS_LOOP_190_3|  return value|
|ap_idle        |  out|    1|  ap_ctrl_hs|  pu_kernel.1_Pipeline_VITIS_LOOP_190_3|  return value|
|ap_ready       |  out|    1|  ap_ctrl_hs|  pu_kernel.1_Pipeline_VITIS_LOOP_190_3|  return value|
|trunc_ln       |   in|   30|     ap_none|                               trunc_ln|        scalar|
|resA_address0  |  out|   16|   ap_memory|                                   resA|         array|
|resA_ce0       |  out|    1|   ap_memory|                                   resA|         array|
|resA_q0        |   in|   32|   ap_memory|                                   resA|         array|
|AU0_address0   |  out|   16|   ap_memory|                                    AU0|         array|
|AU0_ce0        |  out|    1|   ap_memory|                                    AU0|         array|
|AU0_we0        |  out|    1|   ap_memory|                                    AU0|         array|
|AU0_d0         |  out|   32|   ap_memory|                                    AU0|         array|
+---------------+-----+-----+------------+---------------------------------------+--------------+

