

================================================================
== Vitis HLS Report for 'pu_kernel_9'
================================================================
* Date:           Mon Sep  1 16:04:18 2025

* Version:        2022.2 (Build 3670227 on Oct 13 2022)
* Project:        spmm_prj
* Solution:       sol1 (Vivado IP Flow Target)
* Product family: virtexuplus
* Target device:  xcu280-fsvh2892-2L-e


================================================================
== Performance Estimates
================================================================
+ Timing: 
    * Summary: 
    +--------+---------+----------+------------+
    |  Clock |  Target | Estimated| Uncertainty|
    +--------+---------+----------+------------+
    |ap_clk  |  4.00 ns|  2.920 ns|     1.08 ns|
    +--------+---------+----------+------------+

+ Latency: 
    * Summary: 
    +---------+---------+----------+----------+-----+-----+---------+
    |  Latency (cycles) |  Latency (absolute) |  Interval | Pipeline|
    |   min   |   max   |    min   |    max   | min | max |   Type  |
    +---------+---------+----------+----------+-----+-----+---------+
    |        ?|        ?|         ?|         ?|    ?|    ?|       no|
    +---------+---------+----------+----------+-----+-----+---------+

    + Detail: 
        * Instance: 
        +--------------------------------------------------------+---------------------------------------------+---------+---------+-----------+-----------+-----+-----+---------+
        |                                                        |                                             |  Latency (cycles) |   Latency (absolute)  |  Interval | Pipeline|
        |                        Instance                        |                    Module                   |   min   |   max   |    min    |    max    | min | max |   Type  |
        +--------------------------------------------------------+---------------------------------------------+---------+---------+-----------+-----------+-----+-----+---------+
        |grp_pu_kernel_9_Pipeline_pu_save_stream_into_pu_fu_210  |pu_kernel_9_Pipeline_pu_save_stream_into_pu  |        6|        6|  24.000 ns|  24.000 ns|    6|    6|       no|
        |grp_dfm_fu_218                                          |dfm                                          |        ?|        ?|          ?|          ?|    ?|    ?|       no|
        +--------------------------------------------------------+---------------------------------------------+---------+---------+-----------+-----------+-----+-----+---------+

        * Loop: 
        N/A



================================================================
== Utilization Estimates
================================================================
* Summary: 
+---------------------+---------+------+---------+---------+-----+
|         Name        | BRAM_18K|  DSP |    FF   |   LUT   | URAM|
+---------------------+---------+------+---------+---------+-----+
|DSP                  |        -|     -|        -|        -|    -|
|Expression           |        -|     -|        0|        2|    -|
|FIFO                 |        -|     -|        -|        -|    -|
|Instance             |        -|     3|      505|      607|    -|
|Memory               |       16|     -|       68|       72|    0|
|Multiplexer          |        -|     -|        -|      299|    -|
|Register             |        -|     -|      105|        -|    -|
+---------------------+---------+------+---------+---------+-----+
|Total                |       16|     3|      678|      980|    0|
+---------------------+---------+------+---------+---------+-----+
|Available SLR        |     1344|  3008|   869120|   434560|  320|
+---------------------+---------+------+---------+---------+-----+
|Utilization SLR (%)  |        1|    ~0|       ~0|       ~0|    0|
+---------------------+---------+------+---------+---------+-----+
|Available            |     4032|  9024|  2607360|  1303680|  960|
+---------------------+---------+------+---------+---------+-----+
|Utilization (%)      |       ~0|    ~0|       ~0|       ~0|    0|
+---------------------+---------+------+---------+---------+-----+

+ Detail: 
    * Instance: 
    +--------------------------------------------------------+---------------------------------------------+---------+----+-----+-----+-----+
    |                        Instance                        |                    Module                   | BRAM_18K| DSP|  FF | LUT | URAM|
    +--------------------------------------------------------+---------------------------------------------+---------+----+-----+-----+-----+
    |grp_dfm_fu_218                                          |dfm                                          |        0|   3|  496|  550|    0|
    |grp_pu_kernel_9_Pipeline_pu_save_stream_into_pu_fu_210  |pu_kernel_9_Pipeline_pu_save_stream_into_pu  |        0|   0|    9|   57|    0|
    +--------------------------------------------------------+---------------------------------------------+---------+----+-----+-----+-----+
    |Total                                                   |                                             |        0|   3|  505|  607|    0|
    +--------------------------------------------------------+---------------------------------------------+---------+----+-----+-----+-----+

    * DSP: 
    N/A

    * Memory: 
    +------------+------------------------------------+---------+----+----+-----+-------+-----+------+-------------+
    |   Memory   |               Module               | BRAM_18K| FF | LUT| URAM| Words | Bits| Banks| W*Bits*Banks|
    +------------+------------------------------------+---------+----+----+-----+-------+-----+------+-------------+
    |tile_ref_U  |pu_kernel_9_tile_ref_RAM_AUTO_1R1W  |        0|   2|   3|    0|      4|    1|     1|            4|
    |tile_y_U    |pu_kernel_9_tile_y_RAM_AUTO_1R1W    |        0|  32|  33|    0|      4|   32|     1|          128|
    |Dbuf_U      |pu_kernel_Dbuf_RAM_2P_BRAM_0R0W     |       16|   0|   0|    0|  61278|   32|     1|      1960896|
    |p_ref_U     |pu_kernel_p_ref_RAM_AUTO_1R1W       |        0|   2|   3|    0|      4|    1|     1|            4|
    |p_v_y_U     |pu_kernel_p_v_y_RAM_AUTO_1R1W       |        0|  32|  33|    0|      4|   32|     1|          128|
    +------------+------------------------------------+---------+----+----+-----+-------+-----+------+-------------+
    |Total       |                                    |       16|  68|  72|    0|  61294|   98|     5|      1961160|
    +------------+------------------------------------+---------+----+----+-----+-------+-----+------+-------------+

    * FIFO: 
    N/A

    * Expression: 
    +-----------------+----------+----+---+----+------------+------------+
    |  Variable Name  | Operation| DSP| FF| LUT| Bitwidth P0| Bitwidth P1|
    +-----------------+----------+----+---+----+------------+------------+
    |ap_block_state1  |        or|   0|  0|   2|           1|           1|
    +-----------------+----------+----+---+----+------------+------------+
    |Total            |          |   0|  0|   2|           1|           1|
    +-----------------+----------+----+---+----+------------+------------+

    * Multiplexer: 
    +---------------------+----+-----------+-----+-----------+
    |         Name        | LUT| Input Size| Bits| Total Bits|
    +---------------------+----+-----------+-----+-----------+
    |ap_NS_fsm            |  37|          7|    1|          7|
    |ap_done              |   9|          2|    1|          2|
    |m_axi_gmem5_ARVALID  |   9|          2|    1|          2|
    |m_axi_gmem5_RREADY   |   9|          2|    1|          2|
    |p_ref_address0       |  20|          4|    2|          8|
    |p_ref_address1       |  14|          3|    2|          6|
    |p_ref_ce0            |  14|          3|    1|          3|
    |p_ref_d0             |  14|          3|    1|          3|
    |p_ref_d1             |  14|          3|    1|          3|
    |p_v_y_address0       |  20|          4|    2|          8|
    |p_v_y_address1       |  14|          3|    2|          6|
    |p_v_y_ce0            |  14|          3|    1|          3|
    |p_v_y_d0             |  14|          3|   32|         96|
    |p_v_y_d1             |  14|          3|   32|         96|
    |s_23_blk_n           |   9|          2|    1|          2|
    |tile_ref_address0    |  14|          3|    2|          6|
    |tile_ref_ce0         |  14|          3|    1|          3|
    |tile_ref_we0         |   9|          2|    1|          2|
    |tile_y_address0      |  14|          3|    2|          6|
    |tile_y_ce0           |  14|          3|    1|          3|
    |tile_y_we0           |   9|          2|    1|          2|
    +---------------------+----+-----------+-----+-----------+
    |Total                | 299|         63|   89|        269|
    +---------------------+----+-----------+-----+-----------+

    * Register: 
    +---------------------------------------------------------------------+----+----+-----+-----------+
    |                                 Name                                | FF | LUT| Bits| Const Bits|
    +---------------------------------------------------------------------+----+----+-----+-----------+
    |ap_CS_fsm                                                            |   6|   0|    6|          0|
    |ap_done_reg                                                          |   1|   0|    1|          0|
    |grp_dfm_fu_218_ap_start_reg                                          |   1|   0|    1|          0|
    |grp_pu_kernel_9_Pipeline_pu_save_stream_into_pu_fu_210_ap_start_reg  |   1|   0|    1|          0|
    |tmp_2_reg_327                                                        |   1|   0|    1|          0|
    |tmp_3_reg_332                                                        |   1|   0|    1|          0|
    |trunc_ln151_2_reg_317                                                |  32|   0|   32|          0|
    |trunc_ln151_3_reg_322                                                |  32|   0|   32|          0|
    |trunc_ln_reg_342                                                     |  30|   0|   30|          0|
    +---------------------------------------------------------------------+----+----+-----+-----------+
    |Total                                                                | 105|   0|  105|          0|
    +---------------------------------------------------------------------+----+----+-----+-----------+



================================================================
== Interface
================================================================
* Summary: 
+----------------------+-----+-----+------------+--------------+--------------+
|       RTL Ports      | Dir | Bits|  Protocol  | Source Object|    C Type    |
+----------------------+-----+-----+------------+--------------+--------------+
|ap_clk                |   in|    1|  ap_ctrl_hs|   pu_kernel.9|  return value|
|ap_rst                |   in|    1|  ap_ctrl_hs|   pu_kernel.9|  return value|
|ap_start              |   in|    1|  ap_ctrl_hs|   pu_kernel.9|  return value|
|ap_done               |  out|    1|  ap_ctrl_hs|   pu_kernel.9|  return value|
|ap_continue           |   in|    1|  ap_ctrl_hs|   pu_kernel.9|  return value|
|ap_idle               |  out|    1|  ap_ctrl_hs|   pu_kernel.9|  return value|
|ap_ready              |  out|    1|  ap_ctrl_hs|   pu_kernel.9|  return value|
|s_23_dout             |   in|  388|     ap_fifo|          s_23|       pointer|
|s_23_num_data_valid   |   in|    5|     ap_fifo|          s_23|       pointer|
|s_23_fifo_cap         |   in|    5|     ap_fifo|          s_23|       pointer|
|s_23_empty_n          |   in|    1|     ap_fifo|          s_23|       pointer|
|s_23_read             |  out|    1|     ap_fifo|          s_23|       pointer|
|m_axi_gmem5_AWVALID   |  out|    1|       m_axi|         gmem5|       pointer|
|m_axi_gmem5_AWREADY   |   in|    1|       m_axi|         gmem5|       pointer|
|m_axi_gmem5_AWADDR    |  out|   64|       m_axi|         gmem5|       pointer|
|m_axi_gmem5_AWID      |  out|    1|       m_axi|         gmem5|       pointer|
|m_axi_gmem5_AWLEN     |  out|   32|       m_axi|         gmem5|       pointer|
|m_axi_gmem5_AWSIZE    |  out|    3|       m_axi|         gmem5|       pointer|
|m_axi_gmem5_AWBURST   |  out|    2|       m_axi|         gmem5|       pointer|
|m_axi_gmem5_AWLOCK    |  out|    2|       m_axi|         gmem5|       pointer|
|m_axi_gmem5_AWCACHE   |  out|    4|       m_axi|         gmem5|       pointer|
|m_axi_gmem5_AWPROT    |  out|    3|       m_axi|         gmem5|       pointer|
|m_axi_gmem5_AWQOS     |  out|    4|       m_axi|         gmem5|       pointer|
|m_axi_gmem5_AWREGION  |  out|    4|       m_axi|         gmem5|       pointer|
|m_axi_gmem5_AWUSER    |  out|    1|       m_axi|         gmem5|       pointer|
|m_axi_gmem5_WVALID    |  out|    1|       m_axi|         gmem5|       pointer|
|m_axi_gmem5_WREADY    |   in|    1|       m_axi|         gmem5|       pointer|
|m_axi_gmem5_WDATA     |  out|   32|       m_axi|         gmem5|       pointer|
|m_axi_gmem5_WSTRB     |  out|    4|       m_axi|         gmem5|       pointer|
|m_axi_gmem5_WLAST     |  out|    1|       m_axi|         gmem5|       pointer|
|m_axi_gmem5_WID       |  out|    1|       m_axi|         gmem5|       pointer|
|m_axi_gmem5_WUSER     |  out|    1|       m_axi|         gmem5|       pointer|
|m_axi_gmem5_ARVALID   |  out|    1|       m_axi|         gmem5|       pointer|
|m_axi_gmem5_ARREADY   |   in|    1|       m_axi|         gmem5|       pointer|
|m_axi_gmem5_ARADDR    |  out|   64|       m_axi|         gmem5|       pointer|
|m_axi_gmem5_ARID      |  out|    1|       m_axi|         gmem5|       pointer|
|m_axi_gmem5_ARLEN     |  out|   32|       m_axi|         gmem5|       pointer|
|m_axi_gmem5_ARSIZE    |  out|    3|       m_axi|         gmem5|       pointer|
|m_axi_gmem5_ARBURST   |  out|    2|       m_axi|         gmem5|       pointer|
|m_axi_gmem5_ARLOCK    |  out|    2|       m_axi|         gmem5|       pointer|
|m_axi_gmem5_ARCACHE   |  out|    4|       m_axi|         gmem5|       pointer|
|m_axi_gmem5_ARPROT    |  out|    3|       m_axi|         gmem5|       pointer|
|m_axi_gmem5_ARQOS     |  out|    4|       m_axi|         gmem5|       pointer|
|m_axi_gmem5_ARREGION  |  out|    4|       m_axi|         gmem5|       pointer|
|m_axi_gmem5_ARUSER    |  out|    1|       m_axi|         gmem5|       pointer|
|m_axi_gmem5_RVALID    |   in|    1|       m_axi|         gmem5|       pointer|
|m_axi_gmem5_RREADY    |  out|    1|       m_axi|         gmem5|       pointer|
|m_axi_gmem5_RDATA     |   in|   32|       m_axi|         gmem5|       pointer|
|m_axi_gmem5_RLAST     |   in|    1|       m_axi|         gmem5|       pointer|
|m_axi_gmem5_RID       |   in|    1|       m_axi|         gmem5|       pointer|
|m_axi_gmem5_RFIFONUM  |   in|    9|       m_axi|         gmem5|       pointer|
|m_axi_gmem5_RUSER     |   in|    1|       m_axi|         gmem5|       pointer|
|m_axi_gmem5_RRESP     |   in|    2|       m_axi|         gmem5|       pointer|
|m_axi_gmem5_BVALID    |   in|    1|       m_axi|         gmem5|       pointer|
|m_axi_gmem5_BREADY    |  out|    1|       m_axi|         gmem5|       pointer|
|m_axi_gmem5_BRESP     |   in|    2|       m_axi|         gmem5|       pointer|
|m_axi_gmem5_BID       |   in|    1|       m_axi|         gmem5|       pointer|
|m_axi_gmem5_BUSER     |   in|    1|       m_axi|         gmem5|       pointer|
|B3                    |   in|   64|     ap_none|            B3|        scalar|
|K                     |   in|   32|     ap_none|             K|        scalar|
+----------------------+-----+-----+------------+--------------+--------------+

