

================================================================
== Vitis HLS Report for 'set_tile_broadcast_Pipeline_copy_tile_loop'
================================================================
* Date:           Wed Sep  3 20:05:53 2025

* Version:        2022.2 (Build 3670227 on Oct 13 2022)
* Project:        spmm_prj
* Solution:       sol1 (Vivado IP Flow Target)
* Product family: virtexuplus
* Target device:  xcu280-fsvh2892-2L-e


================================================================
== Performance Estimates
================================================================
+ Timing: 
    * Summary: 
    +--------+---------+----------+------------+
    |  Clock |  Target | Estimated| Uncertainty|
    +--------+---------+----------+------------+
    |ap_clk  |  4.00 ns|  2.920 ns|     1.08 ns|
    +--------+---------+----------+------------+

+ Latency: 
    * Summary: 
    +---------+---------+-----------+-----------+-----+-----+---------+
    |  Latency (cycles) |   Latency (absolute)  |  Interval | Pipeline|
    |   min   |   max   |    min    |    max    | min | max |   Type  |
    +---------+---------+-----------+-----------+-----+-----+---------+
    |       15|       15|  60.000 ns|  60.000 ns|   15|   15|       no|
    +---------+---------+-----------+-----------+-----+-----+---------+

    + Detail: 
        * Instance: 
        N/A

        * Loop: 
        +------------------+---------+---------+----------+-----------+-----------+------+----------+
        |                  |  Latency (cycles) | Iteration|  Initiation Interval  | Trip |          |
        |     Loop Name    |   min   |   max   |  Latency |  achieved |   target  | Count| Pipelined|
        +------------------+---------+---------+----------+-----------+-----------+------+----------+
        |- copy_tile_loop  |       13|       13|        10|          1|          1|     4|       yes|
        +------------------+---------+---------+----------+-----------+-----------+------+----------+



================================================================
== Utilization Estimates
================================================================
* Summary: 
+---------------------+---------+------+---------+---------+-----+
|         Name        | BRAM_18K|  DSP |    FF   |   LUT   | URAM|
+---------------------+---------+------+---------+---------+-----+
|DSP                  |        -|     -|        -|        -|    -|
|Expression           |        -|     -|        0|      852|    -|
|FIFO                 |        -|     -|        -|        -|    -|
|Instance             |        -|     -|        -|        -|    -|
|Memory               |        -|     -|        -|        -|    -|
|Multiplexer          |        -|     -|        -|      135|    -|
|Register             |        -|     -|      876|       96|    -|
+---------------------+---------+------+---------+---------+-----+
|Total                |        0|     0|      876|     1083|    0|
+---------------------+---------+------+---------+---------+-----+
|Available SLR        |     1344|  3008|   869120|   434560|  320|
+---------------------+---------+------+---------+---------+-----+
|Utilization SLR (%)  |        0|     0|       ~0|       ~0|    0|
+---------------------+---------+------+---------+---------+-----+
|Available            |     4032|  9024|  2607360|  1303680|  960|
+---------------------+---------+------+---------+---------+-----+
|Utilization (%)      |        0|     0|       ~0|       ~0|    0|
+---------------------+---------+------+---------+---------+-----+

+ Detail: 
    * Instance: 
    N/A

    * DSP: 
    N/A

    * Memory: 
    N/A

    * FIFO: 
    N/A

    * Expression: 
    +----------------------------------+----------+----+---+----+------------+------------+
    |           Variable Name          | Operation| DSP| FF| LUT| Bitwidth P0| Bitwidth P1|
    +----------------------------------+----------+----+---+----+------------+------------+
    |add_ln57_fu_422_p2                |         +|   0|  0|  10|           3|           1|
    |add_ln62_fu_460_p2                |         +|   0|  0|  71|          64|          64|
    |add_ln63_fu_486_p2                |         +|   0|  0|  71|          64|          64|
    |idx_fu_436_p2                     |         +|   0|  0|  39|          32|          32|
    |used_3_fu_742_p2                  |         +|   0|  0|  39|          32|           1|
    |and_ln71_1_fu_585_p2              |       and|   0|  0|   2|           1|           1|
    |and_ln71_2_fu_596_p2              |       and|   0|  0|   2|           1|           1|
    |and_ln71_fu_574_p2                |       and|   0|  0|   2|           1|           1|
    |and_ln81_fu_644_p2                |       and|   0|  0|   2|           1|           1|
    |ap_block_pp0_stage0_01001         |       and|   0|  0|   2|           1|           1|
    |ap_condition_1083                 |       and|   0|  0|   2|           1|           1|
    |ap_condition_577                  |       and|   0|  0|   2|           1|           1|
    |ap_predicate_op76_readreq_state2  |       and|   0|  0|   2|           1|           1|
    |ap_predicate_op90_read_state9     |       and|   0|  0|   2|           1|           1|
    |dup_fu_563_p2                     |       and|   0|  0|   2|           1|           1|
    |icmp_ln57_fu_416_p2               |      icmp|   0|  0|   9|           3|           4|
    |icmp_ln60_fu_442_p2               |      icmp|   0|  0|  20|          32|          32|
    |icmp_ln71_1_fu_569_p2             |      icmp|   0|  0|  20|          32|          32|
    |icmp_ln71_2_fu_580_p2             |      icmp|   0|  0|  20|          32|          32|
    |icmp_ln71_3_fu_591_p2             |      icmp|   0|  0|  20|          32|          32|
    |icmp_ln71_fu_558_p2               |      icmp|   0|  0|  20|          32|          32|
    |icmp_ln81_fu_638_p2               |      icmp|   0|  0|  19|          30|           1|
    |icmp_ln82_1_fu_667_p2             |      icmp|   0|  0|   8|           2|           1|
    |icmp_ln82_2_fu_680_p2             |      icmp|   0|  0|   8|           2|           3|
    |icmp_ln82_fu_654_p2               |      icmp|   0|  0|   8|           2|           1|
    |icmp_ln90_1_fu_840_p2             |      icmp|   0|  0|   8|           2|           1|
    |icmp_ln90_2_fu_845_p2             |      icmp|   0|  0|   8|           2|           3|
    |icmp_ln90_fu_835_p2               |      icmp|   0|  0|   8|           2|           1|
    |ap_block_pp0_stage0_11001         |        or|   0|  0|   2|           1|           1|
    |ap_block_state2_io                |        or|   0|  0|   2|           1|           1|
    |ap_block_state9_pp0_stage0_iter8  |        or|   0|  0|   2|           1|           1|
    |dup_1_fu_614_p2                   |        or|   0|  0|   2|           1|           1|
    |or_ln71_1_fu_608_p2               |        or|   0|  0|   2|           1|           1|
    |or_ln71_fu_602_p2                 |        or|   0|  0|   2|           1|           1|
    |or_ln82_1_fu_699_p2               |        or|   0|  0|   2|           1|           1|
    |or_ln82_fu_693_p2                 |        or|   0|  0|   2|           1|           1|
    |or_ln90_1_fu_856_p2               |        or|   0|  0|   2|           1|           1|
    |or_ln90_fu_850_p2                 |        or|   0|  0|   2|           1|           1|
    |seen_v_11_fu_736_p2               |        or|   0|  0|   2|           1|           1|
    |seen_v_12_fu_730_p2               |        or|   0|  0|   2|           1|           1|
    |seen_v_13_fu_724_p2               |        or|   0|  0|   2|           1|           1|
    |seen_v_14_fu_718_p2               |        or|   0|  0|   2|           1|           1|
    |pkt_ref_3_10_fu_942_p3            |    select|   0|  0|   2|           1|           1|
    |pkt_ref_3_11_fu_950_p3            |    select|   0|  0|   2|           1|           1|
    |pkt_ref_3_9_fu_934_p3             |    select|   0|  0|   2|           1|           1|
    |pkt_ref_3_fu_926_p3               |    select|   0|  0|   2|           1|           1|
    |pkt_v_value_3_10_fu_878_p3        |    select|   0|  0|  32|           1|          32|
    |pkt_v_value_3_11_fu_886_p3        |    select|   0|  0|  32|           1|          32|
    |pkt_v_value_3_9_fu_870_p3         |    select|   0|  0|  32|           1|          32|
    |pkt_v_value_3_fu_862_p3           |    select|   0|  0|  32|           1|          32|
    |pkt_v_y_3_10_fu_910_p3            |    select|   0|  0|  32|           1|          32|
    |pkt_v_y_3_11_fu_918_p3            |    select|   0|  0|  32|           1|          32|
    |pkt_v_y_3_9_fu_902_p3             |    select|   0|  0|  32|           1|          32|
    |pkt_v_y_3_fu_894_p3               |    select|   0|  0|  32|           1|          32|
    |seen_y_10_fu_673_p3               |    select|   0|  0|  32|           1|          32|
    |seen_y_11_fu_686_p3               |    select|   0|  0|  32|           1|          32|
    |seen_y_12_fu_705_p3               |    select|   0|  0|  32|           1|          32|
    |seen_y_9_fu_660_p3                |    select|   0|  0|  32|           1|          32|
    |ap_enable_pp0                     |       xor|   0|  0|   2|           1|           2|
    |xor_ln81_fu_622_p2                |       xor|   0|  0|   2|           1|           2|
    |xor_ln82_fu_712_p2                |       xor|   0|  0|   2|           1|           2|
    +----------------------------------+----------+----+---+----+------------+------------+
    |Total                             |          |   0|  0| 852|         443|         755|
    +----------------------------------+----------+----+---+----+------------+------------+

    * Multiplexer: 
    +----------------------------------------+----+-----------+-----+-----------+
    |                  Name                  | LUT| Input Size| Bits| Total Bits|
    +----------------------------------------+----+-----------+-----+-----------+
    |ap_done_int                             |   9|          2|    1|          2|
    |ap_loop_exit_ready_pp0_iter9_reg        |   9|          2|    1|          2|
    |ap_phi_mux_pkt_ref_0_phi_fu_374_p6      |   9|          2|    1|          2|
    |ap_phi_reg_pp0_iter1_pkt_ref_0_reg_370  |   9|          2|    1|          2|
    |ap_sig_allocacmp_i_4                    |   9|          2|    3|          6|
    |gmem1_blk_n_AR                          |   9|          2|    1|          2|
    |gmem1_blk_n_R                           |   9|          2|    1|          2|
    |gmem2_blk_n_AR                          |   9|          2|    1|          2|
    |gmem2_blk_n_R                           |   9|          2|    1|          2|
    |i_fu_134                                |   9|          2|    3|          6|
    |seen_v_4_fu_194                         |   9|          2|    1|          2|
    |seen_v_5_fu_198                         |   9|          2|    1|          2|
    |seen_v_6_fu_202                         |   9|          2|    1|          2|
    |seen_v_fu_190                           |   9|          2|    1|          2|
    |used_fu_170                             |   9|          2|   32|         64|
    +----------------------------------------+----+-----------+-----+-----------+
    |Total                                   | 135|         30|   50|        100|
    +----------------------------------------+----+-----------+-----+-----------+

    * Register: 
    +----------------------------------------+----+----+-----+-----------+
    |                  Name                  | FF | LUT| Bits| Const Bits|
    +----------------------------------------+----+----+-----+-----------+
    |ap_CS_fsm                               |   1|   0|    1|          0|
    |ap_done_reg                             |   1|   0|    1|          0|
    |ap_enable_reg_pp0_iter1                 |   1|   0|    1|          0|
    |ap_enable_reg_pp0_iter2                 |   1|   0|    1|          0|
    |ap_enable_reg_pp0_iter3                 |   1|   0|    1|          0|
    |ap_enable_reg_pp0_iter4                 |   1|   0|    1|          0|
    |ap_enable_reg_pp0_iter5                 |   1|   0|    1|          0|
    |ap_enable_reg_pp0_iter6                 |   1|   0|    1|          0|
    |ap_enable_reg_pp0_iter7                 |   1|   0|    1|          0|
    |ap_enable_reg_pp0_iter8                 |   1|   0|    1|          0|
    |ap_enable_reg_pp0_iter9                 |   1|   0|    1|          0|
    |ap_loop_exit_ready_pp0_iter1_reg        |   1|   0|    1|          0|
    |ap_loop_exit_ready_pp0_iter2_reg        |   1|   0|    1|          0|
    |ap_loop_exit_ready_pp0_iter3_reg        |   1|   0|    1|          0|
    |ap_loop_exit_ready_pp0_iter4_reg        |   1|   0|    1|          0|
    |ap_loop_exit_ready_pp0_iter5_reg        |   1|   0|    1|          0|
    |ap_loop_exit_ready_pp0_iter6_reg        |   1|   0|    1|          0|
    |ap_loop_exit_ready_pp0_iter7_reg        |   1|   0|    1|          0|
    |ap_loop_exit_ready_pp0_iter8_reg        |   1|   0|    1|          0|
    |ap_loop_exit_ready_pp0_iter9_reg        |   1|   0|    1|          0|
    |ap_phi_reg_pp0_iter1_pkt_ref_0_reg_370  |   1|   0|    1|          0|
    |ap_phi_reg_pp0_iter2_pkt_ref_0_reg_370  |   1|   0|    1|          0|
    |ap_phi_reg_pp0_iter3_pkt_ref_0_reg_370  |   1|   0|    1|          0|
    |ap_phi_reg_pp0_iter4_pkt_ref_0_reg_370  |   1|   0|    1|          0|
    |ap_phi_reg_pp0_iter5_pkt_ref_0_reg_370  |   1|   0|    1|          0|
    |ap_phi_reg_pp0_iter6_pkt_ref_0_reg_370  |   1|   0|    1|          0|
    |ap_phi_reg_pp0_iter7_pkt_ref_0_reg_370  |   1|   0|    1|          0|
    |ap_phi_reg_pp0_iter8_pkt_ref_0_reg_370  |   1|   0|    1|          0|
    |ap_phi_reg_pp0_iter9_pkt_ref_0_reg_370  |   1|   0|    1|          0|
    |gmem1_addr_reg_1249                     |  64|   0|   64|          0|
    |gmem2_addr_reg_1243                     |  64|   0|   64|          0|
    |i_fu_134                                |   3|   0|    3|          0|
    |icmp_ln57_reg_1228                      |   1|   0|    1|          0|
    |icmp_ln60_reg_1239                      |   1|   0|    1|          0|
    |pkt_ref_3_1_fu_118                      |   1|   0|    1|          0|
    |pkt_ref_3_2_fu_122                      |   1|   0|    1|          0|
    |pkt_ref_3_3_fu_126                      |   1|   0|    1|          0|
    |pkt_ref_3_4_fu_130                      |   1|   0|    1|          0|
    |pkt_v_value_3_1_fu_138                  |  32|   0|   32|          0|
    |pkt_v_value_3_2_fu_142                  |  32|   0|   32|          0|
    |pkt_v_value_3_3_fu_146                  |  32|   0|   32|          0|
    |pkt_v_value_3_4_fu_150                  |  32|   0|   32|          0|
    |pkt_v_y_3_1_fu_154                      |  32|   0|   32|          0|
    |pkt_v_y_3_2_fu_158                      |  32|   0|   32|          0|
    |pkt_v_y_3_3_fu_162                      |  32|   0|   32|          0|
    |pkt_v_y_3_4_fu_166                      |  32|   0|   32|          0|
    |seen_v_4_fu_194                         |   1|   0|    1|          0|
    |seen_v_5_fu_198                         |   1|   0|    1|          0|
    |seen_v_6_fu_202                         |   1|   0|    1|          0|
    |seen_v_fu_190                           |   1|   0|    1|          0|
    |seen_y_1_fu_178                         |  32|   0|   32|          0|
    |seen_y_2_fu_182                         |  32|   0|   32|          0|
    |seen_y_3_fu_186                         |  32|   0|   32|          0|
    |seen_y_fu_174                           |  32|   0|   32|          0|
    |tile_value_fu_210                       |  32|   0|   32|          0|
    |tile_y_fu_206                           |  32|   0|   32|          0|
    |trunc_ln59_reg_1232                     |   2|   0|    2|          0|
    |used_fu_170                             |  32|   0|   32|          0|
    |y_reg_1255                              |  32|   0|   32|          0|
    |icmp_ln57_reg_1228                      |  64|  32|    1|          0|
    |icmp_ln60_reg_1239                      |  64|  32|    1|          0|
    |trunc_ln59_reg_1232                     |  64|  32|    2|          0|
    +----------------------------------------+----+----+-----+-----------+
    |Total                                   | 876|  96|  688|          0|
    +----------------------------------------+----+----+-----+-----------+



================================================================
== Interface
================================================================
* Summary: 
+------------------------------+-----+-----+------------+--------------------------------------------+--------------+
|           RTL Ports          | Dir | Bits|  Protocol  |                Source Object               |    C Type    |
+------------------------------+-----+-----+------------+--------------------------------------------+--------------+
|ap_clk                        |   in|    1|  ap_ctrl_hs|  set_tile_broadcast_Pipeline_copy_tile_loop|  return value|
|ap_rst                        |   in|    1|  ap_ctrl_hs|  set_tile_broadcast_Pipeline_copy_tile_loop|  return value|
|ap_start                      |   in|    1|  ap_ctrl_hs|  set_tile_broadcast_Pipeline_copy_tile_loop|  return value|
|ap_done                       |  out|    1|  ap_ctrl_hs|  set_tile_broadcast_Pipeline_copy_tile_loop|  return value|
|ap_idle                       |  out|    1|  ap_ctrl_hs|  set_tile_broadcast_Pipeline_copy_tile_loop|  return value|
|ap_ready                      |  out|    1|  ap_ctrl_hs|  set_tile_broadcast_Pipeline_copy_tile_loop|  return value|
|m_axi_gmem2_AWVALID           |  out|    1|       m_axi|                                       gmem2|       pointer|
|m_axi_gmem2_AWREADY           |   in|    1|       m_axi|                                       gmem2|       pointer|
|m_axi_gmem2_AWADDR            |  out|   64|       m_axi|                                       gmem2|       pointer|
|m_axi_gmem2_AWID              |  out|    1|       m_axi|                                       gmem2|       pointer|
|m_axi_gmem2_AWLEN             |  out|   32|       m_axi|                                       gmem2|       pointer|
|m_axi_gmem2_AWSIZE            |  out|    3|       m_axi|                                       gmem2|       pointer|
|m_axi_gmem2_AWBURST           |  out|    2|       m_axi|                                       gmem2|       pointer|
|m_axi_gmem2_AWLOCK            |  out|    2|       m_axi|                                       gmem2|       pointer|
|m_axi_gmem2_AWCACHE           |  out|    4|       m_axi|                                       gmem2|       pointer|
|m_axi_gmem2_AWPROT            |  out|    3|       m_axi|                                       gmem2|       pointer|
|m_axi_gmem2_AWQOS             |  out|    4|       m_axi|                                       gmem2|       pointer|
|m_axi_gmem2_AWREGION          |  out|    4|       m_axi|                                       gmem2|       pointer|
|m_axi_gmem2_AWUSER            |  out|    1|       m_axi|                                       gmem2|       pointer|
|m_axi_gmem2_WVALID            |  out|    1|       m_axi|                                       gmem2|       pointer|
|m_axi_gmem2_WREADY            |   in|    1|       m_axi|                                       gmem2|       pointer|
|m_axi_gmem2_WDATA             |  out|   32|       m_axi|                                       gmem2|       pointer|
|m_axi_gmem2_WSTRB             |  out|    4|       m_axi|                                       gmem2|       pointer|
|m_axi_gmem2_WLAST             |  out|    1|       m_axi|                                       gmem2|       pointer|
|m_axi_gmem2_WID               |  out|    1|       m_axi|                                       gmem2|       pointer|
|m_axi_gmem2_WUSER             |  out|    1|       m_axi|                                       gmem2|       pointer|
|m_axi_gmem2_ARVALID           |  out|    1|       m_axi|                                       gmem2|       pointer|
|m_axi_gmem2_ARREADY           |   in|    1|       m_axi|                                       gmem2|       pointer|
|m_axi_gmem2_ARADDR            |  out|   64|       m_axi|                                       gmem2|       pointer|
|m_axi_gmem2_ARID              |  out|    1|       m_axi|                                       gmem2|       pointer|
|m_axi_gmem2_ARLEN             |  out|   32|       m_axi|                                       gmem2|       pointer|
|m_axi_gmem2_ARSIZE            |  out|    3|       m_axi|                                       gmem2|       pointer|
|m_axi_gmem2_ARBURST           |  out|    2|       m_axi|                                       gmem2|       pointer|
|m_axi_gmem2_ARLOCK            |  out|    2|       m_axi|                                       gmem2|       pointer|
|m_axi_gmem2_ARCACHE           |  out|    4|       m_axi|                                       gmem2|       pointer|
|m_axi_gmem2_ARPROT            |  out|    3|       m_axi|                                       gmem2|       pointer|
|m_axi_gmem2_ARQOS             |  out|    4|       m_axi|                                       gmem2|       pointer|
|m_axi_gmem2_ARREGION          |  out|    4|       m_axi|                                       gmem2|       pointer|
|m_axi_gmem2_ARUSER            |  out|    1|       m_axi|                                       gmem2|       pointer|
|m_axi_gmem2_RVALID            |   in|    1|       m_axi|                                       gmem2|       pointer|
|m_axi_gmem2_RREADY            |  out|    1|       m_axi|                                       gmem2|       pointer|
|m_axi_gmem2_RDATA             |   in|   32|       m_axi|                                       gmem2|       pointer|
|m_axi_gmem2_RLAST             |   in|    1|       m_axi|                                       gmem2|       pointer|
|m_axi_gmem2_RID               |   in|    1|       m_axi|                                       gmem2|       pointer|
|m_axi_gmem2_RFIFONUM          |   in|    9|       m_axi|                                       gmem2|       pointer|
|m_axi_gmem2_RUSER             |   in|    1|       m_axi|                                       gmem2|       pointer|
|m_axi_gmem2_RRESP             |   in|    2|       m_axi|                                       gmem2|       pointer|
|m_axi_gmem2_BVALID            |   in|    1|       m_axi|                                       gmem2|       pointer|
|m_axi_gmem2_BREADY            |  out|    1|       m_axi|                                       gmem2|       pointer|
|m_axi_gmem2_BRESP             |   in|    2|       m_axi|                                       gmem2|       pointer|
|m_axi_gmem2_BID               |   in|    1|       m_axi|                                       gmem2|       pointer|
|m_axi_gmem2_BUSER             |   in|    1|       m_axi|                                       gmem2|       pointer|
|m_axi_gmem1_AWVALID           |  out|    1|       m_axi|                                       gmem1|       pointer|
|m_axi_gmem1_AWREADY           |   in|    1|       m_axi|                                       gmem1|       pointer|
|m_axi_gmem1_AWADDR            |  out|   64|       m_axi|                                       gmem1|       pointer|
|m_axi_gmem1_AWID              |  out|    1|       m_axi|                                       gmem1|       pointer|
|m_axi_gmem1_AWLEN             |  out|   32|       m_axi|                                       gmem1|       pointer|
|m_axi_gmem1_AWSIZE            |  out|    3|       m_axi|                                       gmem1|       pointer|
|m_axi_gmem1_AWBURST           |  out|    2|       m_axi|                                       gmem1|       pointer|
|m_axi_gmem1_AWLOCK            |  out|    2|       m_axi|                                       gmem1|       pointer|
|m_axi_gmem1_AWCACHE           |  out|    4|       m_axi|                                       gmem1|       pointer|
|m_axi_gmem1_AWPROT            |  out|    3|       m_axi|                                       gmem1|       pointer|
|m_axi_gmem1_AWQOS             |  out|    4|       m_axi|                                       gmem1|       pointer|
|m_axi_gmem1_AWREGION          |  out|    4|       m_axi|                                       gmem1|       pointer|
|m_axi_gmem1_AWUSER            |  out|    1|       m_axi|                                       gmem1|       pointer|
|m_axi_gmem1_WVALID            |  out|    1|       m_axi|                                       gmem1|       pointer|
|m_axi_gmem1_WREADY            |   in|    1|       m_axi|                                       gmem1|       pointer|
|m_axi_gmem1_WDATA             |  out|   32|       m_axi|                                       gmem1|       pointer|
|m_axi_gmem1_WSTRB             |  out|    4|       m_axi|                                       gmem1|       pointer|
|m_axi_gmem1_WLAST             |  out|    1|       m_axi|                                       gmem1|       pointer|
|m_axi_gmem1_WID               |  out|    1|       m_axi|                                       gmem1|       pointer|
|m_axi_gmem1_WUSER             |  out|    1|       m_axi|                                       gmem1|       pointer|
|m_axi_gmem1_ARVALID           |  out|    1|       m_axi|                                       gmem1|       pointer|
|m_axi_gmem1_ARREADY           |   in|    1|       m_axi|                                       gmem1|       pointer|
|m_axi_gmem1_ARADDR            |  out|   64|       m_axi|                                       gmem1|       pointer|
|m_axi_gmem1_ARID              |  out|    1|       m_axi|                                       gmem1|       pointer|
|m_axi_gmem1_ARLEN             |  out|   32|       m_axi|                                       gmem1|       pointer|
|m_axi_gmem1_ARSIZE            |  out|    3|       m_axi|                                       gmem1|       pointer|
|m_axi_gmem1_ARBURST           |  out|    2|       m_axi|                                       gmem1|       pointer|
|m_axi_gmem1_ARLOCK            |  out|    2|       m_axi|                                       gmem1|       pointer|
|m_axi_gmem1_ARCACHE           |  out|    4|       m_axi|                                       gmem1|       pointer|
|m_axi_gmem1_ARPROT            |  out|    3|       m_axi|                                       gmem1|       pointer|
|m_axi_gmem1_ARQOS             |  out|    4|       m_axi|                                       gmem1|       pointer|
|m_axi_gmem1_ARREGION          |  out|    4|       m_axi|                                       gmem1|       pointer|
|m_axi_gmem1_ARUSER            |  out|    1|       m_axi|                                       gmem1|       pointer|
|m_axi_gmem1_RVALID            |   in|    1|       m_axi|                                       gmem1|       pointer|
|m_axi_gmem1_RREADY            |  out|    1|       m_axi|                                       gmem1|       pointer|
|m_axi_gmem1_RDATA             |   in|   32|       m_axi|                                       gmem1|       pointer|
|m_axi_gmem1_RLAST             |   in|    1|       m_axi|                                       gmem1|       pointer|
|m_axi_gmem1_RID               |   in|    1|       m_axi|                                       gmem1|       pointer|
|m_axi_gmem1_RFIFONUM          |   in|    9|       m_axi|                                       gmem1|       pointer|
|m_axi_gmem1_RUSER             |   in|    1|       m_axi|                                       gmem1|       pointer|
|m_axi_gmem1_RRESP             |   in|    2|       m_axi|                                       gmem1|       pointer|
|m_axi_gmem1_BVALID            |   in|    1|       m_axi|                                       gmem1|       pointer|
|m_axi_gmem1_BREADY            |  out|    1|       m_axi|                                       gmem1|       pointer|
|m_axi_gmem1_BRESP             |   in|    2|       m_axi|                                       gmem1|       pointer|
|m_axi_gmem1_BID               |   in|    1|       m_axi|                                       gmem1|       pointer|
|m_axi_gmem1_BUSER             |   in|    1|       m_axi|                                       gmem1|       pointer|
|seen_v_3_reload               |   in|    1|     ap_none|                             seen_v_3_reload|        scalar|
|seen_v_2_reload               |   in|    1|     ap_none|                             seen_v_2_reload|        scalar|
|seen_v_1_reload               |   in|    1|     ap_none|                             seen_v_1_reload|        scalar|
|seen_v_reload                 |   in|    1|     ap_none|                               seen_v_reload|        scalar|
|pointer                       |   in|   32|     ap_none|                                     pointer|        scalar|
|nnz                           |   in|   32|     ap_none|                                         nnz|        scalar|
|a_val                         |   in|   64|     ap_none|                                       a_val|        scalar|
|col_idx                       |   in|   64|     ap_none|                                     col_idx|        scalar|
|pkt_ref_3_088_out             |  out|    1|      ap_vld|                           pkt_ref_3_088_out|       pointer|
|pkt_ref_3_088_out_ap_vld      |  out|    1|      ap_vld|                           pkt_ref_3_088_out|       pointer|
|pkt_ref_2_087_out             |  out|    1|      ap_vld|                           pkt_ref_2_087_out|       pointer|
|pkt_ref_2_087_out_ap_vld      |  out|    1|      ap_vld|                           pkt_ref_2_087_out|       pointer|
|pkt_ref_1_086_out             |  out|    1|      ap_vld|                           pkt_ref_1_086_out|       pointer|
|pkt_ref_1_086_out_ap_vld      |  out|    1|      ap_vld|                           pkt_ref_1_086_out|       pointer|
|pkt_ref_0_085_out             |  out|    1|      ap_vld|                           pkt_ref_0_085_out|       pointer|
|pkt_ref_0_085_out_ap_vld      |  out|    1|      ap_vld|                           pkt_ref_0_085_out|       pointer|
|pkt_v_y_3_084_out             |  out|   32|      ap_vld|                           pkt_v_y_3_084_out|       pointer|
|pkt_v_y_3_084_out_ap_vld      |  out|    1|      ap_vld|                           pkt_v_y_3_084_out|       pointer|
|pkt_v_y_2_083_out             |  out|   32|      ap_vld|                           pkt_v_y_2_083_out|       pointer|
|pkt_v_y_2_083_out_ap_vld      |  out|    1|      ap_vld|                           pkt_v_y_2_083_out|       pointer|
|pkt_v_y_1_082_out             |  out|   32|      ap_vld|                           pkt_v_y_1_082_out|       pointer|
|pkt_v_y_1_082_out_ap_vld      |  out|    1|      ap_vld|                           pkt_v_y_1_082_out|       pointer|
|pkt_v_y_0_081_out             |  out|   32|      ap_vld|                           pkt_v_y_0_081_out|       pointer|
|pkt_v_y_0_081_out_ap_vld      |  out|    1|      ap_vld|                           pkt_v_y_0_081_out|       pointer|
|pkt_v_value_3_080_out         |  out|   32|      ap_vld|                       pkt_v_value_3_080_out|       pointer|
|pkt_v_value_3_080_out_ap_vld  |  out|    1|      ap_vld|                       pkt_v_value_3_080_out|       pointer|
|pkt_v_value_2_079_out         |  out|   32|      ap_vld|                       pkt_v_value_2_079_out|       pointer|
|pkt_v_value_2_079_out_ap_vld  |  out|    1|      ap_vld|                       pkt_v_value_2_079_out|       pointer|
|pkt_v_value_1_078_out         |  out|   32|      ap_vld|                       pkt_v_value_1_078_out|       pointer|
|pkt_v_value_1_078_out_ap_vld  |  out|    1|      ap_vld|                       pkt_v_value_1_078_out|       pointer|
|pkt_v_value_0_077_out         |  out|   32|      ap_vld|                       pkt_v_value_0_077_out|       pointer|
|pkt_v_value_0_077_out_ap_vld  |  out|    1|      ap_vld|                       pkt_v_value_0_077_out|       pointer|
+------------------------------+-----+-----+------------+--------------------------------------------+--------------+

