Mon Sep  1 13:37:39 2025: Running xcd server. This server was built by gradle.
Mon Sep  1 13:37:39 2025: Server was asked to start on port: '46009'
Mon Sep  1 13:37:39 2025: Server is using token UUID: '29b7d54a-5dff-407b-9101-15bfeb85fb3b'
Mon Sep  1 13:37:39 2025: SESSION_MGR: creating session with session uuid: '6d04a3e9-ade5-4ab9-8d63-1f78fcd2ec76' and name 'default'
Mon Sep  1 13:37:39 2025: Attempting to start server on port '46009'
Mon Sep  1 13:37:39 2025: XCD main fifo: created main fifo '/tmp/xcdmain29b7d54a-5dff-407b-9101-15bfeb85fb3b', fd read = 13
Mon Sep  1 13:37:39 2025: Running Dispatch Server
Mon Sep  1 13:37:39 2025: Version 2.2.0
Mon Sep  1 13:37:48 2025: Dispatch Server: Accepted socket connection from client
Mon Sep  1 13:37:48 2025: Starting Socket connection
Mon Sep  1 13:37:48 2025: EXCHANGE_TOKEN received, server token: 29b7d54a-5dff-407b-9101-15bfeb85fb3b, passed token: 29b7d54a-5dff-407b-9101-15bfeb85fb3b
Mon Sep  1 13:37:48 2025: SESSION_MGR: creating session with session uuid: '3cdf0561-c518-4e28-aa86-a8e0a9a0ba71' and name 'vitis_hls'
Mon Sep  1 13:37:48 2025: KERNEL_SVC: creating session with uuid: '3cdf0561-c518-4e28-aa86-a8e0a9a0ba71' and name 'vitis_hls'
Mon Sep  1 13:37:48 2025: GUIDANCE_SMGR: creating guidance session with uuid: '3cdf0561-c518-4e28-aa86-a8e0a9a0ba71' and name 'vitis_hls'
Mon Sep  1 13:37:49 2025: STOP_SERVER received, server token: 29b7d54a-5dff-407b-9101-15bfeb85fb3b, passed token: 29b7d54a-5dff-407b-9101-15bfeb85fb3b
Mon Sep  1 13:37:49 2025: Socket received request to stop server.
Mon Sep  1 13:37:49 2025: Dispatch Server: do_await_stop
Mon Sep  1 13:37:49 2025: Dispatch Server: stopping mainFifo_
Mon Sep  1 13:37:49 2025: XCD main fifo: Stopping
Mon Sep  1 13:37:49 2025: XCD main fifo: do_read error code: Operation canceled
Mon Sep  1 13:37:49 2025: XCD main fifo: bytes_transferred: 0
Mon Sep  1 13:37:49 2025: SERVER: destructor for server bound to port 46009
Mon Sep  1 13:37:49 2025: XCD main fifo: Good unlink of /tmp/xcdmain29b7d54a-5dff-407b-9101-15bfeb85fb3b
Mon Sep  1 13:37:49 2025: Server exiting with status 0.
Mon Sep  1 13:37:49 2025: Closing log file.
Mon Sep  1 13:43:09 2025: Running xcd server. This server was built by gradle.
Mon Sep  1 13:43:09 2025: Server was asked to start on port: '39219'
Mon Sep  1 13:43:09 2025: Server is using token UUID: 'da039f3d-3b1c-48a3-b529-fcc9bb86e71b'
Mon Sep  1 13:43:09 2025: SESSION_MGR: creating session with session uuid: '6d04a3e9-ade5-4ab9-8d63-1f78fcd2ec76' and name 'default'
Mon Sep  1 13:43:09 2025: Attempting to start server on port '39219'
Mon Sep  1 13:43:09 2025: XCD main fifo: created main fifo '/tmp/xcdmainda039f3d-3b1c-48a3-b529-fcc9bb86e71b', fd read = 13
Mon Sep  1 13:43:09 2025: Running Dispatch Server
Mon Sep  1 13:43:09 2025: Version 2.2.0
Mon Sep  1 13:43:17 2025: Dispatch Server: Accepted socket connection from client
Mon Sep  1 13:43:17 2025: Starting Socket connection
Mon Sep  1 13:43:17 2025: EXCHANGE_TOKEN received, server token: da039f3d-3b1c-48a3-b529-fcc9bb86e71b, passed token: da039f3d-3b1c-48a3-b529-fcc9bb86e71b
Mon Sep  1 13:43:17 2025: SESSION_MGR: creating session with session uuid: '9a873260-f083-4ae9-8897-9680d9e3a18a' and name 'vitis_hls'
Mon Sep  1 13:43:17 2025: KERNEL_SVC: creating session with uuid: '9a873260-f083-4ae9-8897-9680d9e3a18a' and name 'vitis_hls'
Mon Sep  1 13:43:17 2025: GUIDANCE_SMGR: creating guidance session with uuid: '9a873260-f083-4ae9-8897-9680d9e3a18a' and name 'vitis_hls'
Mon Sep  1 13:43:18 2025: STOP_SERVER received, server token: da039f3d-3b1c-48a3-b529-fcc9bb86e71b, passed token: da039f3d-3b1c-48a3-b529-fcc9bb86e71b
Mon Sep  1 13:43:18 2025: Socket received request to stop server.
Mon Sep  1 13:43:18 2025: Dispatch Server: do_await_stop
Mon Sep  1 13:43:18 2025: Dispatch Server: stopping mainFifo_
Mon Sep  1 13:43:18 2025: XCD main fifo: Stopping
Mon Sep  1 13:43:18 2025: XCD main fifo: do_read error code: Operation canceled
Mon Sep  1 13:43:18 2025: XCD main fifo: bytes_transferred: 0
Mon Sep  1 13:43:18 2025: SERVER: destructor for server bound to port 39219
Mon Sep  1 13:43:18 2025: XCD main fifo: Good unlink of /tmp/xcdmainda039f3d-3b1c-48a3-b529-fcc9bb86e71b
Mon Sep  1 13:43:18 2025: Server exiting with status 0.
Mon Sep  1 13:43:18 2025: Closing log file.
Mon Sep  1 13:43:46 2025: Running xcd server. This server was built by gradle.
Mon Sep  1 13:43:46 2025: Server was asked to start on port: '37105'
Mon Sep  1 13:43:46 2025: Server is using token UUID: '3f8f1943-9bdc-47f4-8987-b0239f5ffc9c'
Mon Sep  1 13:43:46 2025: SESSION_MGR: creating session with session uuid: '6d04a3e9-ade5-4ab9-8d63-1f78fcd2ec76' and name 'default'
Mon Sep  1 13:43:46 2025: Attempting to start server on port '37105'
Mon Sep  1 13:43:46 2025: XCD main fifo: created main fifo '/tmp/xcdmain3f8f1943-9bdc-47f4-8987-b0239f5ffc9c', fd read = 13
Mon Sep  1 13:43:46 2025: Running Dispatch Server
Mon Sep  1 13:43:46 2025: Version 2.2.0
Mon Sep  1 13:43:54 2025: Dispatch Server: Accepted socket connection from client
Mon Sep  1 13:43:54 2025: Starting Socket connection
Mon Sep  1 13:43:54 2025: EXCHANGE_TOKEN received, server token: 3f8f1943-9bdc-47f4-8987-b0239f5ffc9c, passed token: 3f8f1943-9bdc-47f4-8987-b0239f5ffc9c
Mon Sep  1 13:43:54 2025: SESSION_MGR: creating session with session uuid: '4abc36f2-51d2-4b4b-8843-09e8606e7cb1' and name 'vitis_hls'
Mon Sep  1 13:43:54 2025: KERNEL_SVC: creating session with uuid: '4abc36f2-51d2-4b4b-8843-09e8606e7cb1' and name 'vitis_hls'
Mon Sep  1 13:43:54 2025: GUIDANCE_SMGR: creating guidance session with uuid: '4abc36f2-51d2-4b4b-8843-09e8606e7cb1' and name 'vitis_hls'
Mon Sep  1 13:43:55 2025: STOP_SERVER received, server token: 3f8f1943-9bdc-47f4-8987-b0239f5ffc9c, passed token: 3f8f1943-9bdc-47f4-8987-b0239f5ffc9c
Mon Sep  1 13:43:55 2025: Socket received request to stop server.
Mon Sep  1 13:43:55 2025: Dispatch Server: do_await_stop
Mon Sep  1 13:43:55 2025: Dispatch Server: stopping mainFifo_
Mon Sep  1 13:43:55 2025: XCD main fifo: Stopping
Mon Sep  1 13:43:55 2025: XCD main fifo: do_read error code: Operation canceled
Mon Sep  1 13:43:55 2025: XCD main fifo: bytes_transferred: 0
Mon Sep  1 13:43:55 2025: SERVER: destructor for server bound to port 37105
Mon Sep  1 13:43:55 2025: XCD main fifo: Good unlink of /tmp/xcdmain3f8f1943-9bdc-47f4-8987-b0239f5ffc9c
Mon Sep  1 13:43:55 2025: Server exiting with status 0.
Mon Sep  1 13:43:55 2025: Closing log file.
Mon Sep  1 13:44:58 2025: Running xcd server. This server was built by gradle.
Mon Sep  1 13:44:58 2025: Server was asked to start on port: '38597'
Mon Sep  1 13:44:58 2025: Server is using token UUID: 'a9739a08-6b58-43ba-aa4a-c2bedf62ca34'
Mon Sep  1 13:44:58 2025: SESSION_MGR: creating session with session uuid: '6d04a3e9-ade5-4ab9-8d63-1f78fcd2ec76' and name 'default'
Mon Sep  1 13:44:58 2025: Attempting to start server on port '38597'
Mon Sep  1 13:44:58 2025: XCD main fifo: created main fifo '/tmp/xcdmaina9739a08-6b58-43ba-aa4a-c2bedf62ca34', fd read = 13
Mon Sep  1 13:44:58 2025: Running Dispatch Server
Mon Sep  1 13:44:58 2025: Version 2.2.0
Mon Sep  1 13:45:06 2025: Dispatch Server: Accepted socket connection from client
Mon Sep  1 13:45:06 2025: Starting Socket connection
Mon Sep  1 13:45:06 2025: EXCHANGE_TOKEN received, server token: a9739a08-6b58-43ba-aa4a-c2bedf62ca34, passed token: a9739a08-6b58-43ba-aa4a-c2bedf62ca34
Mon Sep  1 13:45:06 2025: SESSION_MGR: creating session with session uuid: '5dcbabfd-6f24-47d3-a64b-5cabf27667f7' and name 'vitis_hls'
Mon Sep  1 13:45:06 2025: KERNEL_SVC: creating session with uuid: '5dcbabfd-6f24-47d3-a64b-5cabf27667f7' and name 'vitis_hls'
Mon Sep  1 13:45:06 2025: GUIDANCE_SMGR: creating guidance session with uuid: '5dcbabfd-6f24-47d3-a64b-5cabf27667f7' and name 'vitis_hls'
Mon Sep  1 13:45:07 2025: STOP_SERVER received, server token: a9739a08-6b58-43ba-aa4a-c2bedf62ca34, passed token: a9739a08-6b58-43ba-aa4a-c2bedf62ca34
Mon Sep  1 13:45:07 2025: Socket received request to stop server.
Mon Sep  1 13:45:07 2025: Dispatch Server: do_await_stop
Mon Sep  1 13:45:07 2025: Dispatch Server: stopping mainFifo_
Mon Sep  1 13:45:07 2025: XCD main fifo: Stopping
Mon Sep  1 13:45:07 2025: XCD main fifo: do_read error code: Operation canceled
Mon Sep  1 13:45:07 2025: XCD main fifo: bytes_transferred: 0
Mon Sep  1 13:45:07 2025: SERVER: destructor for server bound to port 38597
Mon Sep  1 13:45:07 2025: XCD main fifo: Good unlink of /tmp/xcdmaina9739a08-6b58-43ba-aa4a-c2bedf62ca34
Mon Sep  1 13:45:07 2025: Server exiting with status 0.
Mon Sep  1 13:45:07 2025: Closing log file.
Mon Sep  1 13:45:44 2025: Running xcd server. This server was built by gradle.
Mon Sep  1 13:45:44 2025: Server was asked to start on port: '36335'
Mon Sep  1 13:45:44 2025: Server is using token UUID: 'fafb278b-8eae-42d7-8b7a-c107e8073b84'
Mon Sep  1 13:45:44 2025: SESSION_MGR: creating session with session uuid: '6d04a3e9-ade5-4ab9-8d63-1f78fcd2ec76' and name 'default'
Mon Sep  1 13:45:44 2025: Attempting to start server on port '36335'
Mon Sep  1 13:45:44 2025: XCD main fifo: created main fifo '/tmp/xcdmainfafb278b-8eae-42d7-8b7a-c107e8073b84', fd read = 13
Mon Sep  1 13:45:44 2025: Running Dispatch Server
Mon Sep  1 13:45:44 2025: Version 2.2.0
Mon Sep  1 13:45:52 2025: Dispatch Server: Accepted socket connection from client
Mon Sep  1 13:45:52 2025: Starting Socket connection
Mon Sep  1 13:45:52 2025: EXCHANGE_TOKEN received, server token: fafb278b-8eae-42d7-8b7a-c107e8073b84, passed token: fafb278b-8eae-42d7-8b7a-c107e8073b84
Mon Sep  1 13:45:52 2025: SESSION_MGR: creating session with session uuid: 'e1184156-4bdc-469b-8fde-3aee5230e75b' and name 'vitis_hls'
Mon Sep  1 13:45:52 2025: KERNEL_SVC: creating session with uuid: 'e1184156-4bdc-469b-8fde-3aee5230e75b' and name 'vitis_hls'
Mon Sep  1 13:45:52 2025: GUIDANCE_SMGR: creating guidance session with uuid: 'e1184156-4bdc-469b-8fde-3aee5230e75b' and name 'vitis_hls'
Mon Sep  1 13:45:53 2025: STOP_SERVER received, server token: fafb278b-8eae-42d7-8b7a-c107e8073b84, passed token: fafb278b-8eae-42d7-8b7a-c107e8073b84
Mon Sep  1 13:45:53 2025: Socket received request to stop server.
Mon Sep  1 13:45:53 2025: Dispatch Server: do_await_stop
Mon Sep  1 13:45:53 2025: Dispatch Server: stopping mainFifo_
Mon Sep  1 13:45:53 2025: XCD main fifo: Stopping
Mon Sep  1 13:45:53 2025: XCD main fifo: do_read error code: Operation canceled
Mon Sep  1 13:45:53 2025: XCD main fifo: bytes_transferred: 0
Mon Sep  1 13:45:53 2025: SERVER: destructor for server bound to port 36335
Mon Sep  1 13:45:53 2025: XCD main fifo: Good unlink of /tmp/xcdmainfafb278b-8eae-42d7-8b7a-c107e8073b84
Mon Sep  1 13:45:53 2025: Server exiting with status 0.
Mon Sep  1 13:45:53 2025: Closing log file.
Mon Sep  1 13:49:17 2025: Running xcd server. This server was built by gradle.
Mon Sep  1 13:49:17 2025: Server was asked to start on port: '45041'
Mon Sep  1 13:49:17 2025: Server is using token UUID: 'b698800e-98ed-4f4d-9087-e86dabacd1ac'
Mon Sep  1 13:49:17 2025: SESSION_MGR: creating session with session uuid: '6d04a3e9-ade5-4ab9-8d63-1f78fcd2ec76' and name 'default'
Mon Sep  1 13:49:17 2025: Attempting to start server on port '45041'
Mon Sep  1 13:49:17 2025: XCD main fifo: created main fifo '/tmp/xcdmainb698800e-98ed-4f4d-9087-e86dabacd1ac', fd read = 13
Mon Sep  1 13:49:17 2025: Running Dispatch Server
Mon Sep  1 13:49:17 2025: Version 2.2.0
Mon Sep  1 13:49:26 2025: Dispatch Server: Accepted socket connection from client
Mon Sep  1 13:49:26 2025: Starting Socket connection
Mon Sep  1 13:49:26 2025: EXCHANGE_TOKEN received, server token: b698800e-98ed-4f4d-9087-e86dabacd1ac, passed token: b698800e-98ed-4f4d-9087-e86dabacd1ac
Mon Sep  1 13:49:26 2025: SESSION_MGR: creating session with session uuid: 'ceb934d0-fcc3-411a-8c59-73084b40f765' and name 'vitis_hls'
Mon Sep  1 13:49:26 2025: KERNEL_SVC: creating session with uuid: 'ceb934d0-fcc3-411a-8c59-73084b40f765' and name 'vitis_hls'
Mon Sep  1 13:49:26 2025: GUIDANCE_SMGR: creating guidance session with uuid: 'ceb934d0-fcc3-411a-8c59-73084b40f765' and name 'vitis_hls'
Mon Sep  1 13:49:27 2025: STOP_SERVER received, server token: b698800e-98ed-4f4d-9087-e86dabacd1ac, passed token: b698800e-98ed-4f4d-9087-e86dabacd1ac
Mon Sep  1 13:49:27 2025: Socket received request to stop server.
Mon Sep  1 13:49:27 2025: Dispatch Server: do_await_stop
Mon Sep  1 13:49:27 2025: Dispatch Server: stopping mainFifo_
Mon Sep  1 13:49:27 2025: XCD main fifo: Stopping
Mon Sep  1 13:49:27 2025: XCD main fifo: do_read error code: Operation canceled
Mon Sep  1 13:49:27 2025: XCD main fifo: bytes_transferred: 0
Mon Sep  1 13:49:27 2025: SERVER: destructor for server bound to port 45041
Mon Sep  1 13:49:27 2025: XCD main fifo: Good unlink of /tmp/xcdmainb698800e-98ed-4f4d-9087-e86dabacd1ac
Mon Sep  1 13:49:27 2025: Server exiting with status 0.
Mon Sep  1 13:49:27 2025: Closing log file.
Mon Sep  1 13:53:14 2025: Running xcd server. This server was built by gradle.
Mon Sep  1 13:53:14 2025: Server was asked to start on port: '45315'
Mon Sep  1 13:53:14 2025: Server is using token UUID: 'c66d62de-021c-4a30-9d81-47d6621d5686'
Mon Sep  1 13:53:14 2025: SESSION_MGR: creating session with session uuid: '6d04a3e9-ade5-4ab9-8d63-1f78fcd2ec76' and name 'default'
Mon Sep  1 13:53:14 2025: Attempting to start server on port '45315'
Mon Sep  1 13:53:14 2025: XCD main fifo: created main fifo '/tmp/xcdmainc66d62de-021c-4a30-9d81-47d6621d5686', fd read = 13
Mon Sep  1 13:53:14 2025: Running Dispatch Server
Mon Sep  1 13:53:14 2025: Version 2.2.0
Mon Sep  1 13:53:23 2025: Dispatch Server: Accepted socket connection from client
Mon Sep  1 13:53:23 2025: Starting Socket connection
Mon Sep  1 13:53:23 2025: EXCHANGE_TOKEN received, server token: c66d62de-021c-4a30-9d81-47d6621d5686, passed token: c66d62de-021c-4a30-9d81-47d6621d5686
Mon Sep  1 13:53:23 2025: SESSION_MGR: creating session with session uuid: '8bdf032f-54f3-48c9-aaed-c62860e45ab2' and name 'vitis_hls'
Mon Sep  1 13:53:23 2025: KERNEL_SVC: creating session with uuid: '8bdf032f-54f3-48c9-aaed-c62860e45ab2' and name 'vitis_hls'
Mon Sep  1 13:53:23 2025: GUIDANCE_SMGR: creating guidance session with uuid: '8bdf032f-54f3-48c9-aaed-c62860e45ab2' and name 'vitis_hls'
Mon Sep  1 13:53:23 2025: STOP_SERVER received, server token: c66d62de-021c-4a30-9d81-47d6621d5686, passed token: c66d62de-021c-4a30-9d81-47d6621d5686
Mon Sep  1 13:53:23 2025: Socket received request to stop server.
Mon Sep  1 13:53:23 2025: Dispatch Server: do_await_stop
Mon Sep  1 13:53:23 2025: Dispatch Server: stopping mainFifo_
Mon Sep  1 13:53:23 2025: XCD main fifo: Stopping
Mon Sep  1 13:53:23 2025: XCD main fifo: do_read error code: Operation canceled
Mon Sep  1 13:53:23 2025: XCD main fifo: bytes_transferred: 0
Mon Sep  1 13:53:23 2025: SERVER: destructor for server bound to port 45315
Mon Sep  1 13:53:23 2025: XCD main fifo: Good unlink of /tmp/xcdmainc66d62de-021c-4a30-9d81-47d6621d5686
Mon Sep  1 13:53:23 2025: Server exiting with status 0.
Mon Sep  1 13:53:23 2025: Closing log file.
Mon Sep  1 13:54:13 2025: Running xcd server. This server was built by gradle.
Mon Sep  1 13:54:13 2025: Server was asked to start on port: '38551'
Mon Sep  1 13:54:13 2025: Server is using token UUID: '71f0eb4a-67ad-48cb-bd8b-615d6fb8aa20'
Mon Sep  1 13:54:13 2025: SESSION_MGR: creating session with session uuid: '6d04a3e9-ade5-4ab9-8d63-1f78fcd2ec76' and name 'default'
Mon Sep  1 13:54:13 2025: Attempting to start server on port '38551'
Mon Sep  1 13:54:13 2025: XCD main fifo: created main fifo '/tmp/xcdmain71f0eb4a-67ad-48cb-bd8b-615d6fb8aa20', fd read = 13
Mon Sep  1 13:54:13 2025: Running Dispatch Server
Mon Sep  1 13:54:13 2025: Version 2.2.0
Mon Sep  1 13:54:21 2025: Dispatch Server: Accepted socket connection from client
Mon Sep  1 13:54:21 2025: Starting Socket connection
Mon Sep  1 13:54:21 2025: EXCHANGE_TOKEN received, server token: 71f0eb4a-67ad-48cb-bd8b-615d6fb8aa20, passed token: 71f0eb4a-67ad-48cb-bd8b-615d6fb8aa20
Mon Sep  1 13:54:21 2025: SESSION_MGR: creating session with session uuid: '66549d84-41a2-4e46-a8d1-ebc643b0d28b' and name 'vitis_hls'
Mon Sep  1 13:54:21 2025: KERNEL_SVC: creating session with uuid: '66549d84-41a2-4e46-a8d1-ebc643b0d28b' and name 'vitis_hls'
Mon Sep  1 13:54:21 2025: GUIDANCE_SMGR: creating guidance session with uuid: '66549d84-41a2-4e46-a8d1-ebc643b0d28b' and name 'vitis_hls'
Mon Sep  1 13:54:22 2025: STOP_SERVER received, server token: 71f0eb4a-67ad-48cb-bd8b-615d6fb8aa20, passed token: 71f0eb4a-67ad-48cb-bd8b-615d6fb8aa20
Mon Sep  1 13:54:22 2025: Socket received request to stop server.
Mon Sep  1 13:54:22 2025: Dispatch Server: do_await_stop
Mon Sep  1 13:54:22 2025: Dispatch Server: stopping mainFifo_
Mon Sep  1 13:54:22 2025: XCD main fifo: Stopping
Mon Sep  1 13:54:22 2025: XCD main fifo: do_read error code: Operation canceled
Mon Sep  1 13:54:22 2025: XCD main fifo: bytes_transferred: 0
Mon Sep  1 13:54:22 2025: SERVER: destructor for server bound to port 38551
Mon Sep  1 13:54:22 2025: XCD main fifo: Good unlink of /tmp/xcdmain71f0eb4a-67ad-48cb-bd8b-615d6fb8aa20
Mon Sep  1 13:54:22 2025: Server exiting with status 0.
Mon Sep  1 13:54:22 2025: Closing log file.
Mon Sep  1 13:55:40 2025: Running xcd server. This server was built by gradle.
Mon Sep  1 13:55:40 2025: Server was asked to start on port: '44681'
Mon Sep  1 13:55:40 2025: Server is using token UUID: '52b68719-8cb9-48cf-ac75-b0a67bc96ce6'
Mon Sep  1 13:55:40 2025: SESSION_MGR: creating session with session uuid: '6d04a3e9-ade5-4ab9-8d63-1f78fcd2ec76' and name 'default'
Mon Sep  1 13:55:40 2025: Attempting to start server on port '44681'
Mon Sep  1 13:55:40 2025: XCD main fifo: created main fifo '/tmp/xcdmain52b68719-8cb9-48cf-ac75-b0a67bc96ce6', fd read = 13
Mon Sep  1 13:55:40 2025: Running Dispatch Server
Mon Sep  1 13:55:40 2025: Version 2.2.0
Mon Sep  1 13:55:48 2025: Dispatch Server: Accepted socket connection from client
Mon Sep  1 13:55:48 2025: Starting Socket connection
Mon Sep  1 13:55:48 2025: EXCHANGE_TOKEN received, server token: 52b68719-8cb9-48cf-ac75-b0a67bc96ce6, passed token: 52b68719-8cb9-48cf-ac75-b0a67bc96ce6
Mon Sep  1 13:55:48 2025: SESSION_MGR: creating session with session uuid: '876aada5-05b6-4f63-824a-b716e78d6356' and name 'vitis_hls'
Mon Sep  1 13:55:48 2025: KERNEL_SVC: creating session with uuid: '876aada5-05b6-4f63-824a-b716e78d6356' and name 'vitis_hls'
Mon Sep  1 13:55:48 2025: GUIDANCE_SMGR: creating guidance session with uuid: '876aada5-05b6-4f63-824a-b716e78d6356' and name 'vitis_hls'
Mon Sep  1 13:56:04 2025: STOP_SERVER received, server token: 52b68719-8cb9-48cf-ac75-b0a67bc96ce6, passed token: 52b68719-8cb9-48cf-ac75-b0a67bc96ce6
Mon Sep  1 13:56:04 2025: Socket received request to stop server.
Mon Sep  1 13:56:04 2025: Dispatch Server: do_await_stop
Mon Sep  1 13:56:04 2025: Dispatch Server: stopping mainFifo_
Mon Sep  1 13:56:04 2025: XCD main fifo: Stopping
Mon Sep  1 13:56:04 2025: XCD main fifo: do_read error code: Operation canceled
Mon Sep  1 13:56:04 2025: XCD main fifo: bytes_transferred: 0
Mon Sep  1 13:56:04 2025: SERVER: destructor for server bound to port 44681
Mon Sep  1 13:56:04 2025: XCD main fifo: Good unlink of /tmp/xcdmain52b68719-8cb9-48cf-ac75-b0a67bc96ce6
Mon Sep  1 13:56:04 2025: Server exiting with status 0.
Mon Sep  1 13:56:04 2025: Closing log file.
Mon Sep  1 13:58:14 2025: Running xcd server. This server was built by gradle.
Mon Sep  1 13:58:14 2025: Server was asked to start on port: '32799'
Mon Sep  1 13:58:14 2025: Server is using token UUID: '56a627ca-e3d6-4c4e-a488-6fafc3e14823'
Mon Sep  1 13:58:14 2025: SESSION_MGR: creating session with session uuid: '6d04a3e9-ade5-4ab9-8d63-1f78fcd2ec76' and name 'default'
Mon Sep  1 13:58:14 2025: Attempting to start server on port '32799'
Mon Sep  1 13:58:14 2025: XCD main fifo: created main fifo '/tmp/xcdmain56a627ca-e3d6-4c4e-a488-6fafc3e14823', fd read = 13
Mon Sep  1 13:58:14 2025: Running Dispatch Server
Mon Sep  1 13:58:14 2025: Version 2.2.0
Mon Sep  1 13:58:22 2025: Dispatch Server: Accepted socket connection from client
Mon Sep  1 13:58:22 2025: Starting Socket connection
Mon Sep  1 13:58:22 2025: EXCHANGE_TOKEN received, server token: 56a627ca-e3d6-4c4e-a488-6fafc3e14823, passed token: 56a627ca-e3d6-4c4e-a488-6fafc3e14823
Mon Sep  1 13:58:22 2025: SESSION_MGR: creating session with session uuid: '7c3e22cf-059e-40aa-acc0-f43380ec760e' and name 'vitis_hls'
Mon Sep  1 13:58:22 2025: KERNEL_SVC: creating session with uuid: '7c3e22cf-059e-40aa-acc0-f43380ec760e' and name 'vitis_hls'
Mon Sep  1 13:58:22 2025: GUIDANCE_SMGR: creating guidance session with uuid: '7c3e22cf-059e-40aa-acc0-f43380ec760e' and name 'vitis_hls'
Mon Sep  1 13:58:36 2025: STOP_SERVER received, server token: 56a627ca-e3d6-4c4e-a488-6fafc3e14823, passed token: 56a627ca-e3d6-4c4e-a488-6fafc3e14823
Mon Sep  1 13:58:36 2025: Socket received request to stop server.
Mon Sep  1 13:58:36 2025: Dispatch Server: do_await_stop
Mon Sep  1 13:58:36 2025: Dispatch Server: stopping mainFifo_
Mon Sep  1 13:58:36 2025: XCD main fifo: Stopping
Mon Sep  1 13:58:36 2025: XCD main fifo: do_read error code: Operation canceled
Mon Sep  1 13:58:36 2025: XCD main fifo: bytes_transferred: 0
Mon Sep  1 13:58:36 2025: SERVER: destructor for server bound to port 32799
Mon Sep  1 13:58:36 2025: XCD main fifo: Good unlink of /tmp/xcdmain56a627ca-e3d6-4c4e-a488-6fafc3e14823
Mon Sep  1 13:58:36 2025: Server exiting with status 0.
Mon Sep  1 13:58:36 2025: Closing log file.
Mon Sep  1 14:02:39 2025: Running xcd server. This server was built by gradle.
Mon Sep  1 14:02:39 2025: Server was asked to start on port: '42051'
Mon Sep  1 14:02:39 2025: Server is using token UUID: '1f4702a8-55bd-4dbf-9626-e7edc12b1c92'
Mon Sep  1 14:02:39 2025: SESSION_MGR: creating session with session uuid: '6d04a3e9-ade5-4ab9-8d63-1f78fcd2ec76' and name 'default'
Mon Sep  1 14:02:39 2025: Attempting to start server on port '42051'
Mon Sep  1 14:02:39 2025: XCD main fifo: created main fifo '/tmp/xcdmain1f4702a8-55bd-4dbf-9626-e7edc12b1c92', fd read = 13
Mon Sep  1 14:02:39 2025: Running Dispatch Server
Mon Sep  1 14:02:39 2025: Version 2.2.0
Mon Sep  1 14:02:47 2025: Dispatch Server: Accepted socket connection from client
Mon Sep  1 14:02:47 2025: Starting Socket connection
Mon Sep  1 14:02:47 2025: EXCHANGE_TOKEN received, server token: 1f4702a8-55bd-4dbf-9626-e7edc12b1c92, passed token: 1f4702a8-55bd-4dbf-9626-e7edc12b1c92
Mon Sep  1 14:02:47 2025: SESSION_MGR: creating session with session uuid: 'e23d3d95-736f-4938-ae2e-46898d702d71' and name 'vitis_hls'
Mon Sep  1 14:02:47 2025: KERNEL_SVC: creating session with uuid: 'e23d3d95-736f-4938-ae2e-46898d702d71' and name 'vitis_hls'
Mon Sep  1 14:02:47 2025: GUIDANCE_SMGR: creating guidance session with uuid: 'e23d3d95-736f-4938-ae2e-46898d702d71' and name 'vitis_hls'
Mon Sep  1 14:02:55 2025: STOP_SERVER received, server token: 1f4702a8-55bd-4dbf-9626-e7edc12b1c92, passed token: 1f4702a8-55bd-4dbf-9626-e7edc12b1c92
Mon Sep  1 14:02:55 2025: Socket received request to stop server.
Mon Sep  1 14:02:55 2025: Dispatch Server: do_await_stop
Mon Sep  1 14:02:55 2025: Dispatch Server: stopping mainFifo_
Mon Sep  1 14:02:55 2025: XCD main fifo: Stopping
Mon Sep  1 14:02:55 2025: XCD main fifo: do_read error code: Operation canceled
Mon Sep  1 14:02:55 2025: XCD main fifo: bytes_transferred: 0
Mon Sep  1 14:02:55 2025: SERVER: destructor for server bound to port 42051
Mon Sep  1 14:02:55 2025: XCD main fifo: Good unlink of /tmp/xcdmain1f4702a8-55bd-4dbf-9626-e7edc12b1c92
Mon Sep  1 14:02:55 2025: Server exiting with status 0.
Mon Sep  1 14:02:55 2025: Closing log file.
Mon Sep  1 14:03:08 2025: Running xcd server. This server was built by gradle.
Mon Sep  1 14:03:08 2025: Server was asked to start on port: '46241'
Mon Sep  1 14:03:08 2025: Server is using token UUID: 'f584dd65-fcad-48ec-8487-4f2e2171fb67'
Mon Sep  1 14:03:08 2025: SESSION_MGR: creating session with session uuid: '6d04a3e9-ade5-4ab9-8d63-1f78fcd2ec76' and name 'default'
Mon Sep  1 14:03:08 2025: Attempting to start server on port '46241'
Mon Sep  1 14:03:08 2025: XCD main fifo: created main fifo '/tmp/xcdmainf584dd65-fcad-48ec-8487-4f2e2171fb67', fd read = 13
Mon Sep  1 14:03:08 2025: Running Dispatch Server
Mon Sep  1 14:03:08 2025: Version 2.2.0
Mon Sep  1 14:03:17 2025: Dispatch Server: Accepted socket connection from client
Mon Sep  1 14:03:17 2025: Starting Socket connection
Mon Sep  1 14:03:17 2025: EXCHANGE_TOKEN received, server token: f584dd65-fcad-48ec-8487-4f2e2171fb67, passed token: f584dd65-fcad-48ec-8487-4f2e2171fb67
Mon Sep  1 14:03:17 2025: SESSION_MGR: creating session with session uuid: 'bc913b8c-30c5-4786-8236-0f616ff23be3' and name 'vitis_hls'
Mon Sep  1 14:03:17 2025: KERNEL_SVC: creating session with uuid: 'bc913b8c-30c5-4786-8236-0f616ff23be3' and name 'vitis_hls'
Mon Sep  1 14:03:17 2025: GUIDANCE_SMGR: creating guidance session with uuid: 'bc913b8c-30c5-4786-8236-0f616ff23be3' and name 'vitis_hls'
Mon Sep  1 14:03:32 2025: STOP_SERVER received, server token: f584dd65-fcad-48ec-8487-4f2e2171fb67, passed token: f584dd65-fcad-48ec-8487-4f2e2171fb67
Mon Sep  1 14:03:32 2025: Socket received request to stop server.
Mon Sep  1 14:03:32 2025: Dispatch Server: do_await_stop
Mon Sep  1 14:03:32 2025: Dispatch Server: stopping mainFifo_
Mon Sep  1 14:03:32 2025: XCD main fifo: Stopping
Mon Sep  1 14:03:32 2025: XCD main fifo: do_read error code: Operation canceled
Mon Sep  1 14:03:32 2025: XCD main fifo: bytes_transferred: 0
Mon Sep  1 14:03:32 2025: SERVER: destructor for server bound to port 46241
Mon Sep  1 14:03:32 2025: XCD main fifo: Good unlink of /tmp/xcdmainf584dd65-fcad-48ec-8487-4f2e2171fb67
Mon Sep  1 14:03:32 2025: Server exiting with status 0.
Mon Sep  1 14:03:32 2025: Closing log file.
Mon Sep  1 14:35:46 2025: Running xcd server. This server was built by gradle.
Mon Sep  1 14:35:46 2025: Server was asked to start on port: '40971'
Mon Sep  1 14:35:46 2025: Server is using token UUID: '99517abd-9977-4187-9fce-d77d437f204d'
Mon Sep  1 14:35:46 2025: SESSION_MGR: creating session with session uuid: '6d04a3e9-ade5-4ab9-8d63-1f78fcd2ec76' and name 'default'
Mon Sep  1 14:35:46 2025: Attempting to start server on port '40971'
Mon Sep  1 14:35:46 2025: XCD main fifo: created main fifo '/tmp/xcdmain99517abd-9977-4187-9fce-d77d437f204d', fd read = 13
Mon Sep  1 14:35:46 2025: Running Dispatch Server
Mon Sep  1 14:35:46 2025: Version 2.2.0
Mon Sep  1 14:35:55 2025: Dispatch Server: Accepted socket connection from client
Mon Sep  1 14:35:55 2025: Starting Socket connection
Mon Sep  1 14:35:55 2025: EXCHANGE_TOKEN received, server token: 99517abd-9977-4187-9fce-d77d437f204d, passed token: 99517abd-9977-4187-9fce-d77d437f204d
Mon Sep  1 14:35:55 2025: SESSION_MGR: creating session with session uuid: '95c654e4-5f09-431e-a555-5fd4d34c74c1' and name 'vitis_hls'
Mon Sep  1 14:35:55 2025: KERNEL_SVC: creating session with uuid: '95c654e4-5f09-431e-a555-5fd4d34c74c1' and name 'vitis_hls'
Mon Sep  1 14:35:55 2025: GUIDANCE_SMGR: creating guidance session with uuid: '95c654e4-5f09-431e-a555-5fd4d34c74c1' and name 'vitis_hls'
Mon Sep  1 14:36:10 2025: STOP_SERVER received, server token: 99517abd-9977-4187-9fce-d77d437f204d, passed token: 99517abd-9977-4187-9fce-d77d437f204d
Mon Sep  1 14:36:10 2025: Socket received request to stop server.
Mon Sep  1 14:36:10 2025: Dispatch Server: do_await_stop
Mon Sep  1 14:36:10 2025: Dispatch Server: stopping mainFifo_
Mon Sep  1 14:36:10 2025: XCD main fifo: Stopping
Mon Sep  1 14:36:10 2025: XCD main fifo: do_read error code: Operation canceled
Mon Sep  1 14:36:10 2025: XCD main fifo: bytes_transferred: 0
Mon Sep  1 14:36:10 2025: SERVER: destructor for server bound to port 40971
Mon Sep  1 14:36:10 2025: XCD main fifo: Good unlink of /tmp/xcdmain99517abd-9977-4187-9fce-d77d437f204d
Mon Sep  1 14:36:10 2025: Server exiting with status 0.
Mon Sep  1 14:36:10 2025: Closing log file.
Mon Sep  1 14:37:54 2025: Running xcd server. This server was built by gradle.
Mon Sep  1 14:37:54 2025: Server was asked to start on port: '35259'
Mon Sep  1 14:37:54 2025: Server is using token UUID: '98224ca4-c184-49c2-ad68-cb5a9be2b4da'
Mon Sep  1 14:37:54 2025: SESSION_MGR: creating session with session uuid: '6d04a3e9-ade5-4ab9-8d63-1f78fcd2ec76' and name 'default'
Mon Sep  1 14:37:54 2025: Attempting to start server on port '35259'
Mon Sep  1 14:37:54 2025: XCD main fifo: created main fifo '/tmp/xcdmain98224ca4-c184-49c2-ad68-cb5a9be2b4da', fd read = 13
Mon Sep  1 14:37:54 2025: Running Dispatch Server
Mon Sep  1 14:37:54 2025: Version 2.2.0
Mon Sep  1 14:38:02 2025: Dispatch Server: Accepted socket connection from client
Mon Sep  1 14:38:02 2025: Starting Socket connection
Mon Sep  1 14:38:02 2025: EXCHANGE_TOKEN received, server token: 98224ca4-c184-49c2-ad68-cb5a9be2b4da, passed token: 98224ca4-c184-49c2-ad68-cb5a9be2b4da
Mon Sep  1 14:38:02 2025: SESSION_MGR: creating session with session uuid: 'f367891d-c7e0-4a02-ba30-9105d655b654' and name 'vitis_hls'
Mon Sep  1 14:38:02 2025: KERNEL_SVC: creating session with uuid: 'f367891d-c7e0-4a02-ba30-9105d655b654' and name 'vitis_hls'
Mon Sep  1 14:38:02 2025: GUIDANCE_SMGR: creating guidance session with uuid: 'f367891d-c7e0-4a02-ba30-9105d655b654' and name 'vitis_hls'
Mon Sep  1 14:38:17 2025: STOP_SERVER received, server token: 98224ca4-c184-49c2-ad68-cb5a9be2b4da, passed token: 98224ca4-c184-49c2-ad68-cb5a9be2b4da
Mon Sep  1 14:38:17 2025: Socket received request to stop server.
Mon Sep  1 14:38:17 2025: Dispatch Server: do_await_stop
Mon Sep  1 14:38:17 2025: Dispatch Server: stopping mainFifo_
Mon Sep  1 14:38:17 2025: XCD main fifo: Stopping
Mon Sep  1 14:38:17 2025: XCD main fifo: do_read error code: Operation canceled
Mon Sep  1 14:38:17 2025: XCD main fifo: bytes_transferred: 0
Mon Sep  1 14:38:17 2025: SERVER: destructor for server bound to port 35259
Mon Sep  1 14:38:17 2025: XCD main fifo: Good unlink of /tmp/xcdmain98224ca4-c184-49c2-ad68-cb5a9be2b4da
Mon Sep  1 14:38:17 2025: Server exiting with status 0.
Mon Sep  1 14:38:17 2025: Closing log file.
Mon Sep  1 14:39:53 2025: Running xcd server. This server was built by gradle.
Mon Sep  1 14:39:53 2025: Server was asked to start on port: '43615'
Mon Sep  1 14:39:53 2025: Server is using token UUID: 'da6f9b6e-cf07-4e61-a7cb-842972b0396d'
Mon Sep  1 14:39:53 2025: SESSION_MGR: creating session with session uuid: '6d04a3e9-ade5-4ab9-8d63-1f78fcd2ec76' and name 'default'
Mon Sep  1 14:39:53 2025: Attempting to start server on port '43615'
Mon Sep  1 14:39:53 2025: XCD main fifo: created main fifo '/tmp/xcdmainda6f9b6e-cf07-4e61-a7cb-842972b0396d', fd read = 13
Mon Sep  1 14:39:53 2025: Running Dispatch Server
Mon Sep  1 14:39:53 2025: Version 2.2.0
Mon Sep  1 14:40:01 2025: Dispatch Server: Accepted socket connection from client
Mon Sep  1 14:40:01 2025: Starting Socket connection
Mon Sep  1 14:40:01 2025: EXCHANGE_TOKEN received, server token: da6f9b6e-cf07-4e61-a7cb-842972b0396d, passed token: da6f9b6e-cf07-4e61-a7cb-842972b0396d
Mon Sep  1 14:40:01 2025: SESSION_MGR: creating session with session uuid: 'a8f0331c-0651-4c4d-ae2d-ae44b8273509' and name 'vitis_hls'
Mon Sep  1 14:40:01 2025: KERNEL_SVC: creating session with uuid: 'a8f0331c-0651-4c4d-ae2d-ae44b8273509' and name 'vitis_hls'
Mon Sep  1 14:40:01 2025: GUIDANCE_SMGR: creating guidance session with uuid: 'a8f0331c-0651-4c4d-ae2d-ae44b8273509' and name 'vitis_hls'
Mon Sep  1 14:40:16 2025: STOP_SERVER received, server token: da6f9b6e-cf07-4e61-a7cb-842972b0396d, passed token: da6f9b6e-cf07-4e61-a7cb-842972b0396d
Mon Sep  1 14:40:16 2025: Socket received request to stop server.
Mon Sep  1 14:40:16 2025: Dispatch Server: do_await_stop
Mon Sep  1 14:40:16 2025: Dispatch Server: stopping mainFifo_
Mon Sep  1 14:40:16 2025: XCD main fifo: Stopping
Mon Sep  1 14:40:16 2025: XCD main fifo: do_read error code: Operation canceled
Mon Sep  1 14:40:16 2025: XCD main fifo: bytes_transferred: 0
Mon Sep  1 14:40:16 2025: SERVER: destructor for server bound to port 43615
Mon Sep  1 14:40:16 2025: XCD main fifo: Good unlink of /tmp/xcdmainda6f9b6e-cf07-4e61-a7cb-842972b0396d
Mon Sep  1 14:40:16 2025: Server exiting with status 0.
Mon Sep  1 14:40:16 2025: Closing log file.
Mon Sep  1 15:29:07 2025: Running xcd server. This server was built by gradle.
Mon Sep  1 15:29:07 2025: Server was asked to start on port: '39177'
Mon Sep  1 15:29:07 2025: Server is using token UUID: '26378dba-7f05-4527-b33b-a282aecd6795'
Mon Sep  1 15:29:07 2025: SESSION_MGR: creating session with session uuid: '6d04a3e9-ade5-4ab9-8d63-1f78fcd2ec76' and name 'default'
Mon Sep  1 15:29:07 2025: Attempting to start server on port '39177'
Mon Sep  1 15:29:07 2025: XCD main fifo: created main fifo '/tmp/xcdmain26378dba-7f05-4527-b33b-a282aecd6795', fd read = 13
Mon Sep  1 15:29:07 2025: Running Dispatch Server
Mon Sep  1 15:29:07 2025: Version 2.2.0
Mon Sep  1 15:29:16 2025: Dispatch Server: Accepted socket connection from client
Mon Sep  1 15:29:16 2025: Starting Socket connection
Mon Sep  1 15:29:16 2025: EXCHANGE_TOKEN received, server token: 26378dba-7f05-4527-b33b-a282aecd6795, passed token: 26378dba-7f05-4527-b33b-a282aecd6795
Mon Sep  1 15:29:16 2025: SESSION_MGR: creating session with session uuid: '247e26f1-3dcb-404f-b3b2-da3220ee07f0' and name 'vitis_hls'
Mon Sep  1 15:29:16 2025: KERNEL_SVC: creating session with uuid: '247e26f1-3dcb-404f-b3b2-da3220ee07f0' and name 'vitis_hls'
Mon Sep  1 15:29:16 2025: GUIDANCE_SMGR: creating guidance session with uuid: '247e26f1-3dcb-404f-b3b2-da3220ee07f0' and name 'vitis_hls'
Mon Sep  1 15:29:33 2025: STOP_SERVER received, server token: 26378dba-7f05-4527-b33b-a282aecd6795, passed token: 26378dba-7f05-4527-b33b-a282aecd6795
Mon Sep  1 15:29:33 2025: Socket received request to stop server.
Mon Sep  1 15:29:33 2025: Dispatch Server: do_await_stop
Mon Sep  1 15:29:33 2025: Dispatch Server: stopping mainFifo_
Mon Sep  1 15:29:33 2025: XCD main fifo: Stopping
Mon Sep  1 15:29:33 2025: XCD main fifo: do_read error code: Operation canceled
Mon Sep  1 15:29:33 2025: XCD main fifo: bytes_transferred: 0
Mon Sep  1 15:29:33 2025: SERVER: destructor for server bound to port 39177
Mon Sep  1 15:29:33 2025: XCD main fifo: Good unlink of /tmp/xcdmain26378dba-7f05-4527-b33b-a282aecd6795
Mon Sep  1 15:29:33 2025: Server exiting with status 0.
Mon Sep  1 15:29:33 2025: Closing log file.
Mon Sep  1 15:32:39 2025: Running xcd server. This server was built by gradle.
Mon Sep  1 15:32:39 2025: Server was asked to start on port: '43181'
Mon Sep  1 15:32:39 2025: Server is using token UUID: 'b0dde394-a18f-43cf-8570-e4a420a2ebd0'
Mon Sep  1 15:32:39 2025: SESSION_MGR: creating session with session uuid: '6d04a3e9-ade5-4ab9-8d63-1f78fcd2ec76' and name 'default'
Mon Sep  1 15:32:39 2025: Attempting to start server on port '43181'
Mon Sep  1 15:32:39 2025: XCD main fifo: created main fifo '/tmp/xcdmainb0dde394-a18f-43cf-8570-e4a420a2ebd0', fd read = 13
Mon Sep  1 15:32:39 2025: Running Dispatch Server
Mon Sep  1 15:32:39 2025: Version 2.2.0
Mon Sep  1 15:32:48 2025: Dispatch Server: Accepted socket connection from client
Mon Sep  1 15:32:48 2025: Starting Socket connection
Mon Sep  1 15:32:48 2025: EXCHANGE_TOKEN received, server token: b0dde394-a18f-43cf-8570-e4a420a2ebd0, passed token: b0dde394-a18f-43cf-8570-e4a420a2ebd0
Mon Sep  1 15:32:48 2025: SESSION_MGR: creating session with session uuid: '8908dcda-185e-43c4-adee-ca38ecc86472' and name 'vitis_hls'
Mon Sep  1 15:32:48 2025: KERNEL_SVC: creating session with uuid: '8908dcda-185e-43c4-adee-ca38ecc86472' and name 'vitis_hls'
Mon Sep  1 15:32:48 2025: GUIDANCE_SMGR: creating guidance session with uuid: '8908dcda-185e-43c4-adee-ca38ecc86472' and name 'vitis_hls'
Mon Sep  1 15:33:05 2025: STOP_SERVER received, server token: b0dde394-a18f-43cf-8570-e4a420a2ebd0, passed token: b0dde394-a18f-43cf-8570-e4a420a2ebd0
Mon Sep  1 15:33:05 2025: Socket received request to stop server.
Mon Sep  1 15:33:05 2025: Dispatch Server: do_await_stop
Mon Sep  1 15:33:05 2025: Dispatch Server: stopping mainFifo_
Mon Sep  1 15:33:05 2025: XCD main fifo: Stopping
Mon Sep  1 15:33:05 2025: XCD main fifo: do_read error code: Operation canceled
Mon Sep  1 15:33:05 2025: XCD main fifo: bytes_transferred: 0
Mon Sep  1 15:33:05 2025: SERVER: destructor for server bound to port 43181
Mon Sep  1 15:33:05 2025: XCD main fifo: Good unlink of /tmp/xcdmainb0dde394-a18f-43cf-8570-e4a420a2ebd0
Mon Sep  1 15:33:05 2025: Server exiting with status 0.
Mon Sep  1 15:33:05 2025: Closing log file.
Mon Sep  1 15:54:51 2025: Running xcd server. This server was built by gradle.
Mon Sep  1 15:54:51 2025: Server was asked to start on port: '34689'
Mon Sep  1 15:54:51 2025: Server is using token UUID: 'e70dc69b-77a6-42d1-b0eb-3ccf00aad0ad'
Mon Sep  1 15:54:51 2025: SESSION_MGR: creating session with session uuid: '6d04a3e9-ade5-4ab9-8d63-1f78fcd2ec76' and name 'default'
Mon Sep  1 15:54:51 2025: Attempting to start server on port '34689'
Mon Sep  1 15:54:51 2025: XCD main fifo: created main fifo '/tmp/xcdmaine70dc69b-77a6-42d1-b0eb-3ccf00aad0ad', fd read = 13
Mon Sep  1 15:54:51 2025: Running Dispatch Server
Mon Sep  1 15:54:51 2025: Version 2.2.0
Mon Sep  1 15:54:59 2025: Dispatch Server: Accepted socket connection from client
Mon Sep  1 15:54:59 2025: Starting Socket connection
Mon Sep  1 15:54:59 2025: EXCHANGE_TOKEN received, server token: e70dc69b-77a6-42d1-b0eb-3ccf00aad0ad, passed token: e70dc69b-77a6-42d1-b0eb-3ccf00aad0ad
Mon Sep  1 15:54:59 2025: SESSION_MGR: creating session with session uuid: '0431d675-86fa-440e-9f39-053f81e26771' and name 'vitis_hls'
Mon Sep  1 15:54:59 2025: KERNEL_SVC: creating session with uuid: '0431d675-86fa-440e-9f39-053f81e26771' and name 'vitis_hls'
Mon Sep  1 15:54:59 2025: GUIDANCE_SMGR: creating guidance session with uuid: '0431d675-86fa-440e-9f39-053f81e26771' and name 'vitis_hls'
Mon Sep  1 15:55:28 2025: STOP_SERVER received, server token: e70dc69b-77a6-42d1-b0eb-3ccf00aad0ad, passed token: e70dc69b-77a6-42d1-b0eb-3ccf00aad0ad
Mon Sep  1 15:55:28 2025: Socket received request to stop server.
Mon Sep  1 15:55:28 2025: Dispatch Server: do_await_stop
Mon Sep  1 15:55:28 2025: Dispatch Server: stopping mainFifo_
Mon Sep  1 15:55:28 2025: XCD main fifo: Stopping
Mon Sep  1 15:55:28 2025: XCD main fifo: do_read error code: Operation canceled
Mon Sep  1 15:55:28 2025: XCD main fifo: bytes_transferred: 0
Mon Sep  1 15:55:28 2025: SERVER: destructor for server bound to port 34689
Mon Sep  1 15:55:28 2025: XCD main fifo: Good unlink of /tmp/xcdmaine70dc69b-77a6-42d1-b0eb-3ccf00aad0ad
Mon Sep  1 15:55:28 2025: Server exiting with status 0.
Mon Sep  1 15:55:28 2025: Closing log file.
Mon Sep  1 15:58:39 2025: Running xcd server. This server was built by gradle.
Mon Sep  1 15:58:39 2025: Server was asked to start on port: '36427'
Mon Sep  1 15:58:39 2025: Server is using token UUID: '114221c6-99ff-4446-870e-81b4a809788e'
Mon Sep  1 15:58:39 2025: SESSION_MGR: creating session with session uuid: '6d04a3e9-ade5-4ab9-8d63-1f78fcd2ec76' and name 'default'
Mon Sep  1 15:58:39 2025: Attempting to start server on port '36427'
Mon Sep  1 15:58:39 2025: XCD main fifo: created main fifo '/tmp/xcdmain114221c6-99ff-4446-870e-81b4a809788e', fd read = 13
Mon Sep  1 15:58:39 2025: Running Dispatch Server
Mon Sep  1 15:58:39 2025: Version 2.2.0
Mon Sep  1 15:58:48 2025: Dispatch Server: Accepted socket connection from client
Mon Sep  1 15:58:48 2025: Starting Socket connection
Mon Sep  1 15:58:48 2025: EXCHANGE_TOKEN received, server token: 114221c6-99ff-4446-870e-81b4a809788e, passed token: 114221c6-99ff-4446-870e-81b4a809788e
Mon Sep  1 15:58:48 2025: SESSION_MGR: creating session with session uuid: '68d0004b-4b4a-41ff-9165-c7aed76df4cf' and name 'vitis_hls'
Mon Sep  1 15:58:48 2025: KERNEL_SVC: creating session with uuid: '68d0004b-4b4a-41ff-9165-c7aed76df4cf' and name 'vitis_hls'
Mon Sep  1 15:58:48 2025: GUIDANCE_SMGR: creating guidance session with uuid: '68d0004b-4b4a-41ff-9165-c7aed76df4cf' and name 'vitis_hls'
Mon Sep  1 15:59:11 2025: STOP_SERVER received, server token: 114221c6-99ff-4446-870e-81b4a809788e, passed token: 114221c6-99ff-4446-870e-81b4a809788e
Mon Sep  1 15:59:11 2025: Socket received request to stop server.
Mon Sep  1 15:59:11 2025: Dispatch Server: do_await_stop
Mon Sep  1 15:59:11 2025: Dispatch Server: stopping mainFifo_
Mon Sep  1 15:59:11 2025: XCD main fifo: Stopping
Mon Sep  1 15:59:11 2025: XCD main fifo: do_read error code: Operation canceled
Mon Sep  1 15:59:11 2025: XCD main fifo: bytes_transferred: 0
Mon Sep  1 15:59:11 2025: SERVER: destructor for server bound to port 36427
Mon Sep  1 15:59:11 2025: XCD main fifo: Good unlink of /tmp/xcdmain114221c6-99ff-4446-870e-81b4a809788e
Mon Sep  1 15:59:11 2025: Server exiting with status 0.
Mon Sep  1 15:59:11 2025: Closing log file.
Mon Sep  1 16:03:53 2025: Running xcd server. This server was built by gradle.
Mon Sep  1 16:03:53 2025: Server was asked to start on port: '42143'
Mon Sep  1 16:03:53 2025: Server is using token UUID: '725c3050-db43-41bb-ab75-9b594adc34f4'
Mon Sep  1 16:03:53 2025: SESSION_MGR: creating session with session uuid: '6d04a3e9-ade5-4ab9-8d63-1f78fcd2ec76' and name 'default'
Mon Sep  1 16:03:53 2025: Attempting to start server on port '42143'
Mon Sep  1 16:03:53 2025: XCD main fifo: created main fifo '/tmp/xcdmain725c3050-db43-41bb-ab75-9b594adc34f4', fd read = 13
Mon Sep  1 16:03:53 2025: Running Dispatch Server
Mon Sep  1 16:03:53 2025: Version 2.2.0
Mon Sep  1 16:04:02 2025: Dispatch Server: Accepted socket connection from client
Mon Sep  1 16:04:02 2025: Starting Socket connection
Mon Sep  1 16:04:02 2025: EXCHANGE_TOKEN received, server token: 725c3050-db43-41bb-ab75-9b594adc34f4, passed token: 725c3050-db43-41bb-ab75-9b594adc34f4
Mon Sep  1 16:04:02 2025: SESSION_MGR: creating session with session uuid: '7aad6d03-0a07-4f81-9542-0f70dfea08ab' and name 'vitis_hls'
Mon Sep  1 16:04:02 2025: KERNEL_SVC: creating session with uuid: '7aad6d03-0a07-4f81-9542-0f70dfea08ab' and name 'vitis_hls'
Mon Sep  1 16:04:02 2025: GUIDANCE_SMGR: creating guidance session with uuid: '7aad6d03-0a07-4f81-9542-0f70dfea08ab' and name 'vitis_hls'
Mon Sep  1 16:04:25 2025: STOP_SERVER received, server token: 725c3050-db43-41bb-ab75-9b594adc34f4, passed token: 725c3050-db43-41bb-ab75-9b594adc34f4
Mon Sep  1 16:04:25 2025: Socket received request to stop server.
Mon Sep  1 16:04:25 2025: Dispatch Server: do_await_stop
Mon Sep  1 16:04:25 2025: Dispatch Server: stopping mainFifo_
Mon Sep  1 16:04:25 2025: XCD main fifo: Stopping
Mon Sep  1 16:04:25 2025: XCD main fifo: do_read error code: Operation canceled
Mon Sep  1 16:04:25 2025: XCD main fifo: bytes_transferred: 0
Mon Sep  1 16:04:25 2025: SERVER: destructor for server bound to port 42143
Mon Sep  1 16:04:25 2025: XCD main fifo: Good unlink of /tmp/xcdmain725c3050-db43-41bb-ab75-9b594adc34f4
Mon Sep  1 16:04:25 2025: Server exiting with status 0.
Mon Sep  1 16:04:25 2025: Closing log file.
