

================================================================
== Vitis HLS Report for 'au_merge_Pipeline_VITIS_LOOP_157_1'
================================================================
* Date:           Wed Sep  3 20:05:50 2025

* Version:        2022.2 (Build 3670227 on Oct 13 2022)
* Project:        spmm_prj
* Solution:       sol1 (Vivado IP Flow Target)
* Product family: virtexuplus
* Target device:  xcu280-fsvh2892-2L-e


================================================================
== Performance Estimates
================================================================
+ Timing: 
    * Summary: 
    +--------+---------+----------+------------+
    |  Clock |  Target | Estimated| Uncertainty|
    +--------+---------+----------+------------+
    |ap_clk  |  4.00 ns|  2.342 ns|     1.08 ns|
    +--------+---------+----------+------------+

+ Latency: 
    * Summary: 
    +---------+------------+----------+-----------+-----+------------+---------+
    |   Latency (cycles)   |  Latency (absolute)  |     Interval     | Pipeline|
    |   min   |     max    |    min   |    max    | min |     max    |   Type  |
    +---------+------------+----------+-----------+-----+------------+---------+
    |        2|  1073741840|  8.000 ns|  4.295 sec|    2|  1073741840|       no|
    +---------+------------+----------+-----------+-----+------------+---------+

    + Detail: 
        * Instance: 
        N/A

        * Loop: 
        +--------------------+---------+------------+----------+-----------+-----------+----------------+----------+
        |                    |   Latency (cycles)   | Iteration|  Initiation Interval  |      Trip      |          |
        |      Loop Name     |   min   |     max    |  Latency |  achieved |   target  |      Count     | Pipelined|
        +--------------------+---------+------------+----------+-----------+-----------+----------------+----------+
        |- VITIS_LOOP_157_1  |        0|  1073741838|        17|          1|          1|  0 ~ 1073741823|       yes|
        +--------------------+---------+------------+----------+-----------+-----------+----------------+----------+

============================================================
+ Verbose Summary: Synthesis Manager
============================================================
InlineROM: 1
ExposeGlobal: 0
============================================================
+ Verbose Summary: CDFG Model
============================================================
IsTopModel: 0
ResetActiveHigh: 1
IsCombinational: 0
IsDatapathOnly: 0
HasWiredReturn: 1
HasMFsm: 2
HasVarLatency: 1
IsPipeline: 0
IsRtlPipelined: 0
IsInstanceOverlapped: 0
IsDontTouch: 0
HasImplIP: 0
IsGatedGlobalClock: 0

+ Individual pipeline summary: 
  * Pipeline-0: initiation interval (II) = 1, depth = 17


============================================================
+ Verbose Summary: Schedule
============================================================
* Number of FSM states : 17
* Pipeline : 1
  Pipeline-0 : II = 1, D = 17, States = { 1 2 3 4 5 6 7 8 9 10 11 12 13 14 15 16 17 }
* Dataflow Pipeline: 0

* FSM state transitions: 
1 --> 2 
2 --> 3 
3 --> 4 
4 --> 5 
5 --> 6 
6 --> 7 
7 --> 8 
8 --> 9 
9 --> 10 
10 --> 11 
11 --> 12 
12 --> 13 
13 --> 14 
14 --> 15 
15 --> 16 
16 --> 17 
17 --> 

* FSM state operations: 

State 1 <SV = 0> <Delay = 1.22>
ST_1 : Operation 20 [1/1] (0.00ns)   --->   "%i = alloca i32 1"   --->   Operation 20 'alloca' 'i' <Predicate = true> <Delay = 0.00>
ST_1 : Operation 21 [1/1] (0.00ns)   --->   "%specinterface_ln0 = specinterface void @_ssdm_op_SpecInterface, i32 %streamA38, void @empty_22, i32 0, i32 0, void @empty_15, i32 0, i32 0, void @empty_15, void @empty_15, void @empty_15, i32 0, i32 0, i32 0, i32 0, void @empty_15, void @empty_15, i32 4294967295, i32 0"   --->   Operation 21 'specinterface' 'specinterface_ln0' <Predicate = true> <Delay = 0.00>
ST_1 : Operation 22 [1/1] (0.00ns)   --->   "%specinterface_ln0 = specinterface void @_ssdm_op_SpecInterface, i32 %streamB39, void @empty_22, i32 0, i32 0, void @empty_15, i32 0, i32 0, void @empty_15, void @empty_15, void @empty_15, i32 0, i32 0, i32 0, i32 0, void @empty_15, void @empty_15, i32 4294967295, i32 0"   --->   Operation 22 'specinterface' 'specinterface_ln0' <Predicate = true> <Delay = 0.00>
ST_1 : Operation 23 [1/1] (0.00ns)   --->   "%zext_ln194_read = read i30 @_ssdm_op_Read.ap_auto.i30, i30 %zext_ln194" [src/spmm_device_fpga.cpp:183]   --->   Operation 23 'read' 'zext_ln194_read' <Predicate = true> <Delay = 0.00>
ST_1 : Operation 24 [1/1] (0.38ns)   --->   "%store_ln0 = store i16 0, i16 %i"   --->   Operation 24 'store' 'store_ln0' <Predicate = true> <Delay = 0.38>
ST_1 : Operation 25 [1/1] (0.00ns)   --->   "%br_ln0 = br void %for.inc.i"   --->   Operation 25 'br' 'br_ln0' <Predicate = true> <Delay = 0.00>
ST_1 : Operation 26 [1/1] (0.00ns)   --->   "%i_8 = load i16 %i" [src/spmm_device_fpga.cpp:157]   --->   Operation 26 'load' 'i_8' <Predicate = true> <Delay = 0.00>
ST_1 : Operation 27 [1/1] (0.00ns)   --->   "%i_cast1 = zext i16 %i_8" [src/spmm_device_fpga.cpp:157]   --->   Operation 27 'zext' 'i_cast1' <Predicate = true> <Delay = 0.00>
ST_1 : Operation 28 [1/1] (0.00ns)   --->   "%specpipeline_ln0 = specpipeline void @_ssdm_op_SpecPipeline, i32 4294967295, i32 0, i32 1, i32 0, void @p_str"   --->   Operation 28 'specpipeline' 'specpipeline_ln0' <Predicate = true> <Delay = 0.00>
ST_1 : Operation 29 [1/1] (0.83ns)   --->   "%icmp_ln157 = icmp_ult  i30 %i_cast1, i30 %zext_ln194_read" [src/spmm_device_fpga.cpp:157]   --->   Operation 29 'icmp' 'icmp_ln157' <Predicate = true> <Delay = 0.83> <CoreInst = "Cmp">   --->   Core 9 'Cmp' <Latency = 0> <II = 1> <Delay = 0.83> <FuncUnit> <Opcode : 'icmp'> <InPorts = 2> <OutPorts = 1>
ST_1 : Operation 30 [1/1] (0.00ns)   --->   "%empty = speclooptripcount i32 @_ssdm_op_SpecLoopTripCount, i64 0, i64 1073741823, i64 0"   --->   Operation 30 'speclooptripcount' 'empty' <Predicate = true> <Delay = 0.00>
ST_1 : Operation 31 [1/1] (0.78ns)   --->   "%add_ln157 = add i16 %i_8, i16 1" [src/spmm_device_fpga.cpp:157]   --->   Operation 31 'add' 'add_ln157' <Predicate = true> <Delay = 0.78> <CoreInst = "Adder">   --->   Core 1 'Adder' <Latency = 0> <II = 1> <Delay = 0.78> <FuncUnit> <Opcode : 'add' 'sub'> <InPorts = 2> <OutPorts = 1>
ST_1 : Operation 32 [1/1] (0.00ns)   --->   "%br_ln157 = br i1 %icmp_ln157, void %if.end19.loopexit52.exitStub, void %for.inc.i.split" [src/spmm_device_fpga.cpp:157]   --->   Operation 32 'br' 'br_ln157' <Predicate = true> <Delay = 0.00>
ST_1 : Operation 33 [1/1] (0.38ns)   --->   "%store_ln157 = store i16 %add_ln157, i16 %i" [src/spmm_device_fpga.cpp:157]   --->   Operation 33 'store' 'store_ln157' <Predicate = (icmp_ln157)> <Delay = 0.38>

State 2 <SV = 1> <Delay = 1.19>
ST_2 : Operation 34 [1/1] (1.19ns)   --->   "%streamA38_read = read i32 @_ssdm_op_Read.ap_fifo.volatile.i32P0A, i32 %streamA38" [src/spmm_device_fpga.cpp:158]   --->   Operation 34 'read' 'streamA38_read' <Predicate = true> <Delay = 1.19> <CoreInst = "FIFO">   --->   Core 78 'FIFO' <Latency = 0> <II = 1> <Delay = 1.19> <Storage> <Opcode : 'read' 'write' 'nbread' 'nbwrite'> <Ports = 0> <Width = 32> <Depth = 61278> <FIFO>
ST_2 : Operation 35 [1/1] (1.19ns)   --->   "%streamB39_read = read i32 @_ssdm_op_Read.ap_fifo.volatile.i32P0A, i32 %streamB39" [src/spmm_device_fpga.cpp:158]   --->   Operation 35 'read' 'streamB39_read' <Predicate = true> <Delay = 1.19> <CoreInst = "FIFO">   --->   Core 78 'FIFO' <Latency = 0> <II = 1> <Delay = 1.19> <Storage> <Opcode : 'read' 'write' 'nbread' 'nbwrite'> <Ports = 0> <Width = 32> <Depth = 61278> <FIFO>

State 3 <SV = 2> <Delay = 2.34>
ST_3 : Operation 36 [1/1] (0.00ns)   --->   "%bitcast_ln158 = bitcast i32 %streamA38_read" [src/spmm_device_fpga.cpp:158]   --->   Operation 36 'bitcast' 'bitcast_ln158' <Predicate = true> <Delay = 0.00>
ST_3 : Operation 37 [1/1] (0.00ns)   --->   "%bitcast_ln158_1 = bitcast i32 %streamB39_read" [src/spmm_device_fpga.cpp:158]   --->   Operation 37 'bitcast' 'bitcast_ln158_1' <Predicate = true> <Delay = 0.00>
ST_3 : Operation 38 [7/7] (2.34ns)   --->   "%add_i = fadd i32 %bitcast_ln158, i32 %bitcast_ln158_1" [src/spmm_device_fpga.cpp:158]   --->   Operation 38 'fadd' 'add_i' <Predicate = true> <Delay = 2.34> <CoreInst = "FAddSub_fulldsp">   --->   Core 18 'FAddSub_fulldsp' <Latency = 6> <II = 1> <Delay = 2.34> <FuncUnit> <Opcode : 'fadd' 'fsub'> <InPorts = 2> <OutPorts = 1>

State 4 <SV = 3> <Delay = 2.34>
ST_4 : Operation 39 [6/7] (2.34ns)   --->   "%add_i = fadd i32 %bitcast_ln158, i32 %bitcast_ln158_1" [src/spmm_device_fpga.cpp:158]   --->   Operation 39 'fadd' 'add_i' <Predicate = true> <Delay = 2.34> <CoreInst = "FAddSub_fulldsp">   --->   Core 18 'FAddSub_fulldsp' <Latency = 6> <II = 1> <Delay = 2.34> <FuncUnit> <Opcode : 'fadd' 'fsub'> <InPorts = 2> <OutPorts = 1>

State 5 <SV = 4> <Delay = 2.34>
ST_5 : Operation 40 [5/7] (2.34ns)   --->   "%add_i = fadd i32 %bitcast_ln158, i32 %bitcast_ln158_1" [src/spmm_device_fpga.cpp:158]   --->   Operation 40 'fadd' 'add_i' <Predicate = true> <Delay = 2.34> <CoreInst = "FAddSub_fulldsp">   --->   Core 18 'FAddSub_fulldsp' <Latency = 6> <II = 1> <Delay = 2.34> <FuncUnit> <Opcode : 'fadd' 'fsub'> <InPorts = 2> <OutPorts = 1>

State 6 <SV = 5> <Delay = 2.34>
ST_6 : Operation 41 [4/7] (2.34ns)   --->   "%add_i = fadd i32 %bitcast_ln158, i32 %bitcast_ln158_1" [src/spmm_device_fpga.cpp:158]   --->   Operation 41 'fadd' 'add_i' <Predicate = true> <Delay = 2.34> <CoreInst = "FAddSub_fulldsp">   --->   Core 18 'FAddSub_fulldsp' <Latency = 6> <II = 1> <Delay = 2.34> <FuncUnit> <Opcode : 'fadd' 'fsub'> <InPorts = 2> <OutPorts = 1>

State 7 <SV = 6> <Delay = 2.34>
ST_7 : Operation 42 [3/7] (2.34ns)   --->   "%add_i = fadd i32 %bitcast_ln158, i32 %bitcast_ln158_1" [src/spmm_device_fpga.cpp:158]   --->   Operation 42 'fadd' 'add_i' <Predicate = true> <Delay = 2.34> <CoreInst = "FAddSub_fulldsp">   --->   Core 18 'FAddSub_fulldsp' <Latency = 6> <II = 1> <Delay = 2.34> <FuncUnit> <Opcode : 'fadd' 'fsub'> <InPorts = 2> <OutPorts = 1>

State 8 <SV = 7> <Delay = 2.34>
ST_8 : Operation 43 [1/1] (0.00ns)   --->   "%i_cast3 = zext i16 %i_8" [src/spmm_device_fpga.cpp:157]   --->   Operation 43 'zext' 'i_cast3' <Predicate = true> <Delay = 0.00>
ST_8 : Operation 44 [2/7] (2.34ns)   --->   "%add_i = fadd i32 %bitcast_ln158, i32 %bitcast_ln158_1" [src/spmm_device_fpga.cpp:158]   --->   Operation 44 'fadd' 'add_i' <Predicate = true> <Delay = 2.34> <CoreInst = "FAddSub_fulldsp">   --->   Core 18 'FAddSub_fulldsp' <Latency = 6> <II = 1> <Delay = 2.34> <FuncUnit> <Opcode : 'fadd' 'fsub'> <InPorts = 2> <OutPorts = 1>
ST_8 : Operation 45 [1/1] (0.00ns)   --->   "%AU0_addr = getelementptr i32 %AU0, i64 0, i64 %i_cast3" [src/spmm_device_fpga.cpp:158]   --->   Operation 45 'getelementptr' 'AU0_addr' <Predicate = true> <Delay = 0.00>
ST_8 : Operation 46 [2/2] (1.24ns)   --->   "%AU0_load = load i16 %AU0_addr" [src/spmm_device_fpga.cpp:158]   --->   Operation 46 'load' 'AU0_load' <Predicate = true> <Delay = 1.24> <CoreInst = "RAM">   --->   Core 83 'RAM' <Latency = 1> <II = 1> <Delay = 1.24> <Storage> <Opcode : 'load' 'store'> <Ports = 2> <Width = 32> <Depth = 61278> <RAM>

State 9 <SV = 8> <Delay = 2.34>
ST_9 : Operation 47 [1/7] (2.34ns)   --->   "%add_i = fadd i32 %bitcast_ln158, i32 %bitcast_ln158_1" [src/spmm_device_fpga.cpp:158]   --->   Operation 47 'fadd' 'add_i' <Predicate = true> <Delay = 2.34> <CoreInst = "FAddSub_fulldsp">   --->   Core 18 'FAddSub_fulldsp' <Latency = 6> <II = 1> <Delay = 2.34> <FuncUnit> <Opcode : 'fadd' 'fsub'> <InPorts = 2> <OutPorts = 1>
ST_9 : Operation 48 [1/2] (1.24ns)   --->   "%AU0_load = load i16 %AU0_addr" [src/spmm_device_fpga.cpp:158]   --->   Operation 48 'load' 'AU0_load' <Predicate = true> <Delay = 1.24> <CoreInst = "RAM">   --->   Core 83 'RAM' <Latency = 1> <II = 1> <Delay = 1.24> <Storage> <Opcode : 'load' 'store'> <Ports = 2> <Width = 32> <Depth = 61278> <RAM>

State 10 <SV = 9> <Delay = 2.34>
ST_10 : Operation 49 [7/7] (2.34ns)   --->   "%add2_i = fadd i32 %AU0_load, i32 %add_i" [src/spmm_device_fpga.cpp:158]   --->   Operation 49 'fadd' 'add2_i' <Predicate = true> <Delay = 2.34> <CoreInst = "FAddSub_fulldsp">   --->   Core 18 'FAddSub_fulldsp' <Latency = 6> <II = 1> <Delay = 2.34> <FuncUnit> <Opcode : 'fadd' 'fsub'> <InPorts = 2> <OutPorts = 1>

State 11 <SV = 10> <Delay = 2.34>
ST_11 : Operation 50 [6/7] (2.34ns)   --->   "%add2_i = fadd i32 %AU0_load, i32 %add_i" [src/spmm_device_fpga.cpp:158]   --->   Operation 50 'fadd' 'add2_i' <Predicate = true> <Delay = 2.34> <CoreInst = "FAddSub_fulldsp">   --->   Core 18 'FAddSub_fulldsp' <Latency = 6> <II = 1> <Delay = 2.34> <FuncUnit> <Opcode : 'fadd' 'fsub'> <InPorts = 2> <OutPorts = 1>

State 12 <SV = 11> <Delay = 2.34>
ST_12 : Operation 51 [5/7] (2.34ns)   --->   "%add2_i = fadd i32 %AU0_load, i32 %add_i" [src/spmm_device_fpga.cpp:158]   --->   Operation 51 'fadd' 'add2_i' <Predicate = true> <Delay = 2.34> <CoreInst = "FAddSub_fulldsp">   --->   Core 18 'FAddSub_fulldsp' <Latency = 6> <II = 1> <Delay = 2.34> <FuncUnit> <Opcode : 'fadd' 'fsub'> <InPorts = 2> <OutPorts = 1>

State 13 <SV = 12> <Delay = 2.34>
ST_13 : Operation 52 [4/7] (2.34ns)   --->   "%add2_i = fadd i32 %AU0_load, i32 %add_i" [src/spmm_device_fpga.cpp:158]   --->   Operation 52 'fadd' 'add2_i' <Predicate = true> <Delay = 2.34> <CoreInst = "FAddSub_fulldsp">   --->   Core 18 'FAddSub_fulldsp' <Latency = 6> <II = 1> <Delay = 2.34> <FuncUnit> <Opcode : 'fadd' 'fsub'> <InPorts = 2> <OutPorts = 1>

State 14 <SV = 13> <Delay = 2.34>
ST_14 : Operation 53 [3/7] (2.34ns)   --->   "%add2_i = fadd i32 %AU0_load, i32 %add_i" [src/spmm_device_fpga.cpp:158]   --->   Operation 53 'fadd' 'add2_i' <Predicate = true> <Delay = 2.34> <CoreInst = "FAddSub_fulldsp">   --->   Core 18 'FAddSub_fulldsp' <Latency = 6> <II = 1> <Delay = 2.34> <FuncUnit> <Opcode : 'fadd' 'fsub'> <InPorts = 2> <OutPorts = 1>

State 15 <SV = 14> <Delay = 2.34>
ST_15 : Operation 54 [2/7] (2.34ns)   --->   "%add2_i = fadd i32 %AU0_load, i32 %add_i" [src/spmm_device_fpga.cpp:158]   --->   Operation 54 'fadd' 'add2_i' <Predicate = true> <Delay = 2.34> <CoreInst = "FAddSub_fulldsp">   --->   Core 18 'FAddSub_fulldsp' <Latency = 6> <II = 1> <Delay = 2.34> <FuncUnit> <Opcode : 'fadd' 'fsub'> <InPorts = 2> <OutPorts = 1>

State 16 <SV = 15> <Delay = 2.34>
ST_16 : Operation 55 [1/7] (2.34ns)   --->   "%add2_i = fadd i32 %AU0_load, i32 %add_i" [src/spmm_device_fpga.cpp:158]   --->   Operation 55 'fadd' 'add2_i' <Predicate = true> <Delay = 2.34> <CoreInst = "FAddSub_fulldsp">   --->   Core 18 'FAddSub_fulldsp' <Latency = 6> <II = 1> <Delay = 2.34> <FuncUnit> <Opcode : 'fadd' 'fsub'> <InPorts = 2> <OutPorts = 1>
ST_16 : Operation 59 [1/1] (0.00ns)   --->   "%ret_ln0 = ret"   --->   Operation 59 'ret' 'ret_ln0' <Predicate = (!icmp_ln157)> <Delay = 0.00>

State 17 <SV = 16> <Delay = 1.24>
ST_17 : Operation 56 [1/1] (0.00ns)   --->   "%specloopname_ln157 = specloopname void @_ssdm_op_SpecLoopName, void @empty_34" [src/spmm_device_fpga.cpp:157]   --->   Operation 56 'specloopname' 'specloopname_ln157' <Predicate = true> <Delay = 0.00>
ST_17 : Operation 57 [1/1] (1.24ns)   --->   "%store_ln158 = store i32 %add2_i, i16 %AU0_addr" [src/spmm_device_fpga.cpp:158]   --->   Operation 57 'store' 'store_ln158' <Predicate = true> <Delay = 1.24> <CoreInst = "RAM">   --->   Core 83 'RAM' <Latency = 1> <II = 1> <Delay = 1.24> <Storage> <Opcode : 'load' 'store'> <Ports = 2> <Width = 32> <Depth = 61278> <RAM>
ST_17 : Operation 58 [1/1] (0.00ns)   --->   "%br_ln157 = br void %for.inc.i" [src/spmm_device_fpga.cpp:157]   --->   Operation 58 'br' 'br_ln157' <Predicate = true> <Delay = 0.00>


============================================================
+ Verbose Summary: Timing violations
============================================================
Target clock period: 4ns, clock uncertainty: 1.08ns.

 <State 1>: 1.22ns
The critical path consists of the following:
	'alloca' operation ('i') [5]  (0 ns)
	'load' operation ('i', src/spmm_device_fpga.cpp:157) on local variable 'i' [12]  (0 ns)
	'add' operation ('add_ln157', src/spmm_device_fpga.cpp:157) [17]  (0.785 ns)
	'store' operation ('store_ln157', src/spmm_device_fpga.cpp:157) of variable 'add_ln157', src/spmm_device_fpga.cpp:157 on local variable 'i' [31]  (0.387 ns)
	blocking operation 0.0511 ns on control path)

 <State 2>: 1.19ns
The critical path consists of the following:
	fifo read operation ('streamA38_read', src/spmm_device_fpga.cpp:158) on port 'streamA38' (src/spmm_device_fpga.cpp:158) [22]  (1.19 ns)

 <State 3>: 2.34ns
The critical path consists of the following:
	'fadd' operation ('add_i', src/spmm_device_fpga.cpp:158) [26]  (2.34 ns)

 <State 4>: 2.34ns
The critical path consists of the following:
	'fadd' operation ('add_i', src/spmm_device_fpga.cpp:158) [26]  (2.34 ns)

 <State 5>: 2.34ns
The critical path consists of the following:
	'fadd' operation ('add_i', src/spmm_device_fpga.cpp:158) [26]  (2.34 ns)

 <State 6>: 2.34ns
The critical path consists of the following:
	'fadd' operation ('add_i', src/spmm_device_fpga.cpp:158) [26]  (2.34 ns)

 <State 7>: 2.34ns
The critical path consists of the following:
	'fadd' operation ('add_i', src/spmm_device_fpga.cpp:158) [26]  (2.34 ns)

 <State 8>: 2.34ns
The critical path consists of the following:
	'fadd' operation ('add_i', src/spmm_device_fpga.cpp:158) [26]  (2.34 ns)

 <State 9>: 2.34ns
The critical path consists of the following:
	'fadd' operation ('add_i', src/spmm_device_fpga.cpp:158) [26]  (2.34 ns)

 <State 10>: 2.34ns
The critical path consists of the following:
	'fadd' operation ('add2_i', src/spmm_device_fpga.cpp:158) [29]  (2.34 ns)

 <State 11>: 2.34ns
The critical path consists of the following:
	'fadd' operation ('add2_i', src/spmm_device_fpga.cpp:158) [29]  (2.34 ns)

 <State 12>: 2.34ns
The critical path consists of the following:
	'fadd' operation ('add2_i', src/spmm_device_fpga.cpp:158) [29]  (2.34 ns)

 <State 13>: 2.34ns
The critical path consists of the following:
	'fadd' operation ('add2_i', src/spmm_device_fpga.cpp:158) [29]  (2.34 ns)

 <State 14>: 2.34ns
The critical path consists of the following:
	'fadd' operation ('add2_i', src/spmm_device_fpga.cpp:158) [29]  (2.34 ns)

 <State 15>: 2.34ns
The critical path consists of the following:
	'fadd' operation ('add2_i', src/spmm_device_fpga.cpp:158) [29]  (2.34 ns)

 <State 16>: 2.34ns
The critical path consists of the following:
	'fadd' operation ('add2_i', src/spmm_device_fpga.cpp:158) [29]  (2.34 ns)

 <State 17>: 1.25ns
The critical path consists of the following:
	'store' operation ('store_ln158', src/spmm_device_fpga.cpp:158) of variable 'add2_i', src/spmm_device_fpga.cpp:158 on array 'AU0' [30]  (1.25 ns)


============================================================
+ Verbose Summary: Binding
============================================================
N/A
* FSMD analyzer results:
  - Output states:
 - Input state : 
  - Chain level:
	State 1
	State 2
	State 3
	State 4
	State 5
	State 6
	State 7
	State 8
	State 9
	State 10
	State 11
	State 12
	State 13
	State 14
	State 15
	State 16
	State 17


============================================================
+ Verbose Summary: Datapath Resource usage 
============================================================
N/A
