

================================================================
== Vitis HLS Report for 'dfm'
================================================================
* Date:           Mon Sep  1 19:26:47 2025

* Version:        2022.2 (Build 3670227 on Oct 13 2022)
* Project:        spmm_prj
* Solution:       sol1 (Vivado IP Flow Target)
* Product family: virtexuplus
* Target device:  xcu280-fsvh2892-2L-e


================================================================
== Performance Estimates
================================================================
+ Timing: 
    * Summary: 
    +--------+---------+----------+------------+
    |  Clock |  Target | Estimated| Uncertainty|
    +--------+---------+----------+------------+
    |ap_clk  |  4.00 ns|  2.920 ns|     1.08 ns|
    +--------+---------+----------+------------+

+ Latency: 
    * Summary: 
    +---------+---------+----------+----------+-----+-----+---------+
    |  Latency (cycles) |  Latency (absolute) |  Interval | Pipeline|
    |   min   |   max   |    min   |    max   | min | max |   Type  |
    +---------+---------+----------+----------+-----+-----+---------+
    |        ?|        ?|         ?|         ?|    ?|    ?|       no|
    +---------+---------+----------+----------+-----+-----+---------+

    + Detail: 
        * Instance: 
        N/A

        * Loop: 
        +--------------------+---------+---------+----------+-----------+-----------+------+----------+
        |                    |  Latency (cycles) | Iteration|  Initiation Interval  | Trip |          |
        |      Loop Name     |   min   |   max   |  Latency |  achieved |   target  | Count| Pipelined|
        +--------------------+---------+---------+----------+-----------+-----------+------+----------+
        |- VITIS_LOOP_110_1  |        ?|        ?|         ?|          -|          -|     4|        no|
        +--------------------+---------+---------+----------+-----------+-----------+------+----------+

============================================================
+ Verbose Summary: Synthesis Manager
============================================================
InlineROM: 1
ExposeGlobal: 0
============================================================
+ Verbose Summary: CDFG Model
============================================================
IsTopModel: 0
ResetActiveHigh: 1
IsCombinational: 0
IsDatapathOnly: 0
HasWiredReturn: 1
HasMFsm: 0
HasVarLatency: 1
IsPipeline: 0
IsRtlPipelined: 0
IsInstanceOverlapped: 0
IsDontTouch: 0
HasImplIP: 0
IsGatedGlobalClock: 0


============================================================
+ Verbose Summary: Schedule
============================================================
* Number of FSM states : 16
* Pipeline : 0
* Dataflow Pipeline: 0

* FSM state transitions: 
1 --> 2 
2 --> 3 
3 --> 4 16 
4 --> 5 
5 --> 6 
6 --> 7 
7 --> 8 
8 --> 9 
9 --> 10 
10 --> 11 
11 --> 12 
12 --> 13 
13 --> 14 
14 --> 15 
15 --> 16 
16 --> 2 

* FSM state operations: 

State 1 <SV = 0> <Delay = 0.38>
ST_1 : Operation 17 [1/1] (0.00ns)   --->   "%i = alloca i32 1"   --->   Operation 17 'alloca' 'i' <Predicate = true> <Delay = 0.00>
ST_1 : Operation 18 [1/1] (0.00ns)   --->   "%Dlen_0 = alloca i32 1"   --->   Operation 18 'alloca' 'Dlen_0' <Predicate = true> <Delay = 0.00>
ST_1 : Operation 19 [1/1] (0.00ns)   --->   "%K_read = read i30 @_ssdm_op_Read.ap_auto.i30, i30 %K"   --->   Operation 19 'read' 'K_read' <Predicate = true> <Delay = 0.00>
ST_1 : Operation 20 [1/1] (0.00ns)   --->   "%B_read = read i64 @_ssdm_op_Read.ap_auto.i64, i64 %B"   --->   Operation 20 'read' 'B_read' <Predicate = true> <Delay = 0.00>
ST_1 : Operation 21 [1/1] (0.00ns)   --->   "%K_cast1 = zext i30 %K_read"   --->   Operation 21 'zext' 'K_cast1' <Predicate = true> <Delay = 0.00>
ST_1 : Operation 22 [1/1] (0.00ns)   --->   "%specmemcore_ln0 = specmemcore void @_ssdm_op_SpecMemCore, i32 %Dbuf, i64 666, i64 22, i64 18446744073709551615"   --->   Operation 22 'specmemcore' 'specmemcore_ln0' <Predicate = true> <Delay = 0.00>
ST_1 : Operation 23 [1/1] (0.00ns)   --->   "%specinterface_ln0 = specinterface void @_ssdm_op_SpecInterface, i32 %gmem6, void @empty_13, i32 0, i32 0, void @empty_25, i32 0, i32 0, void @empty_35, void @empty_38, void @empty_25, i32 16, i32 16, i32 16, i32 16, void @empty_25, void @empty_25, i32 4294967295, i32 0"   --->   Operation 23 'specinterface' 'specinterface_ln0' <Predicate = true> <Delay = 0.00>
ST_1 : Operation 24 [1/1] (0.38ns)   --->   "%store_ln110 = store i32 0, i32 %Dlen_0" [src/spmm_device_fpga.cpp:110]   --->   Operation 24 'store' 'store_ln110' <Predicate = true> <Delay = 0.38>
ST_1 : Operation 25 [1/1] (0.38ns)   --->   "%store_ln110 = store i3 0, i3 %i" [src/spmm_device_fpga.cpp:110]   --->   Operation 25 'store' 'store_ln110' <Predicate = true> <Delay = 0.38>
ST_1 : Operation 26 [1/1] (0.00ns)   --->   "%br_ln110 = br void %for.body" [src/spmm_device_fpga.cpp:110]   --->   Operation 26 'br' 'br_ln110' <Predicate = true> <Delay = 0.00>

State 2 <SV = 1> <Delay = 0.63>
ST_2 : Operation 27 [1/1] (0.00ns)   --->   "%i_10 = load i3 %i" [src/spmm_device_fpga.cpp:110]   --->   Operation 27 'load' 'i_10' <Predicate = true> <Delay = 0.00>
ST_2 : Operation 28 [1/1] (0.49ns)   --->   "%icmp_ln110 = icmp_eq  i3 %i_10, i3 4" [src/spmm_device_fpga.cpp:110]   --->   Operation 28 'icmp' 'icmp_ln110' <Predicate = true> <Delay = 0.49> <CoreInst = "Cmp">   --->   Core 9 'Cmp' <Latency = 0> <II = 1> <Delay = 0.49> <FuncUnit> <Opcode : 'icmp'> <InPorts = 2> <OutPorts = 1>
ST_2 : Operation 29 [1/1] (0.00ns)   --->   "%empty = speclooptripcount i32 @_ssdm_op_SpecLoopTripCount, i64 4, i64 4, i64 4"   --->   Operation 29 'speclooptripcount' 'empty' <Predicate = true> <Delay = 0.00>
ST_2 : Operation 30 [1/1] (0.57ns)   --->   "%add_ln110 = add i3 %i_10, i3 1" [src/spmm_device_fpga.cpp:110]   --->   Operation 30 'add' 'add_ln110' <Predicate = true> <Delay = 0.57> <CoreInst = "Adder">   --->   Core 1 'Adder' <Latency = 0> <II = 1> <Delay = 0.57> <FuncUnit> <Opcode : 'add' 'sub'> <InPorts = 2> <OutPorts = 1>
ST_2 : Operation 31 [1/1] (0.00ns)   --->   "%br_ln110 = br i1 %icmp_ln110, void %for.body.split, void %for.end16" [src/spmm_device_fpga.cpp:110]   --->   Operation 31 'br' 'br_ln110' <Predicate = true> <Delay = 0.00>
ST_2 : Operation 32 [1/1] (0.00ns)   --->   "%zext_ln110 = zext i3 %i_10" [src/spmm_device_fpga.cpp:110]   --->   Operation 32 'zext' 'zext_ln110' <Predicate = (!icmp_ln110)> <Delay = 0.00>
ST_2 : Operation 33 [1/1] (0.00ns)   --->   "%tile_ref_addr = getelementptr i1 %tile_ref, i64 0, i64 %zext_ln110" [src/spmm_device_fpga.cpp:112]   --->   Operation 33 'getelementptr' 'tile_ref_addr' <Predicate = (!icmp_ln110)> <Delay = 0.00>
ST_2 : Operation 34 [2/2] (0.63ns)   --->   "%tile_ref_load = load i2 %tile_ref_addr" [src/spmm_device_fpga.cpp:112]   --->   Operation 34 'load' 'tile_ref_load' <Predicate = (!icmp_ln110)> <Delay = 0.63> <CoreInst = "RAM">   --->   Core 83 'RAM' <Latency = 1> <II = 1> <Delay = 0.63> <Storage> <Opcode : 'load' 'store'> <Ports = 2> <Width = 1> <Depth = 4> <RAM>
ST_2 : Operation 35 [1/1] (0.00ns)   --->   "%ret_ln0 = ret"   --->   Operation 35 'ret' 'ret_ln0' <Predicate = (icmp_ln110)> <Delay = 0.00>

State 3 <SV = 2> <Delay = 1.26>
ST_3 : Operation 36 [1/1] (0.00ns)   --->   "%Dlen_0_load = load i32 %Dlen_0" [src/spmm_device_fpga.cpp:110]   --->   Operation 36 'load' 'Dlen_0_load' <Predicate = true> <Delay = 0.00>
ST_3 : Operation 37 [1/1] (0.00ns)   --->   "%trunc_ln110 = trunc i32 %Dlen_0_load" [src/spmm_device_fpga.cpp:110]   --->   Operation 37 'trunc' 'trunc_ln110' <Predicate = true> <Delay = 0.00>
ST_3 : Operation 38 [1/1] (0.00ns)   --->   "%specpipeline_ln111 = specpipeline void @_ssdm_op_SpecPipeline, i32 1, i32 0, i32 0, i32 0, void @empty_25" [src/spmm_device_fpga.cpp:111]   --->   Operation 38 'specpipeline' 'specpipeline_ln111' <Predicate = true> <Delay = 0.00>
ST_3 : Operation 39 [1/1] (0.00ns)   --->   "%specloopname_ln110 = specloopname void @_ssdm_op_SpecLoopName, void @empty_24" [src/spmm_device_fpga.cpp:110]   --->   Operation 39 'specloopname' 'specloopname_ln110' <Predicate = true> <Delay = 0.00>
ST_3 : Operation 40 [1/2] (0.63ns)   --->   "%tile_ref_load = load i2 %tile_ref_addr" [src/spmm_device_fpga.cpp:112]   --->   Operation 40 'load' 'tile_ref_load' <Predicate = true> <Delay = 0.63> <CoreInst = "RAM">   --->   Core 83 'RAM' <Latency = 1> <II = 1> <Delay = 0.63> <Storage> <Opcode : 'load' 'store'> <Ports = 2> <Width = 1> <Depth = 4> <RAM>
ST_3 : Operation 41 [1/1] (0.00ns)   --->   "%br_ln112 = br i1 %tile_ref_load, void %VITIS_LOOP_113_2, void %for.inc14" [src/spmm_device_fpga.cpp:112]   --->   Operation 41 'br' 'br_ln112' <Predicate = true> <Delay = 0.00>
ST_3 : Operation 42 [1/1] (0.00ns)   --->   "%tile_y_addr = getelementptr i32 %tile_y, i64 0, i64 %zext_ln110" [src/spmm_device_fpga.cpp:110]   --->   Operation 42 'getelementptr' 'tile_y_addr' <Predicate = (!tile_ref_load)> <Delay = 0.00>
ST_3 : Operation 43 [2/2] (0.69ns)   --->   "%tile_y_load = load i2 %tile_y_addr" [src/spmm_device_fpga.cpp:110]   --->   Operation 43 'load' 'tile_y_load' <Predicate = (!tile_ref_load)> <Delay = 0.69> <CoreInst = "RAM">   --->   Core 83 'RAM' <Latency = 1> <II = 1> <Delay = 0.69> <Storage> <Opcode : 'load' 'store'> <Ports = 2> <Width = 32> <Depth = 4> <RAM>
ST_3 : Operation 44 [1/1] (0.88ns)   --->   "%add_ln117 = add i32 %Dlen_0_load, i32 %K_cast1" [src/spmm_device_fpga.cpp:117]   --->   Operation 44 'add' 'add_ln117' <Predicate = (!tile_ref_load)> <Delay = 0.88> <CoreInst = "Adder">   --->   Core 1 'Adder' <Latency = 0> <II = 1> <Delay = 0.88> <FuncUnit> <Opcode : 'add' 'sub'> <InPorts = 2> <OutPorts = 1>
ST_3 : Operation 45 [1/1] (0.38ns)   --->   "%store_ln118 = store i32 %add_ln117, i32 %Dlen_0" [src/spmm_device_fpga.cpp:118]   --->   Operation 45 'store' 'store_ln118' <Predicate = (!tile_ref_load)> <Delay = 0.38>

State 4 <SV = 3> <Delay = 0.69>
ST_4 : Operation 46 [1/2] (0.69ns)   --->   "%tile_y_load = load i2 %tile_y_addr" [src/spmm_device_fpga.cpp:110]   --->   Operation 46 'load' 'tile_y_load' <Predicate = true> <Delay = 0.69> <CoreInst = "RAM">   --->   Core 83 'RAM' <Latency = 1> <II = 1> <Delay = 0.69> <Storage> <Opcode : 'load' 'store'> <Ports = 2> <Width = 32> <Depth = 4> <RAM>

State 5 <SV = 4> <Delay = 2.29>
ST_5 : Operation 47 [2/2] (2.29ns)   --->   "%mul = mul i32 %tile_y_load, i32 %K_cast1" [src/spmm_device_fpga.cpp:110]   --->   Operation 47 'mul' 'mul' <Predicate = true> <Delay = 2.29> <CoreInst = "Multiplier">   --->   Core 3 'Multiplier' <Latency = 1> <II = 1> <Delay = 2.29> <FuncUnit> <Opcode : 'mul'> <InPorts = 2> <OutPorts = 1>

State 6 <SV = 5> <Delay = 2.29>
ST_6 : Operation 48 [1/2] (2.29ns)   --->   "%mul = mul i32 %tile_y_load, i32 %K_cast1" [src/spmm_device_fpga.cpp:110]   --->   Operation 48 'mul' 'mul' <Predicate = true> <Delay = 2.29> <CoreInst = "Multiplier">   --->   Core 3 'Multiplier' <Latency = 1> <II = 1> <Delay = 2.29> <FuncUnit> <Opcode : 'mul'> <InPorts = 2> <OutPorts = 1>

State 7 <SV = 6> <Delay = 1.14>
ST_7 : Operation 49 [1/1] (0.00ns)   --->   "%shl_ln = bitconcatenate i34 @_ssdm_op_BitConcatenate.i34.i32.i2, i32 %mul, i2 0" [src/spmm_device_fpga.cpp:113]   --->   Operation 49 'bitconcatenate' 'shl_ln' <Predicate = true> <Delay = 0.00>
ST_7 : Operation 50 [1/1] (0.00ns)   --->   "%zext_ln113 = zext i34 %shl_ln" [src/spmm_device_fpga.cpp:113]   --->   Operation 50 'zext' 'zext_ln113' <Predicate = true> <Delay = 0.00>
ST_7 : Operation 51 [1/1] (1.14ns)   --->   "%add_ln113 = add i64 %zext_ln113, i64 %B_read" [src/spmm_device_fpga.cpp:113]   --->   Operation 51 'add' 'add_ln113' <Predicate = true> <Delay = 1.14> <CoreInst = "Adder">   --->   Core 1 'Adder' <Latency = 0> <II = 1> <Delay = 1.14> <FuncUnit> <Opcode : 'add' 'sub'> <InPorts = 2> <OutPorts = 1>
ST_7 : Operation 52 [1/1] (0.00ns)   --->   "%trunc_ln5 = partselect i62 @_ssdm_op_PartSelect.i62.i64.i32.i32, i64 %add_ln113, i32 2, i32 63" [src/spmm_device_fpga.cpp:113]   --->   Operation 52 'partselect' 'trunc_ln5' <Predicate = true> <Delay = 0.00>

State 8 <SV = 7> <Delay = 2.92>
ST_8 : Operation 53 [1/1] (0.00ns)   --->   "%sext_ln113 = sext i62 %trunc_ln5" [src/spmm_device_fpga.cpp:113]   --->   Operation 53 'sext' 'sext_ln113' <Predicate = true> <Delay = 0.00>
ST_8 : Operation 54 [1/1] (0.00ns)   --->   "%gmem6_addr = getelementptr i32 %gmem6, i64 %sext_ln113" [src/spmm_device_fpga.cpp:113]   --->   Operation 54 'getelementptr' 'gmem6_addr' <Predicate = true> <Delay = 0.00>
ST_8 : Operation 55 [7/7] (2.92ns)   --->   "%empty_57 = readreq i1 @_ssdm_op_ReadReq.m_axi.p1i32, i32 %gmem6_addr, i32 %K_cast1" [src/spmm_device_fpga.cpp:113]   --->   Operation 55 'readreq' 'empty_57' <Predicate = true> <Delay = 2.92> <CoreInst = "m_axi">   --->   Core 121 'm_axi' <Latency = 0> <II = 1> <Delay = 1.00> <Adapter> <Opcode : 'read' 'write' 'readreq' 'writereq' 'writeresp'>

State 9 <SV = 8> <Delay = 2.92>
ST_9 : Operation 56 [6/7] (2.92ns)   --->   "%empty_57 = readreq i1 @_ssdm_op_ReadReq.m_axi.p1i32, i32 %gmem6_addr, i32 %K_cast1" [src/spmm_device_fpga.cpp:113]   --->   Operation 56 'readreq' 'empty_57' <Predicate = true> <Delay = 2.92> <CoreInst = "m_axi">   --->   Core 121 'm_axi' <Latency = 0> <II = 1> <Delay = 1.00> <Adapter> <Opcode : 'read' 'write' 'readreq' 'writereq' 'writeresp'>

State 10 <SV = 9> <Delay = 2.92>
ST_10 : Operation 57 [5/7] (2.92ns)   --->   "%empty_57 = readreq i1 @_ssdm_op_ReadReq.m_axi.p1i32, i32 %gmem6_addr, i32 %K_cast1" [src/spmm_device_fpga.cpp:113]   --->   Operation 57 'readreq' 'empty_57' <Predicate = true> <Delay = 2.92> <CoreInst = "m_axi">   --->   Core 121 'm_axi' <Latency = 0> <II = 1> <Delay = 1.00> <Adapter> <Opcode : 'read' 'write' 'readreq' 'writereq' 'writeresp'>

State 11 <SV = 10> <Delay = 2.92>
ST_11 : Operation 58 [4/7] (2.92ns)   --->   "%empty_57 = readreq i1 @_ssdm_op_ReadReq.m_axi.p1i32, i32 %gmem6_addr, i32 %K_cast1" [src/spmm_device_fpga.cpp:113]   --->   Operation 58 'readreq' 'empty_57' <Predicate = true> <Delay = 2.92> <CoreInst = "m_axi">   --->   Core 121 'm_axi' <Latency = 0> <II = 1> <Delay = 1.00> <Adapter> <Opcode : 'read' 'write' 'readreq' 'writereq' 'writeresp'>

State 12 <SV = 11> <Delay = 2.92>
ST_12 : Operation 59 [3/7] (2.92ns)   --->   "%empty_57 = readreq i1 @_ssdm_op_ReadReq.m_axi.p1i32, i32 %gmem6_addr, i32 %K_cast1" [src/spmm_device_fpga.cpp:113]   --->   Operation 59 'readreq' 'empty_57' <Predicate = true> <Delay = 2.92> <CoreInst = "m_axi">   --->   Core 121 'm_axi' <Latency = 0> <II = 1> <Delay = 1.00> <Adapter> <Opcode : 'read' 'write' 'readreq' 'writereq' 'writeresp'>

State 13 <SV = 12> <Delay = 2.92>
ST_13 : Operation 60 [2/7] (2.92ns)   --->   "%empty_57 = readreq i1 @_ssdm_op_ReadReq.m_axi.p1i32, i32 %gmem6_addr, i32 %K_cast1" [src/spmm_device_fpga.cpp:113]   --->   Operation 60 'readreq' 'empty_57' <Predicate = true> <Delay = 2.92> <CoreInst = "m_axi">   --->   Core 121 'm_axi' <Latency = 0> <II = 1> <Delay = 1.00> <Adapter> <Opcode : 'read' 'write' 'readreq' 'writereq' 'writeresp'>

State 14 <SV = 13> <Delay = 2.92>
ST_14 : Operation 61 [1/7] (2.92ns)   --->   "%empty_57 = readreq i1 @_ssdm_op_ReadReq.m_axi.p1i32, i32 %gmem6_addr, i32 %K_cast1" [src/spmm_device_fpga.cpp:113]   --->   Operation 61 'readreq' 'empty_57' <Predicate = true> <Delay = 2.92> <CoreInst = "m_axi">   --->   Core 121 'm_axi' <Latency = 0> <II = 1> <Delay = 1.00> <Adapter> <Opcode : 'read' 'write' 'readreq' 'writereq' 'writeresp'>

State 15 <SV = 14> <Delay = 1.22>
ST_15 : Operation 62 [2/2] (1.22ns)   --->   "%call_ln113 = call void @dfm_Pipeline_VITIS_LOOP_113_2, i32 %gmem6, i62 %trunc_ln5, i30 %K_read, i16 %trunc_ln110, i32 %Dbuf" [src/spmm_device_fpga.cpp:113]   --->   Operation 62 'call' 'call_ln113' <Predicate = true> <Delay = 1.22> <CoreType = "Generic">   --->   Core 0 '' <Latency = 0> <II = 1> <Delay = 1.00> <Generic> <Opcode : >

State 16 <SV = 15> <Delay = 0.38>
ST_16 : Operation 63 [1/2] (0.00ns)   --->   "%call_ln113 = call void @dfm_Pipeline_VITIS_LOOP_113_2, i32 %gmem6, i62 %trunc_ln5, i30 %K_read, i16 %trunc_ln110, i32 %Dbuf" [src/spmm_device_fpga.cpp:113]   --->   Operation 63 'call' 'call_ln113' <Predicate = (!tile_ref_load)> <Delay = 0.00> <CoreType = "Generic">   --->   Core 0 '' <Latency = 0> <II = 1> <Delay = 1.00> <Generic> <Opcode : >
ST_16 : Operation 64 [1/1] (0.00ns)   --->   "%br_ln118 = br void %for.inc14" [src/spmm_device_fpga.cpp:118]   --->   Operation 64 'br' 'br_ln118' <Predicate = (!tile_ref_load)> <Delay = 0.00>
ST_16 : Operation 65 [1/1] (0.38ns)   --->   "%store_ln110 = store i3 %add_ln110, i3 %i" [src/spmm_device_fpga.cpp:110]   --->   Operation 65 'store' 'store_ln110' <Predicate = true> <Delay = 0.38>
ST_16 : Operation 66 [1/1] (0.00ns)   --->   "%br_ln110 = br void %for.body" [src/spmm_device_fpga.cpp:110]   --->   Operation 66 'br' 'br_ln110' <Predicate = true> <Delay = 0.00>


============================================================
+ Verbose Summary: Timing violations
============================================================
Target clock period: 4ns, clock uncertainty: 1.08ns.

 <State 1>: 0.387ns
The critical path consists of the following:
	'alloca' operation ('Dlen_0') [8]  (0 ns)
	'store' operation ('store_ln110', src/spmm_device_fpga.cpp:110) of constant 0 on local variable 'Dlen_0' [14]  (0.387 ns)

 <State 2>: 0.639ns
The critical path consists of the following:
	'load' operation ('i', src/spmm_device_fpga.cpp:110) on local variable 'i' [18]  (0 ns)
	'getelementptr' operation ('tile_ref_addr', src/spmm_device_fpga.cpp:112) [29]  (0 ns)
	'load' operation ('tile_ref_load', src/spmm_device_fpga.cpp:112) on array 'tile_ref' [30]  (0.639 ns)

 <State 3>: 1.27ns
The critical path consists of the following:
	'load' operation ('Dlen_0_load', src/spmm_device_fpga.cpp:110) on local variable 'Dlen_0' [24]  (0 ns)
	'add' operation ('add_ln117', src/spmm_device_fpga.cpp:117) [44]  (0.88 ns)
	'store' operation ('store_ln118', src/spmm_device_fpga.cpp:118) of variable 'add_ln117', src/spmm_device_fpga.cpp:117 on local variable 'Dlen_0' [45]  (0.387 ns)

 <State 4>: 0.699ns
The critical path consists of the following:
	'load' operation ('tile_y_load', src/spmm_device_fpga.cpp:110) on array 'tile_y' [34]  (0.699 ns)

 <State 5>: 2.29ns
The critical path consists of the following:
	'mul' operation ('mul', src/spmm_device_fpga.cpp:110) [35]  (2.29 ns)

 <State 6>: 2.29ns
The critical path consists of the following:
	'mul' operation ('mul', src/spmm_device_fpga.cpp:110) [35]  (2.29 ns)

 <State 7>: 1.15ns
The critical path consists of the following:
	'add' operation ('add_ln113', src/spmm_device_fpga.cpp:113) [38]  (1.15 ns)

 <State 8>: 2.92ns
The critical path consists of the following:
	'getelementptr' operation ('gmem6_addr', src/spmm_device_fpga.cpp:113) [41]  (0 ns)
	bus request operation ('empty_57', src/spmm_device_fpga.cpp:113) on port 'gmem6' (src/spmm_device_fpga.cpp:113) [42]  (2.92 ns)

 <State 9>: 2.92ns
The critical path consists of the following:
	bus request operation ('empty_57', src/spmm_device_fpga.cpp:113) on port 'gmem6' (src/spmm_device_fpga.cpp:113) [42]  (2.92 ns)

 <State 10>: 2.92ns
The critical path consists of the following:
	bus request operation ('empty_57', src/spmm_device_fpga.cpp:113) on port 'gmem6' (src/spmm_device_fpga.cpp:113) [42]  (2.92 ns)

 <State 11>: 2.92ns
The critical path consists of the following:
	bus request operation ('empty_57', src/spmm_device_fpga.cpp:113) on port 'gmem6' (src/spmm_device_fpga.cpp:113) [42]  (2.92 ns)

 <State 12>: 2.92ns
The critical path consists of the following:
	bus request operation ('empty_57', src/spmm_device_fpga.cpp:113) on port 'gmem6' (src/spmm_device_fpga.cpp:113) [42]  (2.92 ns)

 <State 13>: 2.92ns
The critical path consists of the following:
	bus request operation ('empty_57', src/spmm_device_fpga.cpp:113) on port 'gmem6' (src/spmm_device_fpga.cpp:113) [42]  (2.92 ns)

 <State 14>: 2.92ns
The critical path consists of the following:
	bus request operation ('empty_57', src/spmm_device_fpga.cpp:113) on port 'gmem6' (src/spmm_device_fpga.cpp:113) [42]  (2.92 ns)

 <State 15>: 1.22ns
The critical path consists of the following:
	'call' operation ('call_ln113', src/spmm_device_fpga.cpp:113) to 'dfm_Pipeline_VITIS_LOOP_113_2' [43]  (1.22 ns)

 <State 16>: 0.387ns
The critical path consists of the following:
	'store' operation ('store_ln110', src/spmm_device_fpga.cpp:110) of variable 'add_ln110', src/spmm_device_fpga.cpp:110 on local variable 'i' [48]  (0.387 ns)


============================================================
+ Verbose Summary: Binding
============================================================
N/A
* FSMD analyzer results:
  - Output states:
 - Input state : 
  - Chain level:
	State 1
	State 2
	State 3
	State 4
	State 5
	State 6
	State 7
	State 8
	State 9
	State 10
	State 11
	State 12
	State 13
	State 14
	State 15
	State 16


============================================================
+ Verbose Summary: Datapath Resource usage 
============================================================
N/A
