

================================================================
== Vitis HLS Report for 'dfm_Pipeline_VITIS_LOOP_114_1'
================================================================
* Date:           Mon Sep  1 16:04:17 2025

* Version:        2022.2 (Build 3670227 on Oct 13 2022)
* Project:        spmm_prj
* Solution:       sol1 (Vivado IP Flow Target)
* Product family: virtexuplus
* Target device:  xcu280-fsvh2892-2L-e


================================================================
== Performance Estimates
================================================================
+ Timing: 
    * Summary: 
    +--------+---------+----------+------------+
    |  Clock |  Target | Estimated| Uncertainty|
    +--------+---------+----------+------------+
    |ap_clk  |  4.00 ns|  2.920 ns|     1.08 ns|
    +--------+---------+----------+------------+

+ Latency: 
    * Summary: 
    +---------+---------+----------+----------+-----+-----+---------+
    |  Latency (cycles) |  Latency (absolute) |  Interval | Pipeline|
    |   min   |   max   |    min   |    max   | min | max |   Type  |
    +---------+---------+----------+----------+-----+-----+---------+
    |        ?|        ?|         ?|         ?|    ?|    ?|       no|
    +---------+---------+----------+----------+-----+-----+---------+

    + Detail: 
        * Instance: 
        N/A

        * Loop: 
        +--------------------+---------+---------+----------+-----------+-----------+------+----------+
        |                    |  Latency (cycles) | Iteration|  Initiation Interval  | Trip |          |
        |      Loop Name     |   min   |   max   |  Latency |  achieved |   target  | Count| Pipelined|
        +--------------------+---------+---------+----------+-----------+-----------+------+----------+
        |- VITIS_LOOP_114_1  |        ?|        ?|         3|          1|          1|     ?|       yes|
        +--------------------+---------+---------+----------+-----------+-----------+------+----------+



================================================================
== Utilization Estimates
================================================================
* Summary: 
+---------------------+---------+------+---------+---------+-----+
|         Name        | BRAM_18K|  DSP |    FF   |   LUT   | URAM|
+---------------------+---------+------+---------+---------+-----+
|DSP                  |        -|     -|        -|        -|    -|
|Expression           |        -|     -|        0|       85|    -|
|FIFO                 |        -|     -|        -|        -|    -|
|Instance             |        -|     -|        -|        -|    -|
|Memory               |        -|     -|        -|        -|    -|
|Multiplexer          |        -|     -|        -|       45|    -|
|Register             |        -|     -|      100|        -|    -|
+---------------------+---------+------+---------+---------+-----+
|Total                |        0|     0|      100|      130|    0|
+---------------------+---------+------+---------+---------+-----+
|Available SLR        |     1344|  3008|   869120|   434560|  320|
+---------------------+---------+------+---------+---------+-----+
|Utilization SLR (%)  |        0|     0|       ~0|       ~0|    0|
+---------------------+---------+------+---------+---------+-----+
|Available            |     4032|  9024|  2607360|  1303680|  960|
+---------------------+---------+------+---------+---------+-----+
|Utilization (%)      |        0|     0|       ~0|       ~0|    0|
+---------------------+---------+------+---------+---------+-----+

+ Detail: 
    * Instance: 
    N/A

    * DSP: 
    N/A

    * Memory: 
    N/A

    * FIFO: 
    N/A

    * Expression: 
    +----------------------------------+----------+----+---+----+------------+------------+
    |           Variable Name          | Operation| DSP| FF| LUT| Bitwidth P0| Bitwidth P1|
    +----------------------------------+----------+----+---+----+------------+------------+
    |add_ln114_fu_118_p2               |         +|   0|  0|  37|          30|           1|
    |add_ln116_fu_128_p2               |         +|   0|  0|  23|          16|          16|
    |ap_block_pp0_stage0_11001         |       and|   0|  0|   2|           1|           1|
    |ap_block_state2_pp0_stage0_iter1  |       and|   0|  0|   2|           1|           1|
    |icmp_ln114_fu_112_p2              |      icmp|   0|  0|  19|          30|          30|
    |ap_enable_pp0                     |       xor|   0|  0|   2|           1|           2|
    +----------------------------------+----------+----+---+----+------------+------------+
    |Total                             |          |   0|  0|  85|          79|          51|
    +----------------------------------+----------+----+---+----+------------+------------+

    * Multiplexer: 
    +-------------------------+----+-----------+-----+-----------+
    |           Name          | LUT| Input Size| Bits| Total Bits|
    +-------------------------+----+-----------+-----+-----------+
    |ap_done_int              |   9|          2|    1|          2|
    |ap_enable_reg_pp0_iter2  |   9|          2|    1|          2|
    |ap_sig_allocacmp_j_1     |   9|          2|   30|         60|
    |gmem6_blk_n_R            |   9|          2|    1|          2|
    |j_fu_56                  |   9|          2|   30|         60|
    +-------------------------+----+-----------+-----+-----------+
    |Total                    |  45|         10|   63|        126|
    +-------------------------+----+-----------+-----+-----------+

    * Register: 
    +----------------------------------+----+----+-----+-----------+
    |               Name               | FF | LUT| Bits| Const Bits|
    +----------------------------------+----+----+-----+-----------+
    |add_ln116_reg_169                 |  16|   0|   16|          0|
    |add_ln116_reg_169_pp0_iter1_reg   |  16|   0|   16|          0|
    |ap_CS_fsm                         |   1|   0|    1|          0|
    |ap_done_reg                       |   1|   0|    1|          0|
    |ap_enable_reg_pp0_iter1           |   1|   0|    1|          0|
    |ap_enable_reg_pp0_iter2           |   1|   0|    1|          0|
    |ap_loop_exit_ready_pp0_iter1_reg  |   1|   0|    1|          0|
    |gmem6_addr_read_reg_174           |  32|   0|   32|          0|
    |icmp_ln114_reg_165                |   1|   0|    1|          0|
    |j_fu_56                           |  30|   0|   30|          0|
    +----------------------------------+----+----+-----+-----------+
    |Total                             | 100|   0|  100|          0|
    +----------------------------------+----+----+-----+-----------+



================================================================
== Interface
================================================================
* Summary: 
+----------------------+-----+-----+------------+-------------------------------+--------------+
|       RTL Ports      | Dir | Bits|  Protocol  |         Source Object         |    C Type    |
+----------------------+-----+-----+------------+-------------------------------+--------------+
|ap_clk                |   in|    1|  ap_ctrl_hs|  dfm_Pipeline_VITIS_LOOP_114_1|  return value|
|ap_rst                |   in|    1|  ap_ctrl_hs|  dfm_Pipeline_VITIS_LOOP_114_1|  return value|
|ap_start              |   in|    1|  ap_ctrl_hs|  dfm_Pipeline_VITIS_LOOP_114_1|  return value|
|ap_done               |  out|    1|  ap_ctrl_hs|  dfm_Pipeline_VITIS_LOOP_114_1|  return value|
|ap_idle               |  out|    1|  ap_ctrl_hs|  dfm_Pipeline_VITIS_LOOP_114_1|  return value|
|ap_ready              |  out|    1|  ap_ctrl_hs|  dfm_Pipeline_VITIS_LOOP_114_1|  return value|
|m_axi_gmem6_AWVALID   |  out|    1|       m_axi|                          gmem6|       pointer|
|m_axi_gmem6_AWREADY   |   in|    1|       m_axi|                          gmem6|       pointer|
|m_axi_gmem6_AWADDR    |  out|   64|       m_axi|                          gmem6|       pointer|
|m_axi_gmem6_AWID      |  out|    1|       m_axi|                          gmem6|       pointer|
|m_axi_gmem6_AWLEN     |  out|   32|       m_axi|                          gmem6|       pointer|
|m_axi_gmem6_AWSIZE    |  out|    3|       m_axi|                          gmem6|       pointer|
|m_axi_gmem6_AWBURST   |  out|    2|       m_axi|                          gmem6|       pointer|
|m_axi_gmem6_AWLOCK    |  out|    2|       m_axi|                          gmem6|       pointer|
|m_axi_gmem6_AWCACHE   |  out|    4|       m_axi|                          gmem6|       pointer|
|m_axi_gmem6_AWPROT    |  out|    3|       m_axi|                          gmem6|       pointer|
|m_axi_gmem6_AWQOS     |  out|    4|       m_axi|                          gmem6|       pointer|
|m_axi_gmem6_AWREGION  |  out|    4|       m_axi|                          gmem6|       pointer|
|m_axi_gmem6_AWUSER    |  out|    1|       m_axi|                          gmem6|       pointer|
|m_axi_gmem6_WVALID    |  out|    1|       m_axi|                          gmem6|       pointer|
|m_axi_gmem6_WREADY    |   in|    1|       m_axi|                          gmem6|       pointer|
|m_axi_gmem6_WDATA     |  out|   32|       m_axi|                          gmem6|       pointer|
|m_axi_gmem6_WSTRB     |  out|    4|       m_axi|                          gmem6|       pointer|
|m_axi_gmem6_WLAST     |  out|    1|       m_axi|                          gmem6|       pointer|
|m_axi_gmem6_WID       |  out|    1|       m_axi|                          gmem6|       pointer|
|m_axi_gmem6_WUSER     |  out|    1|       m_axi|                          gmem6|       pointer|
|m_axi_gmem6_ARVALID   |  out|    1|       m_axi|                          gmem6|       pointer|
|m_axi_gmem6_ARREADY   |   in|    1|       m_axi|                          gmem6|       pointer|
|m_axi_gmem6_ARADDR    |  out|   64|       m_axi|                          gmem6|       pointer|
|m_axi_gmem6_ARID      |  out|    1|       m_axi|                          gmem6|       pointer|
|m_axi_gmem6_ARLEN     |  out|   32|       m_axi|                          gmem6|       pointer|
|m_axi_gmem6_ARSIZE    |  out|    3|       m_axi|                          gmem6|       pointer|
|m_axi_gmem6_ARBURST   |  out|    2|       m_axi|                          gmem6|       pointer|
|m_axi_gmem6_ARLOCK    |  out|    2|       m_axi|                          gmem6|       pointer|
|m_axi_gmem6_ARCACHE   |  out|    4|       m_axi|                          gmem6|       pointer|
|m_axi_gmem6_ARPROT    |  out|    3|       m_axi|                          gmem6|       pointer|
|m_axi_gmem6_ARQOS     |  out|    4|       m_axi|                          gmem6|       pointer|
|m_axi_gmem6_ARREGION  |  out|    4|       m_axi|                          gmem6|       pointer|
|m_axi_gmem6_ARUSER    |  out|    1|       m_axi|                          gmem6|       pointer|
|m_axi_gmem6_RVALID    |   in|    1|       m_axi|                          gmem6|       pointer|
|m_axi_gmem6_RREADY    |  out|    1|       m_axi|                          gmem6|       pointer|
|m_axi_gmem6_RDATA     |   in|   32|       m_axi|                          gmem6|       pointer|
|m_axi_gmem6_RLAST     |   in|    1|       m_axi|                          gmem6|       pointer|
|m_axi_gmem6_RID       |   in|    1|       m_axi|                          gmem6|       pointer|
|m_axi_gmem6_RFIFONUM  |   in|    9|       m_axi|                          gmem6|       pointer|
|m_axi_gmem6_RUSER     |   in|    1|       m_axi|                          gmem6|       pointer|
|m_axi_gmem6_RRESP     |   in|    2|       m_axi|                          gmem6|       pointer|
|m_axi_gmem6_BVALID    |   in|    1|       m_axi|                          gmem6|       pointer|
|m_axi_gmem6_BREADY    |  out|    1|       m_axi|                          gmem6|       pointer|
|m_axi_gmem6_BRESP     |   in|    2|       m_axi|                          gmem6|       pointer|
|m_axi_gmem6_BID       |   in|    1|       m_axi|                          gmem6|       pointer|
|m_axi_gmem6_BUSER     |   in|    1|       m_axi|                          gmem6|       pointer|
|sext_ln114            |   in|   62|     ap_none|                     sext_ln114|        scalar|
|K                     |   in|   30|     ap_none|                              K|        scalar|
|Dlen_load_cast        |   in|   16|     ap_none|                 Dlen_load_cast|        scalar|
|Dbuf_address1         |  out|   16|   ap_memory|                           Dbuf|         array|
|Dbuf_ce1              |  out|    1|   ap_memory|                           Dbuf|         array|
|Dbuf_we1              |  out|    1|   ap_memory|                           Dbuf|         array|
|Dbuf_d1               |  out|   32|   ap_memory|                           Dbuf|         array|
+----------------------+-----+-----+------------+-------------------------------+--------------+

============================================================
+ Verbose Summary: Synthesis Manager
============================================================
InlineROM: 1
ExposeGlobal: 0
============================================================
+ Verbose Summary: CDFG Model
============================================================
IsTopModel: 0
ResetActiveHigh: 1
IsCombinational: 2
IsDatapathOnly: 2
HasWiredReturn: 1
HasMFsm: 2
HasVarLatency: 1
IsPipeline: 0
IsRtlPipelined: 0
IsInstanceOverlapped: 0
IsDontTouch: 0
HasImplIP: 0
IsGatedGlobalClock: 0

+ Individual pipeline summary: 
  * Pipeline-0: initiation interval (II) = 1, depth = 3


============================================================
+ Verbose Summary: Schedule
============================================================
* Number of FSM states : 3
* Pipeline : 1
  Pipeline-0 : II = 1, D = 3, States = { 1 2 3 }
* Dataflow Pipeline: 0

* FSM state transitions: 
1 --> 2 
2 --> 3 
3 --> 

* FSM state operations: 

State 1 <SV = 0> <Delay = 1.25>
ST_1 : Operation 6 [1/1] (0.00ns)   --->   "%j = alloca i32 1"   --->   Operation 6 'alloca' 'j' <Predicate = true> <Delay = 0.00>
ST_1 : Operation 7 [1/1] (0.00ns)   --->   "%Dlen_load_cast_read = read i16 @_ssdm_op_Read.ap_auto.i16, i16 %Dlen_load_cast"   --->   Operation 7 'read' 'Dlen_load_cast_read' <Predicate = true> <Delay = 0.00>
ST_1 : Operation 8 [1/1] (0.00ns)   --->   "%K_read = read i30 @_ssdm_op_Read.ap_auto.i30, i30 %K"   --->   Operation 8 'read' 'K_read' <Predicate = true> <Delay = 0.00>
ST_1 : Operation 9 [1/1] (0.00ns)   --->   "%sext_ln114_read = read i62 @_ssdm_op_Read.ap_auto.i62, i62 %sext_ln114"   --->   Operation 9 'read' 'sext_ln114_read' <Predicate = true> <Delay = 0.00>
ST_1 : Operation 10 [1/1] (0.00ns)   --->   "%sext_ln114_cast = sext i62 %sext_ln114_read"   --->   Operation 10 'sext' 'sext_ln114_cast' <Predicate = true> <Delay = 0.00>
ST_1 : Operation 11 [1/1] (0.00ns)   --->   "%specmemcore_ln0 = specmemcore void @_ssdm_op_SpecMemCore, i32 %Dbuf, i64 666, i64 22, i64 18446744073709551615"   --->   Operation 11 'specmemcore' 'specmemcore_ln0' <Predicate = true> <Delay = 0.00>
ST_1 : Operation 12 [1/1] (0.00ns)   --->   "%specinterface_ln0 = specinterface void @_ssdm_op_SpecInterface, i32 %gmem6, void @empty_4, i32 0, i32 0, void @empty_23, i32 0, i32 0, void @empty_32, void @empty_13, void @empty_23, i32 16, i32 16, i32 16, i32 16, void @empty_23, void @empty_23, i32 4294967295, i32 0"   --->   Operation 12 'specinterface' 'specinterface_ln0' <Predicate = true> <Delay = 0.00>
ST_1 : Operation 13 [1/1] (0.38ns)   --->   "%store_ln0 = store i30 0, i30 %j"   --->   Operation 13 'store' 'store_ln0' <Predicate = true> <Delay = 0.38>
ST_1 : Operation 14 [1/1] (0.00ns)   --->   "%br_ln0 = br void %for.inc"   --->   Operation 14 'br' 'br_ln0' <Predicate = true> <Delay = 0.00>
ST_1 : Operation 15 [1/1] (0.00ns)   --->   "%j_1 = load i30 %j" [src/spmm_device_fpga.cpp:116]   --->   Operation 15 'load' 'j_1' <Predicate = true> <Delay = 0.00>
ST_1 : Operation 16 [1/1] (0.83ns)   --->   "%icmp_ln114 = icmp_eq  i30 %j_1, i30 %K_read" [src/spmm_device_fpga.cpp:114]   --->   Operation 16 'icmp' 'icmp_ln114' <Predicate = true> <Delay = 0.83> <CoreInst = "Cmp">   --->   Core 9 'Cmp' <Latency = 0> <II = 1> <Delay = 0.83> <FuncUnit> <Opcode : 'icmp'> <InPorts = 2> <OutPorts = 1>
ST_1 : Operation 17 [1/1] (0.86ns)   --->   "%add_ln114 = add i30 %j_1, i30 1" [src/spmm_device_fpga.cpp:114]   --->   Operation 17 'add' 'add_ln114' <Predicate = true> <Delay = 0.86> <CoreInst = "Adder">   --->   Core 1 'Adder' <Latency = 0> <II = 1> <Delay = 0.86> <FuncUnit> <Opcode : 'add' 'sub'> <InPorts = 2> <OutPorts = 1>
ST_1 : Operation 18 [1/1] (0.00ns)   --->   "%br_ln114 = br i1 %icmp_ln114, void %for.inc.split, void %for.end.loopexit.exitStub" [src/spmm_device_fpga.cpp:114]   --->   Operation 18 'br' 'br_ln114' <Predicate = true> <Delay = 0.00>
ST_1 : Operation 19 [1/1] (0.00ns)   --->   "%trunc_ln116 = trunc i30 %j_1" [src/spmm_device_fpga.cpp:116]   --->   Operation 19 'trunc' 'trunc_ln116' <Predicate = (!icmp_ln114)> <Delay = 0.00>
ST_1 : Operation 20 [1/1] (0.78ns)   --->   "%add_ln116 = add i16 %trunc_ln116, i16 %Dlen_load_cast_read" [src/spmm_device_fpga.cpp:116]   --->   Operation 20 'add' 'add_ln116' <Predicate = (!icmp_ln114)> <Delay = 0.78> <CoreInst = "Adder">   --->   Core 1 'Adder' <Latency = 0> <II = 1> <Delay = 0.78> <FuncUnit> <Opcode : 'add' 'sub'> <InPorts = 2> <OutPorts = 1>
ST_1 : Operation 21 [1/1] (0.38ns)   --->   "%store_ln114 = store i30 %add_ln114, i30 %j" [src/spmm_device_fpga.cpp:114]   --->   Operation 21 'store' 'store_ln114' <Predicate = (!icmp_ln114)> <Delay = 0.38>

State 2 <SV = 1> <Delay = 2.92>
ST_2 : Operation 22 [1/1] (0.00ns)   --->   "%gmem6_addr = getelementptr i32 %gmem6, i64 %sext_ln114_cast" [src/spmm_device_fpga.cpp:114]   --->   Operation 22 'getelementptr' 'gmem6_addr' <Predicate = true> <Delay = 0.00>
ST_2 : Operation 23 [1/1] (2.92ns)   --->   "%gmem6_addr_read = read i32 @_ssdm_op_Read.m_axi.p1i32, i64 %gmem6_addr" [src/spmm_device_fpga.cpp:116]   --->   Operation 23 'read' 'gmem6_addr_read' <Predicate = (!icmp_ln114)> <Delay = 2.92> <CoreInst = "m_axi">   --->   Core 121 'm_axi' <Latency = 0> <II = 1> <Delay = 1.00> <Adapter> <Opcode : 'read' 'write' 'readreq' 'writereq' 'writeresp'>
ST_2 : Operation 31 [1/1] (0.00ns)   --->   "%ret_ln0 = ret"   --->   Operation 31 'ret' 'ret_ln0' <Predicate = (icmp_ln114)> <Delay = 0.00>

State 3 <SV = 2> <Delay = 1.24>
ST_3 : Operation 24 [1/1] (0.00ns)   --->   "%specpipeline_ln115 = specpipeline void @_ssdm_op_SpecPipeline, i32 1, i32 0, i32 0, i32 0, void @empty_23" [src/spmm_device_fpga.cpp:115]   --->   Operation 24 'specpipeline' 'specpipeline_ln115' <Predicate = true> <Delay = 0.00>
ST_3 : Operation 25 [1/1] (0.00ns)   --->   "%specloopname_ln114 = specloopname void @_ssdm_op_SpecLoopName, void @empty_29" [src/spmm_device_fpga.cpp:114]   --->   Operation 25 'specloopname' 'specloopname_ln114' <Predicate = true> <Delay = 0.00>
ST_3 : Operation 26 [1/1] (0.00ns)   --->   "%bitcast_ln116 = bitcast i32 %gmem6_addr_read" [src/spmm_device_fpga.cpp:116]   --->   Operation 26 'bitcast' 'bitcast_ln116' <Predicate = true> <Delay = 0.00>
ST_3 : Operation 27 [1/1] (0.00ns)   --->   "%zext_ln116 = zext i16 %add_ln116" [src/spmm_device_fpga.cpp:116]   --->   Operation 27 'zext' 'zext_ln116' <Predicate = true> <Delay = 0.00>
ST_3 : Operation 28 [1/1] (0.00ns)   --->   "%Dbuf_addr = getelementptr i32 %Dbuf, i64 0, i64 %zext_ln116" [src/spmm_device_fpga.cpp:116]   --->   Operation 28 'getelementptr' 'Dbuf_addr' <Predicate = true> <Delay = 0.00>
ST_3 : Operation 29 [1/1] (1.24ns)   --->   "%store_ln116 = store i32 %bitcast_ln116, i16 %Dbuf_addr" [src/spmm_device_fpga.cpp:116]   --->   Operation 29 'store' 'store_ln116' <Predicate = true> <Delay = 1.24> <CoreInst = "RAM_2P_BRAM">   --->   Core 94 'RAM_2P_BRAM' <Latency = 1> <II = 1> <Delay = 1.24> <Storage> <Opcode : 'load' 'store'> <Ports = 2> <Width = 32> <Depth = 61278> <RAM>
ST_3 : Operation 30 [1/1] (0.00ns)   --->   "%br_ln114 = br void %for.inc" [src/spmm_device_fpga.cpp:114]   --->   Operation 30 'br' 'br_ln114' <Predicate = true> <Delay = 0.00>


============================================================
+ Verbose Summary: Binding
============================================================
STG Binding: 
---------------- STG Properties BEGIN ----------------
- Is combinational: 0
- Is one-state seq: 0
- Is datapath-only: 0
- Is pipelined: 0
- Is top level: 0
Port [ Return ] is wired: 1; IO mode=ap_ctrl_hs:ce=0
Port [ gmem6]:  wired=1; compound=1; hidden=0; nouse=0; global=0; static=0; extern=0; dir=0; type=4; pingpong=0; private_global=0; IO mode=m_axi:ce=0
Port [ sext_ln114]:  wired=1; compound=0; hidden=0; nouse=0; global=0; static=0; extern=0; dir=0; type=0; pingpong=0; private_global=0; IO mode=ap_none:ce=0
Port [ K]:  wired=1; compound=0; hidden=0; nouse=0; global=0; static=0; extern=0; dir=0; type=0; pingpong=0; private_global=0; IO mode=ap_none:ce=0
Port [ Dlen_load_cast]:  wired=1; compound=0; hidden=0; nouse=0; global=0; static=0; extern=0; dir=0; type=0; pingpong=0; private_global=0; IO mode=ap_none:ce=0
Port [ Dbuf]:  wired=1; compound=1; hidden=0; nouse=0; global=0; static=0; extern=0; dir=1; type=1; pingpong=0; private_global=0; MemPort=[30]; IO mode=ap_memory:ce=0
---------------- STG Properties END ------------------

---------------- Datapath Model BEGIN ----------------

<LifeTime>
<method=bitvector/>
j                   (alloca       ) [ 0100]
Dlen_load_cast_read (read         ) [ 0000]
K_read              (read         ) [ 0000]
sext_ln114_read     (read         ) [ 0000]
sext_ln114_cast     (sext         ) [ 0110]
specmemcore_ln0     (specmemcore  ) [ 0000]
specinterface_ln0   (specinterface) [ 0000]
store_ln0           (store        ) [ 0000]
br_ln0              (br           ) [ 0000]
j_1                 (load         ) [ 0000]
icmp_ln114          (icmp         ) [ 0110]
add_ln114           (add          ) [ 0000]
br_ln114            (br           ) [ 0000]
trunc_ln116         (trunc        ) [ 0000]
add_ln116           (add          ) [ 0111]
store_ln114         (store        ) [ 0000]
gmem6_addr          (getelementptr) [ 0000]
gmem6_addr_read     (read         ) [ 0101]
specpipeline_ln115  (specpipeline ) [ 0000]
specloopname_ln114  (specloopname ) [ 0000]
bitcast_ln116       (bitcast      ) [ 0000]
zext_ln116          (zext         ) [ 0000]
Dbuf_addr           (getelementptr) [ 0000]
store_ln116         (store        ) [ 0000]
br_ln114            (br           ) [ 0000]
ret_ln0             (ret          ) [ 0000]
</LifeTime>

<model>

<comp_list>
<comp id="0" class="1000" name="gmem6">
<pin_list>
<pin id="1" dir="1" index="0" bw="1" slack="0"/>
</pin_list>
<bind>
<StgValue><ssdm name="gmem6"/></StgValue>
</bind>
</comp>

<comp id="2" class="1000" name="sext_ln114">
<pin_list>
<pin id="3" dir="1" index="0" bw="1" slack="0"/>
</pin_list>
<bind>
<StgValue><ssdm name="sext_ln114"/></StgValue>
</bind>
</comp>

<comp id="4" class="1000" name="K">
<pin_list>
<pin id="5" dir="1" index="0" bw="1" slack="0"/>
</pin_list>
<bind>
<StgValue><ssdm name="K"/></StgValue>
</bind>
</comp>

<comp id="6" class="1000" name="Dlen_load_cast">
<pin_list>
<pin id="7" dir="1" index="0" bw="1" slack="0"/>
</pin_list>
<bind>
<StgValue><ssdm name="Dlen_load_cast"/></StgValue>
</bind>
</comp>

<comp id="8" class="1000" name="Dbuf">
<pin_list>
<pin id="9" dir="1" index="0" bw="1" slack="0"/>
</pin_list>
<bind>
<StgValue><ssdm name="Dbuf"/><MemPortTyVec>3 0 </MemPortTyVec>
</StgValue>
</bind>
</comp>

<comp id="10" class="1001" name="const_10">
<pin_list>
<pin id="11" dir="1" index="0" bw="1" slack="0"/>
</pin_list>
<bind>
<StgValue><ssdm name=""/></StgValue>
</bind>
</comp>

<comp id="12" class="1001" name="const_12">
<pin_list>
<pin id="13" dir="1" index="0" bw="1" slack="0"/>
</pin_list>
<bind>
<StgValue><ssdm name="_ssdm_op_Read.ap_auto.i16"/></StgValue>
</bind>
</comp>

<comp id="14" class="1001" name="const_14">
<pin_list>
<pin id="15" dir="1" index="0" bw="1" slack="0"/>
</pin_list>
<bind>
<StgValue><ssdm name="_ssdm_op_Read.ap_auto.i30"/></StgValue>
</bind>
</comp>

<comp id="16" class="1001" name="const_16">
<pin_list>
<pin id="17" dir="1" index="0" bw="1" slack="0"/>
</pin_list>
<bind>
<StgValue><ssdm name="_ssdm_op_Read.ap_auto.i62"/></StgValue>
</bind>
</comp>

<comp id="18" class="1001" name="const_18">
<pin_list>
<pin id="19" dir="1" index="0" bw="1" slack="2147483647"/>
</pin_list>
<bind>
<StgValue><ssdm name="_ssdm_op_SpecMemCore"/></StgValue>
</bind>
</comp>

<comp id="20" class="1001" name="const_20">
<pin_list>
<pin id="21" dir="1" index="0" bw="1" slack="2147483647"/>
</pin_list>
<bind>
<StgValue><ssdm name=""/></StgValue>
</bind>
</comp>

<comp id="22" class="1001" name="const_22">
<pin_list>
<pin id="23" dir="1" index="0" bw="1" slack="2147483647"/>
</pin_list>
<bind>
<StgValue><ssdm name=""/></StgValue>
</bind>
</comp>

<comp id="24" class="1001" name="const_24">
<pin_list>
<pin id="25" dir="1" index="0" bw="1" slack="2147483647"/>
</pin_list>
<bind>
<StgValue><ssdm name=""/></StgValue>
</bind>
</comp>

<comp id="26" class="1001" name="const_26">
<pin_list>
<pin id="27" dir="1" index="0" bw="1" slack="2147483647"/>
</pin_list>
<bind>
<StgValue><ssdm name="_ssdm_op_SpecInterface"/></StgValue>
</bind>
</comp>

<comp id="28" class="1001" name="const_28">
<pin_list>
<pin id="29" dir="1" index="0" bw="1" slack="2147483647"/>
</pin_list>
<bind>
<StgValue><ssdm name="empty_4"/></StgValue>
</bind>
</comp>

<comp id="30" class="1001" name="const_30">
<pin_list>
<pin id="31" dir="1" index="0" bw="1" slack="2147483647"/>
</pin_list>
<bind>
<StgValue><ssdm name=""/></StgValue>
</bind>
</comp>

<comp id="32" class="1001" name="const_32">
<pin_list>
<pin id="33" dir="1" index="0" bw="1" slack="2147483647"/>
</pin_list>
<bind>
<StgValue><ssdm name="empty_23"/></StgValue>
</bind>
</comp>

<comp id="34" class="1001" name="const_34">
<pin_list>
<pin id="35" dir="1" index="0" bw="1" slack="2147483647"/>
</pin_list>
<bind>
<StgValue><ssdm name="empty_32"/></StgValue>
</bind>
</comp>

<comp id="36" class="1001" name="const_36">
<pin_list>
<pin id="37" dir="1" index="0" bw="1" slack="2147483647"/>
</pin_list>
<bind>
<StgValue><ssdm name="empty_13"/></StgValue>
</bind>
</comp>

<comp id="38" class="1001" name="const_38">
<pin_list>
<pin id="39" dir="1" index="0" bw="1" slack="2147483647"/>
</pin_list>
<bind>
<StgValue><ssdm name=""/></StgValue>
</bind>
</comp>

<comp id="40" class="1001" name="const_40">
<pin_list>
<pin id="41" dir="1" index="0" bw="1" slack="2147483647"/>
</pin_list>
<bind>
<StgValue><ssdm name=""/></StgValue>
</bind>
</comp>

<comp id="42" class="1001" name="const_42">
<pin_list>
<pin id="43" dir="1" index="0" bw="1" slack="0"/>
</pin_list>
<bind>
<StgValue><ssdm name=""/></StgValue>
</bind>
</comp>

<comp id="44" class="1001" name="const_44">
<pin_list>
<pin id="45" dir="1" index="0" bw="1" slack="0"/>
</pin_list>
<bind>
<StgValue><ssdm name=""/></StgValue>
</bind>
</comp>

<comp id="46" class="1001" name="const_46">
<pin_list>
<pin id="47" dir="1" index="0" bw="1" slack="0"/>
</pin_list>
<bind>
<StgValue><ssdm name="_ssdm_op_Read.m_axi.p1i32"/></StgValue>
</bind>
</comp>

<comp id="48" class="1001" name="const_48">
<pin_list>
<pin id="49" dir="1" index="0" bw="1" slack="2147483647"/>
</pin_list>
<bind>
<StgValue><ssdm name="_ssdm_op_SpecPipeline"/></StgValue>
</bind>
</comp>

<comp id="50" class="1001" name="const_50">
<pin_list>
<pin id="51" dir="1" index="0" bw="1" slack="2147483647"/>
</pin_list>
<bind>
<StgValue><ssdm name="_ssdm_op_SpecLoopName"/></StgValue>
</bind>
</comp>

<comp id="52" class="1001" name="const_52">
<pin_list>
<pin id="53" dir="1" index="0" bw="1" slack="2147483647"/>
</pin_list>
<bind>
<StgValue><ssdm name="empty_29"/></StgValue>
</bind>
</comp>

<comp id="54" class="1001" name="const_54">
<pin_list>
<pin id="55" dir="1" index="0" bw="1" slack="0"/>
</pin_list>
<bind>
<StgValue><ssdm name=""/></StgValue>
</bind>
</comp>

<comp id="56" class="1004" name="j_fu_56">
<pin_list>
<pin id="57" dir="0" index="0" bw="1" slack="0"/>
<pin id="58" dir="1" index="1" bw="30" slack="0"/>
</pin_list>
<bind>
<opcode="alloca(26) " fcode="alloca"/>
<opset="j/1 "/>
</bind>
</comp>

<comp id="60" class="1004" name="Dlen_load_cast_read_read_fu_60">
<pin_list>
<pin id="61" dir="0" index="0" bw="16" slack="0"/>
<pin id="62" dir="0" index="1" bw="16" slack="0"/>
<pin id="63" dir="1" index="2" bw="16" slack="0"/>
</pin_list>
<bind>
<opcode="read(1150) " fcode="read"/>
<opset="Dlen_load_cast_read/1 "/>
</bind>
</comp>

<comp id="66" class="1004" name="K_read_read_fu_66">
<pin_list>
<pin id="67" dir="0" index="0" bw="30" slack="0"/>
<pin id="68" dir="0" index="1" bw="30" slack="0"/>
<pin id="69" dir="1" index="2" bw="30" slack="0"/>
</pin_list>
<bind>
<opcode="read(1150) " fcode="read"/>
<opset="K_read/1 "/>
</bind>
</comp>

<comp id="72" class="1004" name="sext_ln114_read_read_fu_72">
<pin_list>
<pin id="73" dir="0" index="0" bw="62" slack="0"/>
<pin id="74" dir="0" index="1" bw="62" slack="0"/>
<pin id="75" dir="1" index="2" bw="62" slack="0"/>
</pin_list>
<bind>
<opcode="read(1150) " fcode="read"/>
<opset="sext_ln114_read/1 "/>
</bind>
</comp>

<comp id="78" class="1004" name="gmem6_addr_read_read_fu_78">
<pin_list>
<pin id="79" dir="0" index="0" bw="32" slack="0"/>
<pin id="80" dir="0" index="1" bw="32" slack="0"/>
<pin id="81" dir="1" index="2" bw="32" slack="1"/>
</pin_list>
<bind>
<opcode="read(1150) " fcode="read"/>
<opset="gmem6_addr_read/2 "/>
</bind>
</comp>

<comp id="83" class="1004" name="Dbuf_addr_gep_fu_83">
<pin_list>
<pin id="84" dir="0" index="0" bw="32" slack="0"/>
<pin id="85" dir="0" index="1" bw="1" slack="0"/>
<pin id="86" dir="0" index="2" bw="16" slack="0"/>
<pin id="87" dir="1" index="3" bw="16" slack="0"/>
</pin_list>
<bind>
<opcode="getelementptr(29) " fcode="getelementptr"/>
<opset="Dbuf_addr/3 "/>
</bind>
</comp>

<comp id="90" class="1004" name="store_ln116_access_fu_90">
<pin_list>
<pin id="91" dir="0" index="0" bw="16" slack="2147483647"/>
<pin id="92" dir="0" index="1" bw="32" slack="2147483647"/>
<pin id="93" dir="0" index="2" bw="0" slack="0"/>
<pin id="95" dir="0" index="4" bw="16" slack="0"/>
<pin id="96" dir="0" index="5" bw="32" slack="2147483647"/>
<pin id="97" dir="0" index="6" bw="0" slack="2147483647"/>
<pin id="94" dir="1" index="3" bw="32" slack="2147483647"/>
<pin id="98" dir="1" index="7" bw="32" slack="2147483647"/>
</pin_list>
<bind>
<opcode="store(28) " fcode="store"/>
<opset="store_ln116/3 "/>
</bind>
</comp>

<comp id="100" class="1004" name="sext_ln114_cast_fu_100">
<pin_list>
<pin id="101" dir="0" index="0" bw="62" slack="0"/>
<pin id="102" dir="1" index="1" bw="64" slack="1"/>
</pin_list>
<bind>
<opcode="sext(35) " fcode="sext"/>
<opset="sext_ln114_cast/1 "/>
</bind>
</comp>

<comp id="104" class="1004" name="store_ln0_store_fu_104">
<pin_list>
<pin id="105" dir="0" index="0" bw="1" slack="0"/>
<pin id="106" dir="0" index="1" bw="30" slack="0"/>
<pin id="107" dir="1" index="2" bw="0" slack="2147483647"/>
</pin_list>
<bind>
<opcode="store(28) " fcode="store"/>
<opset="store_ln0/1 "/>
</bind>
</comp>

<comp id="109" class="1004" name="j_1_load_fu_109">
<pin_list>
<pin id="110" dir="0" index="0" bw="30" slack="0"/>
<pin id="111" dir="1" index="1" bw="30" slack="0"/>
</pin_list>
<bind>
<opcode="load(27) " fcode="load"/>
<opset="j_1/1 "/>
</bind>
</comp>

<comp id="112" class="1004" name="icmp_ln114_fu_112">
<pin_list>
<pin id="113" dir="0" index="0" bw="30" slack="0"/>
<pin id="114" dir="0" index="1" bw="30" slack="0"/>
<pin id="115" dir="1" index="2" bw="1" slack="1"/>
</pin_list>
<bind>
<opcode="icmp(45) " fcode="icmp"/>
<opset="icmp_ln114/1 "/>
</bind>
</comp>

<comp id="118" class="1004" name="add_ln114_fu_118">
<pin_list>
<pin id="119" dir="0" index="0" bw="30" slack="0"/>
<pin id="120" dir="0" index="1" bw="1" slack="0"/>
<pin id="121" dir="1" index="2" bw="30" slack="0"/>
</pin_list>
<bind>
<opcode="add(8) " fcode="add"/>
<opset="add_ln114/1 "/>
</bind>
</comp>

<comp id="124" class="1004" name="trunc_ln116_fu_124">
<pin_list>
<pin id="125" dir="0" index="0" bw="30" slack="0"/>
<pin id="126" dir="1" index="1" bw="16" slack="0"/>
</pin_list>
<bind>
<opcode="trunc(33) " fcode="trunc"/>
<opset="trunc_ln116/1 "/>
</bind>
</comp>

<comp id="128" class="1004" name="add_ln116_fu_128">
<pin_list>
<pin id="129" dir="0" index="0" bw="16" slack="0"/>
<pin id="130" dir="0" index="1" bw="16" slack="0"/>
<pin id="131" dir="1" index="2" bw="16" slack="2"/>
</pin_list>
<bind>
<opcode="add(8) " fcode="add"/>
<opset="add_ln116/1 "/>
</bind>
</comp>

<comp id="134" class="1004" name="store_ln114_store_fu_134">
<pin_list>
<pin id="135" dir="0" index="0" bw="30" slack="0"/>
<pin id="136" dir="0" index="1" bw="30" slack="0"/>
<pin id="137" dir="1" index="2" bw="0" slack="2147483647"/>
</pin_list>
<bind>
<opcode="store(28) " fcode="store"/>
<opset="store_ln114/1 "/>
</bind>
</comp>

<comp id="139" class="1004" name="gmem6_addr_fu_139">
<pin_list>
<pin id="140" dir="0" index="0" bw="64" slack="0"/>
<pin id="141" dir="0" index="1" bw="64" slack="1"/>
<pin id="142" dir="1" index="2" bw="64" slack="0"/>
</pin_list>
<bind>
<opcode="getelementptr(29) " fcode="getelementptr"/>
<opset="gmem6_addr/2 "/>
</bind>
</comp>

<comp id="145" class="1004" name="bitcast_ln116_fu_145">
<pin_list>
<pin id="146" dir="0" index="0" bw="32" slack="1"/>
<pin id="147" dir="1" index="1" bw="32" slack="0"/>
</pin_list>
<bind>
<opcode="bitcast(44) " fcode="bitcast"/>
<opset="bitcast_ln116/3 "/>
</bind>
</comp>

<comp id="149" class="1004" name="zext_ln116_fu_149">
<pin_list>
<pin id="150" dir="0" index="0" bw="16" slack="2"/>
<pin id="151" dir="1" index="1" bw="64" slack="0"/>
</pin_list>
<bind>
<opcode="zext(34) " fcode="zext"/>
<opset="zext_ln116/3 "/>
</bind>
</comp>

<comp id="153" class="1005" name="j_reg_153">
<pin_list>
<pin id="154" dir="0" index="0" bw="30" slack="0"/>
<pin id="155" dir="1" index="1" bw="30" slack="0"/>
</pin_list>
<bind>
<opset="j "/>
</bind>
</comp>

<comp id="160" class="1005" name="sext_ln114_cast_reg_160">
<pin_list>
<pin id="161" dir="0" index="0" bw="64" slack="1"/>
<pin id="162" dir="1" index="1" bw="64" slack="1"/>
</pin_list>
<bind>
<opset="sext_ln114_cast "/>
</bind>
</comp>

<comp id="165" class="1005" name="icmp_ln114_reg_165">
<pin_list>
<pin id="166" dir="0" index="0" bw="1" slack="1"/>
<pin id="167" dir="1" index="1" bw="1" slack="2147483647"/>
</pin_list>
<bind>
<opset="icmp_ln114 "/>
</bind>
</comp>

<comp id="169" class="1005" name="add_ln116_reg_169">
<pin_list>
<pin id="170" dir="0" index="0" bw="16" slack="2"/>
<pin id="171" dir="1" index="1" bw="16" slack="2"/>
</pin_list>
<bind>
<opset="add_ln116 "/>
</bind>
</comp>

<comp id="174" class="1005" name="gmem6_addr_read_reg_174">
<pin_list>
<pin id="175" dir="0" index="0" bw="32" slack="1"/>
<pin id="176" dir="1" index="1" bw="32" slack="1"/>
</pin_list>
<bind>
<opset="gmem6_addr_read "/>
</bind>
</comp>

</comp_list>

<net_list>
<net id="59"><net_src comp="10" pin="0"/><net_sink comp="56" pin=0"/></net>

<net id="64"><net_src comp="12" pin="0"/><net_sink comp="60" pin=0"/></net>

<net id="65"><net_src comp="6" pin="0"/><net_sink comp="60" pin=1"/></net>

<net id="70"><net_src comp="14" pin="0"/><net_sink comp="66" pin=0"/></net>

<net id="71"><net_src comp="4" pin="0"/><net_sink comp="66" pin=1"/></net>

<net id="76"><net_src comp="16" pin="0"/><net_sink comp="72" pin=0"/></net>

<net id="77"><net_src comp="2" pin="0"/><net_sink comp="72" pin=1"/></net>

<net id="82"><net_src comp="46" pin="0"/><net_sink comp="78" pin=0"/></net>

<net id="88"><net_src comp="8" pin="0"/><net_sink comp="83" pin=0"/></net>

<net id="89"><net_src comp="54" pin="0"/><net_sink comp="83" pin=1"/></net>

<net id="99"><net_src comp="83" pin="3"/><net_sink comp="90" pin=2"/></net>

<net id="103"><net_src comp="72" pin="2"/><net_sink comp="100" pin=0"/></net>

<net id="108"><net_src comp="42" pin="0"/><net_sink comp="104" pin=0"/></net>

<net id="116"><net_src comp="109" pin="1"/><net_sink comp="112" pin=0"/></net>

<net id="117"><net_src comp="66" pin="2"/><net_sink comp="112" pin=1"/></net>

<net id="122"><net_src comp="109" pin="1"/><net_sink comp="118" pin=0"/></net>

<net id="123"><net_src comp="44" pin="0"/><net_sink comp="118" pin=1"/></net>

<net id="127"><net_src comp="109" pin="1"/><net_sink comp="124" pin=0"/></net>

<net id="132"><net_src comp="124" pin="1"/><net_sink comp="128" pin=0"/></net>

<net id="133"><net_src comp="60" pin="2"/><net_sink comp="128" pin=1"/></net>

<net id="138"><net_src comp="118" pin="2"/><net_sink comp="134" pin=0"/></net>

<net id="143"><net_src comp="0" pin="0"/><net_sink comp="139" pin=0"/></net>

<net id="144"><net_src comp="139" pin="2"/><net_sink comp="78" pin=1"/></net>

<net id="148"><net_src comp="145" pin="1"/><net_sink comp="90" pin=4"/></net>

<net id="152"><net_src comp="149" pin="1"/><net_sink comp="83" pin=2"/></net>

<net id="156"><net_src comp="56" pin="1"/><net_sink comp="153" pin=0"/></net>

<net id="157"><net_src comp="153" pin="1"/><net_sink comp="104" pin=1"/></net>

<net id="158"><net_src comp="153" pin="1"/><net_sink comp="109" pin=0"/></net>

<net id="159"><net_src comp="153" pin="1"/><net_sink comp="134" pin=1"/></net>

<net id="163"><net_src comp="100" pin="1"/><net_sink comp="160" pin=0"/></net>

<net id="164"><net_src comp="160" pin="1"/><net_sink comp="139" pin=1"/></net>

<net id="168"><net_src comp="112" pin="2"/><net_sink comp="165" pin=0"/></net>

<net id="172"><net_src comp="128" pin="2"/><net_sink comp="169" pin=0"/></net>

<net id="173"><net_src comp="169" pin="1"/><net_sink comp="149" pin=0"/></net>

<net id="177"><net_src comp="78" pin="2"/><net_sink comp="174" pin=0"/></net>

<net id="178"><net_src comp="174" pin="1"/><net_sink comp="145" pin=0"/></net>

</net_list>

</model> 
---------------- Datapath Model END ------------------

* FSMD analyzer results:
  - Output states:
	Port: gmem6 | {}
	Port: Dbuf | {3 }
 - Input state : 
	Port: dfm_Pipeline_VITIS_LOOP_114_1 : gmem6 | {2 }
	Port: dfm_Pipeline_VITIS_LOOP_114_1 : sext_ln114 | {1 }
	Port: dfm_Pipeline_VITIS_LOOP_114_1 : K | {1 }
	Port: dfm_Pipeline_VITIS_LOOP_114_1 : Dlen_load_cast | {1 }
	Port: dfm_Pipeline_VITIS_LOOP_114_1 : Dbuf | {}
  - Chain level:
	State 1
		store_ln0 : 1
		j_1 : 1
		icmp_ln114 : 2
		add_ln114 : 2
		br_ln114 : 3
		trunc_ln116 : 2
		add_ln116 : 3
		store_ln114 : 3
	State 2
		gmem6_addr_read : 1
	State 3
		Dbuf_addr : 1
		store_ln116 : 2


============================================================
+ Verbose Summary: Datapath Resource usage 
============================================================

* Functional unit list:
|----------|--------------------------------|---------|---------|
| Operation|         Functional Unit        |    FF   |   LUT   |
|----------|--------------------------------|---------|---------|
|    add   |        add_ln114_fu_118        |    0    |    37   |
|          |        add_ln116_fu_128        |    0    |    23   |
|----------|--------------------------------|---------|---------|
|   icmp   |        icmp_ln114_fu_112       |    0    |    19   |
|----------|--------------------------------|---------|---------|
|          | Dlen_load_cast_read_read_fu_60 |    0    |    0    |
|   read   |        K_read_read_fu_66       |    0    |    0    |
|          |   sext_ln114_read_read_fu_72   |    0    |    0    |
|          |   gmem6_addr_read_read_fu_78   |    0    |    0    |
|----------|--------------------------------|---------|---------|
|   sext   |     sext_ln114_cast_fu_100     |    0    |    0    |
|----------|--------------------------------|---------|---------|
|   trunc  |       trunc_ln116_fu_124       |    0    |    0    |
|----------|--------------------------------|---------|---------|
|   zext   |        zext_ln116_fu_149       |    0    |    0    |
|----------|--------------------------------|---------|---------|
|   Total  |                                |    0    |    79   |
|----------|--------------------------------|---------|---------|

Memories:
N/A

* Register list:
+-----------------------+--------+
|                       |   FF   |
+-----------------------+--------+
|   add_ln116_reg_169   |   16   |
|gmem6_addr_read_reg_174|   32   |
|   icmp_ln114_reg_165  |    1   |
|       j_reg_153       |   30   |
|sext_ln114_cast_reg_160|   64   |
+-----------------------+--------+
|         Total         |   143  |
+-----------------------+--------+

* Multiplexer (MUX) list: 
|--------|------|------|------|--------|
|  Comp  |  Pin | Size |  BW  | S x BW |
|--------|------|------|------|--------|
|  Total |      |      |      |    0   |
|--------|------|------|------|--------|



* Summary:
+-----------+--------+--------+
|           |   FF   |   LUT  |
+-----------+--------+--------+
|  Function |    0   |   79   |
|   Memory  |    -   |    -   |
|Multiplexer|    -   |    -   |
|  Register |   143  |    -   |
+-----------+--------+--------+
|   Total   |   143  |   79   |
+-----------+--------+--------+
