

================================================================
== Vitis HLS Report for 'dfm_Pipeline_VITIS_LOOP_113_2'
================================================================
* Date:           Mon Sep  1 19:26:47 2025

* Version:        2022.2 (Build 3670227 on Oct 13 2022)
* Project:        spmm_prj
* Solution:       sol1 (Vivado IP Flow Target)
* Product family: virtexuplus
* Target device:  xcu280-fsvh2892-2L-e


================================================================
== Performance Estimates
================================================================
+ Timing: 
    * Summary: 
    +--------+---------+----------+------------+
    |  Clock |  Target | Estimated| Uncertainty|
    +--------+---------+----------+------------+
    |ap_clk  |  4.00 ns|  2.920 ns|     1.08 ns|
    +--------+---------+----------+------------+

+ Latency: 
    * Summary: 
    +---------+---------+----------+----------+-----+-----+---------+
    |  Latency (cycles) |  Latency (absolute) |  Interval | Pipeline|
    |   min   |   max   |    min   |    max   | min | max |   Type  |
    +---------+---------+----------+----------+-----+-----+---------+
    |        ?|        ?|         ?|         ?|    ?|    ?|       no|
    +---------+---------+----------+----------+-----+-----+---------+

    + Detail: 
        * Instance: 
        N/A

        * Loop: 
        +--------------------+---------+---------+----------+-----------+-----------+------+----------+
        |                    |  Latency (cycles) | Iteration|  Initiation Interval  | Trip |          |
        |      Loop Name     |   min   |   max   |  Latency |  achieved |   target  | Count| Pipelined|
        +--------------------+---------+---------+----------+-----------+-----------+------+----------+
        |- VITIS_LOOP_113_2  |        ?|        ?|         3|          1|          1|     ?|       yes|
        +--------------------+---------+---------+----------+-----------+-----------+------+----------+

============================================================
+ Verbose Summary: Synthesis Manager
============================================================
InlineROM: 1
ExposeGlobal: 0
============================================================
+ Verbose Summary: CDFG Model
============================================================
IsTopModel: 0
ResetActiveHigh: 1
IsCombinational: 0
IsDatapathOnly: 0
HasWiredReturn: 1
HasMFsm: 2
HasVarLatency: 1
IsPipeline: 0
IsRtlPipelined: 0
IsInstanceOverlapped: 0
IsDontTouch: 0
HasImplIP: 0
IsGatedGlobalClock: 0

+ Individual pipeline summary: 
  * Pipeline-0: initiation interval (II) = 1, depth = 3


============================================================
+ Verbose Summary: Schedule
============================================================
* Number of FSM states : 3
* Pipeline : 1
  Pipeline-0 : II = 1, D = 3, States = { 1 2 3 }
* Dataflow Pipeline: 0

* FSM state transitions: 
1 --> 2 
2 --> 3 
3 --> 

* FSM state operations: 

State 1 <SV = 0> <Delay = 1.25>
ST_1 : Operation 6 [1/1] (0.00ns)   --->   "%j = alloca i32 1"   --->   Operation 6 'alloca' 'j' <Predicate = true> <Delay = 0.00>
ST_1 : Operation 7 [1/1] (0.00ns)   --->   "%trunc_ln_read = read i16 @_ssdm_op_Read.ap_auto.i16, i16 %trunc_ln"   --->   Operation 7 'read' 'trunc_ln_read' <Predicate = true> <Delay = 0.00>
ST_1 : Operation 8 [1/1] (0.00ns)   --->   "%K_read = read i30 @_ssdm_op_Read.ap_auto.i30, i30 %K"   --->   Operation 8 'read' 'K_read' <Predicate = true> <Delay = 0.00>
ST_1 : Operation 9 [1/1] (0.00ns)   --->   "%sext_ln113_read = read i62 @_ssdm_op_Read.ap_auto.i62, i62 %sext_ln113"   --->   Operation 9 'read' 'sext_ln113_read' <Predicate = true> <Delay = 0.00>
ST_1 : Operation 10 [1/1] (0.00ns)   --->   "%sext_ln113_cast = sext i62 %sext_ln113_read"   --->   Operation 10 'sext' 'sext_ln113_cast' <Predicate = true> <Delay = 0.00>
ST_1 : Operation 11 [1/1] (0.00ns)   --->   "%specmemcore_ln0 = specmemcore void @_ssdm_op_SpecMemCore, i32 %Dbuf, i64 666, i64 22, i64 18446744073709551615"   --->   Operation 11 'specmemcore' 'specmemcore_ln0' <Predicate = true> <Delay = 0.00>
ST_1 : Operation 12 [1/1] (0.00ns)   --->   "%specinterface_ln0 = specinterface void @_ssdm_op_SpecInterface, i32 %gmem6, void @empty_13, i32 0, i32 0, void @empty_25, i32 0, i32 0, void @empty_35, void @empty_38, void @empty_25, i32 16, i32 16, i32 16, i32 16, void @empty_25, void @empty_25, i32 4294967295, i32 0"   --->   Operation 12 'specinterface' 'specinterface_ln0' <Predicate = true> <Delay = 0.00>
ST_1 : Operation 13 [1/1] (0.38ns)   --->   "%store_ln0 = store i30 0, i30 %j"   --->   Operation 13 'store' 'store_ln0' <Predicate = true> <Delay = 0.38>
ST_1 : Operation 14 [1/1] (0.00ns)   --->   "%br_ln0 = br void %for.inc"   --->   Operation 14 'br' 'br_ln0' <Predicate = true> <Delay = 0.00>
ST_1 : Operation 15 [1/1] (0.00ns)   --->   "%j_6 = load i30 %j" [src/spmm_device_fpga.cpp:115]   --->   Operation 15 'load' 'j_6' <Predicate = true> <Delay = 0.00>
ST_1 : Operation 16 [1/1] (0.83ns)   --->   "%icmp_ln113 = icmp_eq  i30 %j_6, i30 %K_read" [src/spmm_device_fpga.cpp:113]   --->   Operation 16 'icmp' 'icmp_ln113' <Predicate = true> <Delay = 0.83> <CoreInst = "Cmp">   --->   Core 9 'Cmp' <Latency = 0> <II = 1> <Delay = 0.83> <FuncUnit> <Opcode : 'icmp'> <InPorts = 2> <OutPorts = 1>
ST_1 : Operation 17 [1/1] (0.86ns)   --->   "%add_ln113 = add i30 %j_6, i30 1" [src/spmm_device_fpga.cpp:113]   --->   Operation 17 'add' 'add_ln113' <Predicate = true> <Delay = 0.86> <CoreInst = "Adder">   --->   Core 1 'Adder' <Latency = 0> <II = 1> <Delay = 0.86> <FuncUnit> <Opcode : 'add' 'sub'> <InPorts = 2> <OutPorts = 1>
ST_1 : Operation 18 [1/1] (0.00ns)   --->   "%br_ln113 = br i1 %icmp_ln113, void %for.inc.split, void %for.end.loopexit.exitStub" [src/spmm_device_fpga.cpp:113]   --->   Operation 18 'br' 'br_ln113' <Predicate = true> <Delay = 0.00>
ST_1 : Operation 19 [1/1] (0.00ns)   --->   "%trunc_ln115 = trunc i30 %j_6" [src/spmm_device_fpga.cpp:115]   --->   Operation 19 'trunc' 'trunc_ln115' <Predicate = (!icmp_ln113)> <Delay = 0.00>
ST_1 : Operation 20 [1/1] (0.78ns)   --->   "%add_ln115 = add i16 %trunc_ln115, i16 %trunc_ln_read" [src/spmm_device_fpga.cpp:115]   --->   Operation 20 'add' 'add_ln115' <Predicate = (!icmp_ln113)> <Delay = 0.78> <CoreInst = "Adder">   --->   Core 1 'Adder' <Latency = 0> <II = 1> <Delay = 0.78> <FuncUnit> <Opcode : 'add' 'sub'> <InPorts = 2> <OutPorts = 1>
ST_1 : Operation 21 [1/1] (0.38ns)   --->   "%store_ln113 = store i30 %add_ln113, i30 %j" [src/spmm_device_fpga.cpp:113]   --->   Operation 21 'store' 'store_ln113' <Predicate = (!icmp_ln113)> <Delay = 0.38>

State 2 <SV = 1> <Delay = 2.92>
ST_2 : Operation 22 [1/1] (0.00ns)   --->   "%gmem6_addr = getelementptr i32 %gmem6, i64 %sext_ln113_cast" [src/spmm_device_fpga.cpp:113]   --->   Operation 22 'getelementptr' 'gmem6_addr' <Predicate = true> <Delay = 0.00>
ST_2 : Operation 23 [1/1] (2.92ns)   --->   "%gmem6_addr_read = read i32 @_ssdm_op_Read.m_axi.p1i32, i32 %gmem6_addr" [src/spmm_device_fpga.cpp:115]   --->   Operation 23 'read' 'gmem6_addr_read' <Predicate = (!icmp_ln113)> <Delay = 2.92> <CoreInst = "m_axi">   --->   Core 121 'm_axi' <Latency = 0> <II = 1> <Delay = 1.00> <Adapter> <Opcode : 'read' 'write' 'readreq' 'writereq' 'writeresp'>
ST_2 : Operation 31 [1/1] (0.00ns)   --->   "%ret_ln0 = ret"   --->   Operation 31 'ret' 'ret_ln0' <Predicate = (icmp_ln113)> <Delay = 0.00>

State 3 <SV = 2> <Delay = 1.24>
ST_3 : Operation 24 [1/1] (0.00ns)   --->   "%specpipeline_ln114 = specpipeline void @_ssdm_op_SpecPipeline, i32 1, i32 0, i32 0, i32 0, void @empty_25" [src/spmm_device_fpga.cpp:114]   --->   Operation 24 'specpipeline' 'specpipeline_ln114' <Predicate = true> <Delay = 0.00>
ST_3 : Operation 25 [1/1] (0.00ns)   --->   "%specloopname_ln113 = specloopname void @_ssdm_op_SpecLoopName, void @empty_33" [src/spmm_device_fpga.cpp:113]   --->   Operation 25 'specloopname' 'specloopname_ln113' <Predicate = true> <Delay = 0.00>
ST_3 : Operation 26 [1/1] (0.00ns)   --->   "%bitcast_ln115 = bitcast i32 %gmem6_addr_read" [src/spmm_device_fpga.cpp:115]   --->   Operation 26 'bitcast' 'bitcast_ln115' <Predicate = true> <Delay = 0.00>
ST_3 : Operation 27 [1/1] (0.00ns)   --->   "%zext_ln115 = zext i16 %add_ln115" [src/spmm_device_fpga.cpp:115]   --->   Operation 27 'zext' 'zext_ln115' <Predicate = true> <Delay = 0.00>
ST_3 : Operation 28 [1/1] (0.00ns)   --->   "%Dbuf_addr = getelementptr i32 %Dbuf, i64 0, i64 %zext_ln115" [src/spmm_device_fpga.cpp:115]   --->   Operation 28 'getelementptr' 'Dbuf_addr' <Predicate = true> <Delay = 0.00>
ST_3 : Operation 29 [1/1] (1.24ns)   --->   "%store_ln115 = store i32 %bitcast_ln115, i16 %Dbuf_addr" [src/spmm_device_fpga.cpp:115]   --->   Operation 29 'store' 'store_ln115' <Predicate = true> <Delay = 1.24> <CoreInst = "RAM_2P_BRAM">   --->   Core 94 'RAM_2P_BRAM' <Latency = 1> <II = 1> <Delay = 1.24> <Storage> <Opcode : 'load' 'store'> <Ports = 2> <Width = 32> <Depth = 61278> <RAM>
ST_3 : Operation 30 [1/1] (0.00ns)   --->   "%br_ln113 = br void %for.inc" [src/spmm_device_fpga.cpp:113]   --->   Operation 30 'br' 'br_ln113' <Predicate = true> <Delay = 0.00>


============================================================
+ Verbose Summary: Timing violations
============================================================
Target clock period: 4ns, clock uncertainty: 1.08ns.

 <State 1>: 1.26ns
The critical path consists of the following:
	'alloca' operation ('j') [6]  (0 ns)
	'load' operation ('j', src/spmm_device_fpga.cpp:115) on local variable 'j' [16]  (0 ns)
	'add' operation ('add_ln113', src/spmm_device_fpga.cpp:113) [19]  (0.868 ns)
	'store' operation ('store_ln113', src/spmm_device_fpga.cpp:113) of variable 'add_ln113', src/spmm_device_fpga.cpp:113 on local variable 'j' [31]  (0.387 ns)

 <State 2>: 2.92ns
The critical path consists of the following:
	'getelementptr' operation ('gmem6_addr', src/spmm_device_fpga.cpp:113) [17]  (0 ns)
	bus read operation ('gmem6_addr_read', src/spmm_device_fpga.cpp:115) on port 'gmem6' (src/spmm_device_fpga.cpp:115) [25]  (2.92 ns)

 <State 3>: 1.25ns
The critical path consists of the following:
	'store' operation ('store_ln115', src/spmm_device_fpga.cpp:115) of variable 'bitcast_ln115', src/spmm_device_fpga.cpp:115 on array 'Dbuf' [30]  (1.25 ns)


============================================================
+ Verbose Summary: Binding
============================================================
N/A
* FSMD analyzer results:
  - Output states:
 - Input state : 
  - Chain level:
	State 1
	State 2
	State 3


============================================================
+ Verbose Summary: Datapath Resource usage 
============================================================
N/A
