

================================================================
== Vitis HLS Report for 'pu_kernel_1_Pipeline_VITIS_LOOP_148_138'
================================================================
* Date:           Tue Sep  2 16:52:30 2025

* Version:        2022.2 (Build 3670227 on Oct 13 2022)
* Project:        spmm_prj
* Solution:       sol1 (Vivado IP Flow Target)
* Product family: virtexuplus
* Target device:  xcu280-fsvh2892-2L-e


================================================================
== Performance Estimates
================================================================
+ Timing: 
    * Summary: 
    +--------+---------+----------+------------+
    |  Clock |  Target | Estimated| Uncertainty|
    +--------+---------+----------+------------+
    |ap_clk  |  4.00 ns|  2.084 ns|     1.08 ns|
    +--------+---------+----------+------------+

+ Latency: 
    * Summary: 
    +---------+---------+----------+----------+-----+-----+---------+
    |  Latency (cycles) |  Latency (absolute) |  Interval | Pipeline|
    |   min   |   max   |    min   |    max   | min | max |   Type  |
    +---------+---------+----------+----------+-----+-----+---------+
    |        ?|        ?|         ?|         ?|    ?|    ?|       no|
    +---------+---------+----------+----------+-----+-----+---------+

    + Detail: 
        * Instance: 
        N/A

        * Loop: 
        +--------------------+---------+---------+----------+-----------+-----------+------+----------+
        |                    |  Latency (cycles) | Iteration|  Initiation Interval  | Trip |          |
        |      Loop Name     |   min   |   max   |  Latency |  achieved |   target  | Count| Pipelined|
        +--------------------+---------+---------+----------+-----------+-----------+------+----------+
        |- VITIS_LOOP_148_1  |        ?|        ?|         1|          1|          1|     ?|       yes|
        +--------------------+---------+---------+----------+-----------+-----------+------+----------+

============================================================
+ Verbose Summary: Synthesis Manager
============================================================
InlineROM: 1
ExposeGlobal: 0
============================================================
+ Verbose Summary: CDFG Model
============================================================
IsTopModel: 0
ResetActiveHigh: 1
IsCombinational: 0
IsDatapathOnly: 0
HasWiredReturn: 1
HasMFsm: 2
HasVarLatency: 1
IsPipeline: 0
IsRtlPipelined: 0
IsInstanceOverlapped: 0
IsDontTouch: 0
HasImplIP: 0
IsGatedGlobalClock: 0

+ Individual pipeline summary: 
  * Pipeline-0: initiation interval (II) = 1, depth = 1


============================================================
+ Verbose Summary: Schedule
============================================================
* Number of FSM states : 1
* Pipeline : 1
  Pipeline-0 : II = 1, D = 1, States = { 1 }
* Dataflow Pipeline: 0

* FSM state transitions: 
1 --> 

* FSM state operations: 

State 1 <SV = 0> <Delay = 2.08>
ST_1 : Operation 4 [1/1] (0.00ns)   --->   "%i = alloca i32 1"   --->   Operation 4 'alloca' 'i' <Predicate = true> <Delay = 0.00>
ST_1 : Operation 5 [1/1] (0.00ns)   --->   "%trunc_ln_read = read i30 @_ssdm_op_Read.ap_auto.i30, i30 %trunc_ln"   --->   Operation 5 'read' 'trunc_ln_read' <Predicate = true> <Delay = 0.00>
ST_1 : Operation 6 [1/1] (0.38ns)   --->   "%store_ln0 = store i30 0, i30 %i"   --->   Operation 6 'store' 'store_ln0' <Predicate = true> <Delay = 0.38>
ST_1 : Operation 7 [1/1] (0.00ns)   --->   "%br_ln0 = br void %for.inc.i56.i"   --->   Operation 7 'br' 'br_ln0' <Predicate = true> <Delay = 0.00>
ST_1 : Operation 8 [1/1] (0.00ns)   --->   "%i_12 = load i30 %i" [src/spmm_device_fpga.cpp:148]   --->   Operation 8 'load' 'i_12' <Predicate = true> <Delay = 0.00>
ST_1 : Operation 9 [1/1] (0.83ns)   --->   "%icmp_ln148 = icmp_eq  i30 %i_12, i30 %trunc_ln_read" [src/spmm_device_fpga.cpp:148]   --->   Operation 9 'icmp' 'icmp_ln148' <Predicate = true> <Delay = 0.83> <CoreInst = "Cmp">   --->   Core 9 'Cmp' <Latency = 0> <II = 1> <Delay = 0.83> <FuncUnit> <Opcode : 'icmp'> <InPorts = 2> <OutPorts = 1>
ST_1 : Operation 10 [1/1] (0.86ns)   --->   "%add_ln148 = add i30 %i_12, i30 1" [src/spmm_device_fpga.cpp:148]   --->   Operation 10 'add' 'add_ln148' <Predicate = true> <Delay = 0.86> <CoreInst = "Adder">   --->   Core 1 'Adder' <Latency = 0> <II = 1> <Delay = 0.86> <FuncUnit> <Opcode : 'add' 'sub'> <InPorts = 2> <OutPorts = 1>
ST_1 : Operation 11 [1/1] (0.00ns)   --->   "%br_ln148 = br i1 %icmp_ln148, void %for.inc.i56.split.i, void %AU_step.i.loopexit.exitStub" [src/spmm_device_fpga.cpp:148]   --->   Operation 11 'br' 'br_ln148' <Predicate = true> <Delay = 0.00>
ST_1 : Operation 12 [1/1] (0.00ns)   --->   "%zext_ln148 = zext i30 %i_12" [src/spmm_device_fpga.cpp:148]   --->   Operation 12 'zext' 'zext_ln148' <Predicate = (!icmp_ln148)> <Delay = 0.00>
ST_1 : Operation 13 [1/1] (0.00ns)   --->   "%specpipeline_ln149 = specpipeline void @_ssdm_op_SpecPipeline, i32 1, i32 0, i32 0, i32 0, void @empty_28" [src/spmm_device_fpga.cpp:149]   --->   Operation 13 'specpipeline' 'specpipeline_ln149' <Predicate = (!icmp_ln148)> <Delay = 0.00>
ST_1 : Operation 14 [1/1] (0.00ns)   --->   "%specloopname_ln148 = specloopname void @_ssdm_op_SpecLoopName, void @empty_40" [src/spmm_device_fpga.cpp:148]   --->   Operation 14 'specloopname' 'specloopname_ln148' <Predicate = (!icmp_ln148)> <Delay = 0.00>
ST_1 : Operation 15 [1/1] (0.00ns)   --->   "%Obuf = getelementptr i32 %AU0, i64 0, i64 %zext_ln148" [src/spmm_device_fpga.cpp:150]   --->   Operation 15 'getelementptr' 'Obuf' <Predicate = (!icmp_ln148)> <Delay = 0.00>
ST_1 : Operation 16 [1/1] (1.24ns)   --->   "%store_ln151 = store i32 0, i16 %Obuf" [src/spmm_device_fpga.cpp:151]   --->   Operation 16 'store' 'store_ln151' <Predicate = (!icmp_ln148)> <Delay = 1.24> <CoreInst = "RAM">   --->   Core 83 'RAM' <Latency = 1> <II = 1> <Delay = 1.24> <Storage> <Opcode : 'load' 'store'> <Ports = 2> <Width = 32> <Depth = 61278> <RAM>
ST_1 : Operation 17 [1/1] (0.38ns)   --->   "%store_ln148 = store i30 %add_ln148, i30 %i" [src/spmm_device_fpga.cpp:148]   --->   Operation 17 'store' 'store_ln148' <Predicate = (!icmp_ln148)> <Delay = 0.38>
ST_1 : Operation 18 [1/1] (0.00ns)   --->   "%br_ln148 = br void %for.inc.i56.i" [src/spmm_device_fpga.cpp:148]   --->   Operation 18 'br' 'br_ln148' <Predicate = (!icmp_ln148)> <Delay = 0.00>
ST_1 : Operation 19 [1/1] (0.00ns)   --->   "%ret_ln0 = ret"   --->   Operation 19 'ret' 'ret_ln0' <Predicate = (icmp_ln148)> <Delay = 0.00>


============================================================
+ Verbose Summary: Timing violations
============================================================
Target clock period: 4ns, clock uncertainty: 1.08ns.

 <State 1>: 2.08ns
The critical path consists of the following:
	'alloca' operation ('i') [3]  (0 ns)
	'load' operation ('i', src/spmm_device_fpga.cpp:148) on local variable 'i' [8]  (0 ns)
	'add' operation ('add_ln148', src/spmm_device_fpga.cpp:148) [10]  (0.868 ns)
	'store' operation ('store_ln148', src/spmm_device_fpga.cpp:148) of variable 'add_ln148', src/spmm_device_fpga.cpp:148 on local variable 'i' [18]  (0.387 ns)
	blocking operation 0.829 ns on control path)


============================================================
+ Verbose Summary: Binding
============================================================
N/A
* FSMD analyzer results:
  - Output states:
 - Input state : 
  - Chain level:
	State 1


============================================================
+ Verbose Summary: Datapath Resource usage 
============================================================
N/A
