

================================================================
== Vitis HLS Report for 'pu_kernel_Pipeline_init_au'
================================================================
* Date:           Wed Sep  3 20:05:49 2025

* Version:        2022.2 (Build 3670227 on Oct 13 2022)
* Project:        spmm_prj
* Solution:       sol1 (Vivado IP Flow Target)
* Product family: virtexuplus
* Target device:  xcu280-fsvh2892-2L-e


================================================================
== Performance Estimates
================================================================
+ Timing: 
    * Summary: 
    +--------+---------+----------+------------+
    |  Clock |  Target | Estimated| Uncertainty|
    +--------+---------+----------+------------+
    |ap_clk  |  4.00 ns|  2.084 ns|     1.08 ns|
    +--------+---------+----------+------------+

+ Latency: 
    * Summary: 
    +---------+------------+----------+-----------+-----+------------+---------+
    |   Latency (cycles)   |  Latency (absolute)  |     Interval     | Pipeline|
    |   min   |     max    |    min   |    max    | min |     max    |   Type  |
    +---------+------------+----------+-----------+-----+------------+---------+
    |        2|  1073741825|  8.000 ns|  4.295 sec|    2|  1073741825|       no|
    +---------+------------+----------+-----------+-----+------------+---------+

    + Detail: 
        * Instance: 
        N/A

        * Loop: 
        +-----------+---------+------------+----------+-----------+-----------+----------------+----------+
        |           |   Latency (cycles)   | Iteration|  Initiation Interval  |      Trip      |          |
        | Loop Name |   min   |     max    |  Latency |  achieved |   target  |      Count     | Pipelined|
        +-----------+---------+------------+----------+-----------+-----------+----------------+----------+
        |- init_au  |        0|  1073741823|         1|          1|          1|  0 ~ 1073741823|       yes|
        +-----------+---------+------------+----------+-----------+-----------+----------------+----------+

============================================================
+ Verbose Summary: Synthesis Manager
============================================================
InlineROM: 1
ExposeGlobal: 0
============================================================
+ Verbose Summary: CDFG Model
============================================================
IsTopModel: 0
ResetActiveHigh: 1
IsCombinational: 0
IsDatapathOnly: 0
HasWiredReturn: 1
HasMFsm: 2
HasVarLatency: 1
IsPipeline: 0
IsRtlPipelined: 0
IsInstanceOverlapped: 0
IsDontTouch: 0
HasImplIP: 0
IsGatedGlobalClock: 0

+ Individual pipeline summary: 
  * Pipeline-0: initiation interval (II) = 1, depth = 1


============================================================
+ Verbose Summary: Schedule
============================================================
* Number of FSM states : 1
* Pipeline : 1
  Pipeline-0 : II = 1, D = 1, States = { 1 }
* Dataflow Pipeline: 0

* FSM state transitions: 
1 --> 

* FSM state operations: 

State 1 <SV = 0> <Delay = 2.08>
ST_1 : Operation 4 [1/1] (0.00ns)   --->   "%i = alloca i32 1"   --->   Operation 4 'alloca' 'i' <Predicate = true> <Delay = 0.00>
ST_1 : Operation 5 [1/1] (0.00ns)   --->   "%K_read = read i30 @_ssdm_op_Read.ap_auto.i30, i30 %K"   --->   Operation 5 'read' 'K_read' <Predicate = true> <Delay = 0.00>
ST_1 : Operation 6 [1/1] (0.38ns)   --->   "%store_ln0 = store i16 0, i16 %i"   --->   Operation 6 'store' 'store_ln0' <Predicate = true> <Delay = 0.38>
ST_1 : Operation 7 [1/1] (0.00ns)   --->   "%br_ln0 = br void %for.inc28"   --->   Operation 7 'br' 'br_ln0' <Predicate = true> <Delay = 0.00>
ST_1 : Operation 8 [1/1] (0.00ns)   --->   "%i_5 = load i16 %i" [src/spmm_device_fpga.cpp:256]   --->   Operation 8 'load' 'i_5' <Predicate = true> <Delay = 0.00>
ST_1 : Operation 9 [1/1] (0.00ns)   --->   "%zext_ln256_1 = zext i16 %i_5" [src/spmm_device_fpga.cpp:256]   --->   Operation 9 'zext' 'zext_ln256_1' <Predicate = true> <Delay = 0.00>
ST_1 : Operation 10 [1/1] (0.83ns)   --->   "%icmp_ln256 = icmp_eq  i30 %zext_ln256_1, i30 %K_read" [src/spmm_device_fpga.cpp:256]   --->   Operation 10 'icmp' 'icmp_ln256' <Predicate = true> <Delay = 0.83> <CoreInst = "Cmp">   --->   Core 9 'Cmp' <Latency = 0> <II = 1> <Delay = 0.83> <FuncUnit> <Opcode : 'icmp'> <InPorts = 2> <OutPorts = 1>
ST_1 : Operation 11 [1/1] (0.00ns)   --->   "%empty = speclooptripcount i32 @_ssdm_op_SpecLoopTripCount, i64 0, i64 1073741823, i64 0"   --->   Operation 11 'speclooptripcount' 'empty' <Predicate = true> <Delay = 0.00>
ST_1 : Operation 12 [1/1] (0.78ns)   --->   "%add_ln256 = add i16 %i_5, i16 1" [src/spmm_device_fpga.cpp:256]   --->   Operation 12 'add' 'add_ln256' <Predicate = true> <Delay = 0.78> <CoreInst = "Adder">   --->   Core 1 'Adder' <Latency = 0> <II = 1> <Delay = 0.78> <FuncUnit> <Opcode : 'add' 'sub'> <InPorts = 2> <OutPorts = 1>
ST_1 : Operation 13 [1/1] (0.00ns)   --->   "%br_ln256 = br i1 %icmp_ln256, void %for.inc28.split, void %for.inc61.preheader.exitStub" [src/spmm_device_fpga.cpp:256]   --->   Operation 13 'br' 'br_ln256' <Predicate = true> <Delay = 0.00>
ST_1 : Operation 14 [1/1] (0.00ns)   --->   "%zext_ln256 = zext i16 %i_5" [src/spmm_device_fpga.cpp:256]   --->   Operation 14 'zext' 'zext_ln256' <Predicate = (!icmp_ln256)> <Delay = 0.00>
ST_1 : Operation 15 [1/1] (0.00ns)   --->   "%specpipeline_ln257 = specpipeline void @_ssdm_op_SpecPipeline, i32 1, i32 0, i32 0, i32 0, void @empty_15" [src/spmm_device_fpga.cpp:257]   --->   Operation 15 'specpipeline' 'specpipeline_ln257' <Predicate = (!icmp_ln256)> <Delay = 0.00>
ST_1 : Operation 16 [1/1] (0.00ns)   --->   "%specloopname_ln256 = specloopname void @_ssdm_op_SpecLoopName, void @empty_16" [src/spmm_device_fpga.cpp:256]   --->   Operation 16 'specloopname' 'specloopname_ln256' <Predicate = (!icmp_ln256)> <Delay = 0.00>
ST_1 : Operation 17 [1/1] (0.00ns)   --->   "%AU0_addr = getelementptr i32 %AU0, i64 0, i64 %zext_ln256" [src/spmm_device_fpga.cpp:258]   --->   Operation 17 'getelementptr' 'AU0_addr' <Predicate = (!icmp_ln256)> <Delay = 0.00>
ST_1 : Operation 18 [1/1] (1.24ns)   --->   "%store_ln258 = store i32 0, i16 %AU0_addr" [src/spmm_device_fpga.cpp:258]   --->   Operation 18 'store' 'store_ln258' <Predicate = (!icmp_ln256)> <Delay = 1.24> <CoreInst = "RAM">   --->   Core 83 'RAM' <Latency = 1> <II = 1> <Delay = 1.24> <Storage> <Opcode : 'load' 'store'> <Ports = 2> <Width = 32> <Depth = 61278> <RAM>
ST_1 : Operation 19 [1/1] (0.00ns)   --->   "%AU1_addr = getelementptr i32 %AU1, i64 0, i64 %zext_ln256" [src/spmm_device_fpga.cpp:259]   --->   Operation 19 'getelementptr' 'AU1_addr' <Predicate = (!icmp_ln256)> <Delay = 0.00>
ST_1 : Operation 20 [1/1] (1.24ns)   --->   "%store_ln259 = store i32 0, i16 %AU1_addr" [src/spmm_device_fpga.cpp:259]   --->   Operation 20 'store' 'store_ln259' <Predicate = (!icmp_ln256)> <Delay = 1.24> <CoreInst = "RAM">   --->   Core 83 'RAM' <Latency = 1> <II = 1> <Delay = 1.24> <Storage> <Opcode : 'load' 'store'> <Ports = 2> <Width = 32> <Depth = 61278> <RAM>
ST_1 : Operation 21 [1/1] (0.38ns)   --->   "%store_ln256 = store i16 %add_ln256, i16 %i" [src/spmm_device_fpga.cpp:256]   --->   Operation 21 'store' 'store_ln256' <Predicate = (!icmp_ln256)> <Delay = 0.38>
ST_1 : Operation 22 [1/1] (0.00ns)   --->   "%br_ln256 = br void %for.inc28" [src/spmm_device_fpga.cpp:256]   --->   Operation 22 'br' 'br_ln256' <Predicate = (!icmp_ln256)> <Delay = 0.00>
ST_1 : Operation 23 [1/1] (0.00ns)   --->   "%ret_ln0 = ret"   --->   Operation 23 'ret' 'ret_ln0' <Predicate = (icmp_ln256)> <Delay = 0.00>


============================================================
+ Verbose Summary: Timing violations
============================================================
Target clock period: 4ns, clock uncertainty: 1.08ns.

 <State 1>: 2.08ns
The critical path consists of the following:
	'alloca' operation ('i') [4]  (0 ns)
	'load' operation ('i', src/spmm_device_fpga.cpp:256) on local variable 'i' [9]  (0 ns)
	'getelementptr' operation ('AU0_addr', src/spmm_device_fpga.cpp:258) [19]  (0 ns)
	'store' operation ('store_ln258', src/spmm_device_fpga.cpp:258) of constant 0 on array 'AU0' [20]  (1.25 ns)
	blocking operation 0.836 ns on control path)


============================================================
+ Verbose Summary: Binding
============================================================
N/A
* FSMD analyzer results:
  - Output states:
 - Input state : 
  - Chain level:
	State 1


============================================================
+ Verbose Summary: Datapath Resource usage 
============================================================
N/A
