

================================================================
== Vitis HLS Report for 'pu_kernel_1_Pipeline_VITIS_LOOP_189_4'
================================================================
* Date:           Mon Sep  1 19:23:36 2025

* Version:        2022.2 (Build 3670227 on Oct 13 2022)
* Project:        spmm_prj
* Solution:       sol1 (Vivado IP Flow Target)
* Product family: virtexuplus
* Target device:  xcu280-fsvh2892-2L-e


================================================================
== Performance Estimates
================================================================
+ Timing: 
    * Summary: 
    +--------+---------+----------+------------+
    |  Clock |  Target | Estimated| Uncertainty|
    +--------+---------+----------+------------+
    |ap_clk  |  4.00 ns|  2.496 ns|     1.08 ns|
    +--------+---------+----------+------------+

+ Latency: 
    * Summary: 
    +---------+---------+----------+----------+-----+-----+---------+
    |  Latency (cycles) |  Latency (absolute) |  Interval | Pipeline|
    |   min   |   max   |    min   |    max   | min | max |   Type  |
    +---------+---------+----------+----------+-----+-----+---------+
    |        ?|        ?|         ?|         ?|    ?|    ?|       no|
    +---------+---------+----------+----------+-----+-----+---------+

    + Detail: 
        * Instance: 
        N/A

        * Loop: 
        +--------------------+---------+---------+----------+-----------+-----------+------+----------+
        |                    |  Latency (cycles) | Iteration|  Initiation Interval  | Trip |          |
        |      Loop Name     |   min   |   max   |  Latency |  achieved |   target  | Count| Pipelined|
        +--------------------+---------+---------+----------+-----------+-----------+------+----------+
        |- VITIS_LOOP_189_4  |        ?|        ?|         2|          1|          1|     ?|       yes|
        +--------------------+---------+---------+----------+-----------+-----------+------+----------+

============================================================
+ Verbose Summary: Synthesis Manager
============================================================
InlineROM: 1
ExposeGlobal: 0
============================================================
+ Verbose Summary: CDFG Model
============================================================
IsTopModel: 0
ResetActiveHigh: 1
IsCombinational: 0
IsDatapathOnly: 0
HasWiredReturn: 1
HasMFsm: 2
HasVarLatency: 1
IsPipeline: 0
IsRtlPipelined: 0
IsInstanceOverlapped: 0
IsDontTouch: 0
HasImplIP: 0
IsGatedGlobalClock: 0

+ Individual pipeline summary: 
  * Pipeline-0: initiation interval (II) = 1, depth = 2


============================================================
+ Verbose Summary: Schedule
============================================================
* Number of FSM states : 2
* Pipeline : 1
  Pipeline-0 : II = 1, D = 2, States = { 1 2 }
* Dataflow Pipeline: 0

* FSM state transitions: 
1 --> 2 
2 --> 

* FSM state operations: 

State 1 <SV = 0> <Delay = 1.25>
ST_1 : Operation 5 [1/1] (0.00ns)   --->   "%j_3 = alloca i32 1"   --->   Operation 5 'alloca' 'j_3' <Predicate = true> <Delay = 0.00>
ST_1 : Operation 6 [1/1] (0.00ns)   --->   "%trunc_ln_read = read i30 @_ssdm_op_Read.ap_auto.i30, i30 %trunc_ln"   --->   Operation 6 'read' 'trunc_ln_read' <Predicate = true> <Delay = 0.00>
ST_1 : Operation 7 [1/1] (0.38ns)   --->   "%store_ln0 = store i30 0, i30 %j_3"   --->   Operation 7 'store' 'store_ln0' <Predicate = true> <Delay = 0.38>
ST_1 : Operation 8 [1/1] (0.00ns)   --->   "%br_ln0 = br void %for.inc72.i"   --->   Operation 8 'br' 'br_ln0' <Predicate = true> <Delay = 0.00>
ST_1 : Operation 9 [1/1] (0.00ns)   --->   "%j = load i30 %j_3" [src/spmm_device_fpga.cpp:189->src/spmm_device_fpga.cpp:251]   --->   Operation 9 'load' 'j' <Predicate = true> <Delay = 0.00>
ST_1 : Operation 10 [1/1] (0.83ns)   --->   "%icmp_ln189 = icmp_eq  i30 %j, i30 %trunc_ln_read" [src/spmm_device_fpga.cpp:189->src/spmm_device_fpga.cpp:251]   --->   Operation 10 'icmp' 'icmp_ln189' <Predicate = true> <Delay = 0.83> <CoreInst = "Cmp">   --->   Core 9 'Cmp' <Latency = 0> <II = 1> <Delay = 0.83> <FuncUnit> <Opcode : 'icmp'> <InPorts = 2> <OutPorts = 1>
ST_1 : Operation 11 [1/1] (0.86ns)   --->   "%add_ln189 = add i30 %j, i30 1" [src/spmm_device_fpga.cpp:189->src/spmm_device_fpga.cpp:251]   --->   Operation 11 'add' 'add_ln189' <Predicate = true> <Delay = 0.86> <CoreInst = "Adder">   --->   Core 1 'Adder' <Latency = 0> <II = 1> <Delay = 0.86> <FuncUnit> <Opcode : 'add' 'sub'> <InPorts = 2> <OutPorts = 1>
ST_1 : Operation 12 [1/1] (0.00ns)   --->   "%br_ln189 = br i1 %icmp_ln189, void %for.inc72.split.i, void %for.inc75.i.loopexit.exitStub" [src/spmm_device_fpga.cpp:189->src/spmm_device_fpga.cpp:251]   --->   Operation 12 'br' 'br_ln189' <Predicate = true> <Delay = 0.00>
ST_1 : Operation 13 [1/1] (0.00ns)   --->   "%zext_ln189 = zext i30 %j" [src/spmm_device_fpga.cpp:189->src/spmm_device_fpga.cpp:251]   --->   Operation 13 'zext' 'zext_ln189' <Predicate = (!icmp_ln189)> <Delay = 0.00>
ST_1 : Operation 14 [1/1] (0.00ns)   --->   "%resA_addr = getelementptr i32 %resA, i64 0, i64 %zext_ln189" [src/spmm_device_fpga.cpp:191->src/spmm_device_fpga.cpp:251]   --->   Operation 14 'getelementptr' 'resA_addr' <Predicate = (!icmp_ln189)> <Delay = 0.00>
ST_1 : Operation 15 [2/2] (1.24ns)   --->   "%resA_load = load i16 %resA_addr" [src/spmm_device_fpga.cpp:191->src/spmm_device_fpga.cpp:251]   --->   Operation 15 'load' 'resA_load' <Predicate = (!icmp_ln189)> <Delay = 1.24> <CoreInst = "RAM">   --->   Core 83 'RAM' <Latency = 1> <II = 1> <Delay = 1.24> <Storage> <Opcode : 'load' 'store'> <Ports = 2> <Width = 32> <Depth = 61278> <RAM>
ST_1 : Operation 16 [1/1] (0.38ns)   --->   "%store_ln189 = store i30 %add_ln189, i30 %j_3" [src/spmm_device_fpga.cpp:189->src/spmm_device_fpga.cpp:251]   --->   Operation 16 'store' 'store_ln189' <Predicate = (!icmp_ln189)> <Delay = 0.38>
ST_1 : Operation 23 [1/1] (0.00ns)   --->   "%ret_ln0 = ret"   --->   Operation 23 'ret' 'ret_ln0' <Predicate = (icmp_ln189)> <Delay = 0.00>

State 2 <SV = 1> <Delay = 2.49>
ST_2 : Operation 17 [1/1] (0.00ns)   --->   "%specpipeline_ln190 = specpipeline void @_ssdm_op_SpecPipeline, i32 1, i32 0, i32 0, i32 0, void @empty_25" [src/spmm_device_fpga.cpp:190->src/spmm_device_fpga.cpp:251]   --->   Operation 17 'specpipeline' 'specpipeline_ln190' <Predicate = true> <Delay = 0.00>
ST_2 : Operation 18 [1/1] (0.00ns)   --->   "%specloopname_ln189 = specloopname void @_ssdm_op_SpecLoopName, void @empty_16" [src/spmm_device_fpga.cpp:189->src/spmm_device_fpga.cpp:251]   --->   Operation 18 'specloopname' 'specloopname_ln189' <Predicate = true> <Delay = 0.00>
ST_2 : Operation 19 [1/2] (1.24ns)   --->   "%resA_load = load i16 %resA_addr" [src/spmm_device_fpga.cpp:191->src/spmm_device_fpga.cpp:251]   --->   Operation 19 'load' 'resA_load' <Predicate = true> <Delay = 1.24> <CoreInst = "RAM">   --->   Core 83 'RAM' <Latency = 1> <II = 1> <Delay = 1.24> <Storage> <Opcode : 'load' 'store'> <Ports = 2> <Width = 32> <Depth = 61278> <RAM>
ST_2 : Operation 20 [1/1] (0.00ns)   --->   "%AU0_addr = getelementptr i32 %AU0, i64 0, i64 %zext_ln189" [src/spmm_device_fpga.cpp:191->src/spmm_device_fpga.cpp:251]   --->   Operation 20 'getelementptr' 'AU0_addr' <Predicate = true> <Delay = 0.00>
ST_2 : Operation 21 [1/1] (1.24ns)   --->   "%store_ln191 = store i32 %resA_load, i16 %AU0_addr" [src/spmm_device_fpga.cpp:191->src/spmm_device_fpga.cpp:251]   --->   Operation 21 'store' 'store_ln191' <Predicate = true> <Delay = 1.24> <CoreInst = "RAM">   --->   Core 83 'RAM' <Latency = 1> <II = 1> <Delay = 1.24> <Storage> <Opcode : 'load' 'store'> <Ports = 2> <Width = 32> <Depth = 61278> <RAM>
ST_2 : Operation 22 [1/1] (0.00ns)   --->   "%br_ln189 = br void %for.inc72.i" [src/spmm_device_fpga.cpp:189->src/spmm_device_fpga.cpp:251]   --->   Operation 22 'br' 'br_ln189' <Predicate = true> <Delay = 0.00>


============================================================
+ Verbose Summary: Timing violations
============================================================
Target clock period: 4ns, clock uncertainty: 1.08ns.

 <State 1>: 1.26ns
The critical path consists of the following:
	'alloca' operation ('j') [4]  (0 ns)
	'load' operation ('j', src/spmm_device_fpga.cpp:189->src/spmm_device_fpga.cpp:251) on local variable 'j' [9]  (0 ns)
	'add' operation ('add_ln189', src/spmm_device_fpga.cpp:189->src/spmm_device_fpga.cpp:251) [11]  (0.868 ns)
	'store' operation ('store_ln189', src/spmm_device_fpga.cpp:189->src/spmm_device_fpga.cpp:251) of variable 'add_ln189', src/spmm_device_fpga.cpp:189->src/spmm_device_fpga.cpp:251 on local variable 'j' [21]  (0.387 ns)

 <State 2>: 2.5ns
The critical path consists of the following:
	'load' operation ('resA_load', src/spmm_device_fpga.cpp:191->src/spmm_device_fpga.cpp:251) on array 'resA' [18]  (1.25 ns)
	'store' operation ('store_ln191', src/spmm_device_fpga.cpp:191->src/spmm_device_fpga.cpp:251) of variable 'resA_load', src/spmm_device_fpga.cpp:191->src/spmm_device_fpga.cpp:251 on array 'AU0' [20]  (1.25 ns)


============================================================
+ Verbose Summary: Binding
============================================================
N/A
* FSMD analyzer results:
  - Output states:
 - Input state : 
  - Chain level:
	State 1
	State 2


============================================================
+ Verbose Summary: Datapath Resource usage 
============================================================
N/A
