

================================================================
== Vitis HLS Report for 'pu_kernel_9_Pipeline_pu_save_stream_into_pu'
================================================================
* Date:           Mon Sep  1 16:04:18 2025

* Version:        2022.2 (Build 3670227 on Oct 13 2022)
* Project:        spmm_prj
* Solution:       sol1 (Vivado IP Flow Target)
* Product family: virtexuplus
* Target device:  xcu280-fsvh2892-2L-e


================================================================
== Performance Estimates
================================================================
+ Timing: 
    * Summary: 
    +--------+---------+----------+------------+
    |  Clock |  Target | Estimated| Uncertainty|
    +--------+---------+----------+------------+
    |ap_clk  |  4.00 ns|  1.398 ns|     1.08 ns|
    +--------+---------+----------+------------+

+ Latency: 
    * Summary: 
    +---------+---------+-----------+-----------+-----+-----+---------+
    |  Latency (cycles) |   Latency (absolute)  |  Interval | Pipeline|
    |   min   |   max   |    min    |    max    | min | max |   Type  |
    +---------+---------+-----------+-----------+-----+-----+---------+
    |        6|        6|  24.000 ns|  24.000 ns|    6|    6|       no|
    +---------+---------+-----------+-----------+-----+-----+---------+

    + Detail: 
        * Instance: 
        N/A

        * Loop: 
        +--------------------------+---------+---------+----------+-----------+-----------+------+----------+
        |                          |  Latency (cycles) | Iteration|  Initiation Interval  | Trip |          |
        |         Loop Name        |   min   |   max   |  Latency |  achieved |   target  | Count| Pipelined|
        +--------------------------+---------+---------+----------+-----------+-----------+------+----------+
        |- pu_save_stream_into_pu  |        4|        4|         2|          1|          1|     4|       yes|
        +--------------------------+---------+---------+----------+-----------+-----------+------+----------+



================================================================
== Utilization Estimates
================================================================
* Summary: 
+---------------------+---------+------+---------+---------+-----+
|         Name        | BRAM_18K|  DSP |    FF   |   LUT   | URAM|
+---------------------+---------+------+---------+---------+-----+
|DSP                  |        -|     -|        -|        -|    -|
|Expression           |        -|     -|        0|       21|    -|
|FIFO                 |        -|     -|        -|        -|    -|
|Instance             |        -|     -|        -|        -|    -|
|Memory               |        -|     -|        -|        -|    -|
|Multiplexer          |        -|     -|        -|       36|    -|
|Register             |        -|     -|        9|        -|    -|
+---------------------+---------+------+---------+---------+-----+
|Total                |        0|     0|        9|       57|    0|
+---------------------+---------+------+---------+---------+-----+
|Available SLR        |     1344|  3008|   869120|   434560|  320|
+---------------------+---------+------+---------+---------+-----+
|Utilization SLR (%)  |        0|     0|       ~0|       ~0|    0|
+---------------------+---------+------+---------+---------+-----+
|Available            |     4032|  9024|  2607360|  1303680|  960|
+---------------------+---------+------+---------+---------+-----+
|Utilization (%)      |        0|     0|       ~0|       ~0|    0|
+---------------------+---------+------+---------+---------+-----+

+ Detail: 
    * Instance: 
    N/A

    * DSP: 
    N/A

    * Memory: 
    N/A

    * FIFO: 
    N/A

    * Expression: 
    +---------------------+----------+----+---+----+------------+------------+
    |    Variable Name    | Operation| DSP| FF| LUT| Bitwidth P0| Bitwidth P1|
    +---------------------+----------+----+---+----+------------+------------+
    |add_ln154_fu_104_p2  |         +|   0|  0|  10|           3|           1|
    |icmp_ln154_fu_98_p2  |      icmp|   0|  0|   9|           3|           4|
    |ap_enable_pp0        |       xor|   0|  0|   2|           1|           2|
    +---------------------+----------+----+---+----+------------+------------+
    |Total                |          |   0|  0|  21|           7|           7|
    +---------------------+----------+----+---+----+------------+------------+

    * Multiplexer: 
    +-------------------------+----+-----------+-----+-----------+
    |           Name          | LUT| Input Size| Bits| Total Bits|
    +-------------------------+----+-----------+-----+-----------+
    |ap_done_int              |   9|          2|    1|          2|
    |ap_enable_reg_pp0_iter1  |   9|          2|    1|          2|
    |ap_sig_allocacmp_u_2     |   9|          2|    3|          6|
    |u_fu_32                  |   9|          2|    3|          6|
    +-------------------------+----+-----------+-----+-----------+
    |Total                    |  36|          8|    8|         16|
    +-------------------------+----+-----------+-----+-----------+

    * Register: 
    +-------------------------+---+----+-----+-----------+
    |           Name          | FF| LUT| Bits| Const Bits|
    +-------------------------+---+----+-----+-----------+
    |ap_CS_fsm                |  1|   0|    1|          0|
    |ap_done_reg              |  1|   0|    1|          0|
    |ap_enable_reg_pp0_iter1  |  1|   0|    1|          0|
    |u_fu_32                  |  3|   0|    3|          0|
    |zext_ln154_reg_131       |  3|   0|   64|         61|
    +-------------------------+---+----+-----+-----------+
    |Total                    |  9|   0|   70|         61|
    +-------------------------+---+----+-----+-----------+



================================================================
== Interface
================================================================
* Summary: 
+-------------------+-----+-----+------------+---------------------------------------------+--------------+
|     RTL Ports     | Dir | Bits|  Protocol  |                Source Object                |    C Type    |
+-------------------+-----+-----+------------+---------------------------------------------+--------------+
|ap_clk             |   in|    1|  ap_ctrl_hs|  pu_kernel.9_Pipeline_pu_save_stream_into_pu|  return value|
|ap_rst             |   in|    1|  ap_ctrl_hs|  pu_kernel.9_Pipeline_pu_save_stream_into_pu|  return value|
|ap_start           |   in|    1|  ap_ctrl_hs|  pu_kernel.9_Pipeline_pu_save_stream_into_pu|  return value|
|ap_done            |  out|    1|  ap_ctrl_hs|  pu_kernel.9_Pipeline_pu_save_stream_into_pu|  return value|
|ap_idle            |  out|    1|  ap_ctrl_hs|  pu_kernel.9_Pipeline_pu_save_stream_into_pu|  return value|
|ap_ready           |  out|    1|  ap_ctrl_hs|  pu_kernel.9_Pipeline_pu_save_stream_into_pu|  return value|
|p_v_y_address0     |  out|    2|   ap_memory|                                        p_v_y|         array|
|p_v_y_ce0          |  out|    1|   ap_memory|                                        p_v_y|         array|
|p_v_y_q0           |   in|   32|   ap_memory|                                        p_v_y|         array|
|tile_y_address0    |  out|    2|   ap_memory|                                       tile_y|         array|
|tile_y_ce0         |  out|    1|   ap_memory|                                       tile_y|         array|
|tile_y_we0         |  out|    1|   ap_memory|                                       tile_y|         array|
|tile_y_d0          |  out|   32|   ap_memory|                                       tile_y|         array|
|p_ref_address0     |  out|    2|   ap_memory|                                        p_ref|         array|
|p_ref_ce0          |  out|    1|   ap_memory|                                        p_ref|         array|
|p_ref_q0           |   in|    1|   ap_memory|                                        p_ref|         array|
|tile_ref_address0  |  out|    2|   ap_memory|                                     tile_ref|         array|
|tile_ref_ce0       |  out|    1|   ap_memory|                                     tile_ref|         array|
|tile_ref_we0       |  out|    1|   ap_memory|                                     tile_ref|         array|
|tile_ref_d0        |  out|    1|   ap_memory|                                     tile_ref|         array|
+-------------------+-----+-----+------------+---------------------------------------------+--------------+

============================================================
+ Verbose Summary: Synthesis Manager
============================================================
InlineROM: 1
ExposeGlobal: 0
============================================================
+ Verbose Summary: CDFG Model
============================================================
IsTopModel: 0
ResetActiveHigh: 1
IsCombinational: 2
IsDatapathOnly: 2
HasWiredReturn: 1
HasMFsm: 2
HasVarLatency: 1
IsPipeline: 0
IsRtlPipelined: 0
IsInstanceOverlapped: 0
IsDontTouch: 0
HasImplIP: 0
IsGatedGlobalClock: 0

+ Individual pipeline summary: 
  * Pipeline-0: initiation interval (II) = 1, depth = 2


============================================================
+ Verbose Summary: Schedule
============================================================
* Number of FSM states : 2
* Pipeline : 1
  Pipeline-0 : II = 1, D = 2, States = { 1 2 }
* Dataflow Pipeline: 0

* FSM state transitions: 
1 --> 2 
2 --> 

* FSM state operations: 

State 1 <SV = 0> <Delay = 0.95>
ST_1 : Operation 5 [1/1] (0.00ns)   --->   "%u = alloca i32 1"   --->   Operation 5 'alloca' 'u' <Predicate = true> <Delay = 0.00>
ST_1 : Operation 6 [1/1] (0.38ns)   --->   "%store_ln0 = store i3 0, i3 %u"   --->   Operation 6 'store' 'store_ln0' <Predicate = true> <Delay = 0.38>
ST_1 : Operation 7 [1/1] (0.00ns)   --->   "%br_ln0 = br void %for.inc.i"   --->   Operation 7 'br' 'br_ln0' <Predicate = true> <Delay = 0.00>
ST_1 : Operation 8 [1/1] (0.00ns)   --->   "%u_2 = load i3 %u" [src/spmm_device_fpga.cpp:154->src/spmm_device_fpga.cpp:225]   --->   Operation 8 'load' 'u_2' <Predicate = true> <Delay = 0.00>
ST_1 : Operation 9 [1/1] (0.49ns)   --->   "%icmp_ln154 = icmp_eq  i3 %u_2, i3 4" [src/spmm_device_fpga.cpp:154->src/spmm_device_fpga.cpp:225]   --->   Operation 9 'icmp' 'icmp_ln154' <Predicate = true> <Delay = 0.49> <CoreInst = "Cmp">   --->   Core 9 'Cmp' <Latency = 0> <II = 1> <Delay = 0.65> <FuncUnit> <Opcode : 'icmp'> <InPorts = 2> <OutPorts = 1>
ST_1 : Operation 10 [1/1] (0.00ns)   --->   "%empty = speclooptripcount i32 @_ssdm_op_SpecLoopTripCount, i64 4, i64 4, i64 4"   --->   Operation 10 'speclooptripcount' 'empty' <Predicate = true> <Delay = 0.00>
ST_1 : Operation 11 [1/1] (0.57ns)   --->   "%add_ln154 = add i3 %u_2, i3 1" [src/spmm_device_fpga.cpp:154->src/spmm_device_fpga.cpp:225]   --->   Operation 11 'add' 'add_ln154' <Predicate = true> <Delay = 0.57> <CoreInst = "Adder">   --->   Core 1 'Adder' <Latency = 0> <II = 1> <Delay = 0.57> <FuncUnit> <Opcode : 'add' 'sub'> <InPorts = 2> <OutPorts = 1>
ST_1 : Operation 12 [1/1] (0.00ns)   --->   "%br_ln154 = br i1 %icmp_ln154, void %for.inc.split.i, void %for.end.i.exitStub" [src/spmm_device_fpga.cpp:154->src/spmm_device_fpga.cpp:225]   --->   Operation 12 'br' 'br_ln154' <Predicate = true> <Delay = 0.00>
ST_1 : Operation 13 [1/1] (0.00ns)   --->   "%zext_ln154 = zext i3 %u_2" [src/spmm_device_fpga.cpp:154->src/spmm_device_fpga.cpp:225]   --->   Operation 13 'zext' 'zext_ln154' <Predicate = (!icmp_ln154)> <Delay = 0.00>
ST_1 : Operation 14 [1/1] (0.00ns)   --->   "%p_v_y_addr = getelementptr i32 %p_v_y, i64 0, i64 %zext_ln154" [src/spmm_device_fpga.cpp:156->src/spmm_device_fpga.cpp:225]   --->   Operation 14 'getelementptr' 'p_v_y_addr' <Predicate = (!icmp_ln154)> <Delay = 0.00>
ST_1 : Operation 15 [2/2] (0.69ns)   --->   "%p_v_y_load = load i2 %p_v_y_addr" [src/spmm_device_fpga.cpp:156->src/spmm_device_fpga.cpp:225]   --->   Operation 15 'load' 'p_v_y_load' <Predicate = (!icmp_ln154)> <Delay = 0.69> <CoreInst = "RAM">   --->   Core 83 'RAM' <Latency = 1> <II = 1> <Delay = 0.69> <Storage> <Opcode : 'load' 'store'> <Ports = 2> <Width = 32> <Depth = 4> <RAM>
ST_1 : Operation 16 [1/1] (0.00ns)   --->   "%p_ref_addr = getelementptr i1 %p_ref, i64 0, i64 %zext_ln154" [src/spmm_device_fpga.cpp:157->src/spmm_device_fpga.cpp:225]   --->   Operation 16 'getelementptr' 'p_ref_addr' <Predicate = (!icmp_ln154)> <Delay = 0.00>
ST_1 : Operation 17 [2/2] (0.63ns)   --->   "%p_ref_load = load i2 %p_ref_addr" [src/spmm_device_fpga.cpp:157->src/spmm_device_fpga.cpp:225]   --->   Operation 17 'load' 'p_ref_load' <Predicate = (!icmp_ln154)> <Delay = 0.63> <CoreInst = "RAM">   --->   Core 83 'RAM' <Latency = 1> <II = 1> <Delay = 0.63> <Storage> <Opcode : 'load' 'store'> <Ports = 2> <Width = 1> <Depth = 4> <RAM>
ST_1 : Operation 18 [1/1] (0.38ns)   --->   "%store_ln154 = store i3 %add_ln154, i3 %u" [src/spmm_device_fpga.cpp:154->src/spmm_device_fpga.cpp:225]   --->   Operation 18 'store' 'store_ln154' <Predicate = (!icmp_ln154)> <Delay = 0.38>
ST_1 : Operation 28 [1/1] (0.00ns)   --->   "%ret_ln0 = ret"   --->   Operation 28 'ret' 'ret_ln0' <Predicate = (icmp_ln154)> <Delay = 0.00>

State 2 <SV = 1> <Delay = 1.39>
ST_2 : Operation 19 [1/1] (0.00ns)   --->   "%specpipeline_ln155 = specpipeline void @_ssdm_op_SpecPipeline, i32 1, i32 0, i32 0, i32 0, void @empty_23" [src/spmm_device_fpga.cpp:155->src/spmm_device_fpga.cpp:225]   --->   Operation 19 'specpipeline' 'specpipeline_ln155' <Predicate = true> <Delay = 0.00>
ST_2 : Operation 20 [1/1] (0.00ns)   --->   "%specloopname_ln154 = specloopname void @_ssdm_op_SpecLoopName, void @empty_28" [src/spmm_device_fpga.cpp:154->src/spmm_device_fpga.cpp:225]   --->   Operation 20 'specloopname' 'specloopname_ln154' <Predicate = true> <Delay = 0.00>
ST_2 : Operation 21 [1/2] (0.69ns)   --->   "%p_v_y_load = load i2 %p_v_y_addr" [src/spmm_device_fpga.cpp:156->src/spmm_device_fpga.cpp:225]   --->   Operation 21 'load' 'p_v_y_load' <Predicate = true> <Delay = 0.69> <CoreInst = "RAM">   --->   Core 83 'RAM' <Latency = 1> <II = 1> <Delay = 0.69> <Storage> <Opcode : 'load' 'store'> <Ports = 2> <Width = 32> <Depth = 4> <RAM>
ST_2 : Operation 22 [1/1] (0.00ns)   --->   "%tile_y_addr = getelementptr i32 %tile_y, i64 0, i64 %zext_ln154" [src/spmm_device_fpga.cpp:156->src/spmm_device_fpga.cpp:225]   --->   Operation 22 'getelementptr' 'tile_y_addr' <Predicate = true> <Delay = 0.00>
ST_2 : Operation 23 [1/1] (0.69ns)   --->   "%store_ln156 = store i32 %p_v_y_load, i2 %tile_y_addr" [src/spmm_device_fpga.cpp:156->src/spmm_device_fpga.cpp:225]   --->   Operation 23 'store' 'store_ln156' <Predicate = true> <Delay = 0.69> <CoreInst = "RAM">   --->   Core 83 'RAM' <Latency = 1> <II = 1> <Delay = 0.69> <Storage> <Opcode : 'load' 'store'> <Ports = 2> <Width = 32> <Depth = 4> <RAM>
ST_2 : Operation 24 [1/2] (0.63ns)   --->   "%p_ref_load = load i2 %p_ref_addr" [src/spmm_device_fpga.cpp:157->src/spmm_device_fpga.cpp:225]   --->   Operation 24 'load' 'p_ref_load' <Predicate = true> <Delay = 0.63> <CoreInst = "RAM">   --->   Core 83 'RAM' <Latency = 1> <II = 1> <Delay = 0.63> <Storage> <Opcode : 'load' 'store'> <Ports = 2> <Width = 1> <Depth = 4> <RAM>
ST_2 : Operation 25 [1/1] (0.00ns)   --->   "%tile_ref_addr = getelementptr i1 %tile_ref, i64 0, i64 %zext_ln154" [src/spmm_device_fpga.cpp:157->src/spmm_device_fpga.cpp:225]   --->   Operation 25 'getelementptr' 'tile_ref_addr' <Predicate = true> <Delay = 0.00>
ST_2 : Operation 26 [1/1] (0.63ns)   --->   "%store_ln157 = store i1 %p_ref_load, i2 %tile_ref_addr" [src/spmm_device_fpga.cpp:157->src/spmm_device_fpga.cpp:225]   --->   Operation 26 'store' 'store_ln157' <Predicate = true> <Delay = 0.63> <CoreInst = "RAM">   --->   Core 83 'RAM' <Latency = 1> <II = 1> <Delay = 0.63> <Storage> <Opcode : 'load' 'store'> <Ports = 2> <Width = 1> <Depth = 4> <RAM>
ST_2 : Operation 27 [1/1] (0.00ns)   --->   "%br_ln154 = br void %for.inc.i" [src/spmm_device_fpga.cpp:154->src/spmm_device_fpga.cpp:225]   --->   Operation 27 'br' 'br_ln154' <Predicate = true> <Delay = 0.00>


============================================================
+ Verbose Summary: Binding
============================================================
STG Binding: 
---------------- STG Properties BEGIN ----------------
- Is combinational: 0
- Is one-state seq: 0
- Is datapath-only: 0
- Is pipelined: 0
- Is top level: 0
Port [ Return ] is wired: 1; IO mode=ap_ctrl_hs:ce=0
Port [ p_v_y]:  wired=1; compound=1; hidden=0; nouse=0; global=0; static=0; extern=0; dir=0; type=1; pingpong=0; private_global=0; MemPort=[13]; IO mode=ap_memory:ce=0
Port [ tile_y]:  wired=1; compound=1; hidden=0; nouse=0; global=0; static=0; extern=0; dir=1; type=1; pingpong=0; private_global=0; MemPort=[03]; IO mode=ap_memory:ce=0
Port [ p_ref]:  wired=1; compound=1; hidden=0; nouse=0; global=0; static=0; extern=0; dir=0; type=1; pingpong=0; private_global=0; MemPort=[13]; IO mode=ap_memory:ce=0
Port [ tile_ref]:  wired=1; compound=1; hidden=0; nouse=0; global=0; static=0; extern=0; dir=1; type=1; pingpong=0; private_global=0; MemPort=[03]; IO mode=ap_memory:ce=0
---------------- STG Properties END ------------------

---------------- Datapath Model BEGIN ----------------

<LifeTime>
<method=bitvector/>
u                  (alloca           ) [ 010]
store_ln0          (store            ) [ 000]
br_ln0             (br               ) [ 000]
u_2                (load             ) [ 000]
icmp_ln154         (icmp             ) [ 010]
empty              (speclooptripcount) [ 000]
add_ln154          (add              ) [ 000]
br_ln154           (br               ) [ 000]
zext_ln154         (zext             ) [ 011]
p_v_y_addr         (getelementptr    ) [ 011]
p_ref_addr         (getelementptr    ) [ 011]
store_ln154        (store            ) [ 000]
specpipeline_ln155 (specpipeline     ) [ 000]
specloopname_ln154 (specloopname     ) [ 000]
p_v_y_load         (load             ) [ 000]
tile_y_addr        (getelementptr    ) [ 000]
store_ln156        (store            ) [ 000]
p_ref_load         (load             ) [ 000]
tile_ref_addr      (getelementptr    ) [ 000]
store_ln157        (store            ) [ 000]
br_ln154           (br               ) [ 000]
ret_ln0            (ret              ) [ 000]
</LifeTime>

<model>

<comp_list>
<comp id="0" class="1000" name="p_v_y">
<pin_list>
<pin id="1" dir="1" index="0" bw="1" slack="0"/>
</pin_list>
<bind>
<StgValue><ssdm name="p_v_y"/><MemPortTyVec>1 3 </MemPortTyVec>
</StgValue>
</bind>
</comp>

<comp id="2" class="1000" name="tile_y">
<pin_list>
<pin id="3" dir="1" index="0" bw="1" slack="0"/>
</pin_list>
<bind>
<StgValue><ssdm name="tile_y"/><MemPortTyVec>0 3 </MemPortTyVec>
</StgValue>
</bind>
</comp>

<comp id="4" class="1000" name="p_ref">
<pin_list>
<pin id="5" dir="1" index="0" bw="1" slack="0"/>
</pin_list>
<bind>
<StgValue><ssdm name="p_ref"/><MemPortTyVec>1 3 </MemPortTyVec>
</StgValue>
</bind>
</comp>

<comp id="6" class="1000" name="tile_ref">
<pin_list>
<pin id="7" dir="1" index="0" bw="1" slack="0"/>
</pin_list>
<bind>
<StgValue><ssdm name="tile_ref"/><MemPortTyVec>0 3 </MemPortTyVec>
</StgValue>
</bind>
</comp>

<comp id="8" class="1001" name="const_8">
<pin_list>
<pin id="9" dir="1" index="0" bw="1" slack="0"/>
</pin_list>
<bind>
<StgValue><ssdm name=""/></StgValue>
</bind>
</comp>

<comp id="10" class="1001" name="const_10">
<pin_list>
<pin id="11" dir="1" index="0" bw="1" slack="0"/>
</pin_list>
<bind>
<StgValue><ssdm name=""/></StgValue>
</bind>
</comp>

<comp id="12" class="1001" name="const_12">
<pin_list>
<pin id="13" dir="1" index="0" bw="1" slack="0"/>
</pin_list>
<bind>
<StgValue><ssdm name=""/></StgValue>
</bind>
</comp>

<comp id="14" class="1001" name="const_14">
<pin_list>
<pin id="15" dir="1" index="0" bw="1" slack="2147483647"/>
</pin_list>
<bind>
<StgValue><ssdm name="_ssdm_op_SpecLoopTripCount"/></StgValue>
</bind>
</comp>

<comp id="16" class="1001" name="const_16">
<pin_list>
<pin id="17" dir="1" index="0" bw="1" slack="2147483647"/>
</pin_list>
<bind>
<StgValue><ssdm name=""/></StgValue>
</bind>
</comp>

<comp id="18" class="1001" name="const_18">
<pin_list>
<pin id="19" dir="1" index="0" bw="1" slack="0"/>
</pin_list>
<bind>
<StgValue><ssdm name=""/></StgValue>
</bind>
</comp>

<comp id="20" class="1001" name="const_20">
<pin_list>
<pin id="21" dir="1" index="0" bw="1" slack="0"/>
</pin_list>
<bind>
<StgValue><ssdm name=""/></StgValue>
</bind>
</comp>

<comp id="22" class="1001" name="const_22">
<pin_list>
<pin id="23" dir="1" index="0" bw="1" slack="2147483647"/>
</pin_list>
<bind>
<StgValue><ssdm name="_ssdm_op_SpecPipeline"/></StgValue>
</bind>
</comp>

<comp id="24" class="1001" name="const_24">
<pin_list>
<pin id="25" dir="1" index="0" bw="1" slack="2147483647"/>
</pin_list>
<bind>
<StgValue><ssdm name=""/></StgValue>
</bind>
</comp>

<comp id="26" class="1001" name="const_26">
<pin_list>
<pin id="27" dir="1" index="0" bw="1" slack="2147483647"/>
</pin_list>
<bind>
<StgValue><ssdm name="empty_23"/></StgValue>
</bind>
</comp>

<comp id="28" class="1001" name="const_28">
<pin_list>
<pin id="29" dir="1" index="0" bw="1" slack="2147483647"/>
</pin_list>
<bind>
<StgValue><ssdm name="_ssdm_op_SpecLoopName"/></StgValue>
</bind>
</comp>

<comp id="30" class="1001" name="const_30">
<pin_list>
<pin id="31" dir="1" index="0" bw="1" slack="2147483647"/>
</pin_list>
<bind>
<StgValue><ssdm name="empty_28"/></StgValue>
</bind>
</comp>

<comp id="32" class="1004" name="u_fu_32">
<pin_list>
<pin id="33" dir="0" index="0" bw="1" slack="0"/>
<pin id="34" dir="1" index="1" bw="3" slack="0"/>
</pin_list>
<bind>
<opcode="alloca(26) " fcode="alloca"/>
<opset="u/1 "/>
</bind>
</comp>

<comp id="36" class="1004" name="p_v_y_addr_gep_fu_36">
<pin_list>
<pin id="37" dir="0" index="0" bw="32" slack="0"/>
<pin id="38" dir="0" index="1" bw="1" slack="0"/>
<pin id="39" dir="0" index="2" bw="3" slack="0"/>
<pin id="40" dir="1" index="3" bw="2" slack="0"/>
</pin_list>
<bind>
<opcode="getelementptr(29) " fcode="getelementptr"/>
<opset="p_v_y_addr/1 "/>
</bind>
</comp>

<comp id="43" class="1004" name="grp_access_fu_43">
<pin_list>
<pin id="44" dir="0" index="0" bw="2" slack="0"/>
<pin id="45" dir="0" index="1" bw="32" slack="2147483647"/>
<pin id="46" dir="0" index="2" bw="0" slack="2147483647"/>
<pin id="47" dir="1" index="3" bw="32" slack="0"/>
</pin_list>
<bind>
<opcode="load(27) " fcode="load"/>
<opset="p_v_y_load/1 "/>
</bind>
</comp>

<comp id="49" class="1004" name="p_ref_addr_gep_fu_49">
<pin_list>
<pin id="50" dir="0" index="0" bw="1" slack="0"/>
<pin id="51" dir="0" index="1" bw="1" slack="0"/>
<pin id="52" dir="0" index="2" bw="3" slack="0"/>
<pin id="53" dir="1" index="3" bw="2" slack="0"/>
</pin_list>
<bind>
<opcode="getelementptr(29) " fcode="getelementptr"/>
<opset="p_ref_addr/1 "/>
</bind>
</comp>

<comp id="56" class="1004" name="grp_access_fu_56">
<pin_list>
<pin id="57" dir="0" index="0" bw="2" slack="0"/>
<pin id="58" dir="0" index="1" bw="1" slack="2147483647"/>
<pin id="59" dir="0" index="2" bw="0" slack="2147483647"/>
<pin id="60" dir="1" index="3" bw="1" slack="0"/>
</pin_list>
<bind>
<opcode="load(27) " fcode="load"/>
<opset="p_ref_load/1 "/>
</bind>
</comp>

<comp id="62" class="1004" name="tile_y_addr_gep_fu_62">
<pin_list>
<pin id="63" dir="0" index="0" bw="32" slack="0"/>
<pin id="64" dir="0" index="1" bw="1" slack="0"/>
<pin id="65" dir="0" index="2" bw="3" slack="1"/>
<pin id="66" dir="1" index="3" bw="2" slack="0"/>
</pin_list>
<bind>
<opcode="getelementptr(29) " fcode="getelementptr"/>
<opset="tile_y_addr/2 "/>
</bind>
</comp>

<comp id="69" class="1004" name="store_ln156_access_fu_69">
<pin_list>
<pin id="70" dir="0" index="0" bw="2" slack="0"/>
<pin id="71" dir="0" index="1" bw="32" slack="0"/>
<pin id="72" dir="0" index="2" bw="0" slack="2147483647"/>
<pin id="73" dir="1" index="3" bw="32" slack="2147483647"/>
</pin_list>
<bind>
<opcode="store(28) " fcode="store"/>
<opset="store_ln156/2 "/>
</bind>
</comp>

<comp id="76" class="1004" name="tile_ref_addr_gep_fu_76">
<pin_list>
<pin id="77" dir="0" index="0" bw="1" slack="0"/>
<pin id="78" dir="0" index="1" bw="1" slack="0"/>
<pin id="79" dir="0" index="2" bw="3" slack="1"/>
<pin id="80" dir="1" index="3" bw="2" slack="0"/>
</pin_list>
<bind>
<opcode="getelementptr(29) " fcode="getelementptr"/>
<opset="tile_ref_addr/2 "/>
</bind>
</comp>

<comp id="83" class="1004" name="store_ln157_access_fu_83">
<pin_list>
<pin id="84" dir="0" index="0" bw="2" slack="0"/>
<pin id="85" dir="0" index="1" bw="1" slack="0"/>
<pin id="86" dir="0" index="2" bw="0" slack="2147483647"/>
<pin id="87" dir="1" index="3" bw="1" slack="2147483647"/>
</pin_list>
<bind>
<opcode="store(28) " fcode="store"/>
<opset="store_ln157/2 "/>
</bind>
</comp>

<comp id="90" class="1004" name="store_ln0_store_fu_90">
<pin_list>
<pin id="91" dir="0" index="0" bw="1" slack="0"/>
<pin id="92" dir="0" index="1" bw="3" slack="0"/>
<pin id="93" dir="1" index="2" bw="0" slack="2147483647"/>
</pin_list>
<bind>
<opcode="store(28) " fcode="store"/>
<opset="store_ln0/1 "/>
</bind>
</comp>

<comp id="95" class="1004" name="u_2_load_fu_95">
<pin_list>
<pin id="96" dir="0" index="0" bw="3" slack="0"/>
<pin id="97" dir="1" index="1" bw="3" slack="0"/>
</pin_list>
<bind>
<opcode="load(27) " fcode="load"/>
<opset="u_2/1 "/>
</bind>
</comp>

<comp id="98" class="1004" name="icmp_ln154_fu_98">
<pin_list>
<pin id="99" dir="0" index="0" bw="3" slack="0"/>
<pin id="100" dir="0" index="1" bw="3" slack="0"/>
<pin id="101" dir="1" index="2" bw="1" slack="2147483647"/>
</pin_list>
<bind>
<opcode="icmp(45) " fcode="icmp"/>
<opset="icmp_ln154/1 "/>
</bind>
</comp>

<comp id="104" class="1004" name="add_ln154_fu_104">
<pin_list>
<pin id="105" dir="0" index="0" bw="3" slack="0"/>
<pin id="106" dir="0" index="1" bw="1" slack="0"/>
<pin id="107" dir="1" index="2" bw="3" slack="0"/>
</pin_list>
<bind>
<opcode="add(8) " fcode="add"/>
<opset="add_ln154/1 "/>
</bind>
</comp>

<comp id="110" class="1004" name="zext_ln154_fu_110">
<pin_list>
<pin id="111" dir="0" index="0" bw="3" slack="0"/>
<pin id="112" dir="1" index="1" bw="64" slack="0"/>
</pin_list>
<bind>
<opcode="zext(34) " fcode="zext"/>
<opset="zext_ln154/1 "/>
</bind>
</comp>

<comp id="116" class="1004" name="store_ln154_store_fu_116">
<pin_list>
<pin id="117" dir="0" index="0" bw="3" slack="0"/>
<pin id="118" dir="0" index="1" bw="3" slack="0"/>
<pin id="119" dir="1" index="2" bw="0" slack="2147483647"/>
</pin_list>
<bind>
<opcode="store(28) " fcode="store"/>
<opset="store_ln154/1 "/>
</bind>
</comp>

<comp id="121" class="1005" name="u_reg_121">
<pin_list>
<pin id="122" dir="0" index="0" bw="3" slack="0"/>
<pin id="123" dir="1" index="1" bw="3" slack="0"/>
</pin_list>
<bind>
<opset="u "/>
</bind>
</comp>

<comp id="131" class="1005" name="zext_ln154_reg_131">
<pin_list>
<pin id="132" dir="0" index="0" bw="64" slack="1"/>
<pin id="133" dir="1" index="1" bw="64" slack="1"/>
</pin_list>
<bind>
<opset="zext_ln154 "/>
</bind>
</comp>

<comp id="137" class="1005" name="p_v_y_addr_reg_137">
<pin_list>
<pin id="138" dir="0" index="0" bw="2" slack="1"/>
<pin id="139" dir="1" index="1" bw="2" slack="1"/>
</pin_list>
<bind>
<opset="p_v_y_addr "/>
</bind>
</comp>

<comp id="142" class="1005" name="p_ref_addr_reg_142">
<pin_list>
<pin id="143" dir="0" index="0" bw="2" slack="1"/>
<pin id="144" dir="1" index="1" bw="2" slack="1"/>
</pin_list>
<bind>
<opset="p_ref_addr "/>
</bind>
</comp>

</comp_list>

<net_list>
<net id="35"><net_src comp="8" pin="0"/><net_sink comp="32" pin=0"/></net>

<net id="41"><net_src comp="0" pin="0"/><net_sink comp="36" pin=0"/></net>

<net id="42"><net_src comp="20" pin="0"/><net_sink comp="36" pin=1"/></net>

<net id="48"><net_src comp="36" pin="3"/><net_sink comp="43" pin=0"/></net>

<net id="54"><net_src comp="4" pin="0"/><net_sink comp="49" pin=0"/></net>

<net id="55"><net_src comp="20" pin="0"/><net_sink comp="49" pin=1"/></net>

<net id="61"><net_src comp="49" pin="3"/><net_sink comp="56" pin=0"/></net>

<net id="67"><net_src comp="2" pin="0"/><net_sink comp="62" pin=0"/></net>

<net id="68"><net_src comp="20" pin="0"/><net_sink comp="62" pin=1"/></net>

<net id="74"><net_src comp="43" pin="3"/><net_sink comp="69" pin=1"/></net>

<net id="75"><net_src comp="62" pin="3"/><net_sink comp="69" pin=0"/></net>

<net id="81"><net_src comp="6" pin="0"/><net_sink comp="76" pin=0"/></net>

<net id="82"><net_src comp="20" pin="0"/><net_sink comp="76" pin=1"/></net>

<net id="88"><net_src comp="56" pin="3"/><net_sink comp="83" pin=1"/></net>

<net id="89"><net_src comp="76" pin="3"/><net_sink comp="83" pin=0"/></net>

<net id="94"><net_src comp="10" pin="0"/><net_sink comp="90" pin=0"/></net>

<net id="102"><net_src comp="95" pin="1"/><net_sink comp="98" pin=0"/></net>

<net id="103"><net_src comp="12" pin="0"/><net_sink comp="98" pin=1"/></net>

<net id="108"><net_src comp="95" pin="1"/><net_sink comp="104" pin=0"/></net>

<net id="109"><net_src comp="18" pin="0"/><net_sink comp="104" pin=1"/></net>

<net id="113"><net_src comp="95" pin="1"/><net_sink comp="110" pin=0"/></net>

<net id="114"><net_src comp="110" pin="1"/><net_sink comp="36" pin=2"/></net>

<net id="115"><net_src comp="110" pin="1"/><net_sink comp="49" pin=2"/></net>

<net id="120"><net_src comp="104" pin="2"/><net_sink comp="116" pin=0"/></net>

<net id="124"><net_src comp="32" pin="1"/><net_sink comp="121" pin=0"/></net>

<net id="125"><net_src comp="121" pin="1"/><net_sink comp="90" pin=1"/></net>

<net id="126"><net_src comp="121" pin="1"/><net_sink comp="95" pin=0"/></net>

<net id="127"><net_src comp="121" pin="1"/><net_sink comp="116" pin=1"/></net>

<net id="134"><net_src comp="110" pin="1"/><net_sink comp="131" pin=0"/></net>

<net id="135"><net_src comp="131" pin="1"/><net_sink comp="62" pin=2"/></net>

<net id="136"><net_src comp="131" pin="1"/><net_sink comp="76" pin=2"/></net>

<net id="140"><net_src comp="36" pin="3"/><net_sink comp="137" pin=0"/></net>

<net id="141"><net_src comp="137" pin="1"/><net_sink comp="43" pin=0"/></net>

<net id="145"><net_src comp="49" pin="3"/><net_sink comp="142" pin=0"/></net>

<net id="146"><net_src comp="142" pin="1"/><net_sink comp="56" pin=0"/></net>

</net_list>

</model> 
---------------- Datapath Model END ------------------

* FSMD analyzer results:
  - Output states:
	Port: tile_y | {2 }
	Port: tile_ref | {2 }
 - Input state : 
	Port: pu_kernel.9_Pipeline_pu_save_stream_into_pu : p_v_y | {1 2 }
	Port: pu_kernel.9_Pipeline_pu_save_stream_into_pu : p_ref | {1 2 }
  - Chain level:
	State 1
		store_ln0 : 1
		u_2 : 1
		icmp_ln154 : 2
		add_ln154 : 2
		br_ln154 : 3
		zext_ln154 : 2
		p_v_y_addr : 3
		p_v_y_load : 4
		p_ref_addr : 3
		p_ref_load : 4
		store_ln154 : 3
	State 2
		store_ln156 : 1
		store_ln157 : 1


============================================================
+ Verbose Summary: Datapath Resource usage 
============================================================

* Functional unit list:
|----------|-------------------|---------|---------|
| Operation|  Functional Unit  |    FF   |   LUT   |
|----------|-------------------|---------|---------|
|    add   |  add_ln154_fu_104 |    0    |    10   |
|----------|-------------------|---------|---------|
|   icmp   |  icmp_ln154_fu_98 |    0    |    8    |
|----------|-------------------|---------|---------|
|   zext   | zext_ln154_fu_110 |    0    |    0    |
|----------|-------------------|---------|---------|
|   Total  |                   |    0    |    18   |
|----------|-------------------|---------|---------|

Memories:
N/A

* Register list:
+------------------+--------+
|                  |   FF   |
+------------------+--------+
|p_ref_addr_reg_142|    2   |
|p_v_y_addr_reg_137|    2   |
|     u_reg_121    |    3   |
|zext_ln154_reg_131|   64   |
+------------------+--------+
|       Total      |   71   |
+------------------+--------+

* Multiplexer (MUX) list: 
|------------------|------|------|------|--------||---------||---------|
|       Comp       |  Pin | Size |  BW  | S x BW ||  Delay  ||   LUT   |
|------------------|------|------|------|--------||---------||---------|
| grp_access_fu_43 |  p0  |   2  |   2  |    4   ||    9    |
| grp_access_fu_56 |  p0  |   2  |   2  |    4   ||    9    |
|------------------|------|------|------|--------||---------||---------|
|       Total      |      |      |      |    8   ||  0.774  ||    18   |
|------------------|------|------|------|--------||---------||---------|



* Summary:
+-----------+--------+--------+--------+
|           |  Delay |   FF   |   LUT  |
+-----------+--------+--------+--------+
|  Function |    -   |    0   |   18   |
|   Memory  |    -   |    -   |    -   |
|Multiplexer|    0   |    -   |   18   |
|  Register |    -   |   71   |    -   |
+-----------+--------+--------+--------+
|   Total   |    0   |   71   |   36   |
+-----------+--------+--------+--------+
