

================================================================
== Vitis HLS Report for 'pu_kernel_2_Pipeline_init_au'
================================================================
* Date:           Mon Sep  1 19:26:50 2025

* Version:        2022.2 (Build 3670227 on Oct 13 2022)
* Project:        spmm_prj
* Solution:       sol1 (Vivado IP Flow Target)
* Product family: virtexuplus
* Target device:  xcu280-fsvh2892-2L-e


================================================================
== Performance Estimates
================================================================
+ Timing: 
    * Summary: 
    +--------+---------+----------+------------+
    |  Clock |  Target | Estimated| Uncertainty|
    +--------+---------+----------+------------+
    |ap_clk  |  4.00 ns|  1.924 ns|     1.08 ns|
    +--------+---------+----------+------------+

+ Latency: 
    * Summary: 
    +---------+---------+----------+----------+-------+-------+---------+
    |  Latency (cycles) |  Latency (absolute) |    Interval   | Pipeline|
    |   min   |   max   |    min   |    max   |  min  |  max  |   Type  |
    +---------+---------+----------+----------+-------+-------+---------+
    |    61280|    61280|  0.245 ms|  0.245 ms|  61280|  61280|       no|
    +---------+---------+----------+----------+-------+-------+---------+

    + Detail: 
        * Instance: 
        N/A

        * Loop: 
        +-----------+---------+---------+----------+-----------+-----------+-------+----------+
        |           |  Latency (cycles) | Iteration|  Initiation Interval  |  Trip |          |
        | Loop Name |   min   |   max   |  Latency |  achieved |   target  | Count | Pipelined|
        +-----------+---------+---------+----------+-----------+-----------+-------+----------+
        |- init_au  |    61278|    61278|         1|          1|          1|  61278|       yes|
        +-----------+---------+---------+----------+-----------+-----------+-------+----------+

============================================================
+ Verbose Summary: Synthesis Manager
============================================================
InlineROM: 1
ExposeGlobal: 0
============================================================
+ Verbose Summary: CDFG Model
============================================================
IsTopModel: 0
ResetActiveHigh: 1
IsCombinational: 0
IsDatapathOnly: 0
HasWiredReturn: 1
HasMFsm: 2
HasVarLatency: 1
IsPipeline: 0
IsRtlPipelined: 0
IsInstanceOverlapped: 0
IsDontTouch: 0
HasImplIP: 0
IsGatedGlobalClock: 0

+ Individual pipeline summary: 
  * Pipeline-0: initiation interval (II) = 1, depth = 1


============================================================
+ Verbose Summary: Schedule
============================================================
* Number of FSM states : 1
* Pipeline : 1
  Pipeline-0 : II = 1, D = 1, States = { 1 }
* Dataflow Pipeline: 0

* FSM state transitions: 
1 --> 

* FSM state operations: 

State 1 <SV = 0> <Delay = 1.92>
ST_1 : Operation 4 [1/1] (0.00ns)   --->   "%i = alloca i32 1"   --->   Operation 4 'alloca' 'i' <Predicate = true> <Delay = 0.00>
ST_1 : Operation 5 [1/1] (0.38ns)   --->   "%store_ln0 = store i16 0, i16 %i"   --->   Operation 5 'store' 'store_ln0' <Predicate = true> <Delay = 0.38>
ST_1 : Operation 6 [1/1] (0.00ns)   --->   "%br_ln0 = br void %for.inc17.i"   --->   Operation 6 'br' 'br_ln0' <Predicate = true> <Delay = 0.00>
ST_1 : Operation 7 [1/1] (0.00ns)   --->   "%i_7 = load i16 %i" [src/spmm_device_fpga.cpp:168->src/spmm_device_fpga.cpp:253]   --->   Operation 7 'load' 'i_7' <Predicate = true> <Delay = 0.00>
ST_1 : Operation 8 [1/1] (0.67ns)   --->   "%icmp_ln168 = icmp_eq  i16 %i_7, i16 61278" [src/spmm_device_fpga.cpp:168->src/spmm_device_fpga.cpp:253]   --->   Operation 8 'icmp' 'icmp_ln168' <Predicate = true> <Delay = 0.67> <CoreInst = "Cmp">   --->   Core 9 'Cmp' <Latency = 0> <II = 1> <Delay = 0.67> <FuncUnit> <Opcode : 'icmp'> <InPorts = 2> <OutPorts = 1>
ST_1 : Operation 9 [1/1] (0.00ns)   --->   "%empty = speclooptripcount i32 @_ssdm_op_SpecLoopTripCount, i64 61278, i64 61278, i64 61278"   --->   Operation 9 'speclooptripcount' 'empty' <Predicate = true> <Delay = 0.00>
ST_1 : Operation 10 [1/1] (0.78ns)   --->   "%add_ln168 = add i16 %i_7, i16 1" [src/spmm_device_fpga.cpp:168->src/spmm_device_fpga.cpp:253]   --->   Operation 10 'add' 'add_ln168' <Predicate = true> <Delay = 0.78> <CoreInst = "Adder">   --->   Core 1 'Adder' <Latency = 0> <II = 1> <Delay = 0.78> <FuncUnit> <Opcode : 'add' 'sub'> <InPorts = 2> <OutPorts = 1>
ST_1 : Operation 11 [1/1] (0.00ns)   --->   "%br_ln168 = br i1 %icmp_ln168, void %for.inc17.split.i, void %AU_step.i.preheader.exitStub" [src/spmm_device_fpga.cpp:168->src/spmm_device_fpga.cpp:253]   --->   Operation 11 'br' 'br_ln168' <Predicate = true> <Delay = 0.00>
ST_1 : Operation 12 [1/1] (0.00ns)   --->   "%zext_ln168 = zext i16 %i_7" [src/spmm_device_fpga.cpp:168->src/spmm_device_fpga.cpp:253]   --->   Operation 12 'zext' 'zext_ln168' <Predicate = (!icmp_ln168)> <Delay = 0.00>
ST_1 : Operation 13 [1/1] (0.00ns)   --->   "%specpipeline_ln169 = specpipeline void @_ssdm_op_SpecPipeline, i32 1, i32 0, i32 0, i32 0, void @empty_25" [src/spmm_device_fpga.cpp:169->src/spmm_device_fpga.cpp:253]   --->   Operation 13 'specpipeline' 'specpipeline_ln169' <Predicate = (!icmp_ln168)> <Delay = 0.00>
ST_1 : Operation 14 [1/1] (0.00ns)   --->   "%specloopname_ln168 = specloopname void @_ssdm_op_SpecLoopName, void @empty_31" [src/spmm_device_fpga.cpp:168->src/spmm_device_fpga.cpp:253]   --->   Operation 14 'specloopname' 'specloopname_ln168' <Predicate = (!icmp_ln168)> <Delay = 0.00>
ST_1 : Operation 15 [1/1] (0.00ns)   --->   "%AU0_addr = getelementptr i32 %AU0, i64 0, i64 %zext_ln168" [src/spmm_device_fpga.cpp:170->src/spmm_device_fpga.cpp:253]   --->   Operation 15 'getelementptr' 'AU0_addr' <Predicate = (!icmp_ln168)> <Delay = 0.00>
ST_1 : Operation 16 [1/1] (1.24ns)   --->   "%store_ln170 = store i32 0, i16 %AU0_addr" [src/spmm_device_fpga.cpp:170->src/spmm_device_fpga.cpp:253]   --->   Operation 16 'store' 'store_ln170' <Predicate = (!icmp_ln168)> <Delay = 1.24> <CoreInst = "RAM">   --->   Core 83 'RAM' <Latency = 1> <II = 1> <Delay = 1.24> <Storage> <Opcode : 'load' 'store'> <Ports = 2> <Width = 32> <Depth = 61278> <RAM>
ST_1 : Operation 17 [1/1] (0.38ns)   --->   "%store_ln168 = store i16 %add_ln168, i16 %i" [src/spmm_device_fpga.cpp:168->src/spmm_device_fpga.cpp:253]   --->   Operation 17 'store' 'store_ln168' <Predicate = (!icmp_ln168)> <Delay = 0.38>
ST_1 : Operation 18 [1/1] (0.00ns)   --->   "%br_ln168 = br void %for.inc17.i" [src/spmm_device_fpga.cpp:168->src/spmm_device_fpga.cpp:253]   --->   Operation 18 'br' 'br_ln168' <Predicate = (!icmp_ln168)> <Delay = 0.00>
ST_1 : Operation 19 [1/1] (0.00ns)   --->   "%ret_ln0 = ret"   --->   Operation 19 'ret' 'ret_ln0' <Predicate = (icmp_ln168)> <Delay = 0.00>


============================================================
+ Verbose Summary: Timing violations
============================================================
Target clock period: 4ns, clock uncertainty: 1.08ns.

 <State 1>: 1.92ns
The critical path consists of the following:
	'alloca' operation ('i') [2]  (0 ns)
	'load' operation ('i', src/spmm_device_fpga.cpp:168->src/spmm_device_fpga.cpp:253) on local variable 'i' [6]  (0 ns)
	'getelementptr' operation ('AU0_addr', src/spmm_device_fpga.cpp:170->src/spmm_device_fpga.cpp:253) [15]  (0 ns)
	'store' operation ('store_ln170', src/spmm_device_fpga.cpp:170->src/spmm_device_fpga.cpp:253) of constant 0 on array 'AU0' [16]  (1.25 ns)
	blocking operation 0.676 ns on control path)


============================================================
+ Verbose Summary: Binding
============================================================
N/A
* FSMD analyzer results:
  - Output states:
 - Input state : 
  - Chain level:
	State 1


============================================================
+ Verbose Summary: Datapath Resource usage 
============================================================
N/A
