

================================================================
== Vitis HLS Report for 'set_tile_broadcast_Pipeline_copy_tile_loop'
================================================================
* Date:           Wed Sep  3 20:05:48 2025

* Version:        2022.2 (Build 3670227 on Oct 13 2022)
* Project:        spmm_prj
* Solution:       sol1 (Vivado IP Flow Target)
* Product family: virtexuplus
* Target device:  xcu280-fsvh2892-2L-e


================================================================
== Performance Estimates
================================================================
+ Timing: 
    * Summary: 
    +--------+---------+----------+------------+
    |  Clock |  Target | Estimated| Uncertainty|
    +--------+---------+----------+------------+
    |ap_clk  |  4.00 ns|  2.920 ns|     1.08 ns|
    +--------+---------+----------+------------+

+ Latency: 
    * Summary: 
    +---------+---------+-----------+-----------+-----+-----+---------+
    |  Latency (cycles) |   Latency (absolute)  |  Interval | Pipeline|
    |   min   |   max   |    min    |    max    | min | max |   Type  |
    +---------+---------+-----------+-----------+-----+-----+---------+
    |       15|       15|  60.000 ns|  60.000 ns|   15|   15|       no|
    +---------+---------+-----------+-----------+-----+-----+---------+

    + Detail: 
        * Instance: 
        N/A

        * Loop: 
        +------------------+---------+---------+----------+-----------+-----------+------+----------+
        |                  |  Latency (cycles) | Iteration|  Initiation Interval  | Trip |          |
        |     Loop Name    |   min   |   max   |  Latency |  achieved |   target  | Count| Pipelined|
        +------------------+---------+---------+----------+-----------+-----------+------+----------+
        |- copy_tile_loop  |       13|       13|        10|          1|          1|     4|       yes|
        +------------------+---------+---------+----------+-----------+-----------+------+----------+

============================================================
+ Verbose Summary: Synthesis Manager
============================================================
InlineROM: 1
ExposeGlobal: 0
============================================================
+ Verbose Summary: CDFG Model
============================================================
IsTopModel: 0
ResetActiveHigh: 1
IsCombinational: 0
IsDatapathOnly: 0
HasWiredReturn: 1
HasMFsm: 2
HasVarLatency: 1
IsPipeline: 0
IsRtlPipelined: 0
IsInstanceOverlapped: 0
IsDontTouch: 0
HasImplIP: 0
IsGatedGlobalClock: 0

+ Individual pipeline summary: 
  * Pipeline-0: initiation interval (II) = 1, depth = 10


============================================================
+ Verbose Summary: Schedule
============================================================
* Number of FSM states : 10
* Pipeline : 1
  Pipeline-0 : II = 1, D = 10, States = { 1 2 3 4 5 6 7 8 9 10 }
* Dataflow Pipeline: 0

* FSM state transitions: 
1 --> 2 
2 --> 3 
3 --> 4 
4 --> 5 
5 --> 6 
6 --> 7 
7 --> 8 
8 --> 9 
9 --> 10 
10 --> 

* FSM state operations: 

State 1 <SV = 0> <Delay = 2.12>
ST_1 : Operation 13 [1/1] (0.00ns)   --->   "%pkt_ref_3_1 = alloca i32 1"   --->   Operation 13 'alloca' 'pkt_ref_3_1' <Predicate = true> <Delay = 0.00>
ST_1 : Operation 14 [1/1] (0.00ns)   --->   "%pkt_ref_3_2 = alloca i32 1"   --->   Operation 14 'alloca' 'pkt_ref_3_2' <Predicate = true> <Delay = 0.00>
ST_1 : Operation 15 [1/1] (0.00ns)   --->   "%pkt_ref_3_3 = alloca i32 1"   --->   Operation 15 'alloca' 'pkt_ref_3_3' <Predicate = true> <Delay = 0.00>
ST_1 : Operation 16 [1/1] (0.00ns)   --->   "%pkt_ref_3_4 = alloca i32 1"   --->   Operation 16 'alloca' 'pkt_ref_3_4' <Predicate = true> <Delay = 0.00>
ST_1 : Operation 17 [1/1] (0.00ns)   --->   "%i = alloca i32 1"   --->   Operation 17 'alloca' 'i' <Predicate = true> <Delay = 0.00>
ST_1 : Operation 18 [1/1] (0.00ns)   --->   "%pkt_v_value_3_1 = alloca i32 1"   --->   Operation 18 'alloca' 'pkt_v_value_3_1' <Predicate = true> <Delay = 0.00>
ST_1 : Operation 19 [1/1] (0.00ns)   --->   "%pkt_v_value_3_2 = alloca i32 1"   --->   Operation 19 'alloca' 'pkt_v_value_3_2' <Predicate = true> <Delay = 0.00>
ST_1 : Operation 20 [1/1] (0.00ns)   --->   "%pkt_v_value_3_3 = alloca i32 1"   --->   Operation 20 'alloca' 'pkt_v_value_3_3' <Predicate = true> <Delay = 0.00>
ST_1 : Operation 21 [1/1] (0.00ns)   --->   "%pkt_v_value_3_4 = alloca i32 1"   --->   Operation 21 'alloca' 'pkt_v_value_3_4' <Predicate = true> <Delay = 0.00>
ST_1 : Operation 22 [1/1] (0.00ns)   --->   "%pkt_v_y_3_1 = alloca i32 1"   --->   Operation 22 'alloca' 'pkt_v_y_3_1' <Predicate = true> <Delay = 0.00>
ST_1 : Operation 23 [1/1] (0.00ns)   --->   "%pkt_v_y_3_2 = alloca i32 1"   --->   Operation 23 'alloca' 'pkt_v_y_3_2' <Predicate = true> <Delay = 0.00>
ST_1 : Operation 24 [1/1] (0.00ns)   --->   "%pkt_v_y_3_3 = alloca i32 1"   --->   Operation 24 'alloca' 'pkt_v_y_3_3' <Predicate = true> <Delay = 0.00>
ST_1 : Operation 25 [1/1] (0.00ns)   --->   "%pkt_v_y_3_4 = alloca i32 1"   --->   Operation 25 'alloca' 'pkt_v_y_3_4' <Predicate = true> <Delay = 0.00>
ST_1 : Operation 26 [1/1] (0.00ns)   --->   "%used = alloca i32 1"   --->   Operation 26 'alloca' 'used' <Predicate = true> <Delay = 0.00>
ST_1 : Operation 27 [1/1] (0.00ns)   --->   "%seen_y = alloca i32 1"   --->   Operation 27 'alloca' 'seen_y' <Predicate = true> <Delay = 0.00>
ST_1 : Operation 28 [1/1] (0.00ns)   --->   "%seen_y_1 = alloca i32 1"   --->   Operation 28 'alloca' 'seen_y_1' <Predicate = true> <Delay = 0.00>
ST_1 : Operation 29 [1/1] (0.00ns)   --->   "%seen_y_2 = alloca i32 1"   --->   Operation 29 'alloca' 'seen_y_2' <Predicate = true> <Delay = 0.00>
ST_1 : Operation 30 [1/1] (0.00ns)   --->   "%seen_y_3 = alloca i32 1"   --->   Operation 30 'alloca' 'seen_y_3' <Predicate = true> <Delay = 0.00>
ST_1 : Operation 31 [1/1] (0.00ns)   --->   "%seen_v = alloca i32 1"   --->   Operation 31 'alloca' 'seen_v' <Predicate = true> <Delay = 0.00>
ST_1 : Operation 32 [1/1] (0.00ns)   --->   "%seen_v_4 = alloca i32 1"   --->   Operation 32 'alloca' 'seen_v_4' <Predicate = true> <Delay = 0.00>
ST_1 : Operation 33 [1/1] (0.00ns)   --->   "%seen_v_5 = alloca i32 1"   --->   Operation 33 'alloca' 'seen_v_5' <Predicate = true> <Delay = 0.00>
ST_1 : Operation 34 [1/1] (0.00ns)   --->   "%seen_v_6 = alloca i32 1"   --->   Operation 34 'alloca' 'seen_v_6' <Predicate = true> <Delay = 0.00>
ST_1 : Operation 35 [1/1] (0.00ns)   --->   "%tile_y = alloca i32 1"   --->   Operation 35 'alloca' 'tile_y' <Predicate = true> <Delay = 0.00>
ST_1 : Operation 36 [1/1] (0.00ns)   --->   "%tile_value = alloca i32 1"   --->   Operation 36 'alloca' 'tile_value' <Predicate = true> <Delay = 0.00>
ST_1 : Operation 37 [1/1] (0.00ns)   --->   "%specinterface_ln0 = specinterface void @_ssdm_op_SpecInterface, i32 %gmem1, void @empty_37, i32 0, i32 0, void @empty_15, i32 0, i32 0, void @empty_14, void @empty_26, void @empty_15, i32 16, i32 16, i32 16, i32 16, void @empty_15, void @empty_15, i32 4294967295, i32 0"   --->   Operation 37 'specinterface' 'specinterface_ln0' <Predicate = true> <Delay = 0.00>
ST_1 : Operation 38 [1/1] (0.00ns)   --->   "%specinterface_ln0 = specinterface void @_ssdm_op_SpecInterface, i32 %gmem2, void @empty_37, i32 0, i32 0, void @empty_15, i32 0, i32 0, void @empty, void @empty_26, void @empty_15, i32 16, i32 16, i32 16, i32 16, void @empty_15, void @empty_15, i32 4294967295, i32 0"   --->   Operation 38 'specinterface' 'specinterface_ln0' <Predicate = true> <Delay = 0.00>
ST_1 : Operation 39 [1/1] (0.00ns)   --->   "%col_idx_read = read i64 @_ssdm_op_Read.ap_auto.i64, i64 %col_idx"   --->   Operation 39 'read' 'col_idx_read' <Predicate = true> <Delay = 0.00>
ST_1 : Operation 40 [1/1] (0.00ns)   --->   "%a_val_read = read i64 @_ssdm_op_Read.ap_auto.i64, i64 %a_val"   --->   Operation 40 'read' 'a_val_read' <Predicate = true> <Delay = 0.00>
ST_1 : Operation 41 [1/1] (0.00ns)   --->   "%nnz_read = read i32 @_ssdm_op_Read.ap_auto.i32, i32 %nnz"   --->   Operation 41 'read' 'nnz_read' <Predicate = true> <Delay = 0.00>
ST_1 : Operation 42 [1/1] (0.00ns)   --->   "%pointer_read = read i32 @_ssdm_op_Read.ap_auto.i32, i32 %pointer"   --->   Operation 42 'read' 'pointer_read' <Predicate = true> <Delay = 0.00>
ST_1 : Operation 43 [1/1] (0.00ns)   --->   "%seen_v_reload_read = read i1 @_ssdm_op_Read.ap_auto.i1, i1 %seen_v_reload"   --->   Operation 43 'read' 'seen_v_reload_read' <Predicate = true> <Delay = 0.00>
ST_1 : Operation 44 [1/1] (0.00ns)   --->   "%seen_v_1_reload_read = read i1 @_ssdm_op_Read.ap_auto.i1, i1 %seen_v_1_reload"   --->   Operation 44 'read' 'seen_v_1_reload_read' <Predicate = true> <Delay = 0.00>
ST_1 : Operation 45 [1/1] (0.00ns)   --->   "%seen_v_2_reload_read = read i1 @_ssdm_op_Read.ap_auto.i1, i1 %seen_v_2_reload"   --->   Operation 45 'read' 'seen_v_2_reload_read' <Predicate = true> <Delay = 0.00>
ST_1 : Operation 46 [1/1] (0.00ns)   --->   "%seen_v_3_reload_read = read i1 @_ssdm_op_Read.ap_auto.i1, i1 %seen_v_3_reload"   --->   Operation 46 'read' 'seen_v_3_reload_read' <Predicate = true> <Delay = 0.00>
ST_1 : Operation 47 [1/1] (0.38ns)   --->   "%store_ln0 = store i1 %seen_v_3_reload_read, i1 %seen_v_6"   --->   Operation 47 'store' 'store_ln0' <Predicate = true> <Delay = 0.38>
ST_1 : Operation 48 [1/1] (0.38ns)   --->   "%store_ln0 = store i1 %seen_v_2_reload_read, i1 %seen_v_5"   --->   Operation 48 'store' 'store_ln0' <Predicate = true> <Delay = 0.38>
ST_1 : Operation 49 [1/1] (0.38ns)   --->   "%store_ln0 = store i1 %seen_v_1_reload_read, i1 %seen_v_4"   --->   Operation 49 'store' 'store_ln0' <Predicate = true> <Delay = 0.38>
ST_1 : Operation 50 [1/1] (0.38ns)   --->   "%store_ln0 = store i1 %seen_v_reload_read, i1 %seen_v"   --->   Operation 50 'store' 'store_ln0' <Predicate = true> <Delay = 0.38>
ST_1 : Operation 51 [1/1] (0.38ns)   --->   "%store_ln0 = store i32 0, i32 %used"   --->   Operation 51 'store' 'store_ln0' <Predicate = true> <Delay = 0.38>
ST_1 : Operation 52 [1/1] (0.38ns)   --->   "%store_ln0 = store i3 0, i3 %i"   --->   Operation 52 'store' 'store_ln0' <Predicate = true> <Delay = 0.38>
ST_1 : Operation 53 [1/1] (0.00ns)   --->   "%br_ln0 = br void %for.body4"   --->   Operation 53 'br' 'br_ln0' <Predicate = true> <Delay = 0.00>
ST_1 : Operation 54 [1/1] (0.00ns)   --->   "%i_4 = load i3 %i" [src/spmm_device_fpga.cpp:59]   --->   Operation 54 'load' 'i_4' <Predicate = true> <Delay = 0.00>
ST_1 : Operation 55 [1/1] (0.49ns)   --->   "%icmp_ln57 = icmp_eq  i3 %i_4, i3 4" [src/spmm_device_fpga.cpp:57]   --->   Operation 55 'icmp' 'icmp_ln57' <Predicate = true> <Delay = 0.49> <CoreInst = "Cmp">   --->   Core 9 'Cmp' <Latency = 0> <II = 1> <Delay = 0.49> <FuncUnit> <Opcode : 'icmp'> <InPorts = 2> <OutPorts = 1>
ST_1 : Operation 56 [1/1] (0.57ns)   --->   "%add_ln57 = add i3 %i_4, i3 1" [src/spmm_device_fpga.cpp:57]   --->   Operation 56 'add' 'add_ln57' <Predicate = true> <Delay = 0.57> <CoreInst = "Adder">   --->   Core 1 'Adder' <Latency = 0> <II = 1> <Delay = 0.57> <FuncUnit> <Opcode : 'add' 'sub'> <InPorts = 2> <OutPorts = 1>
ST_1 : Operation 57 [1/1] (0.00ns)   --->   "%br_ln57 = br i1 %icmp_ln57, void %for.body4.split, void %VITIS_LOOP_94_1.exitStub" [src/spmm_device_fpga.cpp:57]   --->   Operation 57 'br' 'br_ln57' <Predicate = true> <Delay = 0.00>
ST_1 : Operation 58 [1/1] (0.00ns)   --->   "%specpipeline_ln58 = specpipeline void @_ssdm_op_SpecPipeline, i32 1, i32 0, i32 0, i32 0, void @empty_15" [src/spmm_device_fpga.cpp:58]   --->   Operation 58 'specpipeline' 'specpipeline_ln58' <Predicate = (!icmp_ln57)> <Delay = 0.00>
ST_1 : Operation 59 [1/1] (0.00ns)   --->   "%specloopname_ln38 = specloopname void @_ssdm_op_SpecLoopName, void @empty_25" [src/spmm_device_fpga.cpp:38]   --->   Operation 59 'specloopname' 'specloopname_ln38' <Predicate = (!icmp_ln57)> <Delay = 0.00>
ST_1 : Operation 60 [1/1] (0.00ns)   --->   "%trunc_ln59 = trunc i3 %i_4" [src/spmm_device_fpga.cpp:59]   --->   Operation 60 'trunc' 'trunc_ln59' <Predicate = (!icmp_ln57)> <Delay = 0.00>
ST_1 : Operation 61 [1/1] (0.00ns)   --->   "%zext_ln59 = zext i2 %trunc_ln59" [src/spmm_device_fpga.cpp:59]   --->   Operation 61 'zext' 'zext_ln59' <Predicate = (!icmp_ln57)> <Delay = 0.00>
ST_1 : Operation 62 [1/1] (0.88ns)   --->   "%idx = add i32 %zext_ln59, i32 %pointer_read" [src/spmm_device_fpga.cpp:59]   --->   Operation 62 'add' 'idx' <Predicate = (!icmp_ln57)> <Delay = 0.88> <CoreInst = "Adder">   --->   Core 1 'Adder' <Latency = 0> <II = 1> <Delay = 0.88> <FuncUnit> <Opcode : 'add' 'sub'> <InPorts = 2> <OutPorts = 1>
ST_1 : Operation 63 [1/1] (0.85ns)   --->   "%icmp_ln60 = icmp_ult  i32 %idx, i32 %nnz_read" [src/spmm_device_fpga.cpp:60]   --->   Operation 63 'icmp' 'icmp_ln60' <Predicate = (!icmp_ln57)> <Delay = 0.85> <CoreInst = "Cmp">   --->   Core 9 'Cmp' <Latency = 0> <II = 1> <Delay = 0.85> <FuncUnit> <Opcode : 'icmp'> <InPorts = 2> <OutPorts = 1>
ST_1 : Operation 64 [1/1] (0.38ns)   --->   "%br_ln60 = br i1 %icmp_ln60, void %for.inc38_ifconv, void %for.body14" [src/spmm_device_fpga.cpp:60]   --->   Operation 64 'br' 'br_ln60' <Predicate = (!icmp_ln57)> <Delay = 0.38>
ST_1 : Operation 65 [1/1] (0.00ns)   --->   "%shl_ln = bitconcatenate i34 @_ssdm_op_BitConcatenate.i34.i32.i2, i32 %idx, i2 0" [src/spmm_device_fpga.cpp:62]   --->   Operation 65 'bitconcatenate' 'shl_ln' <Predicate = (!icmp_ln57 & icmp_ln60)> <Delay = 0.00>
ST_1 : Operation 66 [1/1] (0.00ns)   --->   "%zext_ln62 = zext i34 %shl_ln" [src/spmm_device_fpga.cpp:62]   --->   Operation 66 'zext' 'zext_ln62' <Predicate = (!icmp_ln57 & icmp_ln60)> <Delay = 0.00>
ST_1 : Operation 67 [1/1] (1.14ns)   --->   "%add_ln62 = add i64 %zext_ln62, i64 %a_val_read" [src/spmm_device_fpga.cpp:62]   --->   Operation 67 'add' 'add_ln62' <Predicate = (!icmp_ln57 & icmp_ln60)> <Delay = 1.14> <CoreInst = "Adder">   --->   Core 1 'Adder' <Latency = 0> <II = 1> <Delay = 1.14> <FuncUnit> <Opcode : 'add' 'sub'> <InPorts = 2> <OutPorts = 1>
ST_1 : Operation 68 [1/1] (0.00ns)   --->   "%trunc_ln2 = partselect i62 @_ssdm_op_PartSelect.i62.i64.i32.i32, i64 %add_ln62, i32 2, i32 63" [src/spmm_device_fpga.cpp:62]   --->   Operation 68 'partselect' 'trunc_ln2' <Predicate = (!icmp_ln57 & icmp_ln60)> <Delay = 0.00>
ST_1 : Operation 69 [1/1] (0.00ns)   --->   "%sext_ln62 = sext i62 %trunc_ln2" [src/spmm_device_fpga.cpp:62]   --->   Operation 69 'sext' 'sext_ln62' <Predicate = (!icmp_ln57 & icmp_ln60)> <Delay = 0.00>
ST_1 : Operation 70 [1/1] (0.00ns)   --->   "%gmem2_addr = getelementptr i32 %gmem2, i64 %sext_ln62" [src/spmm_device_fpga.cpp:62]   --->   Operation 70 'getelementptr' 'gmem2_addr' <Predicate = (!icmp_ln57 & icmp_ln60)> <Delay = 0.00>
ST_1 : Operation 71 [1/1] (1.14ns)   --->   "%add_ln63 = add i64 %zext_ln62, i64 %col_idx_read" [src/spmm_device_fpga.cpp:63]   --->   Operation 71 'add' 'add_ln63' <Predicate = (!icmp_ln57 & icmp_ln60)> <Delay = 1.14> <CoreInst = "Adder">   --->   Core 1 'Adder' <Latency = 0> <II = 1> <Delay = 1.14> <FuncUnit> <Opcode : 'add' 'sub'> <InPorts = 2> <OutPorts = 1>
ST_1 : Operation 72 [1/1] (0.00ns)   --->   "%trunc_ln3 = partselect i62 @_ssdm_op_PartSelect.i62.i64.i32.i32, i64 %add_ln63, i32 2, i32 63" [src/spmm_device_fpga.cpp:63]   --->   Operation 72 'partselect' 'trunc_ln3' <Predicate = (!icmp_ln57 & icmp_ln60)> <Delay = 0.00>
ST_1 : Operation 73 [1/1] (0.00ns)   --->   "%sext_ln63 = sext i62 %trunc_ln3" [src/spmm_device_fpga.cpp:63]   --->   Operation 73 'sext' 'sext_ln63' <Predicate = (!icmp_ln57 & icmp_ln60)> <Delay = 0.00>
ST_1 : Operation 74 [1/1] (0.00ns)   --->   "%gmem1_addr = getelementptr i32 %gmem1, i64 %sext_ln63" [src/spmm_device_fpga.cpp:63]   --->   Operation 74 'getelementptr' 'gmem1_addr' <Predicate = (!icmp_ln57 & icmp_ln60)> <Delay = 0.00>
ST_1 : Operation 75 [1/1] (0.38ns)   --->   "%store_ln57 = store i3 %add_ln57, i3 %i" [src/spmm_device_fpga.cpp:57]   --->   Operation 75 'store' 'store_ln57' <Predicate = (!icmp_ln57)> <Delay = 0.38>

State 2 <SV = 1> <Delay = 2.92>
ST_2 : Operation 76 [7/7] (2.92ns)   --->   "%gmem2_load_req = readreq i1 @_ssdm_op_ReadReq.m_axi.i32P1A, i32 %gmem2_addr, i32 1" [src/spmm_device_fpga.cpp:62]   --->   Operation 76 'readreq' 'gmem2_load_req' <Predicate = (!icmp_ln57 & icmp_ln60)> <Delay = 2.92> <CoreInst = "m_axi">   --->   Core 121 'm_axi' <Latency = 0> <II = 1> <Delay = 1.00> <Adapter> <Opcode : 'read' 'write' 'readreq' 'writereq' 'writeresp'>
ST_2 : Operation 77 [7/7] (2.92ns)   --->   "%y_req = readreq i1 @_ssdm_op_ReadReq.m_axi.i32P1A, i32 %gmem1_addr, i32 1" [src/spmm_device_fpga.cpp:63]   --->   Operation 77 'readreq' 'y_req' <Predicate = (!icmp_ln57 & icmp_ln60)> <Delay = 2.92> <CoreInst = "m_axi">   --->   Core 121 'm_axi' <Latency = 0> <II = 1> <Delay = 1.00> <Adapter> <Opcode : 'read' 'write' 'readreq' 'writereq' 'writeresp'>

State 3 <SV = 2> <Delay = 2.92>
ST_3 : Operation 78 [6/7] (2.92ns)   --->   "%gmem2_load_req = readreq i1 @_ssdm_op_ReadReq.m_axi.i32P1A, i32 %gmem2_addr, i32 1" [src/spmm_device_fpga.cpp:62]   --->   Operation 78 'readreq' 'gmem2_load_req' <Predicate = (!icmp_ln57 & icmp_ln60)> <Delay = 2.92> <CoreInst = "m_axi">   --->   Core 121 'm_axi' <Latency = 0> <II = 1> <Delay = 1.00> <Adapter> <Opcode : 'read' 'write' 'readreq' 'writereq' 'writeresp'>
ST_3 : Operation 79 [6/7] (2.92ns)   --->   "%y_req = readreq i1 @_ssdm_op_ReadReq.m_axi.i32P1A, i32 %gmem1_addr, i32 1" [src/spmm_device_fpga.cpp:63]   --->   Operation 79 'readreq' 'y_req' <Predicate = (!icmp_ln57 & icmp_ln60)> <Delay = 2.92> <CoreInst = "m_axi">   --->   Core 121 'm_axi' <Latency = 0> <II = 1> <Delay = 1.00> <Adapter> <Opcode : 'read' 'write' 'readreq' 'writereq' 'writeresp'>

State 4 <SV = 3> <Delay = 2.92>
ST_4 : Operation 80 [5/7] (2.92ns)   --->   "%gmem2_load_req = readreq i1 @_ssdm_op_ReadReq.m_axi.i32P1A, i32 %gmem2_addr, i32 1" [src/spmm_device_fpga.cpp:62]   --->   Operation 80 'readreq' 'gmem2_load_req' <Predicate = (!icmp_ln57 & icmp_ln60)> <Delay = 2.92> <CoreInst = "m_axi">   --->   Core 121 'm_axi' <Latency = 0> <II = 1> <Delay = 1.00> <Adapter> <Opcode : 'read' 'write' 'readreq' 'writereq' 'writeresp'>
ST_4 : Operation 81 [5/7] (2.92ns)   --->   "%y_req = readreq i1 @_ssdm_op_ReadReq.m_axi.i32P1A, i32 %gmem1_addr, i32 1" [src/spmm_device_fpga.cpp:63]   --->   Operation 81 'readreq' 'y_req' <Predicate = (!icmp_ln57 & icmp_ln60)> <Delay = 2.92> <CoreInst = "m_axi">   --->   Core 121 'm_axi' <Latency = 0> <II = 1> <Delay = 1.00> <Adapter> <Opcode : 'read' 'write' 'readreq' 'writereq' 'writeresp'>

State 5 <SV = 4> <Delay = 2.92>
ST_5 : Operation 82 [4/7] (2.92ns)   --->   "%gmem2_load_req = readreq i1 @_ssdm_op_ReadReq.m_axi.i32P1A, i32 %gmem2_addr, i32 1" [src/spmm_device_fpga.cpp:62]   --->   Operation 82 'readreq' 'gmem2_load_req' <Predicate = (!icmp_ln57 & icmp_ln60)> <Delay = 2.92> <CoreInst = "m_axi">   --->   Core 121 'm_axi' <Latency = 0> <II = 1> <Delay = 1.00> <Adapter> <Opcode : 'read' 'write' 'readreq' 'writereq' 'writeresp'>
ST_5 : Operation 83 [4/7] (2.92ns)   --->   "%y_req = readreq i1 @_ssdm_op_ReadReq.m_axi.i32P1A, i32 %gmem1_addr, i32 1" [src/spmm_device_fpga.cpp:63]   --->   Operation 83 'readreq' 'y_req' <Predicate = (!icmp_ln57 & icmp_ln60)> <Delay = 2.92> <CoreInst = "m_axi">   --->   Core 121 'm_axi' <Latency = 0> <II = 1> <Delay = 1.00> <Adapter> <Opcode : 'read' 'write' 'readreq' 'writereq' 'writeresp'>

State 6 <SV = 5> <Delay = 2.92>
ST_6 : Operation 84 [3/7] (2.92ns)   --->   "%gmem2_load_req = readreq i1 @_ssdm_op_ReadReq.m_axi.i32P1A, i32 %gmem2_addr, i32 1" [src/spmm_device_fpga.cpp:62]   --->   Operation 84 'readreq' 'gmem2_load_req' <Predicate = (!icmp_ln57 & icmp_ln60)> <Delay = 2.92> <CoreInst = "m_axi">   --->   Core 121 'm_axi' <Latency = 0> <II = 1> <Delay = 1.00> <Adapter> <Opcode : 'read' 'write' 'readreq' 'writereq' 'writeresp'>
ST_6 : Operation 85 [3/7] (2.92ns)   --->   "%y_req = readreq i1 @_ssdm_op_ReadReq.m_axi.i32P1A, i32 %gmem1_addr, i32 1" [src/spmm_device_fpga.cpp:63]   --->   Operation 85 'readreq' 'y_req' <Predicate = (!icmp_ln57 & icmp_ln60)> <Delay = 2.92> <CoreInst = "m_axi">   --->   Core 121 'm_axi' <Latency = 0> <II = 1> <Delay = 1.00> <Adapter> <Opcode : 'read' 'write' 'readreq' 'writereq' 'writeresp'>

State 7 <SV = 6> <Delay = 2.92>
ST_7 : Operation 86 [2/7] (2.92ns)   --->   "%gmem2_load_req = readreq i1 @_ssdm_op_ReadReq.m_axi.i32P1A, i32 %gmem2_addr, i32 1" [src/spmm_device_fpga.cpp:62]   --->   Operation 86 'readreq' 'gmem2_load_req' <Predicate = (!icmp_ln57 & icmp_ln60)> <Delay = 2.92> <CoreInst = "m_axi">   --->   Core 121 'm_axi' <Latency = 0> <II = 1> <Delay = 1.00> <Adapter> <Opcode : 'read' 'write' 'readreq' 'writereq' 'writeresp'>
ST_7 : Operation 87 [2/7] (2.92ns)   --->   "%y_req = readreq i1 @_ssdm_op_ReadReq.m_axi.i32P1A, i32 %gmem1_addr, i32 1" [src/spmm_device_fpga.cpp:63]   --->   Operation 87 'readreq' 'y_req' <Predicate = (!icmp_ln57 & icmp_ln60)> <Delay = 2.92> <CoreInst = "m_axi">   --->   Core 121 'm_axi' <Latency = 0> <II = 1> <Delay = 1.00> <Adapter> <Opcode : 'read' 'write' 'readreq' 'writereq' 'writeresp'>

State 8 <SV = 7> <Delay = 2.92>
ST_8 : Operation 88 [1/7] (2.92ns)   --->   "%gmem2_load_req = readreq i1 @_ssdm_op_ReadReq.m_axi.i32P1A, i32 %gmem2_addr, i32 1" [src/spmm_device_fpga.cpp:62]   --->   Operation 88 'readreq' 'gmem2_load_req' <Predicate = (!icmp_ln57 & icmp_ln60)> <Delay = 2.92> <CoreInst = "m_axi">   --->   Core 121 'm_axi' <Latency = 0> <II = 1> <Delay = 1.00> <Adapter> <Opcode : 'read' 'write' 'readreq' 'writereq' 'writeresp'>
ST_8 : Operation 89 [1/7] (2.92ns)   --->   "%y_req = readreq i1 @_ssdm_op_ReadReq.m_axi.i32P1A, i32 %gmem1_addr, i32 1" [src/spmm_device_fpga.cpp:63]   --->   Operation 89 'readreq' 'y_req' <Predicate = (!icmp_ln57 & icmp_ln60)> <Delay = 2.92> <CoreInst = "m_axi">   --->   Core 121 'm_axi' <Latency = 0> <II = 1> <Delay = 1.00> <Adapter> <Opcode : 'read' 'write' 'readreq' 'writereq' 'writeresp'>

State 9 <SV = 8> <Delay = 2.92>
ST_9 : Operation 90 [1/1] (2.92ns)   --->   "%gmem2_addr_read = read i32 @_ssdm_op_Read.m_axi.i32P1A, i32 %gmem2_addr" [src/spmm_device_fpga.cpp:62]   --->   Operation 90 'read' 'gmem2_addr_read' <Predicate = (!icmp_ln57 & icmp_ln60)> <Delay = 2.92> <CoreInst = "m_axi">   --->   Core 121 'm_axi' <Latency = 0> <II = 1> <Delay = 1.00> <Adapter> <Opcode : 'read' 'write' 'readreq' 'writereq' 'writeresp'>
ST_9 : Operation 91 [1/1] (0.00ns)   --->   "%v = bitcast i32 %gmem2_addr_read" [src/spmm_device_fpga.cpp:62]   --->   Operation 91 'bitcast' 'v' <Predicate = (!icmp_ln57 & icmp_ln60)> <Delay = 0.00>
ST_9 : Operation 92 [1/1] (2.92ns)   --->   "%y = read i32 @_ssdm_op_Read.m_axi.i32P1A, i32 %gmem1_addr" [src/spmm_device_fpga.cpp:63]   --->   Operation 92 'read' 'y' <Predicate = (!icmp_ln57 & icmp_ln60)> <Delay = 2.92> <CoreInst = "m_axi">   --->   Core 121 'm_axi' <Latency = 0> <II = 1> <Delay = 1.00> <Adapter> <Opcode : 'read' 'write' 'readreq' 'writereq' 'writeresp'>
ST_9 : Operation 93 [1/1] (0.00ns)   --->   "%store_ln81 = store i32 %v, i32 %tile_value" [src/spmm_device_fpga.cpp:81]   --->   Operation 93 'store' 'store_ln81' <Predicate = (!icmp_ln57 & icmp_ln60)> <Delay = 0.00>
ST_9 : Operation 94 [1/1] (0.00ns)   --->   "%store_ln81 = store i32 %y, i32 %tile_y" [src/spmm_device_fpga.cpp:81]   --->   Operation 94 'store' 'store_ln81' <Predicate = (!icmp_ln57 & icmp_ln60)> <Delay = 0.00>

State 10 <SV = 9> <Delay = 1.89>
ST_10 : Operation 95 [1/1] (0.00ns)   --->   "%used_2 = load i32 %used" [src/spmm_device_fpga.cpp:82]   --->   Operation 95 'load' 'used_2' <Predicate = true> <Delay = 0.00>
ST_10 : Operation 96 [1/1] (0.00ns)   --->   "%seen_y_4 = load i32 %seen_y"   --->   Operation 96 'load' 'seen_y_4' <Predicate = true> <Delay = 0.00>
ST_10 : Operation 97 [1/1] (0.00ns)   --->   "%seen_y_5 = load i32 %seen_y_1"   --->   Operation 97 'load' 'seen_y_5' <Predicate = true> <Delay = 0.00>
ST_10 : Operation 98 [1/1] (0.00ns)   --->   "%seen_y_6 = load i32 %seen_y_2"   --->   Operation 98 'load' 'seen_y_6' <Predicate = true> <Delay = 0.00>
ST_10 : Operation 99 [1/1] (0.00ns)   --->   "%seen_y_7 = load i32 %seen_y_3"   --->   Operation 99 'load' 'seen_y_7' <Predicate = true> <Delay = 0.00>
ST_10 : Operation 100 [1/1] (0.00ns)   --->   "%seen_v_7 = load i1 %seen_v"   --->   Operation 100 'load' 'seen_v_7' <Predicate = true> <Delay = 0.00>
ST_10 : Operation 101 [1/1] (0.00ns)   --->   "%seen_v_8 = load i1 %seen_v_4"   --->   Operation 101 'load' 'seen_v_8' <Predicate = true> <Delay = 0.00>
ST_10 : Operation 102 [1/1] (0.00ns)   --->   "%seen_v_9 = load i1 %seen_v_5"   --->   Operation 102 'load' 'seen_v_9' <Predicate = true> <Delay = 0.00>
ST_10 : Operation 103 [1/1] (0.00ns)   --->   "%seen_v_10 = load i1 %seen_v_6"   --->   Operation 103 'load' 'seen_v_10' <Predicate = true> <Delay = 0.00>
ST_10 : Operation 104 [1/1] (0.00ns)   --->   "%empty = speclooptripcount i32 @_ssdm_op_SpecLoopTripCount, i64 4, i64 4, i64 4"   --->   Operation 104 'speclooptripcount' 'empty' <Predicate = true> <Delay = 0.00>
ST_10 : Operation 105 [1/1] (0.85ns)   --->   "%icmp_ln71 = icmp_eq  i32 %seen_y_4, i32 %y" [src/spmm_device_fpga.cpp:71]   --->   Operation 105 'icmp' 'icmp_ln71' <Predicate = (!icmp_ln57 & icmp_ln60)> <Delay = 0.85> <CoreInst = "Cmp">   --->   Core 9 'Cmp' <Latency = 0> <II = 1> <Delay = 0.85> <FuncUnit> <Opcode : 'icmp'> <InPorts = 2> <OutPorts = 1>
ST_10 : Operation 106 [1/1] (0.00ns) (grouped into LUT with out node dup_1)   --->   "%dup = and i1 %seen_v_7, i1 %icmp_ln71" [src/spmm_device_fpga.cpp:71]   --->   Operation 106 'and' 'dup' <Predicate = (!icmp_ln57 & icmp_ln60)> <Delay = 0.00> <CoreInst = "LogicGate">   --->   Core 74 'LogicGate' <Latency = 0> <II = 1> <Delay = 0.12> <FuncUnit> <Opcode : 'and' 'or' 'xor'> <InPorts = 2> <OutPorts = 1>
ST_10 : Operation 107 [1/1] (0.85ns)   --->   "%icmp_ln71_1 = icmp_eq  i32 %seen_y_5, i32 %y" [src/spmm_device_fpga.cpp:71]   --->   Operation 107 'icmp' 'icmp_ln71_1' <Predicate = (!icmp_ln57 & icmp_ln60)> <Delay = 0.85> <CoreInst = "Cmp">   --->   Core 9 'Cmp' <Latency = 0> <II = 1> <Delay = 0.85> <FuncUnit> <Opcode : 'icmp'> <InPorts = 2> <OutPorts = 1>
ST_10 : Operation 108 [1/1] (0.00ns) (grouped into LUT with out node or_ln71_1)   --->   "%and_ln71 = and i1 %seen_v_8, i1 %icmp_ln71_1" [src/spmm_device_fpga.cpp:71]   --->   Operation 108 'and' 'and_ln71' <Predicate = (!icmp_ln57 & icmp_ln60)> <Delay = 0.00> <CoreInst = "LogicGate">   --->   Core 74 'LogicGate' <Latency = 0> <II = 1> <Delay = 0.12> <FuncUnit> <Opcode : 'and' 'or' 'xor'> <InPorts = 2> <OutPorts = 1>
ST_10 : Operation 109 [1/1] (0.85ns)   --->   "%icmp_ln71_2 = icmp_eq  i32 %seen_y_6, i32 %y" [src/spmm_device_fpga.cpp:71]   --->   Operation 109 'icmp' 'icmp_ln71_2' <Predicate = (!icmp_ln57 & icmp_ln60)> <Delay = 0.85> <CoreInst = "Cmp">   --->   Core 9 'Cmp' <Latency = 0> <II = 1> <Delay = 0.85> <FuncUnit> <Opcode : 'icmp'> <InPorts = 2> <OutPorts = 1>
ST_10 : Operation 110 [1/1] (0.00ns) (grouped into LUT with out node or_ln71_1)   --->   "%and_ln71_1 = and i1 %seen_v_9, i1 %icmp_ln71_2" [src/spmm_device_fpga.cpp:71]   --->   Operation 110 'and' 'and_ln71_1' <Predicate = (!icmp_ln57 & icmp_ln60)> <Delay = 0.00> <CoreInst = "LogicGate">   --->   Core 74 'LogicGate' <Latency = 0> <II = 1> <Delay = 0.12> <FuncUnit> <Opcode : 'and' 'or' 'xor'> <InPorts = 2> <OutPorts = 1>
ST_10 : Operation 111 [1/1] (0.85ns)   --->   "%icmp_ln71_3 = icmp_eq  i32 %seen_y_7, i32 %y" [src/spmm_device_fpga.cpp:71]   --->   Operation 111 'icmp' 'icmp_ln71_3' <Predicate = (!icmp_ln57 & icmp_ln60)> <Delay = 0.85> <CoreInst = "Cmp">   --->   Core 9 'Cmp' <Latency = 0> <II = 1> <Delay = 0.85> <FuncUnit> <Opcode : 'icmp'> <InPorts = 2> <OutPorts = 1>
ST_10 : Operation 112 [1/1] (0.00ns) (grouped into LUT with out node or_ln71_1)   --->   "%and_ln71_2 = and i1 %seen_v_10, i1 %icmp_ln71_3" [src/spmm_device_fpga.cpp:71]   --->   Operation 112 'and' 'and_ln71_2' <Predicate = (!icmp_ln57 & icmp_ln60)> <Delay = 0.00> <CoreInst = "LogicGate">   --->   Core 74 'LogicGate' <Latency = 0> <II = 1> <Delay = 0.12> <FuncUnit> <Opcode : 'and' 'or' 'xor'> <InPorts = 2> <OutPorts = 1>
ST_10 : Operation 113 [1/1] (0.00ns) (grouped into LUT with out node or_ln71_1)   --->   "%or_ln71 = or i1 %and_ln71_2, i1 %and_ln71_1" [src/spmm_device_fpga.cpp:71]   --->   Operation 113 'or' 'or_ln71' <Predicate = (!icmp_ln57 & icmp_ln60)> <Delay = 0.00> <CoreInst = "LogicGate">   --->   Core 74 'LogicGate' <Latency = 0> <II = 1> <Delay = 0.12> <FuncUnit> <Opcode : 'and' 'or' 'xor'> <InPorts = 2> <OutPorts = 1>
ST_10 : Operation 114 [1/1] (0.12ns) (out node of the LUT)   --->   "%or_ln71_1 = or i1 %or_ln71, i1 %and_ln71" [src/spmm_device_fpga.cpp:71]   --->   Operation 114 'or' 'or_ln71_1' <Predicate = (!icmp_ln57 & icmp_ln60)> <Delay = 0.12> <CoreInst = "LogicGate">   --->   Core 74 'LogicGate' <Latency = 0> <II = 1> <Delay = 0.12> <FuncUnit> <Opcode : 'and' 'or' 'xor'> <InPorts = 2> <OutPorts = 1>
ST_10 : Operation 115 [1/1] (0.12ns) (out node of the LUT)   --->   "%dup_1 = or i1 %or_ln71_1, i1 %dup" [src/spmm_device_fpga.cpp:71]   --->   Operation 115 'or' 'dup_1' <Predicate = (!icmp_ln57 & icmp_ln60)> <Delay = 0.12> <CoreInst = "LogicGate">   --->   Core 74 'LogicGate' <Latency = 0> <II = 1> <Delay = 0.12> <FuncUnit> <Opcode : 'and' 'or' 'xor'> <InPorts = 2> <OutPorts = 1>
ST_10 : Operation 116 [1/1] (0.00ns) (grouped into LUT with out node and_ln81)   --->   "%xor_ln81 = xor i1 %dup_1, i1 1" [src/spmm_device_fpga.cpp:81]   --->   Operation 116 'xor' 'xor_ln81' <Predicate = (!icmp_ln57 & icmp_ln60)> <Delay = 0.00> <CoreInst = "LogicGate">   --->   Core 74 'LogicGate' <Latency = 0> <II = 1> <Delay = 0.12> <FuncUnit> <Opcode : 'and' 'or' 'xor'> <InPorts = 2> <OutPorts = 1>
ST_10 : Operation 117 [1/1] (0.00ns)   --->   "%tmp = partselect i30 @_ssdm_op_PartSelect.i30.i32.i32.i32, i32 %used_2, i32 2, i32 31" [src/spmm_device_fpga.cpp:81]   --->   Operation 117 'partselect' 'tmp' <Predicate = (!icmp_ln57 & icmp_ln60)> <Delay = 0.00>
ST_10 : Operation 118 [1/1] (0.83ns)   --->   "%icmp_ln81 = icmp_slt  i30 %tmp, i30 1" [src/spmm_device_fpga.cpp:81]   --->   Operation 118 'icmp' 'icmp_ln81' <Predicate = (!icmp_ln57 & icmp_ln60)> <Delay = 0.83> <CoreInst = "Cmp">   --->   Core 9 'Cmp' <Latency = 0> <II = 1> <Delay = 0.83> <FuncUnit> <Opcode : 'icmp'> <InPorts = 2> <OutPorts = 1>
ST_10 : Operation 119 [1/1] (0.12ns) (out node of the LUT)   --->   "%and_ln81 = and i1 %icmp_ln81, i1 %xor_ln81" [src/spmm_device_fpga.cpp:81]   --->   Operation 119 'and' 'and_ln81' <Predicate = (!icmp_ln57 & icmp_ln60)> <Delay = 0.12> <CoreInst = "LogicGate">   --->   Core 74 'LogicGate' <Latency = 0> <II = 1> <Delay = 0.12> <FuncUnit> <Opcode : 'and' 'or' 'xor'> <InPorts = 2> <OutPorts = 1>
ST_10 : Operation 120 [1/1] (0.38ns)   --->   "%br_ln81 = br i1 %and_ln81, void %for.inc38_ifconv, void %if.then26_ifconv" [src/spmm_device_fpga.cpp:81]   --->   Operation 120 'br' 'br_ln81' <Predicate = (!icmp_ln57 & icmp_ln60)> <Delay = 0.38>
ST_10 : Operation 121 [1/1] (0.00ns)   --->   "%trunc_ln82 = trunc i32 %used_2" [src/spmm_device_fpga.cpp:82]   --->   Operation 121 'trunc' 'trunc_ln82' <Predicate = (!icmp_ln57 & icmp_ln60 & and_ln81)> <Delay = 0.00>
ST_10 : Operation 122 [1/1] (0.34ns)   --->   "%icmp_ln82 = icmp_eq  i2 %trunc_ln82, i2 0" [src/spmm_device_fpga.cpp:82]   --->   Operation 122 'icmp' 'icmp_ln82' <Predicate = (!icmp_ln57 & icmp_ln60 & and_ln81)> <Delay = 0.34> <CoreInst = "Cmp">   --->   Core 9 'Cmp' <Latency = 0> <II = 1> <Delay = 0.34> <FuncUnit> <Opcode : 'icmp'> <InPorts = 2> <OutPorts = 1>
ST_10 : Operation 123 [1/1] (0.22ns)   --->   "%seen_y_9 = select i1 %icmp_ln82, i32 %y, i32 %seen_y_4" [src/spmm_device_fpga.cpp:82]   --->   Operation 123 'select' 'seen_y_9' <Predicate = (!icmp_ln57 & icmp_ln60 & and_ln81)> <Delay = 0.22> <CoreInst = "Sel">   --->   Core 73 'Sel' <Latency = 0> <II = 1> <Delay = 0.22> <FuncUnit> <Opcode : 'select'> <InPorts = 3> <OutPorts = 1>
ST_10 : Operation 124 [1/1] (0.34ns)   --->   "%icmp_ln82_1 = icmp_eq  i2 %trunc_ln82, i2 1" [src/spmm_device_fpga.cpp:82]   --->   Operation 124 'icmp' 'icmp_ln82_1' <Predicate = (!icmp_ln57 & icmp_ln60 & and_ln81)> <Delay = 0.34> <CoreInst = "Cmp">   --->   Core 9 'Cmp' <Latency = 0> <II = 1> <Delay = 0.34> <FuncUnit> <Opcode : 'icmp'> <InPorts = 2> <OutPorts = 1>
ST_10 : Operation 125 [1/1] (0.22ns)   --->   "%seen_y_10 = select i1 %icmp_ln82_1, i32 %y, i32 %seen_y_5" [src/spmm_device_fpga.cpp:82]   --->   Operation 125 'select' 'seen_y_10' <Predicate = (!icmp_ln57 & icmp_ln60 & and_ln81)> <Delay = 0.22> <CoreInst = "Sel">   --->   Core 73 'Sel' <Latency = 0> <II = 1> <Delay = 0.22> <FuncUnit> <Opcode : 'select'> <InPorts = 3> <OutPorts = 1>
ST_10 : Operation 126 [1/1] (0.34ns)   --->   "%icmp_ln82_2 = icmp_eq  i2 %trunc_ln82, i2 2" [src/spmm_device_fpga.cpp:82]   --->   Operation 126 'icmp' 'icmp_ln82_2' <Predicate = (!icmp_ln57 & icmp_ln60 & and_ln81)> <Delay = 0.34> <CoreInst = "Cmp">   --->   Core 9 'Cmp' <Latency = 0> <II = 1> <Delay = 0.34> <FuncUnit> <Opcode : 'icmp'> <InPorts = 2> <OutPorts = 1>
ST_10 : Operation 127 [1/1] (0.22ns)   --->   "%seen_y_11 = select i1 %icmp_ln82_2, i32 %y, i32 %seen_y_6" [src/spmm_device_fpga.cpp:82]   --->   Operation 127 'select' 'seen_y_11' <Predicate = (!icmp_ln57 & icmp_ln60 & and_ln81)> <Delay = 0.22> <CoreInst = "Sel">   --->   Core 73 'Sel' <Latency = 0> <II = 1> <Delay = 0.22> <FuncUnit> <Opcode : 'select'> <InPorts = 3> <OutPorts = 1>
ST_10 : Operation 128 [1/1] (0.00ns) (grouped into LUT with out node or_ln82_1)   --->   "%or_ln82 = or i1 %icmp_ln82_2, i1 %icmp_ln82_1" [src/spmm_device_fpga.cpp:82]   --->   Operation 128 'or' 'or_ln82' <Predicate = (!icmp_ln57 & icmp_ln60 & and_ln81)> <Delay = 0.00> <CoreInst = "LogicGate">   --->   Core 74 'LogicGate' <Latency = 0> <II = 1> <Delay = 0.12> <FuncUnit> <Opcode : 'and' 'or' 'xor'> <InPorts = 2> <OutPorts = 1>
ST_10 : Operation 129 [1/1] (0.12ns) (out node of the LUT)   --->   "%or_ln82_1 = or i1 %or_ln82, i1 %icmp_ln82" [src/spmm_device_fpga.cpp:82]   --->   Operation 129 'or' 'or_ln82_1' <Predicate = (!icmp_ln57 & icmp_ln60 & and_ln81)> <Delay = 0.12> <CoreInst = "LogicGate">   --->   Core 74 'LogicGate' <Latency = 0> <II = 1> <Delay = 0.12> <FuncUnit> <Opcode : 'and' 'or' 'xor'> <InPorts = 2> <OutPorts = 1>
ST_10 : Operation 130 [1/1] (0.22ns)   --->   "%seen_y_12 = select i1 %or_ln82_1, i32 %seen_y_7, i32 %y" [src/spmm_device_fpga.cpp:82]   --->   Operation 130 'select' 'seen_y_12' <Predicate = (!icmp_ln57 & icmp_ln60 & and_ln81)> <Delay = 0.22> <CoreInst = "Sel">   --->   Core 73 'Sel' <Latency = 0> <II = 1> <Delay = 0.22> <FuncUnit> <Opcode : 'select'> <InPorts = 3> <OutPorts = 1>
ST_10 : Operation 131 [1/1] (0.00ns) (grouped into LUT with out node seen_v_14)   --->   "%xor_ln82 = xor i1 %or_ln82_1, i1 1" [src/spmm_device_fpga.cpp:82]   --->   Operation 131 'xor' 'xor_ln82' <Predicate = (!icmp_ln57 & icmp_ln60 & and_ln81)> <Delay = 0.00> <CoreInst = "LogicGate">   --->   Core 74 'LogicGate' <Latency = 0> <II = 1> <Delay = 0.12> <FuncUnit> <Opcode : 'and' 'or' 'xor'> <InPorts = 2> <OutPorts = 1>
ST_10 : Operation 132 [1/1] (0.12ns) (out node of the LUT)   --->   "%seen_v_14 = or i1 %seen_v_10, i1 %xor_ln82" [src/spmm_device_fpga.cpp:82]   --->   Operation 132 'or' 'seen_v_14' <Predicate = (!icmp_ln57 & icmp_ln60 & and_ln81)> <Delay = 0.12> <CoreInst = "LogicGate">   --->   Core 74 'LogicGate' <Latency = 0> <II = 1> <Delay = 0.12> <FuncUnit> <Opcode : 'and' 'or' 'xor'> <InPorts = 2> <OutPorts = 1>
ST_10 : Operation 133 [1/1] (0.12ns)   --->   "%seen_v_13 = or i1 %icmp_ln82_2, i1 %seen_v_9" [src/spmm_device_fpga.cpp:82]   --->   Operation 133 'or' 'seen_v_13' <Predicate = (!icmp_ln57 & icmp_ln60 & and_ln81)> <Delay = 0.12> <CoreInst = "LogicGate">   --->   Core 74 'LogicGate' <Latency = 0> <II = 1> <Delay = 0.12> <FuncUnit> <Opcode : 'and' 'or' 'xor'> <InPorts = 2> <OutPorts = 1>
ST_10 : Operation 134 [1/1] (0.12ns)   --->   "%seen_v_12 = or i1 %icmp_ln82_1, i1 %seen_v_8" [src/spmm_device_fpga.cpp:82]   --->   Operation 134 'or' 'seen_v_12' <Predicate = (!icmp_ln57 & icmp_ln60 & and_ln81)> <Delay = 0.12> <CoreInst = "LogicGate">   --->   Core 74 'LogicGate' <Latency = 0> <II = 1> <Delay = 0.12> <FuncUnit> <Opcode : 'and' 'or' 'xor'> <InPorts = 2> <OutPorts = 1>
ST_10 : Operation 135 [1/1] (0.12ns)   --->   "%seen_v_11 = or i1 %icmp_ln82, i1 %seen_v_7" [src/spmm_device_fpga.cpp:82]   --->   Operation 135 'or' 'seen_v_11' <Predicate = (!icmp_ln57 & icmp_ln60 & and_ln81)> <Delay = 0.12> <CoreInst = "LogicGate">   --->   Core 74 'LogicGate' <Latency = 0> <II = 1> <Delay = 0.12> <FuncUnit> <Opcode : 'and' 'or' 'xor'> <InPorts = 2> <OutPorts = 1>
ST_10 : Operation 136 [1/1] (0.88ns)   --->   "%used_3 = add i32 %used_2, i32 1" [src/spmm_device_fpga.cpp:84]   --->   Operation 136 'add' 'used_3' <Predicate = (!icmp_ln57 & icmp_ln60 & and_ln81)> <Delay = 0.88> <CoreInst = "Adder">   --->   Core 1 'Adder' <Latency = 0> <II = 1> <Delay = 0.88> <FuncUnit> <Opcode : 'add' 'sub'> <InPorts = 2> <OutPorts = 1>
ST_10 : Operation 137 [1/1] (0.38ns)   --->   "%store_ln85 = store i1 %seen_v_14, i1 %seen_v_6" [src/spmm_device_fpga.cpp:85]   --->   Operation 137 'store' 'store_ln85' <Predicate = (!icmp_ln57 & icmp_ln60 & and_ln81)> <Delay = 0.38>
ST_10 : Operation 138 [1/1] (0.38ns)   --->   "%store_ln85 = store i1 %seen_v_13, i1 %seen_v_5" [src/spmm_device_fpga.cpp:85]   --->   Operation 138 'store' 'store_ln85' <Predicate = (!icmp_ln57 & icmp_ln60 & and_ln81)> <Delay = 0.38>
ST_10 : Operation 139 [1/1] (0.38ns)   --->   "%store_ln85 = store i1 %seen_v_12, i1 %seen_v_4" [src/spmm_device_fpga.cpp:85]   --->   Operation 139 'store' 'store_ln85' <Predicate = (!icmp_ln57 & icmp_ln60 & and_ln81)> <Delay = 0.38>
ST_10 : Operation 140 [1/1] (0.38ns)   --->   "%store_ln85 = store i1 %seen_v_11, i1 %seen_v" [src/spmm_device_fpga.cpp:85]   --->   Operation 140 'store' 'store_ln85' <Predicate = (!icmp_ln57 & icmp_ln60 & and_ln81)> <Delay = 0.38>
ST_10 : Operation 141 [1/1] (0.00ns)   --->   "%store_ln85 = store i32 %seen_y_12, i32 %seen_y_3" [src/spmm_device_fpga.cpp:85]   --->   Operation 141 'store' 'store_ln85' <Predicate = (!icmp_ln57 & icmp_ln60 & and_ln81)> <Delay = 0.00>
ST_10 : Operation 142 [1/1] (0.00ns)   --->   "%store_ln85 = store i32 %seen_y_11, i32 %seen_y_2" [src/spmm_device_fpga.cpp:85]   --->   Operation 142 'store' 'store_ln85' <Predicate = (!icmp_ln57 & icmp_ln60 & and_ln81)> <Delay = 0.00>
ST_10 : Operation 143 [1/1] (0.00ns)   --->   "%store_ln85 = store i32 %seen_y_10, i32 %seen_y_1" [src/spmm_device_fpga.cpp:85]   --->   Operation 143 'store' 'store_ln85' <Predicate = (!icmp_ln57 & icmp_ln60 & and_ln81)> <Delay = 0.00>
ST_10 : Operation 144 [1/1] (0.00ns)   --->   "%store_ln85 = store i32 %seen_y_9, i32 %seen_y" [src/spmm_device_fpga.cpp:85]   --->   Operation 144 'store' 'store_ln85' <Predicate = (!icmp_ln57 & icmp_ln60 & and_ln81)> <Delay = 0.00>
ST_10 : Operation 145 [1/1] (0.38ns)   --->   "%store_ln85 = store i32 %used_3, i32 %used" [src/spmm_device_fpga.cpp:85]   --->   Operation 145 'store' 'store_ln85' <Predicate = (!icmp_ln57 & icmp_ln60 & and_ln81)> <Delay = 0.38>
ST_10 : Operation 146 [1/1] (0.38ns)   --->   "%br_ln85 = br void %for.inc38_ifconv" [src/spmm_device_fpga.cpp:85]   --->   Operation 146 'br' 'br_ln85' <Predicate = (!icmp_ln57 & icmp_ln60 & and_ln81)> <Delay = 0.38>
ST_10 : Operation 147 [1/1] (0.00ns)   --->   "%pkt_ref_0 = phi i1 %dup_1, void %if.then26_ifconv, i1 1, void %for.body4.split, i1 %dup_1, void %for.body14"   --->   Operation 147 'phi' 'pkt_ref_0' <Predicate = (!icmp_ln57)> <Delay = 0.00>
ST_10 : Operation 148 [1/1] (0.00ns)   --->   "%pkt_ref_3_1_load_1 = load i1 %pkt_ref_3_1" [src/spmm_device_fpga.cpp:91]   --->   Operation 148 'load' 'pkt_ref_3_1_load_1' <Predicate = (!icmp_ln57)> <Delay = 0.00>
ST_10 : Operation 149 [1/1] (0.00ns)   --->   "%pkt_ref_3_2_load_1 = load i1 %pkt_ref_3_2" [src/spmm_device_fpga.cpp:91]   --->   Operation 149 'load' 'pkt_ref_3_2_load_1' <Predicate = (!icmp_ln57)> <Delay = 0.00>
ST_10 : Operation 150 [1/1] (0.00ns)   --->   "%pkt_ref_3_3_load_1 = load i1 %pkt_ref_3_3" [src/spmm_device_fpga.cpp:91]   --->   Operation 150 'load' 'pkt_ref_3_3_load_1' <Predicate = (!icmp_ln57)> <Delay = 0.00>
ST_10 : Operation 151 [1/1] (0.00ns)   --->   "%pkt_ref_3_4_load_1 = load i1 %pkt_ref_3_4" [src/spmm_device_fpga.cpp:91]   --->   Operation 151 'load' 'pkt_ref_3_4_load_1' <Predicate = (!icmp_ln57)> <Delay = 0.00>
ST_10 : Operation 152 [1/1] (0.00ns)   --->   "%pkt_v_value_3_1_load_1 = load i32 %pkt_v_value_3_1" [src/spmm_device_fpga.cpp:90]   --->   Operation 152 'load' 'pkt_v_value_3_1_load_1' <Predicate = (!icmp_ln57)> <Delay = 0.00>
ST_10 : Operation 153 [1/1] (0.00ns)   --->   "%pkt_v_value_3_2_load_1 = load i32 %pkt_v_value_3_2" [src/spmm_device_fpga.cpp:90]   --->   Operation 153 'load' 'pkt_v_value_3_2_load_1' <Predicate = (!icmp_ln57)> <Delay = 0.00>
ST_10 : Operation 154 [1/1] (0.00ns)   --->   "%pkt_v_value_3_3_load_1 = load i32 %pkt_v_value_3_3" [src/spmm_device_fpga.cpp:90]   --->   Operation 154 'load' 'pkt_v_value_3_3_load_1' <Predicate = (!icmp_ln57)> <Delay = 0.00>
ST_10 : Operation 155 [1/1] (0.00ns)   --->   "%pkt_v_value_3_4_load_1 = load i32 %pkt_v_value_3_4" [src/spmm_device_fpga.cpp:90]   --->   Operation 155 'load' 'pkt_v_value_3_4_load_1' <Predicate = (!icmp_ln57)> <Delay = 0.00>
ST_10 : Operation 156 [1/1] (0.00ns)   --->   "%pkt_v_y_3_1_load_1 = load i32 %pkt_v_y_3_1" [src/spmm_device_fpga.cpp:90]   --->   Operation 156 'load' 'pkt_v_y_3_1_load_1' <Predicate = (!icmp_ln57)> <Delay = 0.00>
ST_10 : Operation 157 [1/1] (0.00ns)   --->   "%pkt_v_y_3_2_load_1 = load i32 %pkt_v_y_3_2" [src/spmm_device_fpga.cpp:90]   --->   Operation 157 'load' 'pkt_v_y_3_2_load_1' <Predicate = (!icmp_ln57)> <Delay = 0.00>
ST_10 : Operation 158 [1/1] (0.00ns)   --->   "%pkt_v_y_3_3_load_1 = load i32 %pkt_v_y_3_3" [src/spmm_device_fpga.cpp:90]   --->   Operation 158 'load' 'pkt_v_y_3_3_load_1' <Predicate = (!icmp_ln57)> <Delay = 0.00>
ST_10 : Operation 159 [1/1] (0.00ns)   --->   "%pkt_v_y_3_4_load_1 = load i32 %pkt_v_y_3_4" [src/spmm_device_fpga.cpp:90]   --->   Operation 159 'load' 'pkt_v_y_3_4_load_1' <Predicate = (!icmp_ln57)> <Delay = 0.00>
ST_10 : Operation 160 [1/1] (0.00ns)   --->   "%pkt_v_y_0 = load i32 %tile_y" [src/spmm_device_fpga.cpp:90]   --->   Operation 160 'load' 'pkt_v_y_0' <Predicate = (!icmp_ln57)> <Delay = 0.00>
ST_10 : Operation 161 [1/1] (0.00ns)   --->   "%pkt_v_value_0 = load i32 %tile_value" [src/spmm_device_fpga.cpp:90]   --->   Operation 161 'load' 'pkt_v_value_0' <Predicate = (!icmp_ln57)> <Delay = 0.00>
ST_10 : Operation 162 [1/1] (0.34ns)   --->   "%icmp_ln90 = icmp_eq  i2 %trunc_ln59, i2 0" [src/spmm_device_fpga.cpp:90]   --->   Operation 162 'icmp' 'icmp_ln90' <Predicate = (!icmp_ln57)> <Delay = 0.34> <CoreInst = "Cmp">   --->   Core 9 'Cmp' <Latency = 0> <II = 1> <Delay = 0.34> <FuncUnit> <Opcode : 'icmp'> <InPorts = 2> <OutPorts = 1>
ST_10 : Operation 163 [1/1] (0.34ns)   --->   "%icmp_ln90_1 = icmp_eq  i2 %trunc_ln59, i2 1" [src/spmm_device_fpga.cpp:90]   --->   Operation 163 'icmp' 'icmp_ln90_1' <Predicate = (!icmp_ln57)> <Delay = 0.34> <CoreInst = "Cmp">   --->   Core 9 'Cmp' <Latency = 0> <II = 1> <Delay = 0.34> <FuncUnit> <Opcode : 'icmp'> <InPorts = 2> <OutPorts = 1>
ST_10 : Operation 164 [1/1] (0.34ns)   --->   "%icmp_ln90_2 = icmp_eq  i2 %trunc_ln59, i2 2" [src/spmm_device_fpga.cpp:90]   --->   Operation 164 'icmp' 'icmp_ln90_2' <Predicate = (!icmp_ln57)> <Delay = 0.34> <CoreInst = "Cmp">   --->   Core 9 'Cmp' <Latency = 0> <II = 1> <Delay = 0.34> <FuncUnit> <Opcode : 'icmp'> <InPorts = 2> <OutPorts = 1>
ST_10 : Operation 165 [1/1] (0.00ns) (grouped into LUT with out node or_ln90_1)   --->   "%or_ln90 = or i1 %icmp_ln90_1, i1 %icmp_ln90_2" [src/spmm_device_fpga.cpp:90]   --->   Operation 165 'or' 'or_ln90' <Predicate = (!icmp_ln57)> <Delay = 0.00> <CoreInst = "LogicGate">   --->   Core 74 'LogicGate' <Latency = 0> <II = 1> <Delay = 0.12> <FuncUnit> <Opcode : 'and' 'or' 'xor'> <InPorts = 2> <OutPorts = 1>
ST_10 : Operation 166 [1/1] (0.12ns) (out node of the LUT)   --->   "%or_ln90_1 = or i1 %or_ln90, i1 %icmp_ln90" [src/spmm_device_fpga.cpp:90]   --->   Operation 166 'or' 'or_ln90_1' <Predicate = (!icmp_ln57)> <Delay = 0.12> <CoreInst = "LogicGate">   --->   Core 74 'LogicGate' <Latency = 0> <II = 1> <Delay = 0.12> <FuncUnit> <Opcode : 'and' 'or' 'xor'> <InPorts = 2> <OutPorts = 1>
ST_10 : Operation 167 [1/1] (0.22ns)   --->   "%pkt_v_value_3 = select i1 %or_ln90_1, i32 %pkt_v_value_3_4_load_1, i32 %pkt_v_value_0" [src/spmm_device_fpga.cpp:90]   --->   Operation 167 'select' 'pkt_v_value_3' <Predicate = (!icmp_ln57)> <Delay = 0.22> <CoreInst = "Sel">   --->   Core 73 'Sel' <Latency = 0> <II = 1> <Delay = 0.22> <FuncUnit> <Opcode : 'select'> <InPorts = 3> <OutPorts = 1>
ST_10 : Operation 168 [1/1] (0.22ns)   --->   "%pkt_v_value_3_9 = select i1 %icmp_ln90_2, i32 %pkt_v_value_0, i32 %pkt_v_value_3_3_load_1" [src/spmm_device_fpga.cpp:90]   --->   Operation 168 'select' 'pkt_v_value_3_9' <Predicate = (!icmp_ln57)> <Delay = 0.22> <CoreInst = "Sel">   --->   Core 73 'Sel' <Latency = 0> <II = 1> <Delay = 0.22> <FuncUnit> <Opcode : 'select'> <InPorts = 3> <OutPorts = 1>
ST_10 : Operation 169 [1/1] (0.22ns)   --->   "%pkt_v_value_3_10 = select i1 %icmp_ln90_1, i32 %pkt_v_value_0, i32 %pkt_v_value_3_2_load_1" [src/spmm_device_fpga.cpp:90]   --->   Operation 169 'select' 'pkt_v_value_3_10' <Predicate = (!icmp_ln57)> <Delay = 0.22> <CoreInst = "Sel">   --->   Core 73 'Sel' <Latency = 0> <II = 1> <Delay = 0.22> <FuncUnit> <Opcode : 'select'> <InPorts = 3> <OutPorts = 1>
ST_10 : Operation 170 [1/1] (0.22ns)   --->   "%pkt_v_value_3_11 = select i1 %icmp_ln90, i32 %pkt_v_value_0, i32 %pkt_v_value_3_1_load_1" [src/spmm_device_fpga.cpp:90]   --->   Operation 170 'select' 'pkt_v_value_3_11' <Predicate = (!icmp_ln57)> <Delay = 0.22> <CoreInst = "Sel">   --->   Core 73 'Sel' <Latency = 0> <II = 1> <Delay = 0.22> <FuncUnit> <Opcode : 'select'> <InPorts = 3> <OutPorts = 1>
ST_10 : Operation 171 [1/1] (0.22ns)   --->   "%pkt_v_y_3 = select i1 %or_ln90_1, i32 %pkt_v_y_3_4_load_1, i32 %pkt_v_y_0" [src/spmm_device_fpga.cpp:90]   --->   Operation 171 'select' 'pkt_v_y_3' <Predicate = (!icmp_ln57)> <Delay = 0.22> <CoreInst = "Sel">   --->   Core 73 'Sel' <Latency = 0> <II = 1> <Delay = 0.22> <FuncUnit> <Opcode : 'select'> <InPorts = 3> <OutPorts = 1>
ST_10 : Operation 172 [1/1] (0.22ns)   --->   "%pkt_v_y_3_9 = select i1 %icmp_ln90_2, i32 %pkt_v_y_0, i32 %pkt_v_y_3_3_load_1" [src/spmm_device_fpga.cpp:90]   --->   Operation 172 'select' 'pkt_v_y_3_9' <Predicate = (!icmp_ln57)> <Delay = 0.22> <CoreInst = "Sel">   --->   Core 73 'Sel' <Latency = 0> <II = 1> <Delay = 0.22> <FuncUnit> <Opcode : 'select'> <InPorts = 3> <OutPorts = 1>
ST_10 : Operation 173 [1/1] (0.22ns)   --->   "%pkt_v_y_3_10 = select i1 %icmp_ln90_1, i32 %pkt_v_y_0, i32 %pkt_v_y_3_2_load_1" [src/spmm_device_fpga.cpp:90]   --->   Operation 173 'select' 'pkt_v_y_3_10' <Predicate = (!icmp_ln57)> <Delay = 0.22> <CoreInst = "Sel">   --->   Core 73 'Sel' <Latency = 0> <II = 1> <Delay = 0.22> <FuncUnit> <Opcode : 'select'> <InPorts = 3> <OutPorts = 1>
ST_10 : Operation 174 [1/1] (0.22ns)   --->   "%pkt_v_y_3_11 = select i1 %icmp_ln90, i32 %pkt_v_y_0, i32 %pkt_v_y_3_1_load_1" [src/spmm_device_fpga.cpp:90]   --->   Operation 174 'select' 'pkt_v_y_3_11' <Predicate = (!icmp_ln57)> <Delay = 0.22> <CoreInst = "Sel">   --->   Core 73 'Sel' <Latency = 0> <II = 1> <Delay = 0.22> <FuncUnit> <Opcode : 'select'> <InPorts = 3> <OutPorts = 1>
ST_10 : Operation 175 [1/1] (0.27ns)   --->   "%pkt_ref_3 = select i1 %or_ln90_1, i1 %pkt_ref_3_4_load_1, i1 %pkt_ref_0" [src/spmm_device_fpga.cpp:91]   --->   Operation 175 'select' 'pkt_ref_3' <Predicate = (!icmp_ln57)> <Delay = 0.27> <CoreInst = "Sel">   --->   Core 73 'Sel' <Latency = 0> <II = 1> <Delay = 0.27> <FuncUnit> <Opcode : 'select'> <InPorts = 3> <OutPorts = 1>
ST_10 : Operation 176 [1/1] (0.27ns)   --->   "%pkt_ref_3_9 = select i1 %icmp_ln90_2, i1 %pkt_ref_0, i1 %pkt_ref_3_3_load_1" [src/spmm_device_fpga.cpp:91]   --->   Operation 176 'select' 'pkt_ref_3_9' <Predicate = (!icmp_ln57)> <Delay = 0.27> <CoreInst = "Sel">   --->   Core 73 'Sel' <Latency = 0> <II = 1> <Delay = 0.27> <FuncUnit> <Opcode : 'select'> <InPorts = 3> <OutPorts = 1>
ST_10 : Operation 177 [1/1] (0.27ns)   --->   "%pkt_ref_3_10 = select i1 %icmp_ln90_1, i1 %pkt_ref_0, i1 %pkt_ref_3_2_load_1" [src/spmm_device_fpga.cpp:91]   --->   Operation 177 'select' 'pkt_ref_3_10' <Predicate = (!icmp_ln57)> <Delay = 0.27> <CoreInst = "Sel">   --->   Core 73 'Sel' <Latency = 0> <II = 1> <Delay = 0.27> <FuncUnit> <Opcode : 'select'> <InPorts = 3> <OutPorts = 1>
ST_10 : Operation 178 [1/1] (0.27ns)   --->   "%pkt_ref_3_11 = select i1 %icmp_ln90, i1 %pkt_ref_0, i1 %pkt_ref_3_1_load_1" [src/spmm_device_fpga.cpp:91]   --->   Operation 178 'select' 'pkt_ref_3_11' <Predicate = (!icmp_ln57)> <Delay = 0.27> <CoreInst = "Sel">   --->   Core 73 'Sel' <Latency = 0> <II = 1> <Delay = 0.27> <FuncUnit> <Opcode : 'select'> <InPorts = 3> <OutPorts = 1>
ST_10 : Operation 179 [1/1] (0.00ns)   --->   "%store_ln57 = store i32 %pkt_v_y_3, i32 %pkt_v_y_3_4" [src/spmm_device_fpga.cpp:57]   --->   Operation 179 'store' 'store_ln57' <Predicate = (!icmp_ln57)> <Delay = 0.00>
ST_10 : Operation 180 [1/1] (0.00ns)   --->   "%store_ln57 = store i32 %pkt_v_y_3_9, i32 %pkt_v_y_3_3" [src/spmm_device_fpga.cpp:57]   --->   Operation 180 'store' 'store_ln57' <Predicate = (!icmp_ln57)> <Delay = 0.00>
ST_10 : Operation 181 [1/1] (0.00ns)   --->   "%store_ln57 = store i32 %pkt_v_y_3_10, i32 %pkt_v_y_3_2" [src/spmm_device_fpga.cpp:57]   --->   Operation 181 'store' 'store_ln57' <Predicate = (!icmp_ln57)> <Delay = 0.00>
ST_10 : Operation 182 [1/1] (0.00ns)   --->   "%store_ln57 = store i32 %pkt_v_y_3_11, i32 %pkt_v_y_3_1" [src/spmm_device_fpga.cpp:57]   --->   Operation 182 'store' 'store_ln57' <Predicate = (!icmp_ln57)> <Delay = 0.00>
ST_10 : Operation 183 [1/1] (0.00ns)   --->   "%store_ln57 = store i32 %pkt_v_value_3, i32 %pkt_v_value_3_4" [src/spmm_device_fpga.cpp:57]   --->   Operation 183 'store' 'store_ln57' <Predicate = (!icmp_ln57)> <Delay = 0.00>
ST_10 : Operation 184 [1/1] (0.00ns)   --->   "%store_ln57 = store i32 %pkt_v_value_3_9, i32 %pkt_v_value_3_3" [src/spmm_device_fpga.cpp:57]   --->   Operation 184 'store' 'store_ln57' <Predicate = (!icmp_ln57)> <Delay = 0.00>
ST_10 : Operation 185 [1/1] (0.00ns)   --->   "%store_ln57 = store i32 %pkt_v_value_3_10, i32 %pkt_v_value_3_2" [src/spmm_device_fpga.cpp:57]   --->   Operation 185 'store' 'store_ln57' <Predicate = (!icmp_ln57)> <Delay = 0.00>
ST_10 : Operation 186 [1/1] (0.00ns)   --->   "%store_ln57 = store i32 %pkt_v_value_3_11, i32 %pkt_v_value_3_1" [src/spmm_device_fpga.cpp:57]   --->   Operation 186 'store' 'store_ln57' <Predicate = (!icmp_ln57)> <Delay = 0.00>
ST_10 : Operation 187 [1/1] (0.00ns)   --->   "%store_ln57 = store i1 %pkt_ref_3, i1 %pkt_ref_3_4" [src/spmm_device_fpga.cpp:57]   --->   Operation 187 'store' 'store_ln57' <Predicate = (!icmp_ln57)> <Delay = 0.00>
ST_10 : Operation 188 [1/1] (0.00ns)   --->   "%store_ln57 = store i1 %pkt_ref_3_9, i1 %pkt_ref_3_3" [src/spmm_device_fpga.cpp:57]   --->   Operation 188 'store' 'store_ln57' <Predicate = (!icmp_ln57)> <Delay = 0.00>
ST_10 : Operation 189 [1/1] (0.00ns)   --->   "%store_ln57 = store i1 %pkt_ref_3_10, i1 %pkt_ref_3_2" [src/spmm_device_fpga.cpp:57]   --->   Operation 189 'store' 'store_ln57' <Predicate = (!icmp_ln57)> <Delay = 0.00>
ST_10 : Operation 190 [1/1] (0.00ns)   --->   "%store_ln57 = store i1 %pkt_ref_3_11, i1 %pkt_ref_3_1" [src/spmm_device_fpga.cpp:57]   --->   Operation 190 'store' 'store_ln57' <Predicate = (!icmp_ln57)> <Delay = 0.00>
ST_10 : Operation 191 [1/1] (0.00ns)   --->   "%br_ln57 = br void %for.body4" [src/spmm_device_fpga.cpp:57]   --->   Operation 191 'br' 'br_ln57' <Predicate = (!icmp_ln57)> <Delay = 0.00>
ST_10 : Operation 192 [1/1] (0.00ns)   --->   "%pkt_ref_3_1_load = load i1 %pkt_ref_3_1"   --->   Operation 192 'load' 'pkt_ref_3_1_load' <Predicate = (icmp_ln57)> <Delay = 0.00>
ST_10 : Operation 193 [1/1] (0.00ns)   --->   "%pkt_ref_3_2_load = load i1 %pkt_ref_3_2"   --->   Operation 193 'load' 'pkt_ref_3_2_load' <Predicate = (icmp_ln57)> <Delay = 0.00>
ST_10 : Operation 194 [1/1] (0.00ns)   --->   "%pkt_ref_3_3_load = load i1 %pkt_ref_3_3"   --->   Operation 194 'load' 'pkt_ref_3_3_load' <Predicate = (icmp_ln57)> <Delay = 0.00>
ST_10 : Operation 195 [1/1] (0.00ns)   --->   "%pkt_ref_3_4_load = load i1 %pkt_ref_3_4"   --->   Operation 195 'load' 'pkt_ref_3_4_load' <Predicate = (icmp_ln57)> <Delay = 0.00>
ST_10 : Operation 196 [1/1] (0.00ns)   --->   "%pkt_v_value_3_1_load = load i32 %pkt_v_value_3_1"   --->   Operation 196 'load' 'pkt_v_value_3_1_load' <Predicate = (icmp_ln57)> <Delay = 0.00>
ST_10 : Operation 197 [1/1] (0.00ns)   --->   "%pkt_v_value_3_2_load = load i32 %pkt_v_value_3_2"   --->   Operation 197 'load' 'pkt_v_value_3_2_load' <Predicate = (icmp_ln57)> <Delay = 0.00>
ST_10 : Operation 198 [1/1] (0.00ns)   --->   "%pkt_v_value_3_3_load = load i32 %pkt_v_value_3_3"   --->   Operation 198 'load' 'pkt_v_value_3_3_load' <Predicate = (icmp_ln57)> <Delay = 0.00>
ST_10 : Operation 199 [1/1] (0.00ns)   --->   "%pkt_v_value_3_4_load = load i32 %pkt_v_value_3_4"   --->   Operation 199 'load' 'pkt_v_value_3_4_load' <Predicate = (icmp_ln57)> <Delay = 0.00>
ST_10 : Operation 200 [1/1] (0.00ns)   --->   "%pkt_v_y_3_1_load = load i32 %pkt_v_y_3_1"   --->   Operation 200 'load' 'pkt_v_y_3_1_load' <Predicate = (icmp_ln57)> <Delay = 0.00>
ST_10 : Operation 201 [1/1] (0.00ns)   --->   "%pkt_v_y_3_2_load = load i32 %pkt_v_y_3_2"   --->   Operation 201 'load' 'pkt_v_y_3_2_load' <Predicate = (icmp_ln57)> <Delay = 0.00>
ST_10 : Operation 202 [1/1] (0.00ns)   --->   "%pkt_v_y_3_3_load = load i32 %pkt_v_y_3_3"   --->   Operation 202 'load' 'pkt_v_y_3_3_load' <Predicate = (icmp_ln57)> <Delay = 0.00>
ST_10 : Operation 203 [1/1] (0.00ns)   --->   "%pkt_v_y_3_4_load = load i32 %pkt_v_y_3_4"   --->   Operation 203 'load' 'pkt_v_y_3_4_load' <Predicate = (icmp_ln57)> <Delay = 0.00>
ST_10 : Operation 204 [1/1] (0.00ns)   --->   "%write_ln0 = write void @_ssdm_op_Write.ap_auto.i1P0A, i1 %pkt_ref_3_088_out, i1 %pkt_ref_3_4_load"   --->   Operation 204 'write' 'write_ln0' <Predicate = (icmp_ln57)> <Delay = 0.00>
ST_10 : Operation 205 [1/1] (0.00ns)   --->   "%write_ln0 = write void @_ssdm_op_Write.ap_auto.i1P0A, i1 %pkt_ref_2_087_out, i1 %pkt_ref_3_3_load"   --->   Operation 205 'write' 'write_ln0' <Predicate = (icmp_ln57)> <Delay = 0.00>
ST_10 : Operation 206 [1/1] (0.00ns)   --->   "%write_ln0 = write void @_ssdm_op_Write.ap_auto.i1P0A, i1 %pkt_ref_1_086_out, i1 %pkt_ref_3_2_load"   --->   Operation 206 'write' 'write_ln0' <Predicate = (icmp_ln57)> <Delay = 0.00>
ST_10 : Operation 207 [1/1] (0.00ns)   --->   "%write_ln0 = write void @_ssdm_op_Write.ap_auto.i1P0A, i1 %pkt_ref_0_085_out, i1 %pkt_ref_3_1_load"   --->   Operation 207 'write' 'write_ln0' <Predicate = (icmp_ln57)> <Delay = 0.00>
ST_10 : Operation 208 [1/1] (0.00ns)   --->   "%write_ln0 = write void @_ssdm_op_Write.ap_auto.i32P0A, i32 %pkt_v_y_3_084_out, i32 %pkt_v_y_3_4_load"   --->   Operation 208 'write' 'write_ln0' <Predicate = (icmp_ln57)> <Delay = 0.00>
ST_10 : Operation 209 [1/1] (0.00ns)   --->   "%write_ln0 = write void @_ssdm_op_Write.ap_auto.i32P0A, i32 %pkt_v_y_2_083_out, i32 %pkt_v_y_3_3_load"   --->   Operation 209 'write' 'write_ln0' <Predicate = (icmp_ln57)> <Delay = 0.00>
ST_10 : Operation 210 [1/1] (0.00ns)   --->   "%write_ln0 = write void @_ssdm_op_Write.ap_auto.i32P0A, i32 %pkt_v_y_1_082_out, i32 %pkt_v_y_3_2_load"   --->   Operation 210 'write' 'write_ln0' <Predicate = (icmp_ln57)> <Delay = 0.00>
ST_10 : Operation 211 [1/1] (0.00ns)   --->   "%write_ln0 = write void @_ssdm_op_Write.ap_auto.i32P0A, i32 %pkt_v_y_0_081_out, i32 %pkt_v_y_3_1_load"   --->   Operation 211 'write' 'write_ln0' <Predicate = (icmp_ln57)> <Delay = 0.00>
ST_10 : Operation 212 [1/1] (0.00ns)   --->   "%write_ln0 = write void @_ssdm_op_Write.ap_auto.floatP0A, i32 %pkt_v_value_3_080_out, i32 %pkt_v_value_3_4_load"   --->   Operation 212 'write' 'write_ln0' <Predicate = (icmp_ln57)> <Delay = 0.00>
ST_10 : Operation 213 [1/1] (0.00ns)   --->   "%write_ln0 = write void @_ssdm_op_Write.ap_auto.floatP0A, i32 %pkt_v_value_2_079_out, i32 %pkt_v_value_3_3_load"   --->   Operation 213 'write' 'write_ln0' <Predicate = (icmp_ln57)> <Delay = 0.00>
ST_10 : Operation 214 [1/1] (0.00ns)   --->   "%write_ln0 = write void @_ssdm_op_Write.ap_auto.floatP0A, i32 %pkt_v_value_1_078_out, i32 %pkt_v_value_3_2_load"   --->   Operation 214 'write' 'write_ln0' <Predicate = (icmp_ln57)> <Delay = 0.00>
ST_10 : Operation 215 [1/1] (0.00ns)   --->   "%write_ln0 = write void @_ssdm_op_Write.ap_auto.floatP0A, i32 %pkt_v_value_0_077_out, i32 %pkt_v_value_3_1_load"   --->   Operation 215 'write' 'write_ln0' <Predicate = (icmp_ln57)> <Delay = 0.00>
ST_10 : Operation 216 [1/1] (0.00ns)   --->   "%ret_ln0 = ret"   --->   Operation 216 'ret' 'ret_ln0' <Predicate = (icmp_ln57)> <Delay = 0.00>


============================================================
+ Verbose Summary: Timing violations
============================================================
Target clock period: 4ns, clock uncertainty: 1.08ns.

 <State 1>: 2.13ns
The critical path consists of the following:
	'alloca' operation ('i') [27]  (0 ns)
	'load' operation ('i', src/spmm_device_fpga.cpp:59) on local variable 'i' [65]  (0 ns)
	'add' operation ('idx', src/spmm_device_fpga.cpp:59) [84]  (0.88 ns)
	'icmp' operation ('icmp_ln60', src/spmm_device_fpga.cpp:60) [85]  (0.859 ns)
	multiplexor before 'phi' operation ('dup') with incoming values : ('dup', src/spmm_device_fpga.cpp:71) [149]  (0.387 ns)

 <State 2>: 2.92ns
The critical path consists of the following:
	bus request operation ('gmem2_load_req', src/spmm_device_fpga.cpp:62) on port 'gmem2' (src/spmm_device_fpga.cpp:62) [94]  (2.92 ns)

 <State 3>: 2.92ns
The critical path consists of the following:
	bus request operation ('gmem2_load_req', src/spmm_device_fpga.cpp:62) on port 'gmem2' (src/spmm_device_fpga.cpp:62) [94]  (2.92 ns)

 <State 4>: 2.92ns
The critical path consists of the following:
	bus request operation ('gmem2_load_req', src/spmm_device_fpga.cpp:62) on port 'gmem2' (src/spmm_device_fpga.cpp:62) [94]  (2.92 ns)

 <State 5>: 2.92ns
The critical path consists of the following:
	bus request operation ('gmem2_load_req', src/spmm_device_fpga.cpp:62) on port 'gmem2' (src/spmm_device_fpga.cpp:62) [94]  (2.92 ns)

 <State 6>: 2.92ns
The critical path consists of the following:
	bus request operation ('gmem2_load_req', src/spmm_device_fpga.cpp:62) on port 'gmem2' (src/spmm_device_fpga.cpp:62) [94]  (2.92 ns)

 <State 7>: 2.92ns
The critical path consists of the following:
	bus request operation ('gmem2_load_req', src/spmm_device_fpga.cpp:62) on port 'gmem2' (src/spmm_device_fpga.cpp:62) [94]  (2.92 ns)

 <State 8>: 2.92ns
The critical path consists of the following:
	bus request operation ('gmem2_load_req', src/spmm_device_fpga.cpp:62) on port 'gmem2' (src/spmm_device_fpga.cpp:62) [94]  (2.92 ns)

 <State 9>: 2.92ns
The critical path consists of the following:
	bus read operation ('gmem2_addr_read', src/spmm_device_fpga.cpp:62) on port 'gmem2' (src/spmm_device_fpga.cpp:62) [95]  (2.92 ns)

 <State 10>: 1.89ns
The critical path consists of the following:
	'load' operation ('seen_y') on local variable 'seen_y' [68]  (0 ns)
	'icmp' operation ('icmp_ln71_1', src/spmm_device_fpga.cpp:71) [105]  (0.859 ns)
	'and' operation ('and_ln71', src/spmm_device_fpga.cpp:71) [106]  (0 ns)
	'or' operation ('or_ln71_1', src/spmm_device_fpga.cpp:71) [112]  (0.122 ns)
	'or' operation ('dup', src/spmm_device_fpga.cpp:71) [113]  (0.122 ns)
	'xor' operation ('xor_ln81', src/spmm_device_fpga.cpp:81) [114]  (0 ns)
	'and' operation ('and_ln81', src/spmm_device_fpga.cpp:81) [117]  (0.122 ns)
	multiplexor before 'phi' operation ('dup') with incoming values : ('dup', src/spmm_device_fpga.cpp:71) [149]  (0.387 ns)
	'phi' operation ('dup') with incoming values : ('dup', src/spmm_device_fpga.cpp:71) [149]  (0 ns)
	'select' operation ('pkt.ref[3]', src/spmm_device_fpga.cpp:91) [177]  (0.278 ns)


============================================================
+ Verbose Summary: Binding
============================================================
N/A
* FSMD analyzer results:
  - Output states:
 - Input state : 
  - Chain level:
	State 1
	State 2
	State 3
	State 4
	State 5
	State 6
	State 7
	State 8
	State 9
	State 10


============================================================
+ Verbose Summary: Datapath Resource usage 
============================================================
N/A
