/home/shuxuan/SDMA/spmm_prj/sol1/.autopilot/db/spmm_device_fpga.pp.0.cpp:1636:7: warning: Added loop label VITIS_LOOP_1211_1:   [xilinx-label-all-loops]
      for (i = 0; i < __N - 1; ++i) {
      ^~~
      VITIS_LOOP_1211_1: 
/home/shuxuan/SDMA/spmm_prj/sol1/.autopilot/db/spmm_device_fpga.pp.0.cpp:1636:7: note: FIX-IT applied suggested code changes
/home/shuxuan/SDMA/spmm_prj/sol1/.autopilot/db/spmm_device_fpga.pp.0.cpp:2610:5: warning: Added loop label VITIS_LOOP_676_1:   [xilinx-label-all-loops]
    for (unsigned i = low; i != high; ++i) {
    ^~~
    VITIS_LOOP_676_1: 
/home/shuxuan/SDMA/spmm_prj/sol1/.autopilot/db/spmm_device_fpga.pp.0.cpp:2610:5: note: FIX-IT applied suggested code changes
/home/shuxuan/SDMA/spmm_prj/sol1/.autopilot/db/spmm_device_fpga.pp.0.cpp:2624:5: warning: Added loop label VITIS_LOOP_690_1:   [xilinx-label-all-loops]
    for (unsigned i = low; i != high; ++i) {
    ^~~
    VITIS_LOOP_690_1: 
/home/shuxuan/SDMA/spmm_prj/sol1/.autopilot/db/spmm_device_fpga.pp.0.cpp:2624:5: note: FIX-IT applied suggested code changes
/home/shuxuan/SDMA/spmm_prj/sol1/.autopilot/db/spmm_device_fpga.pp.0.cpp:2638:5: warning: Added loop label VITIS_LOOP_704_1:   [xilinx-label-all-loops]
    for (unsigned i = low; i != high; ++i) {
    ^~~
    VITIS_LOOP_704_1: 
/home/shuxuan/SDMA/spmm_prj/sol1/.autopilot/db/spmm_device_fpga.pp.0.cpp:2638:5: note: FIX-IT applied suggested code changes
/home/shuxuan/SDMA/spmm_prj/sol1/.autopilot/db/spmm_device_fpga.pp.0.cpp:4249:7: warning: Added loop label VITIS_LOOP_1245_1:   [xilinx-label-all-loops]
      for (i = 0; i < __N - 1; ++i) {
      ^~~
      VITIS_LOOP_1245_1: 
/home/shuxuan/SDMA/spmm_prj/sol1/.autopilot/db/spmm_device_fpga.pp.0.cpp:4249:7: note: FIX-IT applied suggested code changes
/home/shuxuan/SDMA/spmm_prj/sol1/.autopilot/db/spmm_device_fpga.pp.0.cpp:6200:2: warning: Added loop label VITIS_LOOP_20_1:   [xilinx-label-all-loops]
 for(int i = 0; i < nnz; ++i){
 ^~~
 VITIS_LOOP_20_1: 
/home/shuxuan/SDMA/spmm_prj/sol1/.autopilot/db/spmm_device_fpga.pp.0.cpp:6200:2: note: FIX-IT applied suggested code changes
/home/shuxuan/SDMA/spmm_prj/sol1/.autopilot/db/spmm_device_fpga.pp.0.cpp:6227:5: warning: Added loop label VITIS_LOOP_47_1:   [xilinx-label-all-loops]
    for(int i = 0; i < BUF_DEPTH; ++i){
    ^~~
    VITIS_LOOP_47_1: 
/home/shuxuan/SDMA/spmm_prj/sol1/.autopilot/db/spmm_device_fpga.pp.0.cpp:6227:5: note: FIX-IT applied suggested code changes
/home/shuxuan/SDMA/spmm_prj/sol1/.autopilot/db/spmm_device_fpga.pp.0.cpp:6231:5: warning: Added loop label VITIS_LOOP_51_2:   [xilinx-label-all-loops]
    for(int i = 0; i < BUF_DEPTH; ++i){
    ^~~
    VITIS_LOOP_51_2: 
/home/shuxuan/SDMA/spmm_prj/sol1/.autopilot/db/spmm_device_fpga.pp.0.cpp:6231:5: note: FIX-IT applied suggested code changes
/home/shuxuan/SDMA/spmm_prj/sol1/.autopilot/db/spmm_device_fpga.pp.0.cpp:6234:9: warning: Added loop label VITIS_LOOP_54_3:   [xilinx-label-all-loops]
        for(int j = 0; j < i; ++i){
        ^~~
        VITIS_LOOP_54_3: 
/home/shuxuan/SDMA/spmm_prj/sol1/.autopilot/db/spmm_device_fpga.pp.0.cpp:6234:9: note: FIX-IT applied suggested code changes
/home/shuxuan/SDMA/spmm_prj/sol1/.autopilot/db/spmm_device_fpga.pp.0.cpp:6242:13: warning: Added loop label VITIS_LOOP_62_4:   [xilinx-label-all-loops]
            for(int j = 0; j < K; ++j){
            ^~~
            VITIS_LOOP_62_4: 
/home/shuxuan/SDMA/spmm_prj/sol1/.autopilot/db/spmm_device_fpga.pp.0.cpp:6242:13: note: FIX-IT applied suggested code changes
/home/shuxuan/SDMA/spmm_prj/sol1/.autopilot/db/spmm_device_fpga.pp.0.cpp:6256:5: warning: Added loop label VITIS_LOOP_76_1:   [xilinx-label-all-loops]
    for(int i = 0; i < len; ++i){
    ^~~
    VITIS_LOOP_76_1: 
/home/shuxuan/SDMA/spmm_prj/sol1/.autopilot/db/spmm_device_fpga.pp.0.cpp:6256:5: note: FIX-IT applied suggested code changes
/home/shuxuan/SDMA/spmm_prj/sol1/.autopilot/db/spmm_device_fpga.pp.0.cpp:6273:5: warning: Added loop label VITIS_LOOP_93_1:   [xilinx-label-all-loops]
    for(int i = 0; i < BUF_DEPTH; ++i){
    ^~~
    VITIS_LOOP_93_1: 
/home/shuxuan/SDMA/spmm_prj/sol1/.autopilot/db/spmm_device_fpga.pp.0.cpp:6273:5: note: FIX-IT applied suggested code changes
/home/shuxuan/SDMA/spmm_prj/sol1/.autopilot/db/spmm_device_fpga.pp.0.cpp:6328:5: warning: Added loop label VITIS_LOOP_144_1:   [xilinx-label-all-loops]
    for (int batch = 0; batch < total_batches; ++batch) {
    ^~~
    VITIS_LOOP_144_1: 
/home/shuxuan/SDMA/spmm_prj/sol1/.autopilot/db/spmm_device_fpga.pp.0.cpp:6328:5: note: FIX-IT applied suggested code changes
